Sender: LSF System <lsfadmin@compute19>
Subject: Job 849441[1]: <bwa[1-16]> in cluster <tesla2> Exited

Job <bwa[1-16]> was submitted from host <compute21> by user <whitel> in cluster <tesla2> at Mon Jun  3 19:11:20 2024
Job was executed on host(s) <7*compute19>, in queue <rna>, as user <whitel> in cluster <tesla2> at Mon Jun  3 19:11:27 2024
                            <2*compute17>
                            <2*compute03>
                            <1*compute20>
</beevol/home/whitel> was used as the home directory.
</beevol/home/whitel/tRNAworkshop/src> was used as the working directory.
Started at Mon Jun  3 19:11:27 2024
Terminated at Mon Jun  3 19:11:29 2024
Results reported at Mon Jun  3 19:11:29 2024

Your job looked like:

------------------------------------------------------------
# LSBATCH: User input
#! /usr/bin/env bash

#BSUB -J bwa[1-16]
#BSUB -o logs/bwa.%J.out
#BSUB -e logs/bwa.%J.err
#BSUB -q rna
#BSUB -n 12

bwaidx="$HOME/tRNAworkshop/ref/sacCer-mito-and-nuclear-tRNAs.fa"
in="$HOME/tRNAworkshop/alignment_evals/syntheticreads"
dest="$HOME/tRNAworkshop/alignment_evals/bams"

set -o nounset -o pipefail -o errexit -x

samples=(
Q5synthetic.fasta
Q6synthetic.fasta
Q7synthetic.fasta
Q8synthetic.fasta
Q9synthetic.fasta
Q10synthetic.fasta
Q11synthetic.fasta
Q12synthetic.fasta
Q13synthetic.fasta
Q14synthetic.fasta
Q15synthetic.fasta
Q16synthetic.fasta
Q17synthetic.fasta
Q18synthetic.fasta
Q19synthetic.fasta
Q20synthetic.fasta
)

u=${samples[$(( $LSB_JOBINDEX -1 ))]}

### align to tRNA reference - adapter anchored reference alignment
bwa mem -W 13 -k 6 -T 20 -x ont2d $bwaidx $in/${u}.fastq \
| samtools view -F4 -hu - \
| samtools sort -o ${dest}/${u}.bwa.bam

samtools index ${dest}/${u}.bwa.bam

------------------------------------------------------------

Exited with exit code 1.

Resource usage summary:

    CPU time :                                   0.08 sec.
    Max Memory :                                 -
    Average Memory :                             -
    Total Requested Memory :                     -
    Delta Memory :                               -
    Max Swap :                                   -
    Max Processes :                              -
    Max Threads :                                -
    Run time :                                   1 sec.
    Turnaround time :                            13 sec.

The output (if any) follows:



PS:

Read file <logs/bwa.849441.err> for stderr output of this job.

Sender: LSF System <lsfadmin@compute19>
Subject: Job 849441[2]: <bwa[1-16]> in cluster <tesla2> Exited

Job <bwa[1-16]> was submitted from host <compute21> by user <whitel> in cluster <tesla2> at Mon Jun  3 19:11:20 2024
Job was executed on host(s) <7*compute19>, in queue <rna>, as user <whitel> in cluster <tesla2> at Mon Jun  3 19:11:36 2024
                            <2*compute17>
                            <2*compute03>
                            <1*compute20>
</beevol/home/whitel> was used as the home directory.
</beevol/home/whitel/tRNAworkshop/src> was used as the working directory.
Started at Mon Jun  3 19:11:36 2024
Terminated at Mon Jun  3 19:11:38 2024
Results reported at Mon Jun  3 19:11:38 2024

Your job looked like:

------------------------------------------------------------
# LSBATCH: User input
#! /usr/bin/env bash

#BSUB -J bwa[1-16]
#BSUB -o logs/bwa.%J.out
#BSUB -e logs/bwa.%J.err
#BSUB -q rna
#BSUB -n 12

bwaidx="$HOME/tRNAworkshop/ref/sacCer-mito-and-nuclear-tRNAs.fa"
in="$HOME/tRNAworkshop/alignment_evals/syntheticreads"
dest="$HOME/tRNAworkshop/alignment_evals/bams"

set -o nounset -o pipefail -o errexit -x

samples=(
Q5synthetic.fasta
Q6synthetic.fasta
Q7synthetic.fasta
Q8synthetic.fasta
Q9synthetic.fasta
Q10synthetic.fasta
Q11synthetic.fasta
Q12synthetic.fasta
Q13synthetic.fasta
Q14synthetic.fasta
Q15synthetic.fasta
Q16synthetic.fasta
Q17synthetic.fasta
Q18synthetic.fasta
Q19synthetic.fasta
Q20synthetic.fasta
)

u=${samples[$(( $LSB_JOBINDEX -1 ))]}

### align to tRNA reference - adapter anchored reference alignment
bwa mem -W 13 -k 6 -T 20 -x ont2d $bwaidx $in/${u}.fastq \
| samtools view -F4 -hu - \
| samtools sort -o ${dest}/${u}.bwa.bam

samtools index ${dest}/${u}.bwa.bam

------------------------------------------------------------

Exited with exit code 1.

Resource usage summary:

    CPU time :                                   0.06 sec.
    Max Memory :                                 -
    Average Memory :                             -
    Total Requested Memory :                     -
    Delta Memory :                               -
    Max Swap :                                   -
    Max Processes :                              -
    Max Threads :                                -
    Run time :                                   1 sec.
    Turnaround time :                            22 sec.

The output (if any) follows:



PS:

Read file <logs/bwa.849441.err> for stderr output of this job.

Sender: LSF System <lsfadmin@compute19>
Subject: Job 849441[3]: <bwa[1-16]> in cluster <tesla2> Exited

Job <bwa[1-16]> was submitted from host <compute21> by user <whitel> in cluster <tesla2> at Mon Jun  3 19:11:20 2024
Job was executed on host(s) <7*compute19>, in queue <rna>, as user <whitel> in cluster <tesla2> at Mon Jun  3 19:11:47 2024
                            <2*compute17>
                            <2*compute03>
                            <1*compute20>
</beevol/home/whitel> was used as the home directory.
</beevol/home/whitel/tRNAworkshop/src> was used as the working directory.
Started at Mon Jun  3 19:11:47 2024
Terminated at Mon Jun  3 19:11:49 2024
Results reported at Mon Jun  3 19:11:49 2024

Your job looked like:

------------------------------------------------------------
# LSBATCH: User input
#! /usr/bin/env bash

#BSUB -J bwa[1-16]
#BSUB -o logs/bwa.%J.out
#BSUB -e logs/bwa.%J.err
#BSUB -q rna
#BSUB -n 12

bwaidx="$HOME/tRNAworkshop/ref/sacCer-mito-and-nuclear-tRNAs.fa"
in="$HOME/tRNAworkshop/alignment_evals/syntheticreads"
dest="$HOME/tRNAworkshop/alignment_evals/bams"

set -o nounset -o pipefail -o errexit -x

samples=(
Q5synthetic.fasta
Q6synthetic.fasta
Q7synthetic.fasta
Q8synthetic.fasta
Q9synthetic.fasta
Q10synthetic.fasta
Q11synthetic.fasta
Q12synthetic.fasta
Q13synthetic.fasta
Q14synthetic.fasta
Q15synthetic.fasta
Q16synthetic.fasta
Q17synthetic.fasta
Q18synthetic.fasta
Q19synthetic.fasta
Q20synthetic.fasta
)

u=${samples[$(( $LSB_JOBINDEX -1 ))]}

### align to tRNA reference - adapter anchored reference alignment
bwa mem -W 13 -k 6 -T 20 -x ont2d $bwaidx $in/${u}.fastq \
| samtools view -F4 -hu - \
| samtools sort -o ${dest}/${u}.bwa.bam

samtools index ${dest}/${u}.bwa.bam

------------------------------------------------------------

Exited with exit code 1.

Resource usage summary:

    CPU time :                                   0.06 sec.
    Max Memory :                                 -
    Average Memory :                             -
    Total Requested Memory :                     -
    Delta Memory :                               -
    Max Swap :                                   -
    Max Processes :                              -
    Max Threads :                                -
    Run time :                                   1 sec.
    Turnaround time :                            33 sec.

The output (if any) follows:



PS:

Read file <logs/bwa.849441.err> for stderr output of this job.

Sender: LSF System <lsfadmin@compute19>
Subject: Job 849441[4]: <bwa[1-16]> in cluster <tesla2> Exited

Job <bwa[1-16]> was submitted from host <compute21> by user <whitel> in cluster <tesla2> at Mon Jun  3 19:11:20 2024
Job was executed on host(s) <7*compute19>, in queue <rna>, as user <whitel> in cluster <tesla2> at Mon Jun  3 19:11:56 2024
                            <2*compute17>
                            <2*compute03>
                            <1*compute20>
</beevol/home/whitel> was used as the home directory.
</beevol/home/whitel/tRNAworkshop/src> was used as the working directory.
Started at Mon Jun  3 19:11:56 2024
Terminated at Mon Jun  3 19:11:58 2024
Results reported at Mon Jun  3 19:11:58 2024

Your job looked like:

------------------------------------------------------------
# LSBATCH: User input
#! /usr/bin/env bash

#BSUB -J bwa[1-16]
#BSUB -o logs/bwa.%J.out
#BSUB -e logs/bwa.%J.err
#BSUB -q rna
#BSUB -n 12

bwaidx="$HOME/tRNAworkshop/ref/sacCer-mito-and-nuclear-tRNAs.fa"
in="$HOME/tRNAworkshop/alignment_evals/syntheticreads"
dest="$HOME/tRNAworkshop/alignment_evals/bams"

set -o nounset -o pipefail -o errexit -x

samples=(
Q5synthetic.fasta
Q6synthetic.fasta
Q7synthetic.fasta
Q8synthetic.fasta
Q9synthetic.fasta
Q10synthetic.fasta
Q11synthetic.fasta
Q12synthetic.fasta
Q13synthetic.fasta
Q14synthetic.fasta
Q15synthetic.fasta
Q16synthetic.fasta
Q17synthetic.fasta
Q18synthetic.fasta
Q19synthetic.fasta
Q20synthetic.fasta
)

u=${samples[$(( $LSB_JOBINDEX -1 ))]}

### align to tRNA reference - adapter anchored reference alignment
bwa mem -W 13 -k 6 -T 20 -x ont2d $bwaidx $in/${u}.fastq \
| samtools view -F4 -hu - \
| samtools sort -o ${dest}/${u}.bwa.bam

samtools index ${dest}/${u}.bwa.bam

------------------------------------------------------------

Exited with exit code 1.

Resource usage summary:

    CPU time :                                   0.06 sec.
    Max Memory :                                 -
    Average Memory :                             -
    Total Requested Memory :                     -
    Delta Memory :                               -
    Max Swap :                                   -
    Max Processes :                              -
    Max Threads :                                -
    Run time :                                   1 sec.
    Turnaround time :                            42 sec.

The output (if any) follows:



PS:

Read file <logs/bwa.849441.err> for stderr output of this job.

Sender: LSF System <lsfadmin@compute19>
Subject: Job 849441[5]: <bwa[1-16]> in cluster <tesla2> Exited

Job <bwa[1-16]> was submitted from host <compute21> by user <whitel> in cluster <tesla2> at Mon Jun  3 19:11:20 2024
Job was executed on host(s) <7*compute19>, in queue <rna>, as user <whitel> in cluster <tesla2> at Mon Jun  3 19:12:07 2024
                            <2*compute17>
                            <2*compute03>
                            <1*compute20>
</beevol/home/whitel> was used as the home directory.
</beevol/home/whitel/tRNAworkshop/src> was used as the working directory.
Started at Mon Jun  3 19:12:07 2024
Terminated at Mon Jun  3 19:12:09 2024
Results reported at Mon Jun  3 19:12:09 2024

Your job looked like:

------------------------------------------------------------
# LSBATCH: User input
#! /usr/bin/env bash

#BSUB -J bwa[1-16]
#BSUB -o logs/bwa.%J.out
#BSUB -e logs/bwa.%J.err
#BSUB -q rna
#BSUB -n 12

bwaidx="$HOME/tRNAworkshop/ref/sacCer-mito-and-nuclear-tRNAs.fa"
in="$HOME/tRNAworkshop/alignment_evals/syntheticreads"
dest="$HOME/tRNAworkshop/alignment_evals/bams"

set -o nounset -o pipefail -o errexit -x

samples=(
Q5synthetic.fasta
Q6synthetic.fasta
Q7synthetic.fasta
Q8synthetic.fasta
Q9synthetic.fasta
Q10synthetic.fasta
Q11synthetic.fasta
Q12synthetic.fasta
Q13synthetic.fasta
Q14synthetic.fasta
Q15synthetic.fasta
Q16synthetic.fasta
Q17synthetic.fasta
Q18synthetic.fasta
Q19synthetic.fasta
Q20synthetic.fasta
)

u=${samples[$(( $LSB_JOBINDEX -1 ))]}

### align to tRNA reference - adapter anchored reference alignment
bwa mem -W 13 -k 6 -T 20 -x ont2d $bwaidx $in/${u}.fastq \
| samtools view -F4 -hu - \
| samtools sort -o ${dest}/${u}.bwa.bam

samtools index ${dest}/${u}.bwa.bam

------------------------------------------------------------

Exited with exit code 1.

Resource usage summary:

    CPU time :                                   0.07 sec.
    Max Memory :                                 -
    Average Memory :                             -
    Total Requested Memory :                     -
    Delta Memory :                               -
    Max Swap :                                   -
    Max Processes :                              -
    Max Threads :                                -
    Run time :                                   1 sec.
    Turnaround time :                            52 sec.

The output (if any) follows:



PS:

Read file <logs/bwa.849441.err> for stderr output of this job.

Sender: LSF System <lsfadmin@compute19>
Subject: Job 849441[6]: <bwa[1-16]> in cluster <tesla2> Exited

Job <bwa[1-16]> was submitted from host <compute21> by user <whitel> in cluster <tesla2> at Mon Jun  3 19:11:20 2024
Job was executed on host(s) <7*compute19>, in queue <rna>, as user <whitel> in cluster <tesla2> at Mon Jun  3 19:12:16 2024
                            <2*compute17>
                            <3*compute20>
</beevol/home/whitel> was used as the home directory.
</beevol/home/whitel/tRNAworkshop/src> was used as the working directory.
Started at Mon Jun  3 19:12:16 2024
Terminated at Mon Jun  3 19:12:18 2024
Results reported at Mon Jun  3 19:12:18 2024

Your job looked like:

------------------------------------------------------------
# LSBATCH: User input
#! /usr/bin/env bash

#BSUB -J bwa[1-16]
#BSUB -o logs/bwa.%J.out
#BSUB -e logs/bwa.%J.err
#BSUB -q rna
#BSUB -n 12

bwaidx="$HOME/tRNAworkshop/ref/sacCer-mito-and-nuclear-tRNAs.fa"
in="$HOME/tRNAworkshop/alignment_evals/syntheticreads"
dest="$HOME/tRNAworkshop/alignment_evals/bams"

set -o nounset -o pipefail -o errexit -x

samples=(
Q5synthetic.fasta
Q6synthetic.fasta
Q7synthetic.fasta
Q8synthetic.fasta
Q9synthetic.fasta
Q10synthetic.fasta
Q11synthetic.fasta
Q12synthetic.fasta
Q13synthetic.fasta
Q14synthetic.fasta
Q15synthetic.fasta
Q16synthetic.fasta
Q17synthetic.fasta
Q18synthetic.fasta
Q19synthetic.fasta
Q20synthetic.fasta
)

u=${samples[$(( $LSB_JOBINDEX -1 ))]}

### align to tRNA reference - adapter anchored reference alignment
bwa mem -W 13 -k 6 -T 20 -x ont2d $bwaidx $in/${u}.fastq \
| samtools view -F4 -hu - \
| samtools sort -o ${dest}/${u}.bwa.bam

samtools index ${dest}/${u}.bwa.bam

------------------------------------------------------------

Exited with exit code 1.

Resource usage summary:

    CPU time :                                   0.06 sec.
    Max Memory :                                 -
    Average Memory :                             -
    Total Requested Memory :                     -
    Delta Memory :                               -
    Max Swap :                                   -
    Max Processes :                              -
    Max Threads :                                -
    Run time :                                   1 sec.
    Turnaround time :                            62 sec.

The output (if any) follows:



PS:

Read file <logs/bwa.849441.err> for stderr output of this job.

Sender: LSF System <lsfadmin@compute19>
Subject: Job 849441[7]: <bwa[1-16]> in cluster <tesla2> Exited

Job <bwa[1-16]> was submitted from host <compute21> by user <whitel> in cluster <tesla2> at Mon Jun  3 19:11:20 2024
Job was executed on host(s) <7*compute19>, in queue <rna>, as user <whitel> in cluster <tesla2> at Mon Jun  3 19:12:27 2024
                            <2*compute17>
                            <3*compute20>
</beevol/home/whitel> was used as the home directory.
</beevol/home/whitel/tRNAworkshop/src> was used as the working directory.
Started at Mon Jun  3 19:12:27 2024
Terminated at Mon Jun  3 19:12:28 2024
Results reported at Mon Jun  3 19:12:28 2024

Your job looked like:

------------------------------------------------------------
# LSBATCH: User input
#! /usr/bin/env bash

#BSUB -J bwa[1-16]
#BSUB -o logs/bwa.%J.out
#BSUB -e logs/bwa.%J.err
#BSUB -q rna
#BSUB -n 12

bwaidx="$HOME/tRNAworkshop/ref/sacCer-mito-and-nuclear-tRNAs.fa"
in="$HOME/tRNAworkshop/alignment_evals/syntheticreads"
dest="$HOME/tRNAworkshop/alignment_evals/bams"

set -o nounset -o pipefail -o errexit -x

samples=(
Q5synthetic.fasta
Q6synthetic.fasta
Q7synthetic.fasta
Q8synthetic.fasta
Q9synthetic.fasta
Q10synthetic.fasta
Q11synthetic.fasta
Q12synthetic.fasta
Q13synthetic.fasta
Q14synthetic.fasta
Q15synthetic.fasta
Q16synthetic.fasta
Q17synthetic.fasta
Q18synthetic.fasta
Q19synthetic.fasta
Q20synthetic.fasta
)

u=${samples[$(( $LSB_JOBINDEX -1 ))]}

### align to tRNA reference - adapter anchored reference alignment
bwa mem -W 13 -k 6 -T 20 -x ont2d $bwaidx $in/${u}.fastq \
| samtools view -F4 -hu - \
| samtools sort -o ${dest}/${u}.bwa.bam

samtools index ${dest}/${u}.bwa.bam

------------------------------------------------------------

Exited with exit code 1.

Resource usage summary:

    CPU time :                                   0.06 sec.
    Max Memory :                                 -
    Average Memory :                             -
    Total Requested Memory :                     -
    Delta Memory :                               -
    Max Swap :                                   -
    Max Processes :                              -
    Max Threads :                                -
    Run time :                                   1 sec.
    Turnaround time :                            72 sec.

The output (if any) follows:



PS:

Read file <logs/bwa.849441.err> for stderr output of this job.

Sender: LSF System <lsfadmin@compute19>
Subject: Job 849441[8]: <bwa[1-16]> in cluster <tesla2> Exited

Job <bwa[1-16]> was submitted from host <compute21> by user <whitel> in cluster <tesla2> at Mon Jun  3 19:11:20 2024
Job was executed on host(s) <7*compute19>, in queue <rna>, as user <whitel> in cluster <tesla2> at Mon Jun  3 19:12:37 2024
                            <4*compute20>
                            <1*compute17>
</beevol/home/whitel> was used as the home directory.
</beevol/home/whitel/tRNAworkshop/src> was used as the working directory.
Started at Mon Jun  3 19:12:37 2024
Terminated at Mon Jun  3 19:12:39 2024
Results reported at Mon Jun  3 19:12:39 2024

Your job looked like:

------------------------------------------------------------
# LSBATCH: User input
#! /usr/bin/env bash

#BSUB -J bwa[1-16]
#BSUB -o logs/bwa.%J.out
#BSUB -e logs/bwa.%J.err
#BSUB -q rna
#BSUB -n 12

bwaidx="$HOME/tRNAworkshop/ref/sacCer-mito-and-nuclear-tRNAs.fa"
in="$HOME/tRNAworkshop/alignment_evals/syntheticreads"
dest="$HOME/tRNAworkshop/alignment_evals/bams"

set -o nounset -o pipefail -o errexit -x

samples=(
Q5synthetic.fasta
Q6synthetic.fasta
Q7synthetic.fasta
Q8synthetic.fasta
Q9synthetic.fasta
Q10synthetic.fasta
Q11synthetic.fasta
Q12synthetic.fasta
Q13synthetic.fasta
Q14synthetic.fasta
Q15synthetic.fasta
Q16synthetic.fasta
Q17synthetic.fasta
Q18synthetic.fasta
Q19synthetic.fasta
Q20synthetic.fasta
)

u=${samples[$(( $LSB_JOBINDEX -1 ))]}

### align to tRNA reference - adapter anchored reference alignment
bwa mem -W 13 -k 6 -T 20 -x ont2d $bwaidx $in/${u}.fastq \
| samtools view -F4 -hu - \
| samtools sort -o ${dest}/${u}.bwa.bam

samtools index ${dest}/${u}.bwa.bam

------------------------------------------------------------

Exited with exit code 1.

Resource usage summary:

    CPU time :                                   0.07 sec.
    Max Memory :                                 -
    Average Memory :                             -
    Total Requested Memory :                     -
    Delta Memory :                               -
    Max Swap :                                   -
    Max Processes :                              -
    Max Threads :                                -
    Run time :                                   1 sec.
    Turnaround time :                            83 sec.

The output (if any) follows:



PS:

Read file <logs/bwa.849441.err> for stderr output of this job.

Sender: LSF System <lsfadmin@compute19>
Subject: Job 849441[9]: <bwa[1-16]> in cluster <tesla2> Exited

Job <bwa[1-16]> was submitted from host <compute21> by user <whitel> in cluster <tesla2> at Mon Jun  3 19:11:20 2024
Job was executed on host(s) <7*compute19>, in queue <rna>, as user <whitel> in cluster <tesla2> at Mon Jun  3 19:12:47 2024
                            <2*compute17>
                            <3*compute20>
</beevol/home/whitel> was used as the home directory.
</beevol/home/whitel/tRNAworkshop/src> was used as the working directory.
Started at Mon Jun  3 19:12:47 2024
Terminated at Mon Jun  3 19:12:49 2024
Results reported at Mon Jun  3 19:12:49 2024

Your job looked like:

------------------------------------------------------------
# LSBATCH: User input
#! /usr/bin/env bash

#BSUB -J bwa[1-16]
#BSUB -o logs/bwa.%J.out
#BSUB -e logs/bwa.%J.err
#BSUB -q rna
#BSUB -n 12

bwaidx="$HOME/tRNAworkshop/ref/sacCer-mito-and-nuclear-tRNAs.fa"
in="$HOME/tRNAworkshop/alignment_evals/syntheticreads"
dest="$HOME/tRNAworkshop/alignment_evals/bams"

set -o nounset -o pipefail -o errexit -x

samples=(
Q5synthetic.fasta
Q6synthetic.fasta
Q7synthetic.fasta
Q8synthetic.fasta
Q9synthetic.fasta
Q10synthetic.fasta
Q11synthetic.fasta
Q12synthetic.fasta
Q13synthetic.fasta
Q14synthetic.fasta
Q15synthetic.fasta
Q16synthetic.fasta
Q17synthetic.fasta
Q18synthetic.fasta
Q19synthetic.fasta
Q20synthetic.fasta
)

u=${samples[$(( $LSB_JOBINDEX -1 ))]}

### align to tRNA reference - adapter anchored reference alignment
bwa mem -W 13 -k 6 -T 20 -x ont2d $bwaidx $in/${u}.fastq \
| samtools view -F4 -hu - \
| samtools sort -o ${dest}/${u}.bwa.bam

samtools index ${dest}/${u}.bwa.bam

------------------------------------------------------------

Exited with exit code 1.

Resource usage summary:

    CPU time :                                   0.07 sec.
    Max Memory :                                 -
    Average Memory :                             -
    Total Requested Memory :                     -
    Delta Memory :                               -
    Max Swap :                                   -
    Max Processes :                              -
    Max Threads :                                -
    Run time :                                   2 sec.
    Turnaround time :                            94 sec.

The output (if any) follows:



PS:

Read file <logs/bwa.849441.err> for stderr output of this job.

Sender: LSF System <lsfadmin@compute19>
Subject: Job 849441[10]: <bwa[1-16]> in cluster <tesla2> Exited

Job <bwa[1-16]> was submitted from host <compute21> by user <whitel> in cluster <tesla2> at Mon Jun  3 19:11:20 2024
Job was executed on host(s) <7*compute19>, in queue <rna>, as user <whitel> in cluster <tesla2> at Mon Jun  3 19:12:57 2024
                            <2*compute17>
                            <3*compute20>
</beevol/home/whitel> was used as the home directory.
</beevol/home/whitel/tRNAworkshop/src> was used as the working directory.
Started at Mon Jun  3 19:12:57 2024
Terminated at Mon Jun  3 19:12:59 2024
Results reported at Mon Jun  3 19:12:59 2024

Your job looked like:

------------------------------------------------------------
# LSBATCH: User input
#! /usr/bin/env bash

#BSUB -J bwa[1-16]
#BSUB -o logs/bwa.%J.out
#BSUB -e logs/bwa.%J.err
#BSUB -q rna
#BSUB -n 12

bwaidx="$HOME/tRNAworkshop/ref/sacCer-mito-and-nuclear-tRNAs.fa"
in="$HOME/tRNAworkshop/alignment_evals/syntheticreads"
dest="$HOME/tRNAworkshop/alignment_evals/bams"

set -o nounset -o pipefail -o errexit -x

samples=(
Q5synthetic.fasta
Q6synthetic.fasta
Q7synthetic.fasta
Q8synthetic.fasta
Q9synthetic.fasta
Q10synthetic.fasta
Q11synthetic.fasta
Q12synthetic.fasta
Q13synthetic.fasta
Q14synthetic.fasta
Q15synthetic.fasta
Q16synthetic.fasta
Q17synthetic.fasta
Q18synthetic.fasta
Q19synthetic.fasta
Q20synthetic.fasta
)

u=${samples[$(( $LSB_JOBINDEX -1 ))]}

### align to tRNA reference - adapter anchored reference alignment
bwa mem -W 13 -k 6 -T 20 -x ont2d $bwaidx $in/${u}.fastq \
| samtools view -F4 -hu - \
| samtools sort -o ${dest}/${u}.bwa.bam

samtools index ${dest}/${u}.bwa.bam

------------------------------------------------------------

Exited with exit code 1.

Resource usage summary:

    CPU time :                                   0.07 sec.
    Max Memory :                                 -
    Average Memory :                             -
    Total Requested Memory :                     -
    Delta Memory :                               -
    Max Swap :                                   -
    Max Processes :                              -
    Max Threads :                                -
    Run time :                                   1 sec.
    Turnaround time :                            103 sec.

The output (if any) follows:



PS:

Read file <logs/bwa.849441.err> for stderr output of this job.

Sender: LSF System <lsfadmin@compute19>
Subject: Job 849441[11]: <bwa[1-16]> in cluster <tesla2> Exited

Job <bwa[1-16]> was submitted from host <compute21> by user <whitel> in cluster <tesla2> at Mon Jun  3 19:11:20 2024
Job was executed on host(s) <7*compute19>, in queue <rna>, as user <whitel> in cluster <tesla2> at Mon Jun  3 19:13:08 2024
                            <2*compute17>
                            <2*compute03>
                            <1*compute20>
</beevol/home/whitel> was used as the home directory.
</beevol/home/whitel/tRNAworkshop/src> was used as the working directory.
Started at Mon Jun  3 19:13:08 2024
Terminated at Mon Jun  3 19:13:09 2024
Results reported at Mon Jun  3 19:13:09 2024

Your job looked like:

------------------------------------------------------------
# LSBATCH: User input
#! /usr/bin/env bash

#BSUB -J bwa[1-16]
#BSUB -o logs/bwa.%J.out
#BSUB -e logs/bwa.%J.err
#BSUB -q rna
#BSUB -n 12

bwaidx="$HOME/tRNAworkshop/ref/sacCer-mito-and-nuclear-tRNAs.fa"
in="$HOME/tRNAworkshop/alignment_evals/syntheticreads"
dest="$HOME/tRNAworkshop/alignment_evals/bams"

set -o nounset -o pipefail -o errexit -x

samples=(
Q5synthetic.fasta
Q6synthetic.fasta
Q7synthetic.fasta
Q8synthetic.fasta
Q9synthetic.fasta
Q10synthetic.fasta
Q11synthetic.fasta
Q12synthetic.fasta
Q13synthetic.fasta
Q14synthetic.fasta
Q15synthetic.fasta
Q16synthetic.fasta
Q17synthetic.fasta
Q18synthetic.fasta
Q19synthetic.fasta
Q20synthetic.fasta
)

u=${samples[$(( $LSB_JOBINDEX -1 ))]}

### align to tRNA reference - adapter anchored reference alignment
bwa mem -W 13 -k 6 -T 20 -x ont2d $bwaidx $in/${u}.fastq \
| samtools view -F4 -hu - \
| samtools sort -o ${dest}/${u}.bwa.bam

samtools index ${dest}/${u}.bwa.bam

------------------------------------------------------------

Exited with exit code 1.

Resource usage summary:

    CPU time :                                   0.07 sec.
    Max Memory :                                 -
    Average Memory :                             -
    Total Requested Memory :                     -
    Delta Memory :                               -
    Max Swap :                                   -
    Max Processes :                              -
    Max Threads :                                -
    Run time :                                   1 sec.
    Turnaround time :                            114 sec.

The output (if any) follows:



PS:

Read file <logs/bwa.849441.err> for stderr output of this job.

Sender: LSF System <lsfadmin@compute19>
Subject: Job 849441[12]: <bwa[1-16]> in cluster <tesla2> Exited

Job <bwa[1-16]> was submitted from host <compute21> by user <whitel> in cluster <tesla2> at Mon Jun  3 19:11:20 2024
Job was executed on host(s) <7*compute19>, in queue <rna>, as user <whitel> in cluster <tesla2> at Mon Jun  3 19:13:17 2024
                            <2*compute17>
                            <3*compute20>
</beevol/home/whitel> was used as the home directory.
</beevol/home/whitel/tRNAworkshop/src> was used as the working directory.
Started at Mon Jun  3 19:13:17 2024
Terminated at Mon Jun  3 19:13:19 2024
Results reported at Mon Jun  3 19:13:19 2024

Your job looked like:

------------------------------------------------------------
# LSBATCH: User input
#! /usr/bin/env bash

#BSUB -J bwa[1-16]
#BSUB -o logs/bwa.%J.out
#BSUB -e logs/bwa.%J.err
#BSUB -q rna
#BSUB -n 12

bwaidx="$HOME/tRNAworkshop/ref/sacCer-mito-and-nuclear-tRNAs.fa"
in="$HOME/tRNAworkshop/alignment_evals/syntheticreads"
dest="$HOME/tRNAworkshop/alignment_evals/bams"

set -o nounset -o pipefail -o errexit -x

samples=(
Q5synthetic.fasta
Q6synthetic.fasta
Q7synthetic.fasta
Q8synthetic.fasta
Q9synthetic.fasta
Q10synthetic.fasta
Q11synthetic.fasta
Q12synthetic.fasta
Q13synthetic.fasta
Q14synthetic.fasta
Q15synthetic.fasta
Q16synthetic.fasta
Q17synthetic.fasta
Q18synthetic.fasta
Q19synthetic.fasta
Q20synthetic.fasta
)

u=${samples[$(( $LSB_JOBINDEX -1 ))]}

### align to tRNA reference - adapter anchored reference alignment
bwa mem -W 13 -k 6 -T 20 -x ont2d $bwaidx $in/${u}.fastq \
| samtools view -F4 -hu - \
| samtools sort -o ${dest}/${u}.bwa.bam

samtools index ${dest}/${u}.bwa.bam

------------------------------------------------------------

Exited with exit code 1.

Resource usage summary:

    CPU time :                                   0.06 sec.
    Max Memory :                                 -
    Average Memory :                             -
    Total Requested Memory :                     -
    Delta Memory :                               -
    Max Swap :                                   -
    Max Processes :                              -
    Max Threads :                                -
    Run time :                                   1 sec.
    Turnaround time :                            123 sec.

The output (if any) follows:



PS:

Read file <logs/bwa.849441.err> for stderr output of this job.

