+ samples=(WTyeast004_20231111_1104_P2S-00519-B_PAQ47538_fa3726ec.rna004_130bps_sup@v3.0.1 WTyeast004_20231111_1104_P2S-00519-B_PAQ47538_fa3726ec.rna004_130bps_sup@v5.0.0 Petityeast004_20240105_1222_P2S-00519-A_PAQ47538_49891fce.rna004_130bps_sup@v3.0.1.fastq Petityeast004_20240105_1222_P2S-00519-A_PAQ47538_49891fce.rna004_130bps_sup@v5.0.0.fastq Pus1yeast004_20240105_1330_P2S-00519-A_PAS92267_56de71b8.rna004_130bps_sup@v3.0.1.fastq Pus1yeast004_20240105_1330_P2S-00519-A_PAS92267_56de71b8.rna004_130bps_sup@v5.0.0.fastq Pus2yeast004_20240105_1330_P2S-00519-B_PAS98920_19ba906c.rna004_130bps_sup@v3.0.1.fastq Pus2yeast004_20240105_1330_P2S-00519-B_PAS98920_19ba906c.rna004_130bps_sup@v5.0.0.fastq Pus4yeast004_20231208_1152_MN42516_FAX71838_e2d70aac.rna004_130bps_sup@v3.0.1.fastq Pus4yeast004_20231208_1601_MN31004_FAX30455_c72fd68f.rna002_130bps_sup@v5.0.0.fastq Grandeyeast004_20240105_1222_P2S-00519-B_PAS98845_231d7d7e.rna004_130bps_sup@v3.0.1.fastq Grandeyeast004_20240105_1222_P2S-00519-B_PAS98845_231d7d7e.rna004_130bps_sup@v5.0.0.fastq)
+ u=Petityeast004_20240105_1222_P2S-00519-A_PAQ47538_49891fce.rna004_130bps_sup@v3.0.1.fastq
+ bwa mem -W 13 -k 6 -T 20 -x ont2d /beevol/home/whitel/tRNAworkshop/ref/sacCer-mito-and-nuclear-tRNAs.fa /beevol/home/whitel/tRNAworkshop/rebasecalled/fastqs/Petityeast004_20240105_1222_P2S-00519-A_PAQ47538_49891fce.rna004_130bps_sup@v3.0.1.fastq.fastq
+ samtools view -F4 -hu -
+ samtools sort -o /beevol/home/whitel/tRNAworkshop/rebasecalled/alignedbams/Petityeast004_20240105_1222_P2S-00519-A_PAQ47538_49891fce.rna004_130bps_sup@v3.0.1.fastq.bwa.bam
[M::bwa_idx_load_from_disk] read 0 ALT contigs
[E::main_mem] fail to open file `/beevol/home/whitel/tRNAworkshop/rebasecalled/fastqs/Petityeast004_20240105_1222_P2S-00519-A_PAQ47538_49891fce.rna004_130bps_sup@v3.0.1.fastq.fastq'.
[main_samview] fail to read the header from "-".
samtools sort: failed to read header from "-"
+ samples=(WTyeast004_20231111_1104_P2S-00519-B_PAQ47538_fa3726ec.rna004_130bps_sup@v3.0.1 WTyeast004_20231111_1104_P2S-00519-B_PAQ47538_fa3726ec.rna004_130bps_sup@v5.0.0 Petityeast004_20240105_1222_P2S-00519-A_PAQ47538_49891fce.rna004_130bps_sup@v3.0.1.fastq Petityeast004_20240105_1222_P2S-00519-A_PAQ47538_49891fce.rna004_130bps_sup@v5.0.0.fastq Pus1yeast004_20240105_1330_P2S-00519-A_PAS92267_56de71b8.rna004_130bps_sup@v3.0.1.fastq Pus1yeast004_20240105_1330_P2S-00519-A_PAS92267_56de71b8.rna004_130bps_sup@v5.0.0.fastq Pus2yeast004_20240105_1330_P2S-00519-B_PAS98920_19ba906c.rna004_130bps_sup@v3.0.1.fastq Pus2yeast004_20240105_1330_P2S-00519-B_PAS98920_19ba906c.rna004_130bps_sup@v5.0.0.fastq Pus4yeast004_20231208_1152_MN42516_FAX71838_e2d70aac.rna004_130bps_sup@v3.0.1.fastq Pus4yeast004_20231208_1601_MN31004_FAX30455_c72fd68f.rna002_130bps_sup@v5.0.0.fastq Grandeyeast004_20240105_1222_P2S-00519-B_PAS98845_231d7d7e.rna004_130bps_sup@v3.0.1.fastq Grandeyeast004_20240105_1222_P2S-00519-B_PAS98845_231d7d7e.rna004_130bps_sup@v5.0.0.fastq)
+ u=Petityeast004_20240105_1222_P2S-00519-A_PAQ47538_49891fce.rna004_130bps_sup@v5.0.0.fastq
+ bwa mem -W 13 -k 6 -T 20 -x ont2d /beevol/home/whitel/tRNAworkshop/ref/sacCer-mito-and-nuclear-tRNAs.fa /beevol/home/whitel/tRNAworkshop/rebasecalled/fastqs/Petityeast004_20240105_1222_P2S-00519-A_PAQ47538_49891fce.rna004_130bps_sup@v5.0.0.fastq.fastq
+ samtools view -F4 -hu -
+ samtools sort -o /beevol/home/whitel/tRNAworkshop/rebasecalled/alignedbams/Petityeast004_20240105_1222_P2S-00519-A_PAQ47538_49891fce.rna004_130bps_sup@v5.0.0.fastq.bwa.bam
[M::bwa_idx_load_from_disk] read 0 ALT contigs
[E::main_mem] fail to open file `/beevol/home/whitel/tRNAworkshop/rebasecalled/fastqs/Petityeast004_20240105_1222_P2S-00519-A_PAQ47538_49891fce.rna004_130bps_sup@v5.0.0.fastq.fastq'.
[main_samview] fail to read the header from "-".
samtools sort: failed to read header from "-"
+ samples=(WTyeast004_20231111_1104_P2S-00519-B_PAQ47538_fa3726ec.rna004_130bps_sup@v3.0.1 WTyeast004_20231111_1104_P2S-00519-B_PAQ47538_fa3726ec.rna004_130bps_sup@v5.0.0 Petityeast004_20240105_1222_P2S-00519-A_PAQ47538_49891fce.rna004_130bps_sup@v3.0.1.fastq Petityeast004_20240105_1222_P2S-00519-A_PAQ47538_49891fce.rna004_130bps_sup@v5.0.0.fastq Pus1yeast004_20240105_1330_P2S-00519-A_PAS92267_56de71b8.rna004_130bps_sup@v3.0.1.fastq Pus1yeast004_20240105_1330_P2S-00519-A_PAS92267_56de71b8.rna004_130bps_sup@v5.0.0.fastq Pus2yeast004_20240105_1330_P2S-00519-B_PAS98920_19ba906c.rna004_130bps_sup@v3.0.1.fastq Pus2yeast004_20240105_1330_P2S-00519-B_PAS98920_19ba906c.rna004_130bps_sup@v5.0.0.fastq Pus4yeast004_20231208_1152_MN42516_FAX71838_e2d70aac.rna004_130bps_sup@v3.0.1.fastq Pus4yeast004_20231208_1601_MN31004_FAX30455_c72fd68f.rna002_130bps_sup@v5.0.0.fastq Grandeyeast004_20240105_1222_P2S-00519-B_PAS98845_231d7d7e.rna004_130bps_sup@v3.0.1.fastq Grandeyeast004_20240105_1222_P2S-00519-B_PAS98845_231d7d7e.rna004_130bps_sup@v5.0.0.fastq)
+ u=Pus1yeast004_20240105_1330_P2S-00519-A_PAS92267_56de71b8.rna004_130bps_sup@v3.0.1.fastq
+ samtools sort -o /beevol/home/whitel/tRNAworkshop/rebasecalled/alignedbams/Pus1yeast004_20240105_1330_P2S-00519-A_PAS92267_56de71b8.rna004_130bps_sup@v3.0.1.fastq.bwa.bam
+ bwa mem -W 13 -k 6 -T 20 -x ont2d /beevol/home/whitel/tRNAworkshop/ref/sacCer-mito-and-nuclear-tRNAs.fa /beevol/home/whitel/tRNAworkshop/rebasecalled/fastqs/Pus1yeast004_20240105_1330_P2S-00519-A_PAS92267_56de71b8.rna004_130bps_sup@v3.0.1.fastq.fastq
+ samtools view -F4 -hu -
[M::bwa_idx_load_from_disk] read 0 ALT contigs
[E::main_mem] fail to open file `/beevol/home/whitel/tRNAworkshop/rebasecalled/fastqs/Pus1yeast004_20240105_1330_P2S-00519-A_PAS92267_56de71b8.rna004_130bps_sup@v3.0.1.fastq.fastq'.
[main_samview] fail to read the header from "-".
samtools sort: failed to read header from "-"
+ samples=(WTyeast004_20231111_1104_P2S-00519-B_PAQ47538_fa3726ec.rna004_130bps_sup@v3.0.1 WTyeast004_20231111_1104_P2S-00519-B_PAQ47538_fa3726ec.rna004_130bps_sup@v5.0.0 Petityeast004_20240105_1222_P2S-00519-A_PAQ47538_49891fce.rna004_130bps_sup@v3.0.1.fastq Petityeast004_20240105_1222_P2S-00519-A_PAQ47538_49891fce.rna004_130bps_sup@v5.0.0.fastq Pus1yeast004_20240105_1330_P2S-00519-A_PAS92267_56de71b8.rna004_130bps_sup@v3.0.1.fastq Pus1yeast004_20240105_1330_P2S-00519-A_PAS92267_56de71b8.rna004_130bps_sup@v5.0.0.fastq Pus2yeast004_20240105_1330_P2S-00519-B_PAS98920_19ba906c.rna004_130bps_sup@v3.0.1.fastq Pus2yeast004_20240105_1330_P2S-00519-B_PAS98920_19ba906c.rna004_130bps_sup@v5.0.0.fastq Pus4yeast004_20231208_1152_MN42516_FAX71838_e2d70aac.rna004_130bps_sup@v3.0.1.fastq Pus4yeast004_20231208_1601_MN31004_FAX30455_c72fd68f.rna002_130bps_sup@v5.0.0.fastq Grandeyeast004_20240105_1222_P2S-00519-B_PAS98845_231d7d7e.rna004_130bps_sup@v3.0.1.fastq Grandeyeast004_20240105_1222_P2S-00519-B_PAS98845_231d7d7e.rna004_130bps_sup@v5.0.0.fastq)
+ u=Pus1yeast004_20240105_1330_P2S-00519-A_PAS92267_56de71b8.rna004_130bps_sup@v5.0.0.fastq
+ bwa mem -W 13 -k 6 -T 20 -x ont2d /beevol/home/whitel/tRNAworkshop/ref/sacCer-mito-and-nuclear-tRNAs.fa /beevol/home/whitel/tRNAworkshop/rebasecalled/fastqs/Pus1yeast004_20240105_1330_P2S-00519-A_PAS92267_56de71b8.rna004_130bps_sup@v5.0.0.fastq.fastq
+ samtools view -F4 -hu -
+ samtools sort -o /beevol/home/whitel/tRNAworkshop/rebasecalled/alignedbams/Pus1yeast004_20240105_1330_P2S-00519-A_PAS92267_56de71b8.rna004_130bps_sup@v5.0.0.fastq.bwa.bam
[M::bwa_idx_load_from_disk] read 0 ALT contigs
[E::main_mem] fail to open file `/beevol/home/whitel/tRNAworkshop/rebasecalled/fastqs/Pus1yeast004_20240105_1330_P2S-00519-A_PAS92267_56de71b8.rna004_130bps_sup@v5.0.0.fastq.fastq'.
[main_samview] fail to read the header from "-".
samtools sort: failed to read header from "-"
+ samples=(WTyeast004_20231111_1104_P2S-00519-B_PAQ47538_fa3726ec.rna004_130bps_sup@v3.0.1 WTyeast004_20231111_1104_P2S-00519-B_PAQ47538_fa3726ec.rna004_130bps_sup@v5.0.0 Petityeast004_20240105_1222_P2S-00519-A_PAQ47538_49891fce.rna004_130bps_sup@v3.0.1.fastq Petityeast004_20240105_1222_P2S-00519-A_PAQ47538_49891fce.rna004_130bps_sup@v5.0.0.fastq Pus1yeast004_20240105_1330_P2S-00519-A_PAS92267_56de71b8.rna004_130bps_sup@v3.0.1.fastq Pus1yeast004_20240105_1330_P2S-00519-A_PAS92267_56de71b8.rna004_130bps_sup@v5.0.0.fastq Pus2yeast004_20240105_1330_P2S-00519-B_PAS98920_19ba906c.rna004_130bps_sup@v3.0.1.fastq Pus2yeast004_20240105_1330_P2S-00519-B_PAS98920_19ba906c.rna004_130bps_sup@v5.0.0.fastq Pus4yeast004_20231208_1152_MN42516_FAX71838_e2d70aac.rna004_130bps_sup@v3.0.1.fastq Pus4yeast004_20231208_1601_MN31004_FAX30455_c72fd68f.rna002_130bps_sup@v5.0.0.fastq Grandeyeast004_20240105_1222_P2S-00519-B_PAS98845_231d7d7e.rna004_130bps_sup@v3.0.1.fastq Grandeyeast004_20240105_1222_P2S-00519-B_PAS98845_231d7d7e.rna004_130bps_sup@v5.0.0.fastq)
+ u=Pus2yeast004_20240105_1330_P2S-00519-B_PAS98920_19ba906c.rna004_130bps_sup@v3.0.1.fastq
+ bwa mem -W 13 -k 6 -T 20 -x ont2d /beevol/home/whitel/tRNAworkshop/ref/sacCer-mito-and-nuclear-tRNAs.fa /beevol/home/whitel/tRNAworkshop/rebasecalled/fastqs/Pus2yeast004_20240105_1330_P2S-00519-B_PAS98920_19ba906c.rna004_130bps_sup@v3.0.1.fastq.fastq
+ samtools view -F4 -hu -
+ samtools sort -o /beevol/home/whitel/tRNAworkshop/rebasecalled/alignedbams/Pus2yeast004_20240105_1330_P2S-00519-B_PAS98920_19ba906c.rna004_130bps_sup@v3.0.1.fastq.bwa.bam
[M::bwa_idx_load_from_disk] read 0 ALT contigs
[E::main_mem] fail to open file `/beevol/home/whitel/tRNAworkshop/rebasecalled/fastqs/Pus2yeast004_20240105_1330_P2S-00519-B_PAS98920_19ba906c.rna004_130bps_sup@v3.0.1.fastq.fastq'.
[main_samview] fail to read the header from "-".
samtools sort: failed to read header from "-"
+ samples=(WTyeast004_20231111_1104_P2S-00519-B_PAQ47538_fa3726ec.rna004_130bps_sup@v3.0.1 WTyeast004_20231111_1104_P2S-00519-B_PAQ47538_fa3726ec.rna004_130bps_sup@v5.0.0 Petityeast004_20240105_1222_P2S-00519-A_PAQ47538_49891fce.rna004_130bps_sup@v3.0.1.fastq Petityeast004_20240105_1222_P2S-00519-A_PAQ47538_49891fce.rna004_130bps_sup@v5.0.0.fastq Pus1yeast004_20240105_1330_P2S-00519-A_PAS92267_56de71b8.rna004_130bps_sup@v3.0.1.fastq Pus1yeast004_20240105_1330_P2S-00519-A_PAS92267_56de71b8.rna004_130bps_sup@v5.0.0.fastq Pus2yeast004_20240105_1330_P2S-00519-B_PAS98920_19ba906c.rna004_130bps_sup@v3.0.1.fastq Pus2yeast004_20240105_1330_P2S-00519-B_PAS98920_19ba906c.rna004_130bps_sup@v5.0.0.fastq Pus4yeast004_20231208_1152_MN42516_FAX71838_e2d70aac.rna004_130bps_sup@v3.0.1.fastq Pus4yeast004_20231208_1601_MN31004_FAX30455_c72fd68f.rna002_130bps_sup@v5.0.0.fastq Grandeyeast004_20240105_1222_P2S-00519-B_PAS98845_231d7d7e.rna004_130bps_sup@v3.0.1.fastq Grandeyeast004_20240105_1222_P2S-00519-B_PAS98845_231d7d7e.rna004_130bps_sup@v5.0.0.fastq)
+ u=Pus2yeast004_20240105_1330_P2S-00519-B_PAS98920_19ba906c.rna004_130bps_sup@v5.0.0.fastq
+ bwa mem -W 13 -k 6 -T 20 -x ont2d /beevol/home/whitel/tRNAworkshop/ref/sacCer-mito-and-nuclear-tRNAs.fa /beevol/home/whitel/tRNAworkshop/rebasecalled/fastqs/Pus2yeast004_20240105_1330_P2S-00519-B_PAS98920_19ba906c.rna004_130bps_sup@v5.0.0.fastq.fastq
+ samtools view -F4 -hu -
+ samtools sort -o /beevol/home/whitel/tRNAworkshop/rebasecalled/alignedbams/Pus2yeast004_20240105_1330_P2S-00519-B_PAS98920_19ba906c.rna004_130bps_sup@v5.0.0.fastq.bwa.bam
[M::bwa_idx_load_from_disk] read 0 ALT contigs
[E::main_mem] fail to open file `/beevol/home/whitel/tRNAworkshop/rebasecalled/fastqs/Pus2yeast004_20240105_1330_P2S-00519-B_PAS98920_19ba906c.rna004_130bps_sup@v5.0.0.fastq.fastq'.
[main_samview] fail to read the header from "-".
samtools sort: failed to read header from "-"
+ samples=(WTyeast004_20231111_1104_P2S-00519-B_PAQ47538_fa3726ec.rna004_130bps_sup@v3.0.1 WTyeast004_20231111_1104_P2S-00519-B_PAQ47538_fa3726ec.rna004_130bps_sup@v5.0.0 Petityeast004_20240105_1222_P2S-00519-A_PAQ47538_49891fce.rna004_130bps_sup@v3.0.1.fastq Petityeast004_20240105_1222_P2S-00519-A_PAQ47538_49891fce.rna004_130bps_sup@v5.0.0.fastq Pus1yeast004_20240105_1330_P2S-00519-A_PAS92267_56de71b8.rna004_130bps_sup@v3.0.1.fastq Pus1yeast004_20240105_1330_P2S-00519-A_PAS92267_56de71b8.rna004_130bps_sup@v5.0.0.fastq Pus2yeast004_20240105_1330_P2S-00519-B_PAS98920_19ba906c.rna004_130bps_sup@v3.0.1.fastq Pus2yeast004_20240105_1330_P2S-00519-B_PAS98920_19ba906c.rna004_130bps_sup@v5.0.0.fastq Pus4yeast004_20231208_1152_MN42516_FAX71838_e2d70aac.rna004_130bps_sup@v3.0.1.fastq Pus4yeast004_20231208_1601_MN31004_FAX30455_c72fd68f.rna002_130bps_sup@v5.0.0.fastq Grandeyeast004_20240105_1222_P2S-00519-B_PAS98845_231d7d7e.rna004_130bps_sup@v3.0.1.fastq Grandeyeast004_20240105_1222_P2S-00519-B_PAS98845_231d7d7e.rna004_130bps_sup@v5.0.0.fastq)
+ u=Pus4yeast004_20231208_1152_MN42516_FAX71838_e2d70aac.rna004_130bps_sup@v3.0.1.fastq
+ bwa mem -W 13 -k 6 -T 20 -x ont2d /beevol/home/whitel/tRNAworkshop/ref/sacCer-mito-and-nuclear-tRNAs.fa /beevol/home/whitel/tRNAworkshop/rebasecalled/fastqs/Pus4yeast004_20231208_1152_MN42516_FAX71838_e2d70aac.rna004_130bps_sup@v3.0.1.fastq.fastq
+ samtools view -F4 -hu -
+ samtools sort -o /beevol/home/whitel/tRNAworkshop/rebasecalled/alignedbams/Pus4yeast004_20231208_1152_MN42516_FAX71838_e2d70aac.rna004_130bps_sup@v3.0.1.fastq.bwa.bam
[M::bwa_idx_load_from_disk] read 0 ALT contigs
[E::main_mem] fail to open file `/beevol/home/whitel/tRNAworkshop/rebasecalled/fastqs/Pus4yeast004_20231208_1152_MN42516_FAX71838_e2d70aac.rna004_130bps_sup@v3.0.1.fastq.fastq'.
[main_samview] fail to read the header from "-".
samtools sort: failed to read header from "-"
+ samples=(WTyeast004_20231111_1104_P2S-00519-B_PAQ47538_fa3726ec.rna004_130bps_sup@v3.0.1 WTyeast004_20231111_1104_P2S-00519-B_PAQ47538_fa3726ec.rna004_130bps_sup@v5.0.0 Petityeast004_20240105_1222_P2S-00519-A_PAQ47538_49891fce.rna004_130bps_sup@v3.0.1.fastq Petityeast004_20240105_1222_P2S-00519-A_PAQ47538_49891fce.rna004_130bps_sup@v5.0.0.fastq Pus1yeast004_20240105_1330_P2S-00519-A_PAS92267_56de71b8.rna004_130bps_sup@v3.0.1.fastq Pus1yeast004_20240105_1330_P2S-00519-A_PAS92267_56de71b8.rna004_130bps_sup@v5.0.0.fastq Pus2yeast004_20240105_1330_P2S-00519-B_PAS98920_19ba906c.rna004_130bps_sup@v3.0.1.fastq Pus2yeast004_20240105_1330_P2S-00519-B_PAS98920_19ba906c.rna004_130bps_sup@v5.0.0.fastq Pus4yeast004_20231208_1152_MN42516_FAX71838_e2d70aac.rna004_130bps_sup@v3.0.1.fastq Pus4yeast004_20231208_1601_MN31004_FAX30455_c72fd68f.rna002_130bps_sup@v5.0.0.fastq Grandeyeast004_20240105_1222_P2S-00519-B_PAS98845_231d7d7e.rna004_130bps_sup@v3.0.1.fastq Grandeyeast004_20240105_1222_P2S-00519-B_PAS98845_231d7d7e.rna004_130bps_sup@v5.0.0.fastq)
+ u=Pus4yeast004_20231208_1601_MN31004_FAX30455_c72fd68f.rna002_130bps_sup@v5.0.0.fastq
+ bwa mem -W 13 -k 6 -T 20 -x ont2d /beevol/home/whitel/tRNAworkshop/ref/sacCer-mito-and-nuclear-tRNAs.fa /beevol/home/whitel/tRNAworkshop/rebasecalled/fastqs/Pus4yeast004_20231208_1601_MN31004_FAX30455_c72fd68f.rna002_130bps_sup@v5.0.0.fastq.fastq
+ samtools view -F4 -hu -
+ samtools sort -o /beevol/home/whitel/tRNAworkshop/rebasecalled/alignedbams/Pus4yeast004_20231208_1601_MN31004_FAX30455_c72fd68f.rna002_130bps_sup@v5.0.0.fastq.bwa.bam
[M::bwa_idx_load_from_disk] read 0 ALT contigs
[E::main_mem] fail to open file `/beevol/home/whitel/tRNAworkshop/rebasecalled/fastqs/Pus4yeast004_20231208_1601_MN31004_FAX30455_c72fd68f.rna002_130bps_sup@v5.0.0.fastq.fastq'.
[main_samview] fail to read the header from "-".
samtools sort: failed to read header from "-"
+ samples=(WTyeast004_20231111_1104_P2S-00519-B_PAQ47538_fa3726ec.rna004_130bps_sup@v3.0.1 WTyeast004_20231111_1104_P2S-00519-B_PAQ47538_fa3726ec.rna004_130bps_sup@v5.0.0 Petityeast004_20240105_1222_P2S-00519-A_PAQ47538_49891fce.rna004_130bps_sup@v3.0.1.fastq Petityeast004_20240105_1222_P2S-00519-A_PAQ47538_49891fce.rna004_130bps_sup@v5.0.0.fastq Pus1yeast004_20240105_1330_P2S-00519-A_PAS92267_56de71b8.rna004_130bps_sup@v3.0.1.fastq Pus1yeast004_20240105_1330_P2S-00519-A_PAS92267_56de71b8.rna004_130bps_sup@v5.0.0.fastq Pus2yeast004_20240105_1330_P2S-00519-B_PAS98920_19ba906c.rna004_130bps_sup@v3.0.1.fastq Pus2yeast004_20240105_1330_P2S-00519-B_PAS98920_19ba906c.rna004_130bps_sup@v5.0.0.fastq Pus4yeast004_20231208_1152_MN42516_FAX71838_e2d70aac.rna004_130bps_sup@v3.0.1.fastq Pus4yeast004_20231208_1601_MN31004_FAX30455_c72fd68f.rna002_130bps_sup@v5.0.0.fastq Grandeyeast004_20240105_1222_P2S-00519-B_PAS98845_231d7d7e.rna004_130bps_sup@v3.0.1.fastq Grandeyeast004_20240105_1222_P2S-00519-B_PAS98845_231d7d7e.rna004_130bps_sup@v5.0.0.fastq)
+ u=Grandeyeast004_20240105_1222_P2S-00519-B_PAS98845_231d7d7e.rna004_130bps_sup@v3.0.1.fastq
+ bwa mem -W 13 -k 6 -T 20 -x ont2d /beevol/home/whitel/tRNAworkshop/ref/sacCer-mito-and-nuclear-tRNAs.fa /beevol/home/whitel/tRNAworkshop/rebasecalled/fastqs/Grandeyeast004_20240105_1222_P2S-00519-B_PAS98845_231d7d7e.rna004_130bps_sup@v3.0.1.fastq.fastq
+ samtools view -F4 -hu -
+ samtools sort -o /beevol/home/whitel/tRNAworkshop/rebasecalled/alignedbams/Grandeyeast004_20240105_1222_P2S-00519-B_PAS98845_231d7d7e.rna004_130bps_sup@v3.0.1.fastq.bwa.bam
[M::bwa_idx_load_from_disk] read 0 ALT contigs
[E::main_mem] fail to open file `/beevol/home/whitel/tRNAworkshop/rebasecalled/fastqs/Grandeyeast004_20240105_1222_P2S-00519-B_PAS98845_231d7d7e.rna004_130bps_sup@v3.0.1.fastq.fastq'.
[main_samview] fail to read the header from "-".
samtools sort: failed to read header from "-"
+ samples=(WTyeast004_20231111_1104_P2S-00519-B_PAQ47538_fa3726ec.rna004_130bps_sup@v3.0.1 WTyeast004_20231111_1104_P2S-00519-B_PAQ47538_fa3726ec.rna004_130bps_sup@v5.0.0 Petityeast004_20240105_1222_P2S-00519-A_PAQ47538_49891fce.rna004_130bps_sup@v3.0.1.fastq Petityeast004_20240105_1222_P2S-00519-A_PAQ47538_49891fce.rna004_130bps_sup@v5.0.0.fastq Pus1yeast004_20240105_1330_P2S-00519-A_PAS92267_56de71b8.rna004_130bps_sup@v3.0.1.fastq Pus1yeast004_20240105_1330_P2S-00519-A_PAS92267_56de71b8.rna004_130bps_sup@v5.0.0.fastq Pus2yeast004_20240105_1330_P2S-00519-B_PAS98920_19ba906c.rna004_130bps_sup@v3.0.1.fastq Pus2yeast004_20240105_1330_P2S-00519-B_PAS98920_19ba906c.rna004_130bps_sup@v5.0.0.fastq Pus4yeast004_20231208_1152_MN42516_FAX71838_e2d70aac.rna004_130bps_sup@v3.0.1.fastq Pus4yeast004_20231208_1601_MN31004_FAX30455_c72fd68f.rna002_130bps_sup@v5.0.0.fastq Grandeyeast004_20240105_1222_P2S-00519-B_PAS98845_231d7d7e.rna004_130bps_sup@v3.0.1.fastq Grandeyeast004_20240105_1222_P2S-00519-B_PAS98845_231d7d7e.rna004_130bps_sup@v5.0.0.fastq)
+ u=Grandeyeast004_20240105_1222_P2S-00519-B_PAS98845_231d7d7e.rna004_130bps_sup@v5.0.0.fastq
+ bwa mem -W 13 -k 6 -T 20 -x ont2d /beevol/home/whitel/tRNAworkshop/ref/sacCer-mito-and-nuclear-tRNAs.fa /beevol/home/whitel/tRNAworkshop/rebasecalled/fastqs/Grandeyeast004_20240105_1222_P2S-00519-B_PAS98845_231d7d7e.rna004_130bps_sup@v5.0.0.fastq.fastq
+ samtools view -F4 -hu -
+ samtools sort -o /beevol/home/whitel/tRNAworkshop/rebasecalled/alignedbams/Grandeyeast004_20240105_1222_P2S-00519-B_PAS98845_231d7d7e.rna004_130bps_sup@v5.0.0.fastq.bwa.bam
[M::bwa_idx_load_from_disk] read 0 ALT contigs
[E::main_mem] fail to open file `/beevol/home/whitel/tRNAworkshop/rebasecalled/fastqs/Grandeyeast004_20240105_1222_P2S-00519-B_PAS98845_231d7d7e.rna004_130bps_sup@v5.0.0.fastq.fastq'.
[main_samview] fail to read the header from "-".
samtools sort: failed to read header from "-"
+ samples=(WTyeast004_20231111_1104_P2S-00519-B_PAQ47538_fa3726ec.rna004_130bps_sup@v3.0.1 WTyeast004_20231111_1104_P2S-00519-B_PAQ47538_fa3726ec.rna004_130bps_sup@v5.0.0 Petityeast004_20240105_1222_P2S-00519-A_PAQ47538_49891fce.rna004_130bps_sup@v3.0.1.fastq Petityeast004_20240105_1222_P2S-00519-A_PAQ47538_49891fce.rna004_130bps_sup@v5.0.0.fastq Pus1yeast004_20240105_1330_P2S-00519-A_PAS92267_56de71b8.rna004_130bps_sup@v3.0.1.fastq Pus1yeast004_20240105_1330_P2S-00519-A_PAS92267_56de71b8.rna004_130bps_sup@v5.0.0.fastq Pus2yeast004_20240105_1330_P2S-00519-B_PAS98920_19ba906c.rna004_130bps_sup@v3.0.1.fastq Pus2yeast004_20240105_1330_P2S-00519-B_PAS98920_19ba906c.rna004_130bps_sup@v5.0.0.fastq Pus4yeast004_20231208_1152_MN42516_FAX71838_e2d70aac.rna004_130bps_sup@v3.0.1.fastq Pus4yeast004_20231208_1601_MN31004_FAX30455_c72fd68f.rna002_130bps_sup@v5.0.0.fastq Grandeyeast004_20240105_1222_P2S-00519-B_PAS98845_231d7d7e.rna004_130bps_sup@v3.0.1.fastq Grandeyeast004_20240105_1222_P2S-00519-B_PAS98845_231d7d7e.rna004_130bps_sup@v5.0.0.fastq)
+ u=WTyeast004_20231111_1104_P2S-00519-B_PAQ47538_fa3726ec.rna004_130bps_sup@v3.0.1
+ bwa mem -W 13 -k 6 -T 20 -x ont2d /beevol/home/whitel/tRNAworkshop/ref/sacCer-mito-and-nuclear-tRNAs.fa /beevol/home/whitel/tRNAworkshop/rebasecalled/fastqs/WTyeast004_20231111_1104_P2S-00519-B_PAQ47538_fa3726ec.rna004_130bps_sup@v3.0.1.fastq
+ samtools sort -o /beevol/home/whitel/tRNAworkshop/rebasecalled/alignedbams/WTyeast004_20231111_1104_P2S-00519-B_PAQ47538_fa3726ec.rna004_130bps_sup@v3.0.1.bwa.bam
+ samtools view -F4 -hu -
[M::bwa_idx_load_from_disk] read 0 ALT contigs
[M::process] read 56546 sequences (10000168 bp)...
[M::process] read 59004 sequences (10000043 bp)...
[M::mem_process_seqs] Processed 56546 reads in 262.743 CPU sec, 263.310 real sec
[M::process] read 59304 sequences (10000108 bp)...
[M::mem_process_seqs] Processed 59004 reads in 265.913 CPU sec, 266.413 real sec
[M::process] read 29652 sequences (5012240 bp)...
[M::mem_process_seqs] Processed 59304 reads in 264.502 CPU sec, 265.033 real sec
[M::mem_process_seqs] Processed 29652 reads in 137.023 CPU sec, 137.258 real sec
[main] Version: 0.7.16a-r1181
[main] CMD: bwa mem -W 13 -k 6 -T 20 -x ont2d /beevol/home/whitel/tRNAworkshop/ref/sacCer-mito-and-nuclear-tRNAs.fa /beevol/home/whitel/tRNAworkshop/rebasecalled/fastqs/WTyeast004_20231111_1104_P2S-00519-B_PAQ47538_fa3726ec.rna004_130bps_sup@v3.0.1.fastq
[main] Real time: 970.414 sec; CPU: 930.292 sec
+ samtools index /beevol/home/whitel/tRNAworkshop/rebasecalled/alignedbams/WTyeast004_20231111_1104_P2S-00519-B_PAQ47538_fa3726ec.rna004_130bps_sup@v3.0.1.bwa.bam
+ samples=(WTyeast004_20231111_1104_P2S-00519-B_PAQ47538_fa3726ec.rna004_130bps_sup@v3.0.1 WTyeast004_20231111_1104_P2S-00519-B_PAQ47538_fa3726ec.rna004_130bps_sup@v5.0.0 Petityeast004_20240105_1222_P2S-00519-A_PAQ47538_49891fce.rna004_130bps_sup@v3.0.1.fastq Petityeast004_20240105_1222_P2S-00519-A_PAQ47538_49891fce.rna004_130bps_sup@v5.0.0.fastq Pus1yeast004_20240105_1330_P2S-00519-A_PAS92267_56de71b8.rna004_130bps_sup@v3.0.1.fastq Pus1yeast004_20240105_1330_P2S-00519-A_PAS92267_56de71b8.rna004_130bps_sup@v5.0.0.fastq Pus2yeast004_20240105_1330_P2S-00519-B_PAS98920_19ba906c.rna004_130bps_sup@v3.0.1.fastq Pus2yeast004_20240105_1330_P2S-00519-B_PAS98920_19ba906c.rna004_130bps_sup@v5.0.0.fastq Pus4yeast004_20231208_1152_MN42516_FAX71838_e2d70aac.rna004_130bps_sup@v3.0.1.fastq Pus4yeast004_20231208_1601_MN31004_FAX30455_c72fd68f.rna002_130bps_sup@v5.0.0.fastq Grandeyeast004_20240105_1222_P2S-00519-B_PAS98845_231d7d7e.rna004_130bps_sup@v3.0.1.fastq Grandeyeast004_20240105_1222_P2S-00519-B_PAS98845_231d7d7e.rna004_130bps_sup@v5.0.0.fastq)
+ u=WTyeast004_20231111_1104_P2S-00519-B_PAQ47538_fa3726ec.rna004_130bps_sup@v5.0.0
+ bwa mem -W 13 -k 6 -T 20 -x ont2d /beevol/home/whitel/tRNAworkshop/ref/sacCer-mito-and-nuclear-tRNAs.fa /beevol/home/whitel/tRNAworkshop/rebasecalled/fastqs/WTyeast004_20231111_1104_P2S-00519-B_PAQ47538_fa3726ec.rna004_130bps_sup@v5.0.0.fastq
+ samtools view -F4 -hu -
+ samtools sort -o /beevol/home/whitel/tRNAworkshop/rebasecalled/alignedbams/WTyeast004_20231111_1104_P2S-00519-B_PAQ47538_fa3726ec.rna004_130bps_sup@v5.0.0.bwa.bam
[M::bwa_idx_load_from_disk] read 0 ALT contigs
[M::process] read 74304 sequences (10000011 bp)...
[M::process] read 75308 sequences (10000107 bp)...
[M::mem_process_seqs] Processed 74304 reads in 1231.587 CPU sec, 1231.417 real sec
[M::process] read 55731 sequences (8249340 bp)...
[M::mem_process_seqs] Processed 75308 reads in 1204.130 CPU sec, 1203.886 real sec
[M::mem_process_seqs] Processed 55731 reads in 1175.009 CPU sec, 1174.818 real sec
[main] Version: 0.7.16a-r1181
[main] CMD: bwa mem -W 13 -k 6 -T 20 -x ont2d /beevol/home/whitel/tRNAworkshop/ref/sacCer-mito-and-nuclear-tRNAs.fa /beevol/home/whitel/tRNAworkshop/rebasecalled/fastqs/WTyeast004_20231111_1104_P2S-00519-B_PAQ47538_fa3726ec.rna004_130bps_sup@v5.0.0.fastq
[main] Real time: 3631.673 sec; CPU: 3610.938 sec
+ samtools index /beevol/home/whitel/tRNAworkshop/rebasecalled/alignedbams/WTyeast004_20231111_1104_P2S-00519-B_PAQ47538_fa3726ec.rna004_130bps_sup@v5.0.0.bwa.bam
