+ samples=(HumanFibroblast002_20231207_1455_P2S-00519-B_PAS29437_b7f6c4bd.rna002_70bps_fast@v3 HumanFibroblast002_20231207_1455_P2S-00519-B_PAS29437_b7f6c4bd.rna002_70bps_hac@v3 HumanFibroblast004_20231208_1351_MN42516_FAX71838_b8f7b990.rna004_130bps_fast@v3.0.1 HumanFibroblast004_20231208_1351_MN42516_FAX71838_b8f7b990.rna004_130bps_hac@v3.0.1 HumanFibroblast004_20231208_1351_MN42516_FAX71838_b8f7b990.rna004_130bps_sup@v3.0.1 HumanFibroblast004_20231208_1351_MN42516_FAX71838_b8f7b990.rna004_130bps_hac@v5.0.0.fastq HumanFibroblast004_20231208_1351_MN42516_FAX71838_b8f7b990.rna004_130bps_sup@v3.0.1.fastq HumanFibroblast004_20231208_1351_MN42516_FAX71838_b8f7b990.rna004_130bps_sup@v5.0.0.fastq)
+ u=HumanFibroblast002_20231207_1455_P2S-00519-B_PAS29437_b7f6c4bd.rna002_70bps_fast@v3
+ bwa mem -W 13 -k 6 -T 20 -x ont2d /beevol/home/whitel/tRNAworkshop/ref/hg38-mature-tRNAs.fa /beevol/home/whitel/tRNAworkshop/rebasecalled/fastqs/HumanFibroblast002_20231207_1455_P2S-00519-B_PAS29437_b7f6c4bd.rna002_70bps_fast@v3.fastq
+ samtools view -F4 -hu -
+ samtools sort -o /beevol/home/whitel/tRNAworkshop/rebasecalled/alignedbams/HumanFibroblast002_20231207_1455_P2S-00519-B_PAS29437_b7f6c4bd.rna002_70bps_fast@v3.bwa.bam
[M::bwa_idx_load_from_disk] read 0 ALT contigs
[M::process] read 99090 sequences (10000143 bp)...
[M::process] read 86749 sequences (8851861 bp)...
[M::mem_process_seqs] Processed 99090 reads in 336.065 CPU sec, 335.924 real sec
[M::mem_process_seqs] Processed 86749 reads in 279.481 CPU sec, 279.333 real sec
[main] Version: 0.7.16a-r1181
[main] CMD: bwa mem -W 13 -k 6 -T 20 -x ont2d /beevol/home/whitel/tRNAworkshop/ref/hg38-mature-tRNAs.fa /beevol/home/whitel/tRNAworkshop/rebasecalled/fastqs/HumanFibroblast002_20231207_1455_P2S-00519-B_PAS29437_b7f6c4bd.rna002_70bps_fast@v3.fastq
[main] Real time: 635.821 sec; CPU: 615.779 sec
+ samtools index /beevol/home/whitel/tRNAworkshop/rebasecalled/alignedbams/HumanFibroblast002_20231207_1455_P2S-00519-B_PAS29437_b7f6c4bd.rna002_70bps_fast@v3.bwa.bam
+ samples=(HumanFibroblast002_20231207_1455_P2S-00519-B_PAS29437_b7f6c4bd.rna002_70bps_fast@v3 HumanFibroblast002_20231207_1455_P2S-00519-B_PAS29437_b7f6c4bd.rna002_70bps_hac@v3 HumanFibroblast004_20231208_1351_MN42516_FAX71838_b8f7b990.rna004_130bps_fast@v3.0.1 HumanFibroblast004_20231208_1351_MN42516_FAX71838_b8f7b990.rna004_130bps_hac@v3.0.1 HumanFibroblast004_20231208_1351_MN42516_FAX71838_b8f7b990.rna004_130bps_sup@v3.0.1 HumanFibroblast004_20231208_1351_MN42516_FAX71838_b8f7b990.rna004_130bps_hac@v5.0.0.fastq HumanFibroblast004_20231208_1351_MN42516_FAX71838_b8f7b990.rna004_130bps_sup@v3.0.1.fastq HumanFibroblast004_20231208_1351_MN42516_FAX71838_b8f7b990.rna004_130bps_sup@v5.0.0.fastq)
+ u=HumanFibroblast002_20231207_1455_P2S-00519-B_PAS29437_b7f6c4bd.rna002_70bps_hac@v3
+ samtools view -F4 -hu -
+ bwa mem -W 13 -k 6 -T 20 -x ont2d /beevol/home/whitel/tRNAworkshop/ref/hg38-mature-tRNAs.fa /beevol/home/whitel/tRNAworkshop/rebasecalled/fastqs/HumanFibroblast002_20231207_1455_P2S-00519-B_PAS29437_b7f6c4bd.rna002_70bps_hac@v3.fastq
+ samtools sort -o /beevol/home/whitel/tRNAworkshop/rebasecalled/alignedbams/HumanFibroblast002_20231207_1455_P2S-00519-B_PAS29437_b7f6c4bd.rna002_70bps_hac@v3.bwa.bam
[M::bwa_idx_load_from_disk] read 0 ALT contigs
[M::process] read 101922 sequences (10000128 bp)...
[M::process] read 83698 sequences (8341914 bp)...
[M::mem_process_seqs] Processed 101922 reads in 295.640 CPU sec, 296.275 real sec
[M::mem_process_seqs] Processed 83698 reads in 261.485 CPU sec, 262.111 real sec
[main] Version: 0.7.16a-r1181
[main] CMD: bwa mem -W 13 -k 6 -T 20 -x ont2d /beevol/home/whitel/tRNAworkshop/ref/hg38-mature-tRNAs.fa /beevol/home/whitel/tRNAworkshop/rebasecalled/fastqs/HumanFibroblast002_20231207_1455_P2S-00519-B_PAS29437_b7f6c4bd.rna002_70bps_hac@v3.fastq
[main] Real time: 572.186 sec; CPU: 557.285 sec
+ samtools index /beevol/home/whitel/tRNAworkshop/rebasecalled/alignedbams/HumanFibroblast002_20231207_1455_P2S-00519-B_PAS29437_b7f6c4bd.rna002_70bps_hac@v3.bwa.bam
+ samples=(HumanFibroblast002_20231207_1455_P2S-00519-B_PAS29437_b7f6c4bd.rna002_70bps_fast@v3 HumanFibroblast002_20231207_1455_P2S-00519-B_PAS29437_b7f6c4bd.rna002_70bps_hac@v3 HumanFibroblast004_20231208_1351_MN42516_FAX71838_b8f7b990.rna004_130bps_fast@v3.0.1 HumanFibroblast004_20231208_1351_MN42516_FAX71838_b8f7b990.rna004_130bps_hac@v3.0.1 HumanFibroblast004_20231208_1351_MN42516_FAX71838_b8f7b990.rna004_130bps_sup@v3.0.1 HumanFibroblast004_20231208_1351_MN42516_FAX71838_b8f7b990.rna004_130bps_hac@v5.0.0.fastq HumanFibroblast004_20231208_1351_MN42516_FAX71838_b8f7b990.rna004_130bps_sup@v3.0.1.fastq HumanFibroblast004_20231208_1351_MN42516_FAX71838_b8f7b990.rna004_130bps_sup@v5.0.0.fastq)
+ u=HumanFibroblast004_20231208_1351_MN42516_FAX71838_b8f7b990.rna004_130bps_hac@v3.0.1
+ bwa mem -W 13 -k 6 -T 20 -x ont2d /beevol/home/whitel/tRNAworkshop/ref/hg38-mature-tRNAs.fa /beevol/home/whitel/tRNAworkshop/rebasecalled/fastqs/HumanFibroblast004_20231208_1351_MN42516_FAX71838_b8f7b990.rna004_130bps_hac@v3.0.1.fastq
+ samtools sort -o /beevol/home/whitel/tRNAworkshop/rebasecalled/alignedbams/HumanFibroblast004_20231208_1351_MN42516_FAX71838_b8f7b990.rna004_130bps_hac@v3.0.1.bwa.bam
+ samtools view -F4 -hu -
[M::bwa_idx_load_from_disk] read 0 ALT contigs
[M::process] read 66190 sequences (10000263 bp)...
[M::process] read 69600 sequences (10000086 bp)...
[M::mem_process_seqs] Processed 66190 reads in 308.244 CPU sec, 308.907 real sec
[M::process] read 12333 sequences (2005876 bp)...
[M::mem_process_seqs] Processed 69600 reads in 317.345 CPU sec, 318.109 real sec
[M::mem_process_seqs] Processed 12333 reads in 57.774 CPU sec, 57.813 real sec
[main] Version: 0.7.16a-r1181
[main] CMD: bwa mem -W 13 -k 6 -T 20 -x ont2d /beevol/home/whitel/tRNAworkshop/ref/hg38-mature-tRNAs.fa /beevol/home/whitel/tRNAworkshop/rebasecalled/fastqs/HumanFibroblast004_20231208_1351_MN42516_FAX71838_b8f7b990.rna004_130bps_hac@v3.0.1.fastq
[main] Real time: 743.684 sec; CPU: 683.470 sec
+ samtools index /beevol/home/whitel/tRNAworkshop/rebasecalled/alignedbams/HumanFibroblast004_20231208_1351_MN42516_FAX71838_b8f7b990.rna004_130bps_hac@v3.0.1.bwa.bam
+ samples=(HumanFibroblast002_20231207_1455_P2S-00519-B_PAS29437_b7f6c4bd.rna002_70bps_fast@v3 HumanFibroblast002_20231207_1455_P2S-00519-B_PAS29437_b7f6c4bd.rna002_70bps_hac@v3 HumanFibroblast004_20231208_1351_MN42516_FAX71838_b8f7b990.rna004_130bps_fast@v3.0.1 HumanFibroblast004_20231208_1351_MN42516_FAX71838_b8f7b990.rna004_130bps_hac@v3.0.1 HumanFibroblast004_20231208_1351_MN42516_FAX71838_b8f7b990.rna004_130bps_sup@v3.0.1 HumanFibroblast004_20231208_1351_MN42516_FAX71838_b8f7b990.rna004_130bps_hac@v5.0.0.fastq HumanFibroblast004_20231208_1351_MN42516_FAX71838_b8f7b990.rna004_130bps_sup@v3.0.1.fastq HumanFibroblast004_20231208_1351_MN42516_FAX71838_b8f7b990.rna004_130bps_sup@v5.0.0.fastq)
+ u=HumanFibroblast004_20231208_1351_MN42516_FAX71838_b8f7b990.rna004_130bps_hac@v5.0.0.fastq
+ bwa mem -W 13 -k 6 -T 20 -x ont2d /beevol/home/whitel/tRNAworkshop/ref/hg38-mature-tRNAs.fa /beevol/home/whitel/tRNAworkshop/rebasecalled/fastqs/HumanFibroblast004_20231208_1351_MN42516_FAX71838_b8f7b990.rna004_130bps_hac@v5.0.0.fastq.fastq
+ samtools sort -o /beevol/home/whitel/tRNAworkshop/rebasecalled/alignedbams/HumanFibroblast004_20231208_1351_MN42516_FAX71838_b8f7b990.rna004_130bps_hac@v5.0.0.fastq.bwa.bam
+ samtools view -F4 -hu -
[M::bwa_idx_load_from_disk] read 0 ALT contigs
[E::main_mem] fail to open file `/beevol/home/whitel/tRNAworkshop/rebasecalled/fastqs/HumanFibroblast004_20231208_1351_MN42516_FAX71838_b8f7b990.rna004_130bps_hac@v5.0.0.fastq.fastq'.
[main_samview] fail to read the header from "-".
samtools sort: failed to read header from "-"
+ samples=(HumanFibroblast002_20231207_1455_P2S-00519-B_PAS29437_b7f6c4bd.rna002_70bps_fast@v3 HumanFibroblast002_20231207_1455_P2S-00519-B_PAS29437_b7f6c4bd.rna002_70bps_hac@v3 HumanFibroblast004_20231208_1351_MN42516_FAX71838_b8f7b990.rna004_130bps_fast@v3.0.1 HumanFibroblast004_20231208_1351_MN42516_FAX71838_b8f7b990.rna004_130bps_hac@v3.0.1 HumanFibroblast004_20231208_1351_MN42516_FAX71838_b8f7b990.rna004_130bps_sup@v3.0.1 HumanFibroblast004_20231208_1351_MN42516_FAX71838_b8f7b990.rna004_130bps_hac@v5.0.0.fastq HumanFibroblast004_20231208_1351_MN42516_FAX71838_b8f7b990.rna004_130bps_sup@v3.0.1.fastq HumanFibroblast004_20231208_1351_MN42516_FAX71838_b8f7b990.rna004_130bps_sup@v5.0.0.fastq)
+ u=HumanFibroblast004_20231208_1351_MN42516_FAX71838_b8f7b990.rna004_130bps_sup@v3.0.1.fastq
+ samtools view -F4 -hu -
+ samtools sort -o /beevol/home/whitel/tRNAworkshop/rebasecalled/alignedbams/HumanFibroblast004_20231208_1351_MN42516_FAX71838_b8f7b990.rna004_130bps_sup@v3.0.1.fastq.bwa.bam
+ bwa mem -W 13 -k 6 -T 20 -x ont2d /beevol/home/whitel/tRNAworkshop/ref/hg38-mature-tRNAs.fa /beevol/home/whitel/tRNAworkshop/rebasecalled/fastqs/HumanFibroblast004_20231208_1351_MN42516_FAX71838_b8f7b990.rna004_130bps_sup@v3.0.1.fastq.fastq
[M::bwa_idx_load_from_disk] read 0 ALT contigs
[E::main_mem] fail to open file `/beevol/home/whitel/tRNAworkshop/rebasecalled/fastqs/HumanFibroblast004_20231208_1351_MN42516_FAX71838_b8f7b990.rna004_130bps_sup@v3.0.1.fastq.fastq'.
[main_samview] fail to read the header from "-".
samtools sort: failed to read header from "-"
+ samples=(HumanFibroblast002_20231207_1455_P2S-00519-B_PAS29437_b7f6c4bd.rna002_70bps_fast@v3 HumanFibroblast002_20231207_1455_P2S-00519-B_PAS29437_b7f6c4bd.rna002_70bps_hac@v3 HumanFibroblast004_20231208_1351_MN42516_FAX71838_b8f7b990.rna004_130bps_fast@v3.0.1 HumanFibroblast004_20231208_1351_MN42516_FAX71838_b8f7b990.rna004_130bps_hac@v3.0.1 HumanFibroblast004_20231208_1351_MN42516_FAX71838_b8f7b990.rna004_130bps_sup@v3.0.1 HumanFibroblast004_20231208_1351_MN42516_FAX71838_b8f7b990.rna004_130bps_hac@v5.0.0.fastq HumanFibroblast004_20231208_1351_MN42516_FAX71838_b8f7b990.rna004_130bps_sup@v3.0.1.fastq HumanFibroblast004_20231208_1351_MN42516_FAX71838_b8f7b990.rna004_130bps_sup@v5.0.0.fastq)
+ u=HumanFibroblast004_20231208_1351_MN42516_FAX71838_b8f7b990.rna004_130bps_sup@v5.0.0.fastq
+ bwa mem -W 13 -k 6 -T 20 -x ont2d /beevol/home/whitel/tRNAworkshop/ref/hg38-mature-tRNAs.fa /beevol/home/whitel/tRNAworkshop/rebasecalled/fastqs/HumanFibroblast004_20231208_1351_MN42516_FAX71838_b8f7b990.rna004_130bps_sup@v5.0.0.fastq.fastq
+ samtools view -F4 -hu -
+ samtools sort -o /beevol/home/whitel/tRNAworkshop/rebasecalled/alignedbams/HumanFibroblast004_20231208_1351_MN42516_FAX71838_b8f7b990.rna004_130bps_sup@v5.0.0.fastq.bwa.bam
[M::bwa_idx_load_from_disk] read 0 ALT contigs
[E::main_mem] fail to open file `/beevol/home/whitel/tRNAworkshop/rebasecalled/fastqs/HumanFibroblast004_20231208_1351_MN42516_FAX71838_b8f7b990.rna004_130bps_sup@v5.0.0.fastq.fastq'.
[main_samview] fail to read the header from "-".
samtools sort: failed to read header from "-"
+ samples=(HumanFibroblast002_20231207_1455_P2S-00519-B_PAS29437_b7f6c4bd.rna002_70bps_fast@v3 HumanFibroblast002_20231207_1455_P2S-00519-B_PAS29437_b7f6c4bd.rna002_70bps_hac@v3 HumanFibroblast004_20231208_1351_MN42516_FAX71838_b8f7b990.rna004_130bps_fast@v3.0.1 HumanFibroblast004_20231208_1351_MN42516_FAX71838_b8f7b990.rna004_130bps_hac@v3.0.1 HumanFibroblast004_20231208_1351_MN42516_FAX71838_b8f7b990.rna004_130bps_sup@v3.0.1 HumanFibroblast004_20231208_1351_MN42516_FAX71838_b8f7b990.rna004_130bps_hac@v5.0.0.fastq HumanFibroblast004_20231208_1351_MN42516_FAX71838_b8f7b990.rna004_130bps_sup@v3.0.1.fastq HumanFibroblast004_20231208_1351_MN42516_FAX71838_b8f7b990.rna004_130bps_sup@v5.0.0.fastq)
+ u=HumanFibroblast004_20231208_1351_MN42516_FAX71838_b8f7b990.rna004_130bps_fast@v3.0.1
+ bwa mem -W 13 -k 6 -T 20 -x ont2d /beevol/home/whitel/tRNAworkshop/ref/hg38-mature-tRNAs.fa /beevol/home/whitel/tRNAworkshop/rebasecalled/fastqs/HumanFibroblast004_20231208_1351_MN42516_FAX71838_b8f7b990.rna004_130bps_fast@v3.0.1.fastq
+ samtools view -F4 -hu -
+ samtools sort -o /beevol/home/whitel/tRNAworkshop/rebasecalled/alignedbams/HumanFibroblast004_20231208_1351_MN42516_FAX71838_b8f7b990.rna004_130bps_fast@v3.0.1.bwa.bam
[M::bwa_idx_load_from_disk] read 0 ALT contigs
[M::process] read 56214 sequences (10000070 bp)...
[M::process] read 62852 sequences (10000132 bp)...
[M::mem_process_seqs] Processed 56214 reads in 461.659 CPU sec, 461.524 real sec
[M::process] read 29070 sequences (5242577 bp)...
[M::mem_process_seqs] Processed 62852 reads in 482.707 CPU sec, 482.538 real sec
[M::mem_process_seqs] Processed 29070 reads in 237.931 CPU sec, 237.794 real sec
[main] Version: 0.7.16a-r1181
[main] CMD: bwa mem -W 13 -k 6 -T 20 -x ont2d /beevol/home/whitel/tRNAworkshop/ref/hg38-mature-tRNAs.fa /beevol/home/whitel/tRNAworkshop/rebasecalled/fastqs/HumanFibroblast004_20231208_1351_MN42516_FAX71838_b8f7b990.rna004_130bps_fast@v3.0.1.fastq
[main] Real time: 1236.049 sec; CPU: 1182.498 sec
+ samtools index /beevol/home/whitel/tRNAworkshop/rebasecalled/alignedbams/HumanFibroblast004_20231208_1351_MN42516_FAX71838_b8f7b990.rna004_130bps_fast@v3.0.1.bwa.bam
+ samples=(HumanFibroblast002_20231207_1455_P2S-00519-B_PAS29437_b7f6c4bd.rna002_70bps_fast@v3 HumanFibroblast002_20231207_1455_P2S-00519-B_PAS29437_b7f6c4bd.rna002_70bps_hac@v3 HumanFibroblast004_20231208_1351_MN42516_FAX71838_b8f7b990.rna004_130bps_fast@v3.0.1 HumanFibroblast004_20231208_1351_MN42516_FAX71838_b8f7b990.rna004_130bps_hac@v3.0.1 HumanFibroblast004_20231208_1351_MN42516_FAX71838_b8f7b990.rna004_130bps_sup@v3.0.1 HumanFibroblast004_20231208_1351_MN42516_FAX71838_b8f7b990.rna004_130bps_hac@v5.0.0.fastq HumanFibroblast004_20231208_1351_MN42516_FAX71838_b8f7b990.rna004_130bps_sup@v3.0.1.fastq HumanFibroblast004_20231208_1351_MN42516_FAX71838_b8f7b990.rna004_130bps_sup@v5.0.0.fastq)
+ u=HumanFibroblast004_20231208_1351_MN42516_FAX71838_b8f7b990.rna004_130bps_sup@v3.0.1
+ samtools view -F4 -hu -
+ samtools sort -o /beevol/home/whitel/tRNAworkshop/rebasecalled/alignedbams/HumanFibroblast004_20231208_1351_MN42516_FAX71838_b8f7b990.rna004_130bps_sup@v3.0.1.bwa.bam
+ bwa mem -W 13 -k 6 -T 20 -x ont2d /beevol/home/whitel/tRNAworkshop/ref/hg38-mature-tRNAs.fa /beevol/home/whitel/tRNAworkshop/rebasecalled/fastqs/HumanFibroblast004_20231208_1351_MN42516_FAX71838_b8f7b990.rna004_130bps_sup@v3.0.1.fastq
[M::bwa_idx_load_from_disk] read 0 ALT contigs
[M::process] read 54812 sequences (10000279 bp)...
[M::process] read 59976 sequences (10000243 bp)...
[M::mem_process_seqs] Processed 54812 reads in 356.740 CPU sec, 357.527 real sec
[M::process] read 33315 sequences (6055537 bp)...
[M::mem_process_seqs] Processed 59976 reads in 381.639 CPU sec, 382.454 real sec
[M::mem_process_seqs] Processed 33315 reads in 215.838 CPU sec, 216.276 real sec
[main] Version: 0.7.16a-r1181
[main] CMD: bwa mem -W 13 -k 6 -T 20 -x ont2d /beevol/home/whitel/tRNAworkshop/ref/hg38-mature-tRNAs.fa /beevol/home/whitel/tRNAworkshop/rebasecalled/fastqs/HumanFibroblast004_20231208_1351_MN42516_FAX71838_b8f7b990.rna004_130bps_sup@v3.0.1.fastq
[main] Real time: 987.368 sec; CPU: 954.349 sec
+ samtools index /beevol/home/whitel/tRNAworkshop/rebasecalled/alignedbams/HumanFibroblast004_20231208_1351_MN42516_FAX71838_b8f7b990.rna004_130bps_sup@v3.0.1.bwa.bam
