Sender: LSF System <lsfadmin@compute19>
Subject: Job 869746[1]: <bwa[1-1]> in cluster <tesla2> Done

Job <bwa[1-1]> was submitted from host <compute07> by user <whitel> in cluster <tesla2> at Thu Jun 20 21:56:25 2024
Job was executed on host(s) <18*compute19>, in queue <rna>, as user <whitel> in cluster <tesla2> at Thu Jun 20 21:56:31 2024
</beevol/home/whitel> was used as the home directory.
</beevol/home/whitel/tRNAworkshop/src> was used as the working directory.
Started at Thu Jun 20 21:56:31 2024
Terminated at Thu Jun 20 23:29:31 2024
Results reported at Thu Jun 20 23:29:31 2024

Your job looked like:

------------------------------------------------------------
# LSBATCH: User input
#! /usr/bin/env bash

#BSUB -J bwa[1-1]
#BSUB -o logs/bwa.%J.out
#BSUB -e logs/bwa.%J.err
#BSUB -R "span[hosts=1]"
#BSUB -q rna
#BSUB -n 18

bwaidx="$HOME/tRNAworkshop/ref/tthermophila-numbered-mature-tRNAs.fa"
in="$HOME/tRNAworkshop/rebasecalled/supv5_fastqs"
dest="$HOME/tRNAworkshop/rebasecalled/alignedbams"

set -o nounset -o pipefail -o errexit -x

samples=(
Tetrahymena004_20231208_0920_MN42516_FAX71838_a244513d.rna004_130bps_sup@v5.0.0
)

u=${samples[$(( $LSB_JOBINDEX -1 ))]}

### align to tRNA reference - adapter anchored reference alignment
bwa mem -W 13 -k 6 -T 20 -x ont2d $bwaidx $in/${u}.fastq \
| samtools view -F4 -hu - \
| samtools sort -o ${dest}/${u}.bwa.bam

samtools index ${dest}/${u}.bwa.bam


------------------------------------------------------------

Successfully completed.

Resource usage summary:

    CPU time :                                   5582.73 sec.
    Max Memory :                                 15 GB
    Average Memory :                             4.04 GB
    Total Requested Memory :                     -
    Delta Memory :                               -
    Max Swap :                                   -
    Max Processes :                              6
    Max Threads :                                10
    Run time :                                   5580 sec.
    Turnaround time :                            5589 sec.

The output (if any) follows:



PS:

Read file <logs/bwa.869746.err> for stderr output of this job.

