+ samples=(Grandeyeast004_20240105_1222_P2S-00519-B_PAS98845_231d7d7e.rna004_130bps_sup@v5.0.0 Petityeast004_20240105_1222_P2S-00519-A_PAQ47538_49891fce.rna004_130bps_sup@v5.0.0 Pus1yeast004_20240105_1330_P2S-00519-A_PAS92267_56de71b8.rna004_130bps_sup@v5.0.0 Pus2yeast004_20240105_1330_P2S-00519-B_PAS98920_19ba906c.rna004_130bps_sup@v5.0.0 Pus4yeast004_20231208_1152_MN42516_FAX71838_e2d70aac.rna004_130bps_sup@v5.0.0 WTyeast004_20231111_1104_P2S-00519-B_PAQ47538_fa3726ec.rna004_130bps_sup@v5.0.0)
+ u=Pus4yeast004_20231208_1152_MN42516_FAX71838_e2d70aac.rna004_130bps_sup@v5.0.0
+ bwa mem -C -W 13 -k 6 -T 20 -x ont2d /beevol/home/whitel/tRNAworkshop/ref/sacCer3-mature-tRNAs.fa /beevol/home/whitel/tRNAworkshop/rebasecalled/fastqs/Pus4yeast004_20231208_1152_MN42516_FAX71838_e2d70aac.rna004_130bps_sup@v5.0.0.fastq
+ samtools view -F4 -hu -
+ samtools sort -o /beevol/home/whitel/tRNAworkshop/rebasecalled/alignedbams/Pus4yeast004_20231208_1152_MN42516_FAX71838_e2d70aac.rna004_130bps_sup@v5.0.0.bwa.bam
[M::bwa_idx_load_from_disk] read 0 ALT contigs
[E::main_mem] fail to open file `/beevol/home/whitel/tRNAworkshop/rebasecalled/fastqs/Pus4yeast004_20231208_1152_MN42516_FAX71838_e2d70aac.rna004_130bps_sup@v5.0.0.fastq'.
[main_samview] fail to read the header from "-".
samtools sort: failed to read header from "-"
+ samples=(Grandeyeast004_20240105_1222_P2S-00519-B_PAS98845_231d7d7e.rna004_130bps_sup@v5.0.0 Petityeast004_20240105_1222_P2S-00519-A_PAQ47538_49891fce.rna004_130bps_sup@v5.0.0 Pus1yeast004_20240105_1330_P2S-00519-A_PAS92267_56de71b8.rna004_130bps_sup@v5.0.0 Pus2yeast004_20240105_1330_P2S-00519-B_PAS98920_19ba906c.rna004_130bps_sup@v5.0.0 Pus4yeast004_20231208_1152_MN42516_FAX71838_e2d70aac.rna004_130bps_sup@v5.0.0 WTyeast004_20231111_1104_P2S-00519-B_PAQ47538_fa3726ec.rna004_130bps_sup@v5.0.0)
+ u=Petityeast004_20240105_1222_P2S-00519-A_PAQ47538_49891fce.rna004_130bps_sup@v5.0.0
+ samtools sort -o /beevol/home/whitel/tRNAworkshop/rebasecalled/alignedbams/Petityeast004_20240105_1222_P2S-00519-A_PAQ47538_49891fce.rna004_130bps_sup@v5.0.0.bwa.bam
+ bwa mem -C -W 13 -k 6 -T 20 -x ont2d /beevol/home/whitel/tRNAworkshop/ref/sacCer3-mature-tRNAs.fa /beevol/home/whitel/tRNAworkshop/rebasecalled/fastqs/Petityeast004_20240105_1222_P2S-00519-A_PAQ47538_49891fce.rna004_130bps_sup@v5.0.0.fastq
+ samtools view -F4 -hu -
[M::bwa_idx_load_from_disk] read 0 ALT contigs
[M::process] read 70946 sequences (10001012 bp)...
[M::process] read 71020 sequences (10000164 bp)...
..
+ samples=(Grandeyeast004_20240105_1222_P2S-00519-B_PAS98845_231d7d7e.rna004_130bps_sup@v5.0.0 Petityeast004_20240105_1222_P2S-00519-A_PAQ47538_49891fce.rna004_130bps_sup@v5.0.0 Pus1yeast004_20240105_1330_P2S-00519-A_PAS92267_56de71b8.rna004_130bps_sup@v5.0.0 Pus2yeast004_20240105_1330_P2S-00519-B_PAS98920_19ba906c.rna004_130bps_sup@v5.0.0 Pus4yeast004_20231208_1152_MN42516_FAX71838_e2d70aac.rna004_130bps_sup@v5.0.0 WTyeast004_20231111_1104_P2S-00519-B_PAQ47538_fa3726ec.rna004_130bps_sup@v5.0.0)
+ u=WTyeast004_20231111_1104_P2S-00519-B_PAQ47538_fa3726ec.rna004_130bps_sup@v5.0.0
+ bwa mem -C -W 13 -k 6 -T 20 -x ont2d /beevol/home/whitel/tRNAworkshop/ref/sacCer3-mature-tRNAs.fa /beevol/home/whitel/tRNAworkshop/rebasecalled/fastqs/WTyeast004_20231111_1104_P2S-00519-B_PAQ47538_fa3726ec.rna004_130bps_sup@v5.0.0.fastq
+ samtools view -F4 -hu -
+ samtools sort -o /beevol/home/whitel/tRNAworkshop/rebasecalled/alignedbams/WTyeast004_20231111_1104_P2S-00519-B_PAQ47538_fa3726ec.rna004_130bps_sup@v5.0.0.bwa.bam
[M::bwa_idx_load_from_disk] read 0 ALT contigs
[M::process] read 74304 sequences (10000011 bp)...
[M::process] read 75308 sequences (10000107 bp)...
+ samples=(Grandeyeast004_20240105_1222_P2S-00519-B_PAS98845_231d7d7e.rna004_130bps_sup@v5.0.0 Petityeast004_20240105_1222_P2S-00519-A_PAQ47538_49891fce.rna004_130bps_sup@v5.0.0 Pus1yeast004_20240105_1330_P2S-00519-A_PAS92267_56de71b8.rna004_130bps_sup@v5.0.0 Pus2yeast004_20240105_1330_P2S-00519-B_PAS98920_19ba906c.rna004_130bps_sup@v5.0.0 Pus4yeast004_20231208_1152_MN42516_FAX71838_e2d70aac.rna004_130bps_sup@v5.0.0 WTyeast004_20231111_1104_P2S-00519-B_PAQ47538_fa3726ec.rna004_130bps_sup@v5.0.0)
+ u=Pus2yeast004_20240105_1330_P2S-00519-B_PAS98920_19ba906c.rna004_130bps_sup@v5.0.0
+ samtools view -F4 -hu -
+ bwa mem -C -W 13 -k 6 -T 20 -x ont2d /beevol/home/whitel/tRNAworkshop/ref/sacCer3-mature-tRNAs.fa /beevol/home/whitel/tRNAworkshop/rebasecalled/fastqs/Pus2yeast004_20240105_1330_P2S-00519-B_PAS98920_19ba906c.rna004_130bps_sup@v5.0.0.fastq
+ samtools sort -o /beevol/home/whitel/tRNAworkshop/rebasecalled/alignedbams/Pus2yeast004_20240105_1330_P2S-00519-B_PAS98920_19ba906c.rna004_130bps_sup@v5.0.0.bwa.bam
[M::bwa_idx_load_from_disk] read 0 ALT contigs
[M::process] read 63460 sequences (10000018 bp)...
[M::process] read 60682 sequences (10000115 bp)...
