Sender: LSF System <lsfadmin@compute20>
Subject: Job 853008[1]: <bwa[1-8]> in cluster <tesla2> Exited

Job <bwa[1-8]> was submitted from host <compute03> by user <whitel> in cluster <tesla2> at Thu Jun  6 14:27:40 2024
Job was executed on host(s) <18*compute20>, in queue <rna>, as user <whitel> in cluster <tesla2> at Thu Jun  6 14:36:36 2024
</beevol/home/whitel> was used as the home directory.
</beevol/home/whitel/tRNAworkshop/src> was used as the working directory.
Started at Thu Jun  6 14:36:36 2024
Terminated at Thu Jun  6 14:37:00 2024
Results reported at Thu Jun  6 14:37:00 2024

Your job looked like:

------------------------------------------------------------
# LSBATCH: User input
#! /usr/bin/env bash

#BSUB -J bwa[1-8]
#BSUB -o logs/bwa.%J.out
#BSUB -e logs/bwa.%J.err
#BSUB -R "span[hosts=1]"
#BSUB -q rna
#BSUB -n 18

bwaidx="$HOME/tRNAworkshop/refs/dm6-mature-tRNAs.fa"
in="$HOME/tRNAworkshop/rebasecalled/fastqs"
dest="$HOME/tRNAworkshop/rebasecalled/alignedbams"

set -o nounset -o pipefail -o errexit -x

samples=(
Drosophila002_20231207_1500_MN35252_FAX30455_48242de2.rna002_70bps_fast@v3
Drosophila002_20231207_1500_MN35252_FAX30455_48242de2.rna002_70bps_hac@v3
Drosophila004_20231208_1307_MN31004_FAX73799_72c200e4.rna004_130bps_fast@v3.0.1
Drosophila004_20231208_1307_MN31004_FAX73799_72c200e4.rna004_130bps_hac@v3.0.1
Drosophila004_20231208_1307_MN31004_FAX73799_72c200e4.rna004_130bps_sup@v3.0.1
Drosophila004_20231208_1307_MN31004_FAX73799_72c200e4.rna004_130bps_hac@v5.0.0.fastq
Drosophila004_20231208_1307_MN31004_FAX73799_72c200e4.rna004_130bps_sup@v3.0.1.fastq
Drosophila004_20231208_1307_MN31004_FAX73799_72c200e4.rna004_130bps_sup@v5.0.0.fastq
)

u=${samples[$(( $LSB_JOBINDEX -1 ))]}

### align to tRNA reference - adapter anchored reference alignment
bwa mem -W 13 -k 6 -T 20 -x ont2d $bwaidx $in/${u}.fastq \
| samtools view -F4 -hu - \
| samtools sort -o ${dest}/${u}.bwa.bam

samtools index ${dest}/${u}.bwa.bam


------------------------------------------------------------

Exited with exit code 1.

Resource usage summary:

    CPU time :                                   0.06 sec.
    Max Memory :                                 -
    Average Memory :                             -
    Total Requested Memory :                     -
    Delta Memory :                               -
    Max Swap :                                   -
    Max Processes :                              4
    Max Threads :                                5
    Run time :                                   23 sec.
    Turnaround time :                            566 sec.

The output (if any) follows:



PS:

Read file <logs/bwa.853008.err> for stderr output of this job.

Sender: LSF System <lsfadmin@compute20>
Subject: Job 853008[2]: <bwa[1-8]> in cluster <tesla2> Exited

Job <bwa[1-8]> was submitted from host <compute03> by user <whitel> in cluster <tesla2> at Thu Jun  6 14:27:40 2024
Job was executed on host(s) <18*compute20>, in queue <rna>, as user <whitel> in cluster <tesla2> at Thu Jun  6 14:37:01 2024
</beevol/home/whitel> was used as the home directory.
</beevol/home/whitel/tRNAworkshop/src> was used as the working directory.
Started at Thu Jun  6 14:37:01 2024
Terminated at Thu Jun  6 14:37:02 2024
Results reported at Thu Jun  6 14:37:02 2024

Your job looked like:

------------------------------------------------------------
# LSBATCH: User input
#! /usr/bin/env bash

#BSUB -J bwa[1-8]
#BSUB -o logs/bwa.%J.out
#BSUB -e logs/bwa.%J.err
#BSUB -R "span[hosts=1]"
#BSUB -q rna
#BSUB -n 18

bwaidx="$HOME/tRNAworkshop/refs/dm6-mature-tRNAs.fa"
in="$HOME/tRNAworkshop/rebasecalled/fastqs"
dest="$HOME/tRNAworkshop/rebasecalled/alignedbams"

set -o nounset -o pipefail -o errexit -x

samples=(
Drosophila002_20231207_1500_MN35252_FAX30455_48242de2.rna002_70bps_fast@v3
Drosophila002_20231207_1500_MN35252_FAX30455_48242de2.rna002_70bps_hac@v3
Drosophila004_20231208_1307_MN31004_FAX73799_72c200e4.rna004_130bps_fast@v3.0.1
Drosophila004_20231208_1307_MN31004_FAX73799_72c200e4.rna004_130bps_hac@v3.0.1
Drosophila004_20231208_1307_MN31004_FAX73799_72c200e4.rna004_130bps_sup@v3.0.1
Drosophila004_20231208_1307_MN31004_FAX73799_72c200e4.rna004_130bps_hac@v5.0.0.fastq
Drosophila004_20231208_1307_MN31004_FAX73799_72c200e4.rna004_130bps_sup@v3.0.1.fastq
Drosophila004_20231208_1307_MN31004_FAX73799_72c200e4.rna004_130bps_sup@v5.0.0.fastq
)

u=${samples[$(( $LSB_JOBINDEX -1 ))]}

### align to tRNA reference - adapter anchored reference alignment
bwa mem -W 13 -k 6 -T 20 -x ont2d $bwaidx $in/${u}.fastq \
| samtools view -F4 -hu - \
| samtools sort -o ${dest}/${u}.bwa.bam

samtools index ${dest}/${u}.bwa.bam


------------------------------------------------------------

Exited with exit code 1.

Resource usage summary:

    CPU time :                                   0.05 sec.
    Max Memory :                                 -
    Average Memory :                             -
    Total Requested Memory :                     -
    Delta Memory :                               -
    Max Swap :                                   -
    Max Processes :                              -
    Max Threads :                                -
    Run time :                                   0 sec.
    Turnaround time :                            568 sec.

The output (if any) follows:



PS:

Read file <logs/bwa.853008.err> for stderr output of this job.

Sender: LSF System <lsfadmin@compute20>
Subject: Job 853008[3]: <bwa[1-8]> in cluster <tesla2> Exited

Job <bwa[1-8]> was submitted from host <compute03> by user <whitel> in cluster <tesla2> at Thu Jun  6 14:27:40 2024
Job was executed on host(s) <18*compute20>, in queue <rna>, as user <whitel> in cluster <tesla2> at Thu Jun  6 14:37:11 2024
</beevol/home/whitel> was used as the home directory.
</beevol/home/whitel/tRNAworkshop/src> was used as the working directory.
Started at Thu Jun  6 14:37:11 2024
Terminated at Thu Jun  6 14:37:12 2024
Results reported at Thu Jun  6 14:37:12 2024

Your job looked like:

------------------------------------------------------------
# LSBATCH: User input
#! /usr/bin/env bash

#BSUB -J bwa[1-8]
#BSUB -o logs/bwa.%J.out
#BSUB -e logs/bwa.%J.err
#BSUB -R "span[hosts=1]"
#BSUB -q rna
#BSUB -n 18

bwaidx="$HOME/tRNAworkshop/refs/dm6-mature-tRNAs.fa"
in="$HOME/tRNAworkshop/rebasecalled/fastqs"
dest="$HOME/tRNAworkshop/rebasecalled/alignedbams"

set -o nounset -o pipefail -o errexit -x

samples=(
Drosophila002_20231207_1500_MN35252_FAX30455_48242de2.rna002_70bps_fast@v3
Drosophila002_20231207_1500_MN35252_FAX30455_48242de2.rna002_70bps_hac@v3
Drosophila004_20231208_1307_MN31004_FAX73799_72c200e4.rna004_130bps_fast@v3.0.1
Drosophila004_20231208_1307_MN31004_FAX73799_72c200e4.rna004_130bps_hac@v3.0.1
Drosophila004_20231208_1307_MN31004_FAX73799_72c200e4.rna004_130bps_sup@v3.0.1
Drosophila004_20231208_1307_MN31004_FAX73799_72c200e4.rna004_130bps_hac@v5.0.0.fastq
Drosophila004_20231208_1307_MN31004_FAX73799_72c200e4.rna004_130bps_sup@v3.0.1.fastq
Drosophila004_20231208_1307_MN31004_FAX73799_72c200e4.rna004_130bps_sup@v5.0.0.fastq
)

u=${samples[$(( $LSB_JOBINDEX -1 ))]}

### align to tRNA reference - adapter anchored reference alignment
bwa mem -W 13 -k 6 -T 20 -x ont2d $bwaidx $in/${u}.fastq \
| samtools view -F4 -hu - \
| samtools sort -o ${dest}/${u}.bwa.bam

samtools index ${dest}/${u}.bwa.bam


------------------------------------------------------------

Exited with exit code 1.

Resource usage summary:

    CPU time :                                   0.05 sec.
    Max Memory :                                 -
    Average Memory :                             -
    Total Requested Memory :                     -
    Delta Memory :                               -
    Max Swap :                                   -
    Max Processes :                              -
    Max Threads :                                -
    Run time :                                   0 sec.
    Turnaround time :                            576 sec.

The output (if any) follows:



PS:

Read file <logs/bwa.853008.err> for stderr output of this job.

Sender: LSF System <lsfadmin@compute20>
Subject: Job 853008[4]: <bwa[1-8]> in cluster <tesla2> Exited

Job <bwa[1-8]> was submitted from host <compute03> by user <whitel> in cluster <tesla2> at Thu Jun  6 14:27:40 2024
Job was executed on host(s) <18*compute20>, in queue <rna>, as user <whitel> in cluster <tesla2> at Thu Jun  6 14:37:21 2024
</beevol/home/whitel> was used as the home directory.
</beevol/home/whitel/tRNAworkshop/src> was used as the working directory.
Started at Thu Jun  6 14:37:21 2024
Terminated at Thu Jun  6 14:38:00 2024
Results reported at Thu Jun  6 14:38:00 2024

Your job looked like:

------------------------------------------------------------
# LSBATCH: User input
#! /usr/bin/env bash

#BSUB -J bwa[1-8]
#BSUB -o logs/bwa.%J.out
#BSUB -e logs/bwa.%J.err
#BSUB -R "span[hosts=1]"
#BSUB -q rna
#BSUB -n 18

bwaidx="$HOME/tRNAworkshop/refs/dm6-mature-tRNAs.fa"
in="$HOME/tRNAworkshop/rebasecalled/fastqs"
dest="$HOME/tRNAworkshop/rebasecalled/alignedbams"

set -o nounset -o pipefail -o errexit -x

samples=(
Drosophila002_20231207_1500_MN35252_FAX30455_48242de2.rna002_70bps_fast@v3
Drosophila002_20231207_1500_MN35252_FAX30455_48242de2.rna002_70bps_hac@v3
Drosophila004_20231208_1307_MN31004_FAX73799_72c200e4.rna004_130bps_fast@v3.0.1
Drosophila004_20231208_1307_MN31004_FAX73799_72c200e4.rna004_130bps_hac@v3.0.1
Drosophila004_20231208_1307_MN31004_FAX73799_72c200e4.rna004_130bps_sup@v3.0.1
Drosophila004_20231208_1307_MN31004_FAX73799_72c200e4.rna004_130bps_hac@v5.0.0.fastq
Drosophila004_20231208_1307_MN31004_FAX73799_72c200e4.rna004_130bps_sup@v3.0.1.fastq
Drosophila004_20231208_1307_MN31004_FAX73799_72c200e4.rna004_130bps_sup@v5.0.0.fastq
)

u=${samples[$(( $LSB_JOBINDEX -1 ))]}

### align to tRNA reference - adapter anchored reference alignment
bwa mem -W 13 -k 6 -T 20 -x ont2d $bwaidx $in/${u}.fastq \
| samtools view -F4 -hu - \
| samtools sort -o ${dest}/${u}.bwa.bam

samtools index ${dest}/${u}.bwa.bam


------------------------------------------------------------

Exited with exit code 1.

Resource usage summary:

    CPU time :                                   0.06 sec.
    Max Memory :                                 -
    Average Memory :                             -
    Total Requested Memory :                     -
    Delta Memory :                               -
    Max Swap :                                   -
    Max Processes :                              3
    Max Threads :                                4
    Run time :                                   15 sec.
    Turnaround time :                            624 sec.

The output (if any) follows:



PS:

Read file <logs/bwa.853008.err> for stderr output of this job.

Sender: LSF System <lsfadmin@compute20>
Subject: Job 853008[5]: <bwa[1-8]> in cluster <tesla2> Exited

Job <bwa[1-8]> was submitted from host <compute03> by user <whitel> in cluster <tesla2> at Thu Jun  6 14:27:40 2024
Job was executed on host(s) <18*compute20>, in queue <rna>, as user <whitel> in cluster <tesla2> at Thu Jun  6 14:37:37 2024
</beevol/home/whitel> was used as the home directory.
</beevol/home/whitel/tRNAworkshop/src> was used as the working directory.
Started at Thu Jun  6 14:37:37 2024
Terminated at Thu Jun  6 14:38:17 2024
Results reported at Thu Jun  6 14:38:17 2024

Your job looked like:

------------------------------------------------------------
# LSBATCH: User input
#! /usr/bin/env bash

#BSUB -J bwa[1-8]
#BSUB -o logs/bwa.%J.out
#BSUB -e logs/bwa.%J.err
#BSUB -R "span[hosts=1]"
#BSUB -q rna
#BSUB -n 18

bwaidx="$HOME/tRNAworkshop/refs/dm6-mature-tRNAs.fa"
in="$HOME/tRNAworkshop/rebasecalled/fastqs"
dest="$HOME/tRNAworkshop/rebasecalled/alignedbams"

set -o nounset -o pipefail -o errexit -x

samples=(
Drosophila002_20231207_1500_MN35252_FAX30455_48242de2.rna002_70bps_fast@v3
Drosophila002_20231207_1500_MN35252_FAX30455_48242de2.rna002_70bps_hac@v3
Drosophila004_20231208_1307_MN31004_FAX73799_72c200e4.rna004_130bps_fast@v3.0.1
Drosophila004_20231208_1307_MN31004_FAX73799_72c200e4.rna004_130bps_hac@v3.0.1
Drosophila004_20231208_1307_MN31004_FAX73799_72c200e4.rna004_130bps_sup@v3.0.1
Drosophila004_20231208_1307_MN31004_FAX73799_72c200e4.rna004_130bps_hac@v5.0.0.fastq
Drosophila004_20231208_1307_MN31004_FAX73799_72c200e4.rna004_130bps_sup@v3.0.1.fastq
Drosophila004_20231208_1307_MN31004_FAX73799_72c200e4.rna004_130bps_sup@v5.0.0.fastq
)

u=${samples[$(( $LSB_JOBINDEX -1 ))]}

### align to tRNA reference - adapter anchored reference alignment
bwa mem -W 13 -k 6 -T 20 -x ont2d $bwaidx $in/${u}.fastq \
| samtools view -F4 -hu - \
| samtools sort -o ${dest}/${u}.bwa.bam

samtools index ${dest}/${u}.bwa.bam


------------------------------------------------------------

Exited with exit code 1.

Resource usage summary:

    CPU time :                                   0.06 sec.
    Max Memory :                                 -
    Average Memory :                             -
    Total Requested Memory :                     -
    Delta Memory :                               -
    Max Swap :                                   -
    Max Processes :                              6
    Max Threads :                                7
    Run time :                                   31 sec.
    Turnaround time :                            640 sec.

The output (if any) follows:



PS:

Read file <logs/bwa.853008.err> for stderr output of this job.

Sender: LSF System <lsfadmin@compute20>
Subject: Job 853008[6]: <bwa[1-8]> in cluster <tesla2> Exited

Job <bwa[1-8]> was submitted from host <compute03> by user <whitel> in cluster <tesla2> at Thu Jun  6 14:27:40 2024
Job was executed on host(s) <18*compute20>, in queue <rna>, as user <whitel> in cluster <tesla2> at Thu Jun  6 14:38:09 2024
</beevol/home/whitel> was used as the home directory.
</beevol/home/whitel/tRNAworkshop/src> was used as the working directory.
Started at Thu Jun  6 14:38:09 2024
Terminated at Thu Jun  6 14:38:23 2024
Results reported at Thu Jun  6 14:38:23 2024

Your job looked like:

------------------------------------------------------------
# LSBATCH: User input
#! /usr/bin/env bash

#BSUB -J bwa[1-8]
#BSUB -o logs/bwa.%J.out
#BSUB -e logs/bwa.%J.err
#BSUB -R "span[hosts=1]"
#BSUB -q rna
#BSUB -n 18

bwaidx="$HOME/tRNAworkshop/refs/dm6-mature-tRNAs.fa"
in="$HOME/tRNAworkshop/rebasecalled/fastqs"
dest="$HOME/tRNAworkshop/rebasecalled/alignedbams"

set -o nounset -o pipefail -o errexit -x

samples=(
Drosophila002_20231207_1500_MN35252_FAX30455_48242de2.rna002_70bps_fast@v3
Drosophila002_20231207_1500_MN35252_FAX30455_48242de2.rna002_70bps_hac@v3
Drosophila004_20231208_1307_MN31004_FAX73799_72c200e4.rna004_130bps_fast@v3.0.1
Drosophila004_20231208_1307_MN31004_FAX73799_72c200e4.rna004_130bps_hac@v3.0.1
Drosophila004_20231208_1307_MN31004_FAX73799_72c200e4.rna004_130bps_sup@v3.0.1
Drosophila004_20231208_1307_MN31004_FAX73799_72c200e4.rna004_130bps_hac@v5.0.0.fastq
Drosophila004_20231208_1307_MN31004_FAX73799_72c200e4.rna004_130bps_sup@v3.0.1.fastq
Drosophila004_20231208_1307_MN31004_FAX73799_72c200e4.rna004_130bps_sup@v5.0.0.fastq
)

u=${samples[$(( $LSB_JOBINDEX -1 ))]}

### align to tRNA reference - adapter anchored reference alignment
bwa mem -W 13 -k 6 -T 20 -x ont2d $bwaidx $in/${u}.fastq \
| samtools view -F4 -hu - \
| samtools sort -o ${dest}/${u}.bwa.bam

samtools index ${dest}/${u}.bwa.bam


------------------------------------------------------------

Exited with exit code 1.

Resource usage summary:

    CPU time :                                   0.05 sec.
    Max Memory :                                 -
    Average Memory :                             -
    Total Requested Memory :                     -
    Delta Memory :                               -
    Max Swap :                                   -
    Max Processes :                              1
    Max Threads :                                1
    Run time :                                   9 sec.
    Turnaround time :                            648 sec.

The output (if any) follows:



PS:

Read file <logs/bwa.853008.err> for stderr output of this job.

Sender: LSF System <lsfadmin@compute20>
Subject: Job 853008[7]: <bwa[1-8]> in cluster <tesla2> Exited

Job <bwa[1-8]> was submitted from host <compute03> by user <whitel> in cluster <tesla2> at Thu Jun  6 14:27:40 2024
Job was executed on host(s) <18*compute20>, in queue <rna>, as user <whitel> in cluster <tesla2> at Thu Jun  6 14:38:19 2024
</beevol/home/whitel> was used as the home directory.
</beevol/home/whitel/tRNAworkshop/src> was used as the working directory.
Started at Thu Jun  6 14:38:19 2024
Terminated at Thu Jun  6 14:38:24 2024
Results reported at Thu Jun  6 14:38:24 2024

Your job looked like:

------------------------------------------------------------
# LSBATCH: User input
#! /usr/bin/env bash

#BSUB -J bwa[1-8]
#BSUB -o logs/bwa.%J.out
#BSUB -e logs/bwa.%J.err
#BSUB -R "span[hosts=1]"
#BSUB -q rna
#BSUB -n 18

bwaidx="$HOME/tRNAworkshop/refs/dm6-mature-tRNAs.fa"
in="$HOME/tRNAworkshop/rebasecalled/fastqs"
dest="$HOME/tRNAworkshop/rebasecalled/alignedbams"

set -o nounset -o pipefail -o errexit -x

samples=(
Drosophila002_20231207_1500_MN35252_FAX30455_48242de2.rna002_70bps_fast@v3
Drosophila002_20231207_1500_MN35252_FAX30455_48242de2.rna002_70bps_hac@v3
Drosophila004_20231208_1307_MN31004_FAX73799_72c200e4.rna004_130bps_fast@v3.0.1
Drosophila004_20231208_1307_MN31004_FAX73799_72c200e4.rna004_130bps_hac@v3.0.1
Drosophila004_20231208_1307_MN31004_FAX73799_72c200e4.rna004_130bps_sup@v3.0.1
Drosophila004_20231208_1307_MN31004_FAX73799_72c200e4.rna004_130bps_hac@v5.0.0.fastq
Drosophila004_20231208_1307_MN31004_FAX73799_72c200e4.rna004_130bps_sup@v3.0.1.fastq
Drosophila004_20231208_1307_MN31004_FAX73799_72c200e4.rna004_130bps_sup@v5.0.0.fastq
)

u=${samples[$(( $LSB_JOBINDEX -1 ))]}

### align to tRNA reference - adapter anchored reference alignment
bwa mem -W 13 -k 6 -T 20 -x ont2d $bwaidx $in/${u}.fastq \
| samtools view -F4 -hu - \
| samtools sort -o ${dest}/${u}.bwa.bam

samtools index ${dest}/${u}.bwa.bam


------------------------------------------------------------

Exited with exit code 1.

Resource usage summary:

    CPU time :                                   0.05 sec.
    Max Memory :                                 -
    Average Memory :                             -
    Total Requested Memory :                     -
    Delta Memory :                               -
    Max Swap :                                   -
    Max Processes :                              1
    Max Threads :                                1
    Run time :                                   4 sec.
    Turnaround time :                            649 sec.

The output (if any) follows:



PS:

Read file <logs/bwa.853008.err> for stderr output of this job.

Sender: LSF System <lsfadmin@compute20>
Subject: Job 853008[8]: <bwa[1-8]> in cluster <tesla2> Exited

Job <bwa[1-8]> was submitted from host <compute03> by user <whitel> in cluster <tesla2> at Thu Jun  6 14:27:40 2024
Job was executed on host(s) <18*compute20>, in queue <rna>, as user <whitel> in cluster <tesla2> at Thu Jun  6 14:38:30 2024
</beevol/home/whitel> was used as the home directory.
</beevol/home/whitel/tRNAworkshop/src> was used as the working directory.
Started at Thu Jun  6 14:38:30 2024
Terminated at Thu Jun  6 14:38:32 2024
Results reported at Thu Jun  6 14:38:32 2024

Your job looked like:

------------------------------------------------------------
# LSBATCH: User input
#! /usr/bin/env bash

#BSUB -J bwa[1-8]
#BSUB -o logs/bwa.%J.out
#BSUB -e logs/bwa.%J.err
#BSUB -R "span[hosts=1]"
#BSUB -q rna
#BSUB -n 18

bwaidx="$HOME/tRNAworkshop/refs/dm6-mature-tRNAs.fa"
in="$HOME/tRNAworkshop/rebasecalled/fastqs"
dest="$HOME/tRNAworkshop/rebasecalled/alignedbams"

set -o nounset -o pipefail -o errexit -x

samples=(
Drosophila002_20231207_1500_MN35252_FAX30455_48242de2.rna002_70bps_fast@v3
Drosophila002_20231207_1500_MN35252_FAX30455_48242de2.rna002_70bps_hac@v3
Drosophila004_20231208_1307_MN31004_FAX73799_72c200e4.rna004_130bps_fast@v3.0.1
Drosophila004_20231208_1307_MN31004_FAX73799_72c200e4.rna004_130bps_hac@v3.0.1
Drosophila004_20231208_1307_MN31004_FAX73799_72c200e4.rna004_130bps_sup@v3.0.1
Drosophila004_20231208_1307_MN31004_FAX73799_72c200e4.rna004_130bps_hac@v5.0.0.fastq
Drosophila004_20231208_1307_MN31004_FAX73799_72c200e4.rna004_130bps_sup@v3.0.1.fastq
Drosophila004_20231208_1307_MN31004_FAX73799_72c200e4.rna004_130bps_sup@v5.0.0.fastq
)

u=${samples[$(( $LSB_JOBINDEX -1 ))]}

### align to tRNA reference - adapter anchored reference alignment
bwa mem -W 13 -k 6 -T 20 -x ont2d $bwaidx $in/${u}.fastq \
| samtools view -F4 -hu - \
| samtools sort -o ${dest}/${u}.bwa.bam

samtools index ${dest}/${u}.bwa.bam


------------------------------------------------------------

Exited with exit code 1.

Resource usage summary:

    CPU time :                                   0.05 sec.
    Max Memory :                                 -
    Average Memory :                             -
    Total Requested Memory :                     -
    Delta Memory :                               -
    Max Swap :                                   -
    Max Processes :                              -
    Max Threads :                                -
    Run time :                                   1 sec.
    Turnaround time :                            655 sec.

The output (if any) follows:



PS:

Read file <logs/bwa.853008.err> for stderr output of this job.

