+ samples=(HumanFibroblast002_20231207_1455_P2S-00519-B_PAS29437_b7f6c4bd.rna002_70bps_fast@v3 HumanFibroblast002_20231207_1455_P2S-00519-B_PAS29437_b7f6c4bd.rna002_70bps_hac@v3 HumanFibroblast004_20231208_1351_MN42516_FAX71838_b8f7b990.rna004_130bps_fast@v3.0.1 HumanFibroblast004_20231208_1351_MN42516_FAX71838_b8f7b990.rna004_130bps_hac@v3.0.1 HumanFibroblast004_20231208_1351_MN42516_FAX71838_b8f7b990.rna004_130bps_sup@v3.0.1 HumanFibroblast004_20231208_1351_MN42516_FAX71838_b8f7b990.rna004_130bps_hac@v5.0.0.fastq HumanFibroblast004_20231208_1351_MN42516_FAX71838_b8f7b990.rna004_130bps_sup@v3.0.1.fastq HumanFibroblast004_20231208_1351_MN42516_FAX71838_b8f7b990.rna004_130bps_sup@v5.0.0.fastq)
+ u=HumanFibroblast002_20231207_1455_P2S-00519-B_PAS29437_b7f6c4bd.rna002_70bps_hac@v3
+ samtools view -F4 -hu -
+ bwa mem -W 13 -k 6 -T 20 -x ont2d /beevol/home/whitel/tRNAworkshop/refs/hg38-mature-tRNAs.fa /beevol/home/whitel/tRNAworkshop/rebasecalled/fastqs/HumanFibroblast002_20231207_1455_P2S-00519-B_PAS29437_b7f6c4bd.rna002_70bps_hac@v3.fastq
+ samtools sort -o /beevol/home/whitel/tRNAworkshop/rebasecalled/alignedbams/HumanFibroblast002_20231207_1455_P2S-00519-B_PAS29437_b7f6c4bd.rna002_70bps_hac@v3.bwa.bam
[E::bwa_idx_load_from_disk] fail to locate the index files
[main_samview] fail to read the header from "-".
samtools sort: failed to read header from "-"
+ samples=(HumanFibroblast002_20231207_1455_P2S-00519-B_PAS29437_b7f6c4bd.rna002_70bps_fast@v3 HumanFibroblast002_20231207_1455_P2S-00519-B_PAS29437_b7f6c4bd.rna002_70bps_hac@v3 HumanFibroblast004_20231208_1351_MN42516_FAX71838_b8f7b990.rna004_130bps_fast@v3.0.1 HumanFibroblast004_20231208_1351_MN42516_FAX71838_b8f7b990.rna004_130bps_hac@v3.0.1 HumanFibroblast004_20231208_1351_MN42516_FAX71838_b8f7b990.rna004_130bps_sup@v3.0.1 HumanFibroblast004_20231208_1351_MN42516_FAX71838_b8f7b990.rna004_130bps_hac@v5.0.0.fastq HumanFibroblast004_20231208_1351_MN42516_FAX71838_b8f7b990.rna004_130bps_sup@v3.0.1.fastq HumanFibroblast004_20231208_1351_MN42516_FAX71838_b8f7b990.rna004_130bps_sup@v5.0.0.fastq)
+ u=HumanFibroblast002_20231207_1455_P2S-00519-B_PAS29437_b7f6c4bd.rna002_70bps_fast@v3
+ bwa mem -W 13 -k 6 -T 20 -x ont2d /beevol/home/whitel/tRNAworkshop/refs/hg38-mature-tRNAs.fa /beevol/home/whitel/tRNAworkshop/rebasecalled/fastqs/HumanFibroblast002_20231207_1455_P2S-00519-B_PAS29437_b7f6c4bd.rna002_70bps_fast@v3.fastq
+ samtools view -F4 -hu -
+ samtools sort -o /beevol/home/whitel/tRNAworkshop/rebasecalled/alignedbams/HumanFibroblast002_20231207_1455_P2S-00519-B_PAS29437_b7f6c4bd.rna002_70bps_fast@v3.bwa.bam
[E::bwa_idx_load_from_disk] fail to locate the index files
[main_samview] fail to read the header from "-".
samtools sort: failed to read header from "-"
+ samples=(HumanFibroblast002_20231207_1455_P2S-00519-B_PAS29437_b7f6c4bd.rna002_70bps_fast@v3 HumanFibroblast002_20231207_1455_P2S-00519-B_PAS29437_b7f6c4bd.rna002_70bps_hac@v3 HumanFibroblast004_20231208_1351_MN42516_FAX71838_b8f7b990.rna004_130bps_fast@v3.0.1 HumanFibroblast004_20231208_1351_MN42516_FAX71838_b8f7b990.rna004_130bps_hac@v3.0.1 HumanFibroblast004_20231208_1351_MN42516_FAX71838_b8f7b990.rna004_130bps_sup@v3.0.1 HumanFibroblast004_20231208_1351_MN42516_FAX71838_b8f7b990.rna004_130bps_hac@v5.0.0.fastq HumanFibroblast004_20231208_1351_MN42516_FAX71838_b8f7b990.rna004_130bps_sup@v3.0.1.fastq HumanFibroblast004_20231208_1351_MN42516_FAX71838_b8f7b990.rna004_130bps_sup@v5.0.0.fastq)
+ u=HumanFibroblast004_20231208_1351_MN42516_FAX71838_b8f7b990.rna004_130bps_hac@v3.0.1
+ bwa mem -W 13 -k 6 -T 20 -x ont2d /beevol/home/whitel/tRNAworkshop/refs/hg38-mature-tRNAs.fa /beevol/home/whitel/tRNAworkshop/rebasecalled/fastqs/HumanFibroblast004_20231208_1351_MN42516_FAX71838_b8f7b990.rna004_130bps_hac@v3.0.1.fastq
+ samtools view -F4 -hu -
+ samtools sort -o /beevol/home/whitel/tRNAworkshop/rebasecalled/alignedbams/HumanFibroblast004_20231208_1351_MN42516_FAX71838_b8f7b990.rna004_130bps_hac@v3.0.1.bwa.bam
[E::bwa_idx_load_from_disk] fail to locate the index files
[main_samview] fail to read the header from "-".
samtools sort: failed to read header from "-"
+ samples=(HumanFibroblast002_20231207_1455_P2S-00519-B_PAS29437_b7f6c4bd.rna002_70bps_fast@v3 HumanFibroblast002_20231207_1455_P2S-00519-B_PAS29437_b7f6c4bd.rna002_70bps_hac@v3 HumanFibroblast004_20231208_1351_MN42516_FAX71838_b8f7b990.rna004_130bps_fast@v3.0.1 HumanFibroblast004_20231208_1351_MN42516_FAX71838_b8f7b990.rna004_130bps_hac@v3.0.1 HumanFibroblast004_20231208_1351_MN42516_FAX71838_b8f7b990.rna004_130bps_sup@v3.0.1 HumanFibroblast004_20231208_1351_MN42516_FAX71838_b8f7b990.rna004_130bps_hac@v5.0.0.fastq HumanFibroblast004_20231208_1351_MN42516_FAX71838_b8f7b990.rna004_130bps_sup@v3.0.1.fastq HumanFibroblast004_20231208_1351_MN42516_FAX71838_b8f7b990.rna004_130bps_sup@v5.0.0.fastq)
+ u=HumanFibroblast004_20231208_1351_MN42516_FAX71838_b8f7b990.rna004_130bps_fast@v3.0.1
+ bwa mem -W 13 -k 6 -T 20 -x ont2d /beevol/home/whitel/tRNAworkshop/refs/hg38-mature-tRNAs.fa /beevol/home/whitel/tRNAworkshop/rebasecalled/fastqs/HumanFibroblast004_20231208_1351_MN42516_FAX71838_b8f7b990.rna004_130bps_fast@v3.0.1.fastq
+ samtools view -F4 -hu -
+ samtools sort -o /beevol/home/whitel/tRNAworkshop/rebasecalled/alignedbams/HumanFibroblast004_20231208_1351_MN42516_FAX71838_b8f7b990.rna004_130bps_fast@v3.0.1.bwa.bam
[E::bwa_idx_load_from_disk] fail to locate the index files
[main_samview] fail to read the header from "-".
samtools sort: failed to read header from "-"
+ samples=(HumanFibroblast002_20231207_1455_P2S-00519-B_PAS29437_b7f6c4bd.rna002_70bps_fast@v3 HumanFibroblast002_20231207_1455_P2S-00519-B_PAS29437_b7f6c4bd.rna002_70bps_hac@v3 HumanFibroblast004_20231208_1351_MN42516_FAX71838_b8f7b990.rna004_130bps_fast@v3.0.1 HumanFibroblast004_20231208_1351_MN42516_FAX71838_b8f7b990.rna004_130bps_hac@v3.0.1 HumanFibroblast004_20231208_1351_MN42516_FAX71838_b8f7b990.rna004_130bps_sup@v3.0.1 HumanFibroblast004_20231208_1351_MN42516_FAX71838_b8f7b990.rna004_130bps_hac@v5.0.0.fastq HumanFibroblast004_20231208_1351_MN42516_FAX71838_b8f7b990.rna004_130bps_sup@v3.0.1.fastq HumanFibroblast004_20231208_1351_MN42516_FAX71838_b8f7b990.rna004_130bps_sup@v5.0.0.fastq)
+ u=HumanFibroblast004_20231208_1351_MN42516_FAX71838_b8f7b990.rna004_130bps_sup@v3.0.1
+ bwa mem -W 13 -k 6 -T 20 -x ont2d /beevol/home/whitel/tRNAworkshop/refs/hg38-mature-tRNAs.fa /beevol/home/whitel/tRNAworkshop/rebasecalled/fastqs/HumanFibroblast004_20231208_1351_MN42516_FAX71838_b8f7b990.rna004_130bps_sup@v3.0.1.fastq
+ samtools view -F4 -hu -
+ samtools sort -o /beevol/home/whitel/tRNAworkshop/rebasecalled/alignedbams/HumanFibroblast004_20231208_1351_MN42516_FAX71838_b8f7b990.rna004_130bps_sup@v3.0.1.bwa.bam
[E::bwa_idx_load_from_disk] fail to locate the index files
[main_samview] fail to read the header from "-".
samtools sort: failed to read header from "-"
+ samples=(HumanFibroblast002_20231207_1455_P2S-00519-B_PAS29437_b7f6c4bd.rna002_70bps_fast@v3 HumanFibroblast002_20231207_1455_P2S-00519-B_PAS29437_b7f6c4bd.rna002_70bps_hac@v3 HumanFibroblast004_20231208_1351_MN42516_FAX71838_b8f7b990.rna004_130bps_fast@v3.0.1 HumanFibroblast004_20231208_1351_MN42516_FAX71838_b8f7b990.rna004_130bps_hac@v3.0.1 HumanFibroblast004_20231208_1351_MN42516_FAX71838_b8f7b990.rna004_130bps_sup@v3.0.1 HumanFibroblast004_20231208_1351_MN42516_FAX71838_b8f7b990.rna004_130bps_hac@v5.0.0.fastq HumanFibroblast004_20231208_1351_MN42516_FAX71838_b8f7b990.rna004_130bps_sup@v3.0.1.fastq HumanFibroblast004_20231208_1351_MN42516_FAX71838_b8f7b990.rna004_130bps_sup@v5.0.0.fastq)
+ u=HumanFibroblast004_20231208_1351_MN42516_FAX71838_b8f7b990.rna004_130bps_sup@v3.0.1.fastq
+ bwa mem -W 13 -k 6 -T 20 -x ont2d /beevol/home/whitel/tRNAworkshop/refs/hg38-mature-tRNAs.fa /beevol/home/whitel/tRNAworkshop/rebasecalled/fastqs/HumanFibroblast004_20231208_1351_MN42516_FAX71838_b8f7b990.rna004_130bps_sup@v3.0.1.fastq.fastq
+ samtools view -F4 -hu -
+ samtools sort -o /beevol/home/whitel/tRNAworkshop/rebasecalled/alignedbams/HumanFibroblast004_20231208_1351_MN42516_FAX71838_b8f7b990.rna004_130bps_sup@v3.0.1.fastq.bwa.bam
[E::bwa_idx_load_from_disk] fail to locate the index files
[main_samview] fail to read the header from "-".
samtools sort: failed to read header from "-"
+ samples=(HumanFibroblast002_20231207_1455_P2S-00519-B_PAS29437_b7f6c4bd.rna002_70bps_fast@v3 HumanFibroblast002_20231207_1455_P2S-00519-B_PAS29437_b7f6c4bd.rna002_70bps_hac@v3 HumanFibroblast004_20231208_1351_MN42516_FAX71838_b8f7b990.rna004_130bps_fast@v3.0.1 HumanFibroblast004_20231208_1351_MN42516_FAX71838_b8f7b990.rna004_130bps_hac@v3.0.1 HumanFibroblast004_20231208_1351_MN42516_FAX71838_b8f7b990.rna004_130bps_sup@v3.0.1 HumanFibroblast004_20231208_1351_MN42516_FAX71838_b8f7b990.rna004_130bps_hac@v5.0.0.fastq HumanFibroblast004_20231208_1351_MN42516_FAX71838_b8f7b990.rna004_130bps_sup@v3.0.1.fastq HumanFibroblast004_20231208_1351_MN42516_FAX71838_b8f7b990.rna004_130bps_sup@v5.0.0.fastq)
+ u=HumanFibroblast004_20231208_1351_MN42516_FAX71838_b8f7b990.rna004_130bps_hac@v5.0.0.fastq
+ bwa mem -W 13 -k 6 -T 20 -x ont2d /beevol/home/whitel/tRNAworkshop/refs/hg38-mature-tRNAs.fa /beevol/home/whitel/tRNAworkshop/rebasecalled/fastqs/HumanFibroblast004_20231208_1351_MN42516_FAX71838_b8f7b990.rna004_130bps_hac@v5.0.0.fastq.fastq
+ samtools view -F4 -hu -
+ samtools sort -o /beevol/home/whitel/tRNAworkshop/rebasecalled/alignedbams/HumanFibroblast004_20231208_1351_MN42516_FAX71838_b8f7b990.rna004_130bps_hac@v5.0.0.fastq.bwa.bam
[E::bwa_idx_load_from_disk] fail to locate the index files
[main_samview] fail to read the header from "-".
samtools sort: failed to read header from "-"
+ samples=(HumanFibroblast002_20231207_1455_P2S-00519-B_PAS29437_b7f6c4bd.rna002_70bps_fast@v3 HumanFibroblast002_20231207_1455_P2S-00519-B_PAS29437_b7f6c4bd.rna002_70bps_hac@v3 HumanFibroblast004_20231208_1351_MN42516_FAX71838_b8f7b990.rna004_130bps_fast@v3.0.1 HumanFibroblast004_20231208_1351_MN42516_FAX71838_b8f7b990.rna004_130bps_hac@v3.0.1 HumanFibroblast004_20231208_1351_MN42516_FAX71838_b8f7b990.rna004_130bps_sup@v3.0.1 HumanFibroblast004_20231208_1351_MN42516_FAX71838_b8f7b990.rna004_130bps_hac@v5.0.0.fastq HumanFibroblast004_20231208_1351_MN42516_FAX71838_b8f7b990.rna004_130bps_sup@v3.0.1.fastq HumanFibroblast004_20231208_1351_MN42516_FAX71838_b8f7b990.rna004_130bps_sup@v5.0.0.fastq)
+ u=HumanFibroblast004_20231208_1351_MN42516_FAX71838_b8f7b990.rna004_130bps_sup@v5.0.0.fastq
+ bwa mem -W 13 -k 6 -T 20 -x ont2d /beevol/home/whitel/tRNAworkshop/refs/hg38-mature-tRNAs.fa /beevol/home/whitel/tRNAworkshop/rebasecalled/fastqs/HumanFibroblast004_20231208_1351_MN42516_FAX71838_b8f7b990.rna004_130bps_sup@v5.0.0.fastq.fastq
+ samtools view -F4 -hu -
+ samtools sort -o /beevol/home/whitel/tRNAworkshop/rebasecalled/alignedbams/HumanFibroblast004_20231208_1351_MN42516_FAX71838_b8f7b990.rna004_130bps_sup@v5.0.0.fastq.bwa.bam
[E::bwa_idx_load_from_disk] fail to locate the index files
[main_samview] fail to read the header from "-".
samtools sort: failed to read header from "-"
