+ samples=(Grandeyeast004_20240105_1222_P2S-00519-B_PAS98845_231d7d7e.rna004_130bps_sup@v5.0.0 Petityeast004_20240105_1222_P2S-00519-A_PAQ47538_49891fce.rna004_130bps_sup@v5.0.0 Pus1yeast004_20240105_1330_P2S-00519-A_PAS92267_56de71b8.rna004_130bps_sup@v5.0.0 Pus2yeast004_20240105_1330_P2S-00519-B_PAS98920_19ba906c.rna004_130bps_sup@v5.0.0 Pus4yeast004_20231208_1152_MN42516_FAX71838_e2d70aac.rna004_130bps_sup@v5.0.0 WTyeast004_20231111_1104_P2S-00519-B_PAQ47538_fa3726ec.rna004_130bps_sup@v5.0.0)
+ u=Pus4yeast004_20231208_1152_MN42516_FAX71838_e2d70aac.rna004_130bps_sup@v5.0.0
+ samtools view -F4 -hu -
+ samtools sort -o /beevol/home/whitel/tRNAworkshop/rebasecalled/alignedbams/mito_analysis/Pus4yeast004_20231208_1152_MN42516_FAX71838_e2d70aac.rna004_130bps_sup@v5.0.0.bwa.bam
+ bwa mem -W 13 -k 6 -T 20 -x ont2d /beevol/home/whitel/tRNAworkshop/ref/sacCer-mito-and-nuclear-tRNAs.fa /beevol/home/whitel/tRNAworkshop/rebasecalled/fastqs/Pus4yeast004_20231208_1152_MN42516_FAX71838_e2d70aac.rna004_130bps_sup@v5.0.0.fastq
[M::bwa_idx_load_from_disk] read 0 ALT contigs
[E::main_mem] fail to open file `/beevol/home/whitel/tRNAworkshop/rebasecalled/fastqs/Pus4yeast004_20231208_1152_MN42516_FAX71838_e2d70aac.rna004_130bps_sup@v5.0.0.fastq'.
[main_samview] fail to read the header from "-".
samtools sort: failed to read header from "-"
+ samples=(Grandeyeast004_20240105_1222_P2S-00519-B_PAS98845_231d7d7e.rna004_130bps_sup@v5.0.0 Petityeast004_20240105_1222_P2S-00519-A_PAQ47538_49891fce.rna004_130bps_sup@v5.0.0 Pus1yeast004_20240105_1330_P2S-00519-A_PAS92267_56de71b8.rna004_130bps_sup@v5.0.0 Pus2yeast004_20240105_1330_P2S-00519-B_PAS98920_19ba906c.rna004_130bps_sup@v5.0.0 Pus4yeast004_20231208_1152_MN42516_FAX71838_e2d70aac.rna004_130bps_sup@v5.0.0 WTyeast004_20231111_1104_P2S-00519-B_PAQ47538_fa3726ec.rna004_130bps_sup@v5.0.0)
+ u=Grandeyeast004_20240105_1222_P2S-00519-B_PAS98845_231d7d7e.rna004_130bps_sup@v5.0.0
+ bwa mem -W 13 -k 6 -T 20 -x ont2d /beevol/home/whitel/tRNAworkshop/ref/sacCer-mito-and-nuclear-tRNAs.fa /beevol/home/whitel/tRNAworkshop/rebasecalled/fastqs/Grandeyeast004_20240105_1222_P2S-00519-B_PAS98845_231d7d7e.rna004_130bps_sup@v5.0.0.fastq
+ samtools view -F4 -hu -
+ samtools sort -o /beevol/home/whitel/tRNAworkshop/rebasecalled/alignedbams/mito_analysis/Grandeyeast004_20240105_1222_P2S-00519-B_PAS98845_231d7d7e.rna004_130bps_sup@v5.0.0.bwa.bam
[M::bwa_idx_load_from_disk] read 0 ALT contigs
[M::process] read 72060 sequences (10000078 bp)...
[M::process] read 72690 sequences (10000164 bp)...
[M::mem_process_seqs] Processed 72060 reads in 790.178 CPU sec, 791.988 real sec
[M::process] read 75300 sequences (10000229 bp)...
[M::mem_process_seqs] Processed 72690 reads in 776.413 CPU sec, 778.101 real sec
[M::process] read 74016 sequences (10000296 bp)...
[M::mem_process_seqs] Processed 75300 reads in 717.243 CPU sec, 718.883 real sec
[M::process] read 65525 sequences (8973686 bp)...
[M::mem_process_seqs] Processed 74016 reads in 736.592 CPU sec, 738.280 real sec
[M::mem_process_seqs] Processed 65525 reads in 661.591 CPU sec, 663.074 real sec
[main] Version: 0.7.16a-r1181
[main] CMD: bwa mem -W 13 -k 6 -T 20 -x ont2d /beevol/home/whitel/tRNAworkshop/ref/sacCer-mito-and-nuclear-tRNAs.fa /beevol/home/whitel/tRNAworkshop/rebasecalled/fastqs/Grandeyeast004_20240105_1222_P2S-00519-B_PAS98845_231d7d7e.rna004_130bps_sup@v5.0.0.fastq
[main] Real time: 3690.631 sec; CPU: 3682.136 sec
+ samtools index /beevol/home/whitel/tRNAworkshop/rebasecalled/alignedbams/mito_analysis/Grandeyeast004_20240105_1222_P2S-00519-B_PAS98845_231d7d7e.rna004_130bps_sup@v5.0.0.bwa.bam
+ samples=(Grandeyeast004_20240105_1222_P2S-00519-B_PAS98845_231d7d7e.rna004_130bps_sup@v5.0.0 Petityeast004_20240105_1222_P2S-00519-A_PAQ47538_49891fce.rna004_130bps_sup@v5.0.0 Pus1yeast004_20240105_1330_P2S-00519-A_PAS92267_56de71b8.rna004_130bps_sup@v5.0.0 Pus2yeast004_20240105_1330_P2S-00519-B_PAS98920_19ba906c.rna004_130bps_sup@v5.0.0 Pus4yeast004_20231208_1152_MN42516_FAX71838_e2d70aac.rna004_130bps_sup@v5.0.0 WTyeast004_20231111_1104_P2S-00519-B_PAQ47538_fa3726ec.rna004_130bps_sup@v5.0.0)
+ u=WTyeast004_20231111_1104_P2S-00519-B_PAQ47538_fa3726ec.rna004_130bps_sup@v5.0.0
+ samtools view -F4 -hu -
+ samtools sort -o /beevol/home/whitel/tRNAworkshop/rebasecalled/alignedbams/mito_analysis/WTyeast004_20231111_1104_P2S-00519-B_PAQ47538_fa3726ec.rna004_130bps_sup@v5.0.0.bwa.bam
+ bwa mem -W 13 -k 6 -T 20 -x ont2d /beevol/home/whitel/tRNAworkshop/ref/sacCer-mito-and-nuclear-tRNAs.fa /beevol/home/whitel/tRNAworkshop/rebasecalled/fastqs/WTyeast004_20231111_1104_P2S-00519-B_PAQ47538_fa3726ec.rna004_130bps_sup@v5.0.0.fastq
[M::bwa_idx_load_from_disk] read 0 ALT contigs
[M::process] read 74304 sequences (10000011 bp)...
[M::process] read 75308 sequences (10000107 bp)...
[M::mem_process_seqs] Processed 74304 reads in 885.698 CPU sec, 887.729 real sec
[M::process] read 55731 sequences (8249340 bp)...
[M::mem_process_seqs] Processed 75308 reads in 867.430 CPU sec, 869.433 real sec
[M::mem_process_seqs] Processed 55731 reads in 847.358 CPU sec, 849.354 real sec
[main] Version: 0.7.16a-r1181
[main] CMD: bwa mem -W 13 -k 6 -T 20 -x ont2d /beevol/home/whitel/tRNAworkshop/ref/sacCer-mito-and-nuclear-tRNAs.fa /beevol/home/whitel/tRNAworkshop/rebasecalled/fastqs/WTyeast004_20231111_1104_P2S-00519-B_PAQ47538_fa3726ec.rna004_130bps_sup@v5.0.0.fastq
[main] Real time: 2606.842 sec; CPU: 2600.630 sec
+ samtools index /beevol/home/whitel/tRNAworkshop/rebasecalled/alignedbams/mito_analysis/WTyeast004_20231111_1104_P2S-00519-B_PAQ47538_fa3726ec.rna004_130bps_sup@v5.0.0.bwa.bam
+ samples=(Grandeyeast004_20240105_1222_P2S-00519-B_PAS98845_231d7d7e.rna004_130bps_sup@v5.0.0 Petityeast004_20240105_1222_P2S-00519-A_PAQ47538_49891fce.rna004_130bps_sup@v5.0.0 Pus1yeast004_20240105_1330_P2S-00519-A_PAS92267_56de71b8.rna004_130bps_sup@v5.0.0 Pus2yeast004_20240105_1330_P2S-00519-B_PAS98920_19ba906c.rna004_130bps_sup@v5.0.0 Pus4yeast004_20231208_1152_MN42516_FAX71838_e2d70aac.rna004_130bps_sup@v5.0.0 WTyeast004_20231111_1104_P2S-00519-B_PAQ47538_fa3726ec.rna004_130bps_sup@v5.0.0)
+ u=Petityeast004_20240105_1222_P2S-00519-A_PAQ47538_49891fce.rna004_130bps_sup@v5.0.0
+ bwa mem -W 13 -k 6 -T 20 -x ont2d /beevol/home/whitel/tRNAworkshop/ref/sacCer-mito-and-nuclear-tRNAs.fa /beevol/home/whitel/tRNAworkshop/rebasecalled/fastqs/Petityeast004_20240105_1222_P2S-00519-A_PAQ47538_49891fce.rna004_130bps_sup@v5.0.0.fastq
+ samtools view -F4 -hu -
+ samtools sort -o /beevol/home/whitel/tRNAworkshop/rebasecalled/alignedbams/mito_analysis/Petityeast004_20240105_1222_P2S-00519-A_PAQ47538_49891fce.rna004_130bps_sup@v5.0.0.bwa.bam
[M::bwa_idx_load_from_disk] read 0 ALT contigs
[M::process] read 70946 sequences (10001012 bp)...
[M::process] read 71020 sequences (10000164 bp)...
[M::mem_process_seqs] Processed 70946 reads in 1091.975 CPU sec, 1094.505 real sec
[M::process] read 65342 sequences (10000052 bp)...
[M::mem_process_seqs] Processed 71020 reads in 1099.233 CPU sec, 1101.682 real sec
[M::process] read 71080 sequences (10000166 bp)...
[M::mem_process_seqs] Processed 65342 reads in 1235.860 CPU sec, 1238.607 real sec
[M::process] read 51996 sequences (7091729 bp)...
[M::mem_process_seqs] Processed 71080 reads in 1075.043 CPU sec, 1077.463 real sec
[M::mem_process_seqs] Processed 51996 reads in 677.064 CPU sec, 678.575 real sec
[main] Version: 0.7.16a-r1181
[main] CMD: bwa mem -W 13 -k 6 -T 20 -x ont2d /beevol/home/whitel/tRNAworkshop/ref/sacCer-mito-and-nuclear-tRNAs.fa /beevol/home/whitel/tRNAworkshop/rebasecalled/fastqs/Petityeast004_20240105_1222_P2S-00519-A_PAQ47538_49891fce.rna004_130bps_sup@v5.0.0.fastq
[main] Real time: 5191.118 sec; CPU: 5179.307 sec
+ samtools index /beevol/home/whitel/tRNAworkshop/rebasecalled/alignedbams/mito_analysis/Petityeast004_20240105_1222_P2S-00519-A_PAQ47538_49891fce.rna004_130bps_sup@v5.0.0.bwa.bam
+ samples=(Grandeyeast004_20240105_1222_P2S-00519-B_PAS98845_231d7d7e.rna004_130bps_sup@v5.0.0 Petityeast004_20240105_1222_P2S-00519-A_PAQ47538_49891fce.rna004_130bps_sup@v5.0.0 Pus1yeast004_20240105_1330_P2S-00519-A_PAS92267_56de71b8.rna004_130bps_sup@v5.0.0 Pus2yeast004_20240105_1330_P2S-00519-B_PAS98920_19ba906c.rna004_130bps_sup@v5.0.0 Pus4yeast004_20231208_1152_MN42516_FAX71838_e2d70aac.rna004_130bps_sup@v5.0.0 WTyeast004_20231111_1104_P2S-00519-B_PAQ47538_fa3726ec.rna004_130bps_sup@v5.0.0)
+ u=Pus1yeast004_20240105_1330_P2S-00519-A_PAS92267_56de71b8.rna004_130bps_sup@v5.0.0
+ bwa mem -W 13 -k 6 -T 20 -x ont2d /beevol/home/whitel/tRNAworkshop/ref/sacCer-mito-and-nuclear-tRNAs.fa /beevol/home/whitel/tRNAworkshop/rebasecalled/fastqs/Pus1yeast004_20240105_1330_P2S-00519-A_PAS92267_56de71b8.rna004_130bps_sup@v5.0.0.fastq
+ samtools view -F4 -hu -
+ samtools sort -o /beevol/home/whitel/tRNAworkshop/rebasecalled/alignedbams/mito_analysis/Pus1yeast004_20240105_1330_P2S-00519-A_PAS92267_56de71b8.rna004_130bps_sup@v5.0.0.bwa.bam
[M::bwa_idx_load_from_disk] read 0 ALT contigs
[M::process] read 75852 sequences (10000046 bp)...
[M::process] read 76242 sequences (10000067 bp)...
[M::mem_process_seqs] Processed 75852 reads in 689.029 CPU sec, 690.608 real sec
[M::process] read 70194 sequences (10000090 bp)...
[M::mem_process_seqs] Processed 76242 reads in 681.963 CPU sec, 683.435 real sec
[M::process] read 71174 sequences (10000131 bp)...
[M::mem_process_seqs] Processed 70194 reads in 843.785 CPU sec, 845.631 real sec
[M::process] read 72916 sequences (10000106 bp)...
[M::mem_process_seqs] Processed 71174 reads in 828.560 CPU sec, 830.377 real sec
[M::process] read 75430 sequences (10000208 bp)...
[M::mem_process_seqs] Processed 72916 reads in 748.229 CPU sec, 749.867 real sec
[M::process] read 76350 sequences (10000119 bp)...
[M::mem_process_seqs] Processed 75430 reads in 699.830 CPU sec, 701.406 real sec
[M::process] read 69918 sequences (10000031 bp)...
[M::mem_process_seqs] Processed 76350 reads in 664.834 CPU sec, 666.331 real sec
[M::process] read 74048 sequences (10000037 bp)...
[M::mem_process_seqs] Processed 69918 reads in 823.126 CPU sec, 824.998 real sec
[M::process] read 11614 sequences (1463293 bp)...
[M::mem_process_seqs] Processed 74048 reads in 745.919 CPU sec, 747.609 real sec
[M::mem_process_seqs] Processed 11614 reads in 76.149 CPU sec, 76.234 real sec
[main] Version: 0.7.16a-r1181
[main] CMD: bwa mem -W 13 -k 6 -T 20 -x ont2d /beevol/home/whitel/tRNAworkshop/ref/sacCer-mito-and-nuclear-tRNAs.fa /beevol/home/whitel/tRNAworkshop/rebasecalled/fastqs/Pus1yeast004_20240105_1330_P2S-00519-A_PAS92267_56de71b8.rna004_130bps_sup@v5.0.0.fastq
[main] Real time: 6816.627 sec; CPU: 6801.496 sec
+ samtools index /beevol/home/whitel/tRNAworkshop/rebasecalled/alignedbams/mito_analysis/Pus1yeast004_20240105_1330_P2S-00519-A_PAS92267_56de71b8.rna004_130bps_sup@v5.0.0.bwa.bam
+ samples=(Grandeyeast004_20240105_1222_P2S-00519-B_PAS98845_231d7d7e.rna004_130bps_sup@v5.0.0 Petityeast004_20240105_1222_P2S-00519-A_PAQ47538_49891fce.rna004_130bps_sup@v5.0.0 Pus1yeast004_20240105_1330_P2S-00519-A_PAS92267_56de71b8.rna004_130bps_sup@v5.0.0 Pus2yeast004_20240105_1330_P2S-00519-B_PAS98920_19ba906c.rna004_130bps_sup@v5.0.0 Pus4yeast004_20231208_1152_MN42516_FAX71838_e2d70aac.rna004_130bps_sup@v5.0.0 WTyeast004_20231111_1104_P2S-00519-B_PAQ47538_fa3726ec.rna004_130bps_sup@v5.0.0)
+ u=Pus2yeast004_20240105_1330_P2S-00519-B_PAS98920_19ba906c.rna004_130bps_sup@v5.0.0
+ bwa mem -W 13 -k 6 -T 20 -x ont2d /beevol/home/whitel/tRNAworkshop/ref/sacCer-mito-and-nuclear-tRNAs.fa /beevol/home/whitel/tRNAworkshop/rebasecalled/fastqs/Pus2yeast004_20240105_1330_P2S-00519-B_PAS98920_19ba906c.rna004_130bps_sup@v5.0.0.fastq
+ samtools view -F4 -hu -
+ samtools sort -o /beevol/home/whitel/tRNAworkshop/rebasecalled/alignedbams/mito_analysis/Pus2yeast004_20240105_1330_P2S-00519-B_PAS98920_19ba906c.rna004_130bps_sup@v5.0.0.bwa.bam
[M::bwa_idx_load_from_disk] read 0 ALT contigs
[M::process] read 63460 sequences (10000018 bp)...
[M::process] read 60682 sequences (10000115 bp)...
[M::mem_process_seqs] Processed 63460 reads in 1493.678 CPU sec, 1493.748 real sec
[M::process] read 67168 sequences (10000015 bp)...
[M::mem_process_seqs] Processed 60682 reads in 1599.044 CPU sec, 1599.089 real sec
[M::process] read 62226 sequences (10008393 bp)...
[M::mem_process_seqs] Processed 67168 reads in 1285.864 CPU sec, 1285.836 real sec
[M::process] read 61516 sequences (10000281 bp)...
[M::mem_process_seqs] Processed 62226 reads in 1556.725 CPU sec, 1556.712 real sec
[M::process] read 66170 sequences (10042777 bp)...
[M::mem_process_seqs] Processed 61516 reads in 1621.012 CPU sec, 1621.004 real sec
[M::process] read 42978 sequences (7119989 bp)...
[M::mem_process_seqs] Processed 66170 reads in 1444.698 CPU sec, 1444.689 real sec
[M::mem_process_seqs] Processed 42978 reads in 1090.399 CPU sec, 1090.402 real sec
[main] Version: 0.7.16a-r1181
[main] CMD: bwa mem -W 13 -k 6 -T 20 -x ont2d /beevol/home/whitel/tRNAworkshop/ref/sacCer-mito-and-nuclear-tRNAs.fa /beevol/home/whitel/tRNAworkshop/rebasecalled/fastqs/Pus2yeast004_20240105_1330_P2S-00519-B_PAS98920_19ba906c.rna004_130bps_sup@v5.0.0.fastq
[main] Real time: 10091.736 sec; CPU: 10091.580 sec
+ samtools index /beevol/home/whitel/tRNAworkshop/rebasecalled/alignedbams/mito_analysis/Pus2yeast004_20240105_1330_P2S-00519-B_PAS98920_19ba906c.rna004_130bps_sup@v5.0.0.bwa.bam
