Sender: LSF System <lsfadmin@compute20>
Subject: Job 853012[1]: <bwa[1-14]> in cluster <tesla2> Exited

Job <bwa[1-14]> was submitted from host <compute03> by user <whitel> in cluster <tesla2> at Thu Jun  6 14:35:44 2024
Job was executed on host(s) <18*compute20>, in queue <rna>, as user <whitel> in cluster <tesla2> at Thu Jun  6 14:38:39 2024
</beevol/home/whitel> was used as the home directory.
</beevol/home/whitel/tRNAworkshop/src> was used as the working directory.
Started at Thu Jun  6 14:38:39 2024
Terminated at Thu Jun  6 14:38:41 2024
Results reported at Thu Jun  6 14:38:41 2024

Your job looked like:

------------------------------------------------------------
# LSBATCH: User input
#! /usr/bin/env bash

#BSUB -J bwa[1-14]
#BSUB -o logs/bwa.%J.out
#BSUB -e logs/bwa.%J.err
#BSUB -R "span[hosts=1]"
#BSUB -q rna
#BSUB -n 18

bwaidx="$HOME/tRNAworkshop/refs/hg38-mature-tRNAs.fa"
in="$HOME/tRNAworkshop/rebasecalled/fastqs"
dest="$HOME/tRNAworkshop/rebasecalled/alignedbams"

set -o nounset -o pipefail -o errexit -x

samples=(
Trub1doxH295R004_20231207_1527_MN42516_FAX73799_8b069090.rna004_130bps_fast@v3.0.1
Trub1doxH295R004_20231207_1527_MN42516_FAX73799_8b069090.rna004_130bps_hac@v3.0.1
Trub1doxH295R004_20231207_1527_MN42516_FAX73799_8b069090.rna004_130bps_sup@v3.0.1
Trub1untrH295R004_20231207_1522_MN31004_FAX71838_4571d21c.rna004_130bps_fast@v3.0.1
Trub1untrH295R004_20231207_1522_MN31004_FAX71838_4571d21c.rna004_130bps_hac@v3.0.1
Trub1untrH295R004_20231207_1522_MN31004_FAX71838_4571d21c.rna004_130bps_sup@v3.0.1
HumanFibroblast002_20231207_1455_P2S-00519-B_PAS29437_b7f6c4bd.rna002_70bps_fast@v3
HumanFibroblast002_20231207_1455_P2S-00519-B_PAS29437_b7f6c4bd.rna002_70bps_hac@v3
HumanFibroblast004_20231208_1351_MN42516_FAX71838_b8f7b990.rna004_130bps_fast@v3.0.1
HumanFibroblast004_20231208_1351_MN42516_FAX71838_b8f7b990.rna004_130bps_hac@v3.0.1
HumanFibroblast004_20231208_1351_MN42516_FAX71838_b8f7b990.rna004_130bps_sup@v3.0.1
HumanFibroblast004_20231208_1351_MN42516_FAX71838_b8f7b990.rna004_130bps_hac@v5.0.0.fastq
HumanFibroblast004_20231208_1351_MN42516_FAX71838_b8f7b990.rna004_130bps_sup@v3.0.1.fastq
HumanFibroblast004_20231208_1351_MN42516_FAX71838_b8f7b990.rna004_130bps_sup@v5.0.0.fastq
)

u=${samples[$(( $LSB_JOBINDEX -1 ))]}

### align to tRNA reference - adapter anchored reference alignment
bwa mem -W 13 -k 6 -T 20 -x ont2d $bwaidx $in/${u}.fastq \
| samtools view -F4 -hu - \
| samtools sort -o ${dest}/${u}.bwa.bam

samtools index ${dest}/${u}.bwa.bam


------------------------------------------------------------

Exited with exit code 1.

Resource usage summary:

    CPU time :                                   0.05 sec.
    Max Memory :                                 -
    Average Memory :                             -
    Total Requested Memory :                     -
    Delta Memory :                               -
    Max Swap :                                   -
    Max Processes :                              -
    Max Threads :                                -
    Run time :                                   1 sec.
    Turnaround time :                            181 sec.

The output (if any) follows:



PS:

Read file <logs/bwa.853012.err> for stderr output of this job.

Sender: LSF System <lsfadmin@compute20>
Subject: Job 853012[2]: <bwa[1-14]> in cluster <tesla2> Exited

Job <bwa[1-14]> was submitted from host <compute03> by user <whitel> in cluster <tesla2> at Thu Jun  6 14:35:44 2024
Job was executed on host(s) <18*compute20>, in queue <rna>, as user <whitel> in cluster <tesla2> at Thu Jun  6 14:38:49 2024
</beevol/home/whitel> was used as the home directory.
</beevol/home/whitel/tRNAworkshop/src> was used as the working directory.
Started at Thu Jun  6 14:38:49 2024
Terminated at Thu Jun  6 14:38:51 2024
Results reported at Thu Jun  6 14:38:51 2024

Your job looked like:

------------------------------------------------------------
# LSBATCH: User input
#! /usr/bin/env bash

#BSUB -J bwa[1-14]
#BSUB -o logs/bwa.%J.out
#BSUB -e logs/bwa.%J.err
#BSUB -R "span[hosts=1]"
#BSUB -q rna
#BSUB -n 18

bwaidx="$HOME/tRNAworkshop/refs/hg38-mature-tRNAs.fa"
in="$HOME/tRNAworkshop/rebasecalled/fastqs"
dest="$HOME/tRNAworkshop/rebasecalled/alignedbams"

set -o nounset -o pipefail -o errexit -x

samples=(
Trub1doxH295R004_20231207_1527_MN42516_FAX73799_8b069090.rna004_130bps_fast@v3.0.1
Trub1doxH295R004_20231207_1527_MN42516_FAX73799_8b069090.rna004_130bps_hac@v3.0.1
Trub1doxH295R004_20231207_1527_MN42516_FAX73799_8b069090.rna004_130bps_sup@v3.0.1
Trub1untrH295R004_20231207_1522_MN31004_FAX71838_4571d21c.rna004_130bps_fast@v3.0.1
Trub1untrH295R004_20231207_1522_MN31004_FAX71838_4571d21c.rna004_130bps_hac@v3.0.1
Trub1untrH295R004_20231207_1522_MN31004_FAX71838_4571d21c.rna004_130bps_sup@v3.0.1
HumanFibroblast002_20231207_1455_P2S-00519-B_PAS29437_b7f6c4bd.rna002_70bps_fast@v3
HumanFibroblast002_20231207_1455_P2S-00519-B_PAS29437_b7f6c4bd.rna002_70bps_hac@v3
HumanFibroblast004_20231208_1351_MN42516_FAX71838_b8f7b990.rna004_130bps_fast@v3.0.1
HumanFibroblast004_20231208_1351_MN42516_FAX71838_b8f7b990.rna004_130bps_hac@v3.0.1
HumanFibroblast004_20231208_1351_MN42516_FAX71838_b8f7b990.rna004_130bps_sup@v3.0.1
HumanFibroblast004_20231208_1351_MN42516_FAX71838_b8f7b990.rna004_130bps_hac@v5.0.0.fastq
HumanFibroblast004_20231208_1351_MN42516_FAX71838_b8f7b990.rna004_130bps_sup@v3.0.1.fastq
HumanFibroblast004_20231208_1351_MN42516_FAX71838_b8f7b990.rna004_130bps_sup@v5.0.0.fastq
)

u=${samples[$(( $LSB_JOBINDEX -1 ))]}

### align to tRNA reference - adapter anchored reference alignment
bwa mem -W 13 -k 6 -T 20 -x ont2d $bwaidx $in/${u}.fastq \
| samtools view -F4 -hu - \
| samtools sort -o ${dest}/${u}.bwa.bam

samtools index ${dest}/${u}.bwa.bam


------------------------------------------------------------

Exited with exit code 1.

Resource usage summary:

    CPU time :                                   0.05 sec.
    Max Memory :                                 -
    Average Memory :                             -
    Total Requested Memory :                     -
    Delta Memory :                               -
    Max Swap :                                   -
    Max Processes :                              -
    Max Threads :                                -
    Run time :                                   1 sec.
    Turnaround time :                            191 sec.

The output (if any) follows:



PS:

Read file <logs/bwa.853012.err> for stderr output of this job.

Sender: LSF System <lsfadmin@compute20>
Subject: Job 853012[3]: <bwa[1-14]> in cluster <tesla2> Exited

Job <bwa[1-14]> was submitted from host <compute03> by user <whitel> in cluster <tesla2> at Thu Jun  6 14:35:44 2024
Job was executed on host(s) <18*compute20>, in queue <rna>, as user <whitel> in cluster <tesla2> at Thu Jun  6 14:39:00 2024
</beevol/home/whitel> was used as the home directory.
</beevol/home/whitel/tRNAworkshop/src> was used as the working directory.
Started at Thu Jun  6 14:39:00 2024
Terminated at Thu Jun  6 14:39:19 2024
Results reported at Thu Jun  6 14:39:19 2024

Your job looked like:

------------------------------------------------------------
# LSBATCH: User input
#! /usr/bin/env bash

#BSUB -J bwa[1-14]
#BSUB -o logs/bwa.%J.out
#BSUB -e logs/bwa.%J.err
#BSUB -R "span[hosts=1]"
#BSUB -q rna
#BSUB -n 18

bwaidx="$HOME/tRNAworkshop/refs/hg38-mature-tRNAs.fa"
in="$HOME/tRNAworkshop/rebasecalled/fastqs"
dest="$HOME/tRNAworkshop/rebasecalled/alignedbams"

set -o nounset -o pipefail -o errexit -x

samples=(
Trub1doxH295R004_20231207_1527_MN42516_FAX73799_8b069090.rna004_130bps_fast@v3.0.1
Trub1doxH295R004_20231207_1527_MN42516_FAX73799_8b069090.rna004_130bps_hac@v3.0.1
Trub1doxH295R004_20231207_1527_MN42516_FAX73799_8b069090.rna004_130bps_sup@v3.0.1
Trub1untrH295R004_20231207_1522_MN31004_FAX71838_4571d21c.rna004_130bps_fast@v3.0.1
Trub1untrH295R004_20231207_1522_MN31004_FAX71838_4571d21c.rna004_130bps_hac@v3.0.1
Trub1untrH295R004_20231207_1522_MN31004_FAX71838_4571d21c.rna004_130bps_sup@v3.0.1
HumanFibroblast002_20231207_1455_P2S-00519-B_PAS29437_b7f6c4bd.rna002_70bps_fast@v3
HumanFibroblast002_20231207_1455_P2S-00519-B_PAS29437_b7f6c4bd.rna002_70bps_hac@v3
HumanFibroblast004_20231208_1351_MN42516_FAX71838_b8f7b990.rna004_130bps_fast@v3.0.1
HumanFibroblast004_20231208_1351_MN42516_FAX71838_b8f7b990.rna004_130bps_hac@v3.0.1
HumanFibroblast004_20231208_1351_MN42516_FAX71838_b8f7b990.rna004_130bps_sup@v3.0.1
HumanFibroblast004_20231208_1351_MN42516_FAX71838_b8f7b990.rna004_130bps_hac@v5.0.0.fastq
HumanFibroblast004_20231208_1351_MN42516_FAX71838_b8f7b990.rna004_130bps_sup@v3.0.1.fastq
HumanFibroblast004_20231208_1351_MN42516_FAX71838_b8f7b990.rna004_130bps_sup@v5.0.0.fastq
)

u=${samples[$(( $LSB_JOBINDEX -1 ))]}

### align to tRNA reference - adapter anchored reference alignment
bwa mem -W 13 -k 6 -T 20 -x ont2d $bwaidx $in/${u}.fastq \
| samtools view -F4 -hu - \
| samtools sort -o ${dest}/${u}.bwa.bam

samtools index ${dest}/${u}.bwa.bam


------------------------------------------------------------

Exited with exit code 1.

Resource usage summary:

    CPU time :                                   0.06 sec.
    Max Memory :                                 -
    Average Memory :                             -
    Total Requested Memory :                     -
    Delta Memory :                               -
    Max Swap :                                   -
    Max Processes :                              3
    Max Threads :                                4
    Run time :                                   18 sec.
    Turnaround time :                            219 sec.

The output (if any) follows:



PS:

Read file <logs/bwa.853012.err> for stderr output of this job.

Sender: LSF System <lsfadmin@compute20>
Subject: Job 853012[4]: <bwa[1-14]> in cluster <tesla2> Exited

Job <bwa[1-14]> was submitted from host <compute03> by user <whitel> in cluster <tesla2> at Thu Jun  6 14:35:44 2024
Job was executed on host(s) <18*compute20>, in queue <rna>, as user <whitel> in cluster <tesla2> at Thu Jun  6 14:39:19 2024
</beevol/home/whitel> was used as the home directory.
</beevol/home/whitel/tRNAworkshop/src> was used as the working directory.
Started at Thu Jun  6 14:39:19 2024
Terminated at Thu Jun  6 14:39:53 2024
Results reported at Thu Jun  6 14:39:53 2024

Your job looked like:

------------------------------------------------------------
# LSBATCH: User input
#! /usr/bin/env bash

#BSUB -J bwa[1-14]
#BSUB -o logs/bwa.%J.out
#BSUB -e logs/bwa.%J.err
#BSUB -R "span[hosts=1]"
#BSUB -q rna
#BSUB -n 18

bwaidx="$HOME/tRNAworkshop/refs/hg38-mature-tRNAs.fa"
in="$HOME/tRNAworkshop/rebasecalled/fastqs"
dest="$HOME/tRNAworkshop/rebasecalled/alignedbams"

set -o nounset -o pipefail -o errexit -x

samples=(
Trub1doxH295R004_20231207_1527_MN42516_FAX73799_8b069090.rna004_130bps_fast@v3.0.1
Trub1doxH295R004_20231207_1527_MN42516_FAX73799_8b069090.rna004_130bps_hac@v3.0.1
Trub1doxH295R004_20231207_1527_MN42516_FAX73799_8b069090.rna004_130bps_sup@v3.0.1
Trub1untrH295R004_20231207_1522_MN31004_FAX71838_4571d21c.rna004_130bps_fast@v3.0.1
Trub1untrH295R004_20231207_1522_MN31004_FAX71838_4571d21c.rna004_130bps_hac@v3.0.1
Trub1untrH295R004_20231207_1522_MN31004_FAX71838_4571d21c.rna004_130bps_sup@v3.0.1
HumanFibroblast002_20231207_1455_P2S-00519-B_PAS29437_b7f6c4bd.rna002_70bps_fast@v3
HumanFibroblast002_20231207_1455_P2S-00519-B_PAS29437_b7f6c4bd.rna002_70bps_hac@v3
HumanFibroblast004_20231208_1351_MN42516_FAX71838_b8f7b990.rna004_130bps_fast@v3.0.1
HumanFibroblast004_20231208_1351_MN42516_FAX71838_b8f7b990.rna004_130bps_hac@v3.0.1
HumanFibroblast004_20231208_1351_MN42516_FAX71838_b8f7b990.rna004_130bps_sup@v3.0.1
HumanFibroblast004_20231208_1351_MN42516_FAX71838_b8f7b990.rna004_130bps_hac@v5.0.0.fastq
HumanFibroblast004_20231208_1351_MN42516_FAX71838_b8f7b990.rna004_130bps_sup@v3.0.1.fastq
HumanFibroblast004_20231208_1351_MN42516_FAX71838_b8f7b990.rna004_130bps_sup@v5.0.0.fastq
)

u=${samples[$(( $LSB_JOBINDEX -1 ))]}

### align to tRNA reference - adapter anchored reference alignment
bwa mem -W 13 -k 6 -T 20 -x ont2d $bwaidx $in/${u}.fastq \
| samtools view -F4 -hu - \
| samtools sort -o ${dest}/${u}.bwa.bam

samtools index ${dest}/${u}.bwa.bam


------------------------------------------------------------

Exited with exit code 1.

Resource usage summary:

    CPU time :                                   0.05 sec.
    Max Memory :                                 -
    Average Memory :                             -
    Total Requested Memory :                     -
    Delta Memory :                               -
    Max Swap :                                   -
    Max Processes :                              -
    Max Threads :                                -
    Run time :                                   1 sec.
    Turnaround time :                            256 sec.

The output (if any) follows:



PS:

Read file <logs/bwa.853012.err> for stderr output of this job.

14]> in cluster <tesla2> Exited

Job <bwa[1-14]> was submitted from host <compute03> by user <whitel> in cluster <tesla2> at Thu Jun  6 14:35:44 2024
Job was executed on host(s) <18*compute20>, in queue <rna>, as user <whitel> in cluster <tesla2> at Thu Jun  6 14:39:29 2024
</beevol/home/whitel> was used as the home directory.
</beevol/home/whitel/tRNAworkshop/src> was used as the working directory.
Started at Thu Jun  6 14:39:29 2024
Terminated at Thu Jun  6 14:39:53 2024
Results reported at Thu Jun  6 14:39:53 2024

Your job looked like:

------------------------------------------------------------
# LSBATCH: User input
#! /usr/bin/env bash

#BSUB -J bwa[1-14]
#BSUB -o logs/bwa.%J.out
#BSUB -e logs/bwa.%J.err
#BSUB -R "span[hosts=1]"
#BSUB -q rna
#BSUB -n 18

bwaidx="$HOME/tRNAworkshop/refs/hg38-mature-tRNAs.fa"
in="$HOME/tRNAworkshop/rebasecalled/fastqs"
dest="$HOME/tRNAworkshop/rebasecalled/alignedbams"

set -o nounset -o pipefail -o errexit -x

samples=(
Trub1doxH295R004_20231207_1527_MN42516_FAX73799_8b069090.rna004_130bps_fast@v3.0.1
Trub1doxH295R004_20231207_1527_MN42516_FAX73799_8b069090.rna004_130bps_hac@v3.0.1
Trub1doxH295R004_20231207_1527_MN42516_FAX73799_8b069090.rna004_130bps_sup@v3.0.1
Trub1untrH295R004_20231207_1522_MN31004_FAX71838_4571d21c.rna004_130bps_fast@v3.0.1
Trub1untrH295R004_20231207_1522_MN31004_FAX71838_4571d21c.rna004_130bps_hac@v3.0.1
Trub1untrH295R004_20231207_1522_MN31004_FAX71838_4571d21c.rna004_130bps_sup@v3.0.1
HumanFibroblast002_20231207_1455_P2S-00519-B_PAS29437_b7f6c4bd.rna002_70bps_fast@v3
HumanFibroblast002_20231207_1455_P2S-00519-B_PAS29437_b7f6c4bd.rna002_70bps_hac@v3
HumanFibroblast004_20231208_1351_MN42516_FAX71838_b8f7b990.rna004_130bps_fast@v3.0.1
HumanFibroblast004_20231208_1351_MN42516_FAX71838_b8f7b990.rna004_130bps_hac@v3.0.1
HumanFibroblast004_20231208_1351_MN42516_FAX71838_b8f7b990.rna004_130bps_sup@v3.0.1
HumanFibroblast004_20231208_1351_MN42516_FAX71838_b8f7b990.rna004_130bps_hac@v5.0.0.fastq
HumanFibroblast004_20231208_1351_MN42516_FAX71838_b8f7b990.rna004_130bps_sup@v3.0.1.fastq
HumanFibroblast004_20231208_1351_MN42516_FAX71838_b8f7b990.rna004_130bps_sup@v5.0.0.fastq
)

u=${samples[$(( $LSB_JOBINDEX -1 ))]}

### align to tRNA reference - adapter anchored reference alignment
bwa mem -W 13 -k 6 -T 20 -x ont2d $bwaidx $in/${u}.fastq \
| samtools view -F4 -hu - \
| samtools sort -o ${dest}/${u}.bwa.bam

samtools index ${dest}/${u}.bwa.bam


------------------------------------------------------------

Exited with exit code 1.

Resource usage summary:

    CPU time :                                   0.07 sec.
    Max Memory :                                 -
    Average Memory :                             -
    Total Requested Memory :                     -
    Delta Memory :                               -
    Max Swap :                                   -
    Max Processes :                              6
    Max Threads :                                7
    Run time :                                   24 sec.
    Turnaround time :                            257 sec.

The output (if any) follows:



PS:

Read file <logs/bwa.853012.err> for stderr output of this job.



PS:

Read file <logs/bwa.853012.err> for stderr output of this job.

Sender: LSF System <lsfadmin@compute19>
Subject: Job 853012[8]: <bwa[1-14]> in cluster <tesla2> Exited

Job <bwa[1-14]> was submitted from host <compute03> by user <whitel> in cluster <tesla2> at Thu Jun  6 14:35:44 2024
Job was executed on host(s) <18*compute19>, in queue <rna>, as user <whitel> in cluster <tesla2> at Thu Jun  6 14:39:24 2024
</beevol/home/whitel> was used as the home directory.
</beevol/home/whitel/tRNAworkshop/src> was used as the working directory.
Started at Thu Jun  6 14:39:24 2024
Terminated at Thu Jun  6 14:39:30 2024
Results reported at Thu Jun  6 14:39:30 2024

Your job looked like:

------------------------------------------------------------
# LSBATCH: User input
#! /usr/bin/env bash

#BSUB -J bwa[1-14]
#BSUB -o logs/bwa.%J.out
#BSUB -e logs/bwa.%J.err
#BSUB -R "span[hosts=1]"
#BSUB -q rna
#BSUB -n 18

bwaidx="$HOME/tRNAworkshop/refs/hg38-mature-tRNAs.fa"
in="$HOME/tRNAworkshop/rebasecalled/fastqs"
dest="$HOME/tRNAworkshop/rebasecalled/alignedbams"

set -o nounset -o pipefail -o errexit -x

samples=(
Trub1doxH295R004_20231207_1527_MN42516_FAX73799_8b069090.rna004_130bps_fast@v3.0.1
Trub1doxH295R004_20231207_1527_MN42516_FAX73799_8b069090.rna004_130bps_hac@v3.0.1
Trub1doxH295R004_20231207_1527_MN42516_FAX73799_8b069090.rna004_130bps_sup@v3.0.1
Trub1untrH295R004_20231207_1522_MN31004_FAX71838_4571d21c.rna004_130bps_fast@v3.0.1
Trub1untrH295R004_20231207_1522_MN31004_FAX71838_4571d21c.rna004_130bps_hac@v3.0.1
Trub1untrH295R004_20231207_1522_MN31004_FAX71838_4571d21c.rna004_130bps_sup@v3.0.1
HumanFibroblast002_20231207_1455_P2S-00519-B_PAS29437_b7f6c4bd.rna002_70bps_fast@v3
HumanFibroblast002_20231207_1455_P2S-00519-B_PAS29437_b7f6c4bd.rna002_70bps_hac@v3
HumanFibroblast004_20231208_1351_MN42516_FAX71838_b8f7b990.rna004_130bps_fast@v3.0.1
HumanFibroblast004_20231208_1351_MN42516_FAX71838_b8f7b990.rna004_130bps_hac@v3.0.1
HumanFibroblast004_20231208_1351_MN42516_FAX71838_b8f7b990.rna004_130bps_sup@v3.0.1
HumanFibroblast004_20231208_1351_MN42516_FAX71838_b8f7b990.rna004_130bps_hac@v5.0.0.fastq
HumanFibroblast004_20231208_1351_MN42516_FAX71838_b8f7b990.rna004_130bps_sup@v3.0.1.fastq
HumanFibroblast004_20231208_1351_MN42516_FAX71838_b8f7b990.rna004_130bps_sup@v5.0.0.fastq
)

u=${samples[$(( $LSB_JOBINDEX -1 ))]}

### align to tRNA reference - adapter anchored reference alignment
bwa mem -W 13 -k 6 -T 20 -x ont2d $bwaidx $in/${u}.fastq \
| samtools view -F4 -hu - \
| samtools sort -o ${dest}/${u}.bwa.bam

samtools index ${dest}/${u}.bwa.bam


------------------------------------------------------------

Exited with exit code 1.

Resource usage summary:

    CPU time :                                   0.07 sec.
    Max Memory :                                 -
    Average Memory :                             -
    Total Requested Memory :                     -
    Delta Memory :                               -
    Max Swap :                                   -
    Max Processes :                              1
    Max Threads :                                1
    Run time :                                   6 sec.
    Turnaround time :                            230 sec.

The output (if any) follows:



PS:

Read file <logs/bwa.853012.err> for stderr output of this job.

Sender: LSF System <lsfadmin@compute20>
Subject: Job 853012[7]: <bwa[1-14]> in cluster <tesla2> Exited

Job <bwa[1-14]> was submitted from host <compute03> by user <whitel> in cluster <tesla2> at Thu Jun  6 14:35:44 2024
Job was executed on host(s) <18*compute20>, in queue <rna>, as user <whitel> in cluster <tesla2> at Thu Jun  6 14:39:54 2024
</beevol/home/whitel> was used as the home directory.
</beevol/home/whitel/tRNAworkshop/src> was used as the working directory.
Started at Thu Jun  6 14:39:54 2024
Terminated at Thu Jun  6 14:40:05 2024
Results reported at Thu Jun  6 14:40:05 2024

Your job looked like:

------------------------------------------------------------
# LSBATCH: User input
#! /usr/bin/env bash

#BSUB -J bwa[1-14]
#BSUB -o logs/bwa.%J.out
#BSUB -e logs/bwa.%J.err
#BSUB -R "span[hosts=1]"
#BSUB -q rna
#BSUB -n 18

bwaidx="$HOME/tRNAworkshop/refs/hg38-mature-tRNAs.fa"
in="$HOME/tRNAworkshop/rebasecalled/fastqs"
dest="$HOME/tRNAworkshop/rebasecalled/alignedbams"

set -o nounset -o pipefail -o errexit -x

samples=(
Trub1doxH295R004_20231207_1527_MN42516_FAX73799_8b069090.rna004_130bps_fast@v3.0.1
Trub1doxH295R004_20231207_1527_MN42516_FAX73799_8b069090.rna004_130bps_hac@v3.0.1
Trub1doxH295R004_20231207_1527_MN42516_FAX73799_8b069090.rna004_130bps_sup@v3.0.1
Trub1untrH295R004_20231207_1522_MN31004_FAX71838_4571d21c.rna004_130bps_fast@v3.0.1
Trub1untrH295R004_20231207_1522_MN31004_FAX71838_4571d21c.rna004_130bps_hac@v3.0.1
Trub1untrH295R004_20231207_1522_MN31004_FAX71838_4571d21c.rna004_130bps_sup@v3.0.1
HumanFibroblast002_20231207_1455_P2S-00519-B_PAS29437_b7f6c4bd.rna002_70bps_fast@v3
HumanFibroblast002_20231207_1455_P2S-00519-B_PAS29437_b7f6c4bd.rna002_70bps_hac@v3
HumanFibroblast004_20231208_1351_MN42516_FAX71838_b8f7b990.rna004_130bps_fast@v3.0.1
HumanFibroblast004_20231208_1351_MN42516_FAX71838_b8f7b990.rna004_130bps_hac@v3.0.1
HumanFibroblast004_20231208_1351_MN42516_FAX71838_b8f7b990.rna004_130bps_sup@v3.0.1
HumanFibroblast004_20231208_1351_MN42516_FAX71838_b8f7b990.rna004_130bps_hac@v5.0.0.fastq
HumanFibroblast004_20231208_1351_MN42516_FAX71838_b8f7b990.rna004_130bps_sup@v3.0.1.fastq
HumanFibroblast004_20231208_1351_MN42516_FAX71838_b8f7b990.rna004_130bps_sup@v5.0.0.fastq
)

u=${samples[$(( $LSB_JOBINDEX -1 ))]}

### align to tRNA reference - adapter anchored reference alignment
bwa mem -W 13 -k 6 -T 20 -x ont2d $bwaidx $in/${u}.fastq \
| samtools view -F4 -hu - \
| samtools sort -o ${dest}/${u}.bwa.bam

samtools index ${dest}/${u}.bwa.bam


------------------------------------------------------------

Exited with exit code 1.

Resource usage summary:

    CPU time :                                   0.05 sec.
    Max Memory :                                 -
    Average Memory :                             -
    Total Requested Memory :                     -
    Delta Memory :                               -
    Max Swap :                                   -
    Max Processes :                              3
    Max Threads :                                4
    Run time :                                   10 sec.
    Turnaround time :                            268 sec.

The output (if any) follows:



PS:

Read file <logs/bwa.853012.err> for stderr output of this job.

Sender: LSF System <lsfadmin@compute20>
Subject: Job 853012[9]: <bwa[1-14]> in cluster <tesla2> Exited

Job <bwa[1-14]> was submitted from host <compute03> by user <whitel> in cluster <tesla2> at Thu Jun  6 14:35:44 2024
Job was executed on host(s) <18*compute20>, in queue <rna>, as user <whitel> in cluster <tesla2> at Thu Jun  6 14:40:05 2024
</beevol/home/whitel> was used as the home directory.
</beevol/home/whitel/tRNAworkshop/src> was used as the working directory.
Started at Thu Jun  6 14:40:05 2024
Terminated at Thu Jun  6 14:40:07 2024
Results reported at Thu Jun  6 14:40:07 2024

Your job looked like:

------------------------------------------------------------
# LSBATCH: User input
#! /usr/bin/env bash

#BSUB -J bwa[1-14]
#BSUB -o logs/bwa.%J.out
#BSUB -e logs/bwa.%J.err
#BSUB -R "span[hosts=1]"
#BSUB -q rna
#BSUB -n 18

bwaidx="$HOME/tRNAworkshop/refs/hg38-mature-tRNAs.fa"
in="$HOME/tRNAworkshop/rebasecalled/fastqs"
dest="$HOME/tRNAworkshop/rebasecalled/alignedbams"

set -o nounset -o pipefail -o errexit -x

samples=(
Trub1doxH295R004_20231207_1527_MN42516_FAX73799_8b069090.rna004_130bps_fast@v3.0.1
Trub1doxH295R004_20231207_1527_MN42516_FAX73799_8b069090.rna004_130bps_hac@v3.0.1
Trub1doxH295R004_20231207_1527_MN42516_FAX73799_8b069090.rna004_130bps_sup@v3.0.1
Trub1untrH295R004_20231207_1522_MN31004_FAX71838_4571d21c.rna004_130bps_fast@v3.0.1
Trub1untrH295R004_20231207_1522_MN31004_FAX71838_4571d21c.rna004_130bps_hac@v3.0.1
Trub1untrH295R004_20231207_1522_MN31004_FAX71838_4571d21c.rna004_130bps_sup@v3.0.1
HumanFibroblast002_20231207_1455_P2S-00519-B_PAS29437_b7f6c4bd.rna002_70bps_fast@v3
HumanFibroblast002_20231207_1455_P2S-00519-B_PAS29437_b7f6c4bd.rna002_70bps_hac@v3
HumanFibroblast004_20231208_1351_MN42516_FAX71838_b8f7b990.rna004_130bps_fast@v3.0.1
HumanFibroblast004_20231208_1351_MN42516_FAX71838_b8f7b990.rna004_130bps_hac@v3.0.1
HumanFibroblast004_20231208_1351_MN42516_FAX71838_b8f7b990.rna004_130bps_sup@v3.0.1
HumanFibroblast004_20231208_1351_MN42516_FAX71838_b8f7b990.rna004_130bps_hac@v5.0.0.fastq
HumanFibroblast004_20231208_1351_MN42516_FAX71838_b8f7b990.rna004_130bps_sup@v3.0.1.fastq
HumanFibroblast004_20231208_1351_MN42516_FAX71838_b8f7b990.rna004_130bps_sup@v5.0.0.fastq
)

u=${samples[$(( $LSB_JOBINDEX -1 ))]}

### align to tRNA reference - adapter anchored reference alignment
bwa mem -W 13 -k 6 -T 20 -x ont2d $bwaidx $in/${u}.fastq \
| samtools view -F4 -hu - \
| samtools sort -o ${dest}/${u}.bwa.bam

samtools index ${dest}/${u}.bwa.bam


------------------------------------------------------------

Exited with exit code 1.

Resource usage summary:

    CPU time :                                   0.05 sec.
    Max Memory :                                 -
    Average Memory :                             -
    Total Requested Memory :                     -
    Delta Memory :                               -
    Max Swap :                                   -
    Max Processes :                              -
    Max Threads :                                -
    Run time :                                   1 sec.
    Turnaround time :                            269 sec.

The output (if any) follows:



PS:

Read file <logs/bwa.853012.err> for stderr output of this job.

Sender: LSF System <lsfadmin@compute19>
Subject: Job 853012[10]: <bwa[1-14]> in cluster <tesla2> Exited

Job <bwa[1-14]> was submitted from host <compute03> by user <whitel> in cluster <tesla2> at Thu Jun  6 14:35:44 2024
Job was executed on host(s) <18*compute19>, in queue <rna>, as user <whitel> in cluster <tesla2> at Thu Jun  6 14:39:34 2024
</beevol/home/whitel> was used as the home directory.
</beevol/home/whitel/tRNAworkshop/src> was used as the working directory.
Started at Thu Jun  6 14:39:34 2024
Terminated at Thu Jun  6 14:39:36 2024
Results reported at Thu Jun  6 14:39:36 2024

Your job looked like:

------------------------------------------------------------
# LSBATCH: User input
#! /usr/bin/env bash

#BSUB -J bwa[1-14]
#BSUB -o logs/bwa.%J.out
#BSUB -e logs/bwa.%J.err
#BSUB -R "span[hosts=1]"
#BSUB -q rna
#BSUB -n 18

bwaidx="$HOME/tRNAworkshop/refs/hg38-mature-tRNAs.fa"
in="$HOME/tRNAworkshop/rebasecalled/fastqs"
dest="$HOME/tRNAworkshop/rebasecalled/alignedbams"

set -o nounset -o pipefail -o errexit -x

samples=(
Trub1doxH295R004_20231207_1527_MN42516_FAX73799_8b069090.rna004_130bps_fast@v3.0.1
Trub1doxH295R004_20231207_1527_MN42516_FAX73799_8b069090.rna004_130bps_hac@v3.0.1
Trub1doxH295R004_20231207_1527_MN42516_FAX73799_8b069090.rna004_130bps_sup@v3.0.1
Trub1untrH295R004_20231207_1522_MN31004_FAX71838_4571d21c.rna004_130bps_fast@v3.0.1
Trub1untrH295R004_20231207_1522_MN31004_FAX71838_4571d21c.rna004_130bps_hac@v3.0.1
Trub1untrH295R004_20231207_1522_MN31004_FAX71838_4571d21c.rna004_130bps_sup@v3.0.1
HumanFibroblast002_20231207_1455_P2S-00519-B_PAS29437_b7f6c4bd.rna002_70bps_fast@v3
HumanFibroblast002_20231207_1455_P2S-00519-B_PAS29437_b7f6c4bd.rna002_70bps_hac@v3
HumanFibroblast004_20231208_1351_MN42516_FAX71838_b8f7b990.rna004_130bps_fast@v3.0.1
HumanFibroblast004_20231208_1351_MN42516_FAX71838_b8f7b990.rna004_130bps_hac@v3.0.1
HumanFibroblast004_20231208_1351_MN42516_FAX71838_b8f7b990.rna004_130bps_sup@v3.0.1
HumanFibroblast004_20231208_1351_MN42516_FAX71838_b8f7b990.rna004_130bps_hac@v5.0.0.fastq
HumanFibroblast004_20231208_1351_MN42516_FAX71838_b8f7b990.rna004_130bps_sup@v3.0.1.fastq
HumanFibroblast004_20231208_1351_MN42516_FAX71838_b8f7b990.rna004_130bps_sup@v5.0.0.fastq
)

u=${samples[$(( $LSB_JOBINDEX -1 ))]}

### align to tRNA reference - adapter anchored reference alignment
bwa mem -W 13 -k 6 -T 20 -x ont2d $bwaidx $in/${u}.fastq \
| samtools view -F4 -hu - \
| samtools sort -o ${dest}/${u}.bwa.bam

samtools index ${dest}/${u}.bwa.bam


------------------------------------------------------------

TERM_OWNER: job killed by owner.
Exited with exit code 1.

Resource usage summary:

    CPU time :                                   0.07 sec.
    Max Memory :                                 -
    Average Memory :                             -
    Total Requested Memory :                     -
    Delta Memory :                               -
    Max Swap :                                   -
    Max Processes :                              1
    Max Threads :                                1
    Run time :                                   2 sec.
    Turnaround time :                            237 sec.

The output (if any) follows:



PS:

Read file <logs/bwa.853012.err> for stderr output of this job.

