Sender: LSF System <lsfadmin@compute09>
Subject: Job 869742[1]: <bwa[1-2]> in cluster <tesla2> Done

Job <bwa[1-2]> was submitted from host <compute07> by user <whitel> in cluster <tesla2> at Thu Jun 20 21:53:27 2024
Job was executed on host(s) <18*compute09>, in queue <rna>, as user <whitel> in cluster <tesla2> at Thu Jun 20 21:53:17 2024
</beevol/home/whitel> was used as the home directory.
</beevol/home/whitel/tRNAworkshop/src> was used as the working directory.
Started at Thu Jun 20 21:53:17 2024
Terminated at Thu Jun 20 22:01:43 2024
Results reported at Thu Jun 20 22:01:43 2024

Your job looked like:

------------------------------------------------------------
# LSBATCH: User input
#! /usr/bin/env bash

#BSUB -J bwa[1-2]
#BSUB -o logs/bwa.%J.out
#BSUB -e logs/bwa.%J.err
#BSUB -R "span[hosts=1]"
#BSUB -q rna
#BSUB -n 18

bwaidx="$HOME/tRNAworkshop/ref/T4_infected_ecoli.fa"
in="$HOME/tRNAworkshop/rebasecalled/supv5_fastqs"
dest="$HOME/tRNAworkshop/rebasecalled/alignedbams/allreads"

set -o nounset -o pipefail -o errexit -x

samples=(
Ecoli004_20240105_1224_MN31004_FAX73799_1fe84761.rna004_130bps_sup@v5.0.0
T4infectedecoli_20240202_1332_P2S-01618-A_PAU05281_fd3805fc.rna004_130bps_sup@v5.0.0
)

u=${samples[$(( $LSB_JOBINDEX -1 ))]}

### align to tRNA reference - adapter anchored reference alignment
bwa mem -W 13 -k 6 -T 20 -x ont2d $bwaidx $in/${u}.fastq \
| samtools view -F4 -hu - \
| samtools sort -o ${dest}/${u}.T4ref.bwa.bam

samtools index ${dest}/${u}.T4ref.bwa.bam

------------------------------------------------------------

Successfully completed.

Resource usage summary:

    CPU time :                                   505.35 sec.
    Max Memory :                                 1 GB
    Average Memory :                             0.81 GB
    Total Requested Memory :                     -
    Delta Memory :                               -
    Max Swap :                                   -
    Max Processes :                              6
    Max Threads :                                10
    Run time :                                   506 sec.
    Turnaround time :                            501 sec.

The output (if any) follows:



PS:

Read file <logs/bwa.869742.err> for stderr output of this job.

Sender: LSF System <lsfadmin@compute08>
Subject: Job 869742[2]: <bwa[1-2]> in cluster <tesla2> Done

Job <bwa[1-2]> was submitted from host <compute07> by user <whitel> in cluster <tesla2> at Thu Jun 20 21:53:27 2024
Job was executed on host(s) <18*compute08>, in queue <rna>, as user <whitel> in cluster <tesla2> at Thu Jun 20 21:53:31 2024
</beevol/home/whitel> was used as the home directory.
</beevol/home/whitel/tRNAworkshop/src> was used as the working directory.
Started at Thu Jun 20 21:53:31 2024
Terminated at Thu Jun 20 22:13:07 2024
Results reported at Thu Jun 20 22:13:07 2024

Your job looked like:

------------------------------------------------------------
# LSBATCH: User input
#! /usr/bin/env bash

#BSUB -J bwa[1-2]
#BSUB -o logs/bwa.%J.out
#BSUB -e logs/bwa.%J.err
#BSUB -R "span[hosts=1]"
#BSUB -q rna
#BSUB -n 18

bwaidx="$HOME/tRNAworkshop/ref/T4_infected_ecoli.fa"
in="$HOME/tRNAworkshop/rebasecalled/supv5_fastqs"
dest="$HOME/tRNAworkshop/rebasecalled/alignedbams/allreads"

set -o nounset -o pipefail -o errexit -x

samples=(
Ecoli004_20240105_1224_MN31004_FAX73799_1fe84761.rna004_130bps_sup@v5.0.0
T4infectedecoli_20240202_1332_P2S-01618-A_PAU05281_fd3805fc.rna004_130bps_sup@v5.0.0
)

u=${samples[$(( $LSB_JOBINDEX -1 ))]}

### align to tRNA reference - adapter anchored reference alignment
bwa mem -W 13 -k 6 -T 20 -x ont2d $bwaidx $in/${u}.fastq \
| samtools view -F4 -hu - \
| samtools sort -o ${dest}/${u}.T4ref.bwa.bam

samtools index ${dest}/${u}.T4ref.bwa.bam

------------------------------------------------------------

Successfully completed.

Resource usage summary:

    CPU time :                                   1173.93 sec.
    Max Memory :                                 2 GB
    Average Memory :                             0.92 GB
    Total Requested Memory :                     -
    Delta Memory :                               -
    Max Swap :                                   -
    Max Processes :                              6
    Max Threads :                                10
    Run time :                                   1175 sec.
    Turnaround time :                            1182 sec.

The output (if any) follows:



PS:

Read file <logs/bwa.869742.err> for stderr output of this job.

