Sender: LSF System <lsfadmin@compute19>
Subject: Job 853016[2]: <bwa[1-8]> in cluster <tesla2> Exited

Job <bwa[1-8]> was submitted from host <compute03> by user <whitel> in cluster <tesla2> at Thu Jun  6 14:42:01 2024
Job was executed on host(s) <18*compute19>, in queue <rna>, as user <whitel> in cluster <tesla2> at Thu Jun  6 14:42:07 2024
</beevol/home/whitel> was used as the home directory.
</beevol/home/whitel/tRNAworkshop/src> was used as the working directory.
Started at Thu Jun  6 14:42:07 2024
Terminated at Thu Jun  6 14:42:09 2024
Results reported at Thu Jun  6 14:42:09 2024

Your job looked like:

------------------------------------------------------------
# LSBATCH: User input
#! /usr/bin/env bash

#BSUB -J bwa[1-8]
#BSUB -o logs/bwa.%J.out
#BSUB -e logs/bwa.%J.err
#BSUB -R "span[hosts=1]"
#BSUB -q rna
#BSUB -n 18

bwaidx="$HOME/tRNAworkshop/refs/tthermophila-numbered-mature-tRNAs.fa"
in="$HOME/tRNAworkshop/rebasecalled/fastqs"
dest="$HOME/tRNAworkshop/rebasecalled/alignedbams"

set -o nounset -o pipefail -o errexit -x

samples=(
Tetrahymena002_20231207_1743_MN35252_FAX30455_c9f80979.rna002_70bps_fast@v3
Tetrahymena002_20231207_1743_MN35252_FAX30455_c9f80979.rna002_70bps_hac@v3
Tetrahymena004_20231208_0920_MN42516_FAX71838_a244513d.rna004_130bps_fast@v3.0.1
Tetrahymena004_20231208_0920_MN42516_FAX71838_a244513d.rna004_130bps_fast@v5.0.0
Tetrahymena004_20231208_0920_MN42516_FAX71838_a244513d.rna004_130bps_hac@v3.0.1
Tetrahymena004_20231208_0920_MN42516_FAX71838_a244513d.rna004_130bps_hac@v5.0.0
Tetrahymena004_20231208_0920_MN42516_FAX71838_a244513d.rna004_130bps_sup@v3.0.1
Tetrahymena004_20231208_0920_MN42516_FAX71838_a244513d.rna004_130bps_sup@v5.0.0
)

u=${samples[$(( $LSB_JOBINDEX -1 ))]}

### align to tRNA reference - adapter anchored reference alignment
bwa mem -W 13 -k 6 -T 20 -x ont2d $bwaidx $in/${u}.fastq \
| samtools view -F4 -hu - \
| samtools sort -o ${dest}/${u}.bwa.bam

samtools index ${dest}/${u}.bwa.bam


------------------------------------------------------------

Exited with exit code 1.

Resource usage summary:

    CPU time :                                   0.07 sec.
    Max Memory :                                 -
    Average Memory :                             -
    Total Requested Memory :                     -
    Delta Memory :                               -
    Max Swap :                                   -
    Max Processes :                              -
    Max Threads :                                -
    Run time :                                   1 sec.
    Turnaround time :                            12 sec.

The output (if any) follows:



PS:

Read file <logs/bwa.853016.err> for stderr output of this job.

Sender: LSF System <lsfadmin@compute20>
Subject: Job 853016[1]: <bwa[1-8]> in cluster <tesla2> Exited

Job <bwa[1-8]> was submitted from host <compute03> by user <whitel> in cluster <tesla2> at Thu Jun  6 14:42:01 2024
Job was executed on host(s) <18*compute20>, in queue <rna>, as user <whitel> in cluster <tesla2> at Thu Jun  6 14:42:41 2024
</beevol/home/whitel> was used as the home directory.
</beevol/home/whitel/tRNAworkshop/src> was used as the working directory.
Started at Thu Jun  6 14:42:41 2024
Terminated at Thu Jun  6 14:42:44 2024
Results reported at Thu Jun  6 14:42:44 2024

Your job looked like:

------------------------------------------------------------
# LSBATCH: User input
#! /usr/bin/env bash

#BSUB -J bwa[1-8]
#BSUB -o logs/bwa.%J.out
#BSUB -e logs/bwa.%J.err
#BSUB -R "span[hosts=1]"
#BSUB -q rna
#BSUB -n 18

bwaidx="$HOME/tRNAworkshop/refs/tthermophila-numbered-mature-tRNAs.fa"
in="$HOME/tRNAworkshop/rebasecalled/fastqs"
dest="$HOME/tRNAworkshop/rebasecalled/alignedbams"

set -o nounset -o pipefail -o errexit -x

samples=(
Tetrahymena002_20231207_1743_MN35252_FAX30455_c9f80979.rna002_70bps_fast@v3
Tetrahymena002_20231207_1743_MN35252_FAX30455_c9f80979.rna002_70bps_hac@v3
Tetrahymena004_20231208_0920_MN42516_FAX71838_a244513d.rna004_130bps_fast@v3.0.1
Tetrahymena004_20231208_0920_MN42516_FAX71838_a244513d.rna004_130bps_fast@v5.0.0
Tetrahymena004_20231208_0920_MN42516_FAX71838_a244513d.rna004_130bps_hac@v3.0.1
Tetrahymena004_20231208_0920_MN42516_FAX71838_a244513d.rna004_130bps_hac@v5.0.0
Tetrahymena004_20231208_0920_MN42516_FAX71838_a244513d.rna004_130bps_sup@v3.0.1
Tetrahymena004_20231208_0920_MN42516_FAX71838_a244513d.rna004_130bps_sup@v5.0.0
)

u=${samples[$(( $LSB_JOBINDEX -1 ))]}

### align to tRNA reference - adapter anchored reference alignment
bwa mem -W 13 -k 6 -T 20 -x ont2d $bwaidx $in/${u}.fastq \
| samtools view -F4 -hu - \
| samtools sort -o ${dest}/${u}.bwa.bam

samtools index ${dest}/${u}.bwa.bam


------------------------------------------------------------

Exited with exit code 1.

Resource usage summary:

    CPU time :                                   0.06 sec.
    Max Memory :                                 -
    Average Memory :                             -
    Total Requested Memory :                     -
    Delta Memory :                               -
    Max Swap :                                   -
    Max Processes :                              -
    Max Threads :                                -
    Run time :                                   2 sec.
    Turnaround time :                            47 sec.

The output (if any) follows:



PS:

Read file <logs/bwa.853016.err> for stderr output of this job.

Sender: LSF System <lsfadmin@compute19>
Subject: Job 853016[4]: <bwa[1-8]> in cluster <tesla2> Exited

Job <bwa[1-8]> was submitted from host <compute03> by user <whitel> in cluster <tesla2> at Thu Jun  6 14:42:01 2024
Job was executed on host(s) <18*compute19>, in queue <rna>, as user <whitel> in cluster <tesla2> at Thu Jun  6 14:42:17 2024
</beevol/home/whitel> was used as the home directory.
</beevol/home/whitel/tRNAworkshop/src> was used as the working directory.
Started at Thu Jun  6 14:42:17 2024
Terminated at Thu Jun  6 14:42:25 2024
Results reported at Thu Jun  6 14:42:25 2024

Your job looked like:

------------------------------------------------------------
# LSBATCH: User input
#! /usr/bin/env bash

#BSUB -J bwa[1-8]
#BSUB -o logs/bwa.%J.out
#BSUB -e logs/bwa.%J.err
#BSUB -R "span[hosts=1]"
#BSUB -q rna
#BSUB -n 18

bwaidx="$HOME/tRNAworkshop/refs/tthermophila-numbered-mature-tRNAs.fa"
in="$HOME/tRNAworkshop/rebasecalled/fastqs"
dest="$HOME/tRNAworkshop/rebasecalled/alignedbams"

set -o nounset -o pipefail -o errexit -x

samples=(
Tetrahymena002_20231207_1743_MN35252_FAX30455_c9f80979.rna002_70bps_fast@v3
Tetrahymena002_20231207_1743_MN35252_FAX30455_c9f80979.rna002_70bps_hac@v3
Tetrahymena004_20231208_0920_MN42516_FAX71838_a244513d.rna004_130bps_fast@v3.0.1
Tetrahymena004_20231208_0920_MN42516_FAX71838_a244513d.rna004_130bps_fast@v5.0.0
Tetrahymena004_20231208_0920_MN42516_FAX71838_a244513d.rna004_130bps_hac@v3.0.1
Tetrahymena004_20231208_0920_MN42516_FAX71838_a244513d.rna004_130bps_hac@v5.0.0
Tetrahymena004_20231208_0920_MN42516_FAX71838_a244513d.rna004_130bps_sup@v3.0.1
Tetrahymena004_20231208_0920_MN42516_FAX71838_a244513d.rna004_130bps_sup@v5.0.0
)

u=${samples[$(( $LSB_JOBINDEX -1 ))]}

### align to tRNA reference - adapter anchored reference alignment
bwa mem -W 13 -k 6 -T 20 -x ont2d $bwaidx $in/${u}.fastq \
| samtools view -F4 -hu - \
| samtools sort -o ${dest}/${u}.bwa.bam

samtools index ${dest}/${u}.bwa.bam


------------------------------------------------------------

Exited with exit code 1.

Resource usage summary:

    CPU time :                                   0.06 sec.
    Max Memory :                                 -
    Average Memory :                             -
    Total Requested Memory :                     -
    Delta Memory :                               -
    Max Swap :                                   -
    Max Processes :                              1
    Max Threads :                                1
    Run time :                                   6 sec.
    Turnaround time :                            29 sec.

The output (if any) follows:



PS:

Read file <logs/bwa.853016.err> for stderr output of this job.

Sender: LSF System <lsfadmin@compute20>
Subject: Job 853016[3]: <bwa[1-8]> in cluster <tesla2> Exited

Job <bwa[1-8]> was submitted from host <compute03> by user <whitel> in cluster <tesla2> at Thu Jun  6 14:42:01 2024
Job was executed on host(s) <18*compute20>, in queue <rna>, as user <whitel> in cluster <tesla2> at Thu Jun  6 14:42:52 2024
</beevol/home/whitel> was used as the home directory.
</beevol/home/whitel/tRNAworkshop/src> was used as the working directory.
Started at Thu Jun  6 14:42:52 2024
Terminated at Thu Jun  6 14:43:00 2024
Results reported at Thu Jun  6 14:43:00 2024

Your job looked like:

------------------------------------------------------------
# LSBATCH: User input
#! /usr/bin/env bash

#BSUB -J bwa[1-8]
#BSUB -o logs/bwa.%J.out
#BSUB -e logs/bwa.%J.err
#BSUB -R "span[hosts=1]"
#BSUB -q rna
#BSUB -n 18

bwaidx="$HOME/tRNAworkshop/refs/tthermophila-numbered-mature-tRNAs.fa"
in="$HOME/tRNAworkshop/rebasecalled/fastqs"
dest="$HOME/tRNAworkshop/rebasecalled/alignedbams"

set -o nounset -o pipefail -o errexit -x

samples=(
Tetrahymena002_20231207_1743_MN35252_FAX30455_c9f80979.rna002_70bps_fast@v3
Tetrahymena002_20231207_1743_MN35252_FAX30455_c9f80979.rna002_70bps_hac@v3
Tetrahymena004_20231208_0920_MN42516_FAX71838_a244513d.rna004_130bps_fast@v3.0.1
Tetrahymena004_20231208_0920_MN42516_FAX71838_a244513d.rna004_130bps_fast@v5.0.0
Tetrahymena004_20231208_0920_MN42516_FAX71838_a244513d.rna004_130bps_hac@v3.0.1
Tetrahymena004_20231208_0920_MN42516_FAX71838_a244513d.rna004_130bps_hac@v5.0.0
Tetrahymena004_20231208_0920_MN42516_FAX71838_a244513d.rna004_130bps_sup@v3.0.1
Tetrahymena004_20231208_0920_MN42516_FAX71838_a244513d.rna004_130bps_sup@v5.0.0
)

u=${samples[$(( $LSB_JOBINDEX -1 ))]}

### align to tRNA reference - adapter anchored reference alignment
bwa mem -W 13 -k 6 -T 20 -x ont2d $bwaidx $in/${u}.fastq \
| samtools view -F4 -hu - \
| samtools sort -o ${dest}/${u}.bwa.bam

samtools index ${dest}/${u}.bwa.bam


------------------------------------------------------------

Exited with exit code 1.

Resource usage summary:

    CPU time :                                   0.06 sec.
    Max Memory :                                 -
    Average Memory :                             -
    Total Requested Memory :                     -
    Delta Memory :                               -
    Max Swap :                                   -
    Max Processes :                              1
    Max Threads :                                1
    Run time :                                   5 sec.
    Turnaround time :                            64 sec.

The output (if any) follows:



PS:

Read file <logs/bwa.853016.err> for stderr output of this job.

Sender: LSF System <lsfadmin@compute19>
Subject: Job 853016[6]: <bwa[1-8]> in cluster <tesla2> Exited

Job <bwa[1-8]> was submitted from host <compute03> by user <whitel> in cluster <tesla2> at Thu Jun  6 14:42:01 2024
Job was executed on host(s) <18*compute19>, in queue <rna>, as user <whitel> in cluster <tesla2> at Thu Jun  6 14:42:27 2024
</beevol/home/whitel> was used as the home directory.
</beevol/home/whitel/tRNAworkshop/src> was used as the working directory.
Started at Thu Jun  6 14:42:27 2024
Terminated at Thu Jun  6 14:42:28 2024
Results reported at Thu Jun  6 14:42:28 2024

Your job looked like:

------------------------------------------------------------
# LSBATCH: User input
#! /usr/bin/env bash

#BSUB -J bwa[1-8]
#BSUB -o logs/bwa.%J.out
#BSUB -e logs/bwa.%J.err
#BSUB -R "span[hosts=1]"
#BSUB -q rna
#BSUB -n 18

bwaidx="$HOME/tRNAworkshop/refs/tthermophila-numbered-mature-tRNAs.fa"
in="$HOME/tRNAworkshop/rebasecalled/fastqs"
dest="$HOME/tRNAworkshop/rebasecalled/alignedbams"

set -o nounset -o pipefail -o errexit -x

samples=(
Tetrahymena002_20231207_1743_MN35252_FAX30455_c9f80979.rna002_70bps_fast@v3
Tetrahymena002_20231207_1743_MN35252_FAX30455_c9f80979.rna002_70bps_hac@v3
Tetrahymena004_20231208_0920_MN42516_FAX71838_a244513d.rna004_130bps_fast@v3.0.1
Tetrahymena004_20231208_0920_MN42516_FAX71838_a244513d.rna004_130bps_fast@v5.0.0
Tetrahymena004_20231208_0920_MN42516_FAX71838_a244513d.rna004_130bps_hac@v3.0.1
Tetrahymena004_20231208_0920_MN42516_FAX71838_a244513d.rna004_130bps_hac@v5.0.0
Tetrahymena004_20231208_0920_MN42516_FAX71838_a244513d.rna004_130bps_sup@v3.0.1
Tetrahymena004_20231208_0920_MN42516_FAX71838_a244513d.rna004_130bps_sup@v5.0.0
)

u=${samples[$(( $LSB_JOBINDEX -1 ))]}

### align to tRNA reference - adapter anchored reference alignment
bwa mem -W 13 -k 6 -T 20 -x ont2d $bwaidx $in/${u}.fastq \
| samtools view -F4 -hu - \
| samtools sort -o ${dest}/${u}.bwa.bam

samtools index ${dest}/${u}.bwa.bam


------------------------------------------------------------

Exited with exit code 1.

Resource usage summary:

    CPU time :                                   0.06 sec.
    Max Memory :                                 -
    Average Memory :                             -
    Total Requested Memory :                     -
    Delta Memory :                               -
    Max Swap :                                   -
    Max Processes :                              -
    Max Threads :                                -
    Run time :                                   0 sec.
    Turnaround time :                            32 sec.

The output (if any) follows:

Sender: LSF System <lsfadmin@compute20>
Subject: Job 853016[5]: <bwa[1-8]> in cluster <tesla2> Exited

Job <bwa[1-8]> was submitted from host <compute03> by user <whitel> in cluster <tesla2> at Thu Jun  6 14:42:01 2024
Job was executed on host(s) <18*compute20>, in queue <rna>, as user <whitel> in cluster <tesla2> at Thu Jun  6 14:43:01 2024
</beevol/home/whitel> was used as the home directory.
</beevol/home/whitel/tRNAworkshop/src> was used as the working directory.
Started at Thu Jun  6 14:43:01 2024
Terminated at Thu Jun  6 14:43:02 2024
Results reported at Thu Jun  6 14:43:02 2024

Your job looked like:

------------------------------------------------------------
# LSBATCH: User input
#! /usr/bin/env bash

#BSUB -J bwa[1-8]
#BSUB -o logs/bwa.%J.out
#BSUB -e logs/bwa.%J.err
#BSUB -R "span[hosts=1]"
#BSUB -q rna
#BSUB -n 18

bwaidx="$HOME/tRNAworkshop/refs/tthermophila-numbered-mature-tRNAs.fa"
in="$HOME/tRNAworkshop/rebasecalled/fastqs"
dest="$HOME/tRNAworkshop/rebasecalled/alignedbams"

set -o nounset -o pipefail -o errexit -x

samples=(
Tetrahymena002_20231207_1743_MN35252_FAX30455_c9f80979.rna002_70bps_fast@v3
Tetrahymena002_20231207_1743_MN35252_FAX30455_c9f80979.rna002_70bps_hac@v3
Tetrahymena004_20231208_0920_MN42516_FAX71838_a244513d.rna004_130bps_fast@v3.0.1
Tetrahymena004_20231208_0920_MN42516_FAX71838_a244513d.rna004_130bps_fast@v5.0.0
Tetrahymena004_20231208_0920_MN42516_FAX71838_a244513d.rna004_130bps_hac@v3.0.1
Tetrahymena004_20231208_0920_MN42516_FAX71838_a244513d.rna004_130bps_hac@v5.0.0
Tetrahymena004_20231208_0920_MN42516_FAX71838_a244513d.rna004_130bps_sup@v3.0.1
Tetrahymena004_20231208_0920_MN42516_FAX71838_a244513d.rna004_130bps_sup@v5.0.0
)

u=${samples[$(( $LSB_JOBINDEX -1 ))]}

### align to tRNA reference - adapter anchored reference alignment
bwa mem -W 13 -k 6 -T 20 -x ont2d $bwaidx $in/${u}.fastq \
| samtools view -F4 -hu - \
| samtools sort -o ${dest}/${u}.bwa.bam

samtools index ${dest}/${u}.bwa.bam


------------------------------------------------------------

Exited with exit code 1.

Resource usage summary:

    CPU time :                                   0.06 sec.
    Max Memory :                                 -
    Average Memory :                             -
    Total Requested Memory :                     -
    Delta Memory :                               -
    Max Swap :                                   -
    Max Processes :                              -
    Max Threads :                                -
    Run time :                                   1 sec.
    Turnaround time :                            67 sec.

The output (if any) follows:



PS:

Read file <logs/bwa.853016.err> for stderr output of this job.



PS:

Read file <logs/bwa.853016.err> for stderr output of this job.

Sender: LSF System <lsfadmin@compute20>
Subject: Job 853016[7]: <bwa[1-8]> in cluster <tesla2> Exited

Job <bwa[1-8]> was submitted from host <compute03> by user <whitel> in cluster <tesla2> at Thu Jun  6 14:42:01 2024
Job was executed on host(s) <18*compute20>, in queue <rna>, as user <whitel> in cluster <tesla2> at Thu Jun  6 14:43:11 2024
</beevol/home/whitel> was used as the home directory.
</beevol/home/whitel/tRNAworkshop/src> was used as the working directory.
Started at Thu Jun  6 14:43:11 2024
Terminated at Thu Jun  6 14:43:18 2024
Results reported at Thu Jun  6 14:43:18 2024

Your job looked like:

------------------------------------------------------------
# LSBATCH: User input
#! /usr/bin/env bash

#BSUB -J bwa[1-8]
#BSUB -o logs/bwa.%J.out
#BSUB -e logs/bwa.%J.err
#BSUB -R "span[hosts=1]"
#BSUB -q rna
#BSUB -n 18

bwaidx="$HOME/tRNAworkshop/refs/tthermophila-numbered-mature-tRNAs.fa"
in="$HOME/tRNAworkshop/rebasecalled/fastqs"
dest="$HOME/tRNAworkshop/rebasecalled/alignedbams"

set -o nounset -o pipefail -o errexit -x

samples=(
Tetrahymena002_20231207_1743_MN35252_FAX30455_c9f80979.rna002_70bps_fast@v3
Tetrahymena002_20231207_1743_MN35252_FAX30455_c9f80979.rna002_70bps_hac@v3
Tetrahymena004_20231208_0920_MN42516_FAX71838_a244513d.rna004_130bps_fast@v3.0.1
Tetrahymena004_20231208_0920_MN42516_FAX71838_a244513d.rna004_130bps_fast@v5.0.0
Tetrahymena004_20231208_0920_MN42516_FAX71838_a244513d.rna004_130bps_hac@v3.0.1
Tetrahymena004_20231208_0920_MN42516_FAX71838_a244513d.rna004_130bps_hac@v5.0.0
Tetrahymena004_20231208_0920_MN42516_FAX71838_a244513d.rna004_130bps_sup@v3.0.1
Tetrahymena004_20231208_0920_MN42516_FAX71838_a244513d.rna004_130bps_sup@v5.0.0
)

u=${samples[$(( $LSB_JOBINDEX -1 ))]}

### align to tRNA reference - adapter anchored reference alignment
bwa mem -W 13 -k 6 -T 20 -x ont2d $bwaidx $in/${u}.fastq \
| samtools view -F4 -hu - \
| samtools sort -o ${dest}/${u}.bwa.bam

samtools index ${dest}/${u}.bwa.bam


------------------------------------------------------------

Exited with exit code 1.

Resource usage summary:

    CPU time :                                   0.06 sec.
    Max Memory :                                 -
    Average Memory :                             -
    Total Requested Memory :                     -
    Delta Memory :                               -
    Max Swap :                                   -
    Max Processes :                              1
    Max Threads :                                1
    Run time :                                   6 sec.
    Turnaround time :                            96 sec.

The output (if any) follows:



PS:

Read file <logs/bwa.853016.err> for stderr output of this job.

Sender: LSF System <lsfadmin@compute19>
Subject: Job 853016[8]: <bwa[1-8]> in cluster <tesla2> Exited

Job <bwa[1-8]> was submitted from host <compute03> by user <whitel> in cluster <tesla2> at Thu Jun  6 14:42:01 2024
Job was executed on host(s) <18*compute19>, in queue <rna>, as user <whitel> in cluster <tesla2> at Thu Jun  6 14:42:37 2024
</beevol/home/whitel> was used as the home directory.
</beevol/home/whitel/tRNAworkshop/src> was used as the working directory.
Started at Thu Jun  6 14:42:37 2024
Terminated at Thu Jun  6 14:43:03 2024
Results reported at Thu Jun  6 14:43:03 2024

Your job looked like:

------------------------------------------------------------
# LSBATCH: User input
#! /usr/bin/env bash

#BSUB -J bwa[1-8]
#BSUB -o logs/bwa.%J.out
#BSUB -e logs/bwa.%J.err
#BSUB -R "span[hosts=1]"
#BSUB -q rna
#BSUB -n 18

bwaidx="$HOME/tRNAworkshop/refs/tthermophila-numbered-mature-tRNAs.fa"
in="$HOME/tRNAworkshop/rebasecalled/fastqs"
dest="$HOME/tRNAworkshop/rebasecalled/alignedbams"

set -o nounset -o pipefail -o errexit -x

samples=(
Tetrahymena002_20231207_1743_MN35252_FAX30455_c9f80979.rna002_70bps_fast@v3
Tetrahymena002_20231207_1743_MN35252_FAX30455_c9f80979.rna002_70bps_hac@v3
Tetrahymena004_20231208_0920_MN42516_FAX71838_a244513d.rna004_130bps_fast@v3.0.1
Tetrahymena004_20231208_0920_MN42516_FAX71838_a244513d.rna004_130bps_fast@v5.0.0
Tetrahymena004_20231208_0920_MN42516_FAX71838_a244513d.rna004_130bps_hac@v3.0.1
Tetrahymena004_20231208_0920_MN42516_FAX71838_a244513d.rna004_130bps_hac@v5.0.0
Tetrahymena004_20231208_0920_MN42516_FAX71838_a244513d.rna004_130bps_sup@v3.0.1
Tetrahymena004_20231208_0920_MN42516_FAX71838_a244513d.rna004_130bps_sup@v5.0.0
)

u=${samples[$(( $LSB_JOBINDEX -1 ))]}

### align to tRNA reference - adapter anchored reference alignment
bwa mem -W 13 -k 6 -T 20 -x ont2d $bwaidx $in/${u}.fastq \
| samtools view -F4 -hu - \
| samtools sort -o ${dest}/${u}.bwa.bam

samtools index ${dest}/${u}.bwa.bam


------------------------------------------------------------

Exited with exit code 1.

Resource usage summary:

    CPU time :                                   0.06 sec.
    Max Memory :                                 -
    Average Memory :                             -
    Total Requested Memory :                     -
    Delta Memory :                               -
    Max Swap :                                   -
    Max Processes :                              3
    Max Threads :                                4
    Run time :                                   25 sec.
    Turnaround time :                            65 sec.

The output (if any) follows:



PS:

Read file <logs/bwa.853016.err> for stderr output of this job.

