Sender: LSF System <lsfadmin@compute01>
Subject: Job 853056[3]: <bwa[1-12]> in cluster <tesla2> Exited

Job <bwa[1-12]> was submitted from host <compute03> by user <whitel> in cluster <tesla2> at Thu Jun  6 15:08:04 2024
Job was executed on host(s) <18*compute01>, in queue <rna>, as user <whitel> in cluster <tesla2> at Thu Jun  6 17:40:32 2024
</beevol/home/whitel> was used as the home directory.
</beevol/home/whitel/tRNAworkshop/src> was used as the working directory.
Started at Thu Jun  6 17:40:32 2024
Terminated at Thu Jun  6 17:41:09 2024
Results reported at Thu Jun  6 17:41:09 2024

Your job looked like:

------------------------------------------------------------
# LSBATCH: User input
#! /usr/bin/env bash

#BSUB -J bwa[1-12]
#BSUB -o logs/bwa.%J.out
#BSUB -e logs/bwa.%J.err
#BSUB -R "span[hosts=1]"
#BSUB -q rna
#BSUB -n 18

bwaidx="$HOME/tRNAworkshop/ref/sacCer-mito-and-nuclear-tRNAs.fa"
in="$HOME/tRNAworkshop/rebasecalled/fastqs"
dest="$HOME/tRNAworkshop/rebasecalled/alignedbams"

set -o nounset -o pipefail -o errexit -x

samples=(
WTyeast004_20231111_1104_P2S-00519-B_PAQ47538_fa3726ec.rna004_130bps_sup@v3.0.1
WTyeast004_20231111_1104_P2S-00519-B_PAQ47538_fa3726ec.rna004_130bps_sup@v5.0.0
Petityeast004_20240105_1222_P2S-00519-A_PAQ47538_49891fce.rna004_130bps_sup@v3.0.1.fastq
Petityeast004_20240105_1222_P2S-00519-A_PAQ47538_49891fce.rna004_130bps_sup@v5.0.0.fastq
Pus1yeast004_20240105_1330_P2S-00519-A_PAS92267_56de71b8.rna004_130bps_sup@v3.0.1.fastq
Pus1yeast004_20240105_1330_P2S-00519-A_PAS92267_56de71b8.rna004_130bps_sup@v5.0.0.fastq
Pus2yeast004_20240105_1330_P2S-00519-B_PAS98920_19ba906c.rna004_130bps_sup@v3.0.1.fastq
Pus2yeast004_20240105_1330_P2S-00519-B_PAS98920_19ba906c.rna004_130bps_sup@v5.0.0.fastq
Pus4yeast004_20231208_1152_MN42516_FAX71838_e2d70aac.rna004_130bps_sup@v3.0.1.fastq
Pus4yeast004_20231208_1601_MN31004_FAX30455_c72fd68f.rna002_130bps_sup@v5.0.0.fastq
Grandeyeast004_20240105_1222_P2S-00519-B_PAS98845_231d7d7e.rna004_130bps_sup@v3.0.1.fastq
Grandeyeast004_20240105_1222_P2S-00519-B_PAS98845_231d7d7e.rna004_130bps_sup@v5.0.0.fastq
)

u=${samples[$(( $LSB_JOBINDEX -1 ))]}

### align to tRNA reference - adapter anchored reference alignment
bwa mem -W 13 -k 6 -T 20 -x ont2d $bwaidx $in/${u}.fastq \
| samtools view -F4 -hu - \
| samtools sort -o ${dest}/${u}.bwa.bam

samtools index ${dest}/${u}.bwa.bam

------------------------------------------------------------

Exited with exit code 1.

Resource usage summary:

    CPU time :                                   0.15 sec.
    Max Memory :                                 -
    Average Memory :                             -
    Total Requested Memory :                     -
    Delta Memory :                               -
    Max Swap :                                   -
    Max Processes :                              6
    Max Threads :                                7
    Run time :                                   38 sec.
    Turnaround time :                            9189 sec.

The output (if any) follows:



PS:

Read file <logs/bwa.853056.err> for stderr output of this job.

Sender: LSF System <lsfadmin@compute01>
Subject: Job 853056[4]: <bwa[1-12]> in cluster <tesla2> Exited

Job <bwa[1-12]> was submitted from host <compute03> by user <whitel> in cluster <tesla2> at Thu Jun  6 15:08:04 2024
Job was executed on host(s) <18*compute01>, in queue <rna>, as user <whitel> in cluster <tesla2> at Thu Jun  6 17:41:09 2024
</beevol/home/whitel> was used as the home directory.
</beevol/home/whitel/tRNAworkshop/src> was used as the working directory.
Started at Thu Jun  6 17:41:09 2024
Terminated at Thu Jun  6 17:41:25 2024
Results reported at Thu Jun  6 17:41:25 2024

Your job looked like:

------------------------------------------------------------
# LSBATCH: User input
#! /usr/bin/env bash

#BSUB -J bwa[1-12]
#BSUB -o logs/bwa.%J.out
#BSUB -e logs/bwa.%J.err
#BSUB -R "span[hosts=1]"
#BSUB -q rna
#BSUB -n 18

bwaidx="$HOME/tRNAworkshop/ref/sacCer-mito-and-nuclear-tRNAs.fa"
in="$HOME/tRNAworkshop/rebasecalled/fastqs"
dest="$HOME/tRNAworkshop/rebasecalled/alignedbams"

set -o nounset -o pipefail -o errexit -x

samples=(
WTyeast004_20231111_1104_P2S-00519-B_PAQ47538_fa3726ec.rna004_130bps_sup@v3.0.1
WTyeast004_20231111_1104_P2S-00519-B_PAQ47538_fa3726ec.rna004_130bps_sup@v5.0.0
Petityeast004_20240105_1222_P2S-00519-A_PAQ47538_49891fce.rna004_130bps_sup@v3.0.1.fastq
Petityeast004_20240105_1222_P2S-00519-A_PAQ47538_49891fce.rna004_130bps_sup@v5.0.0.fastq
Pus1yeast004_20240105_1330_P2S-00519-A_PAS92267_56de71b8.rna004_130bps_sup@v3.0.1.fastq
Pus1yeast004_20240105_1330_P2S-00519-A_PAS92267_56de71b8.rna004_130bps_sup@v5.0.0.fastq
Pus2yeast004_20240105_1330_P2S-00519-B_PAS98920_19ba906c.rna004_130bps_sup@v3.0.1.fastq
Pus2yeast004_20240105_1330_P2S-00519-B_PAS98920_19ba906c.rna004_130bps_sup@v5.0.0.fastq
Pus4yeast004_20231208_1152_MN42516_FAX71838_e2d70aac.rna004_130bps_sup@v3.0.1.fastq
Pus4yeast004_20231208_1601_MN31004_FAX30455_c72fd68f.rna002_130bps_sup@v5.0.0.fastq
Grandeyeast004_20240105_1222_P2S-00519-B_PAS98845_231d7d7e.rna004_130bps_sup@v3.0.1.fastq
Grandeyeast004_20240105_1222_P2S-00519-B_PAS98845_231d7d7e.rna004_130bps_sup@v5.0.0.fastq
)

u=${samples[$(( $LSB_JOBINDEX -1 ))]}

### align to tRNA reference - adapter anchored reference alignment
bwa mem -W 13 -k 6 -T 20 -x ont2d $bwaidx $in/${u}.fastq \
| samtools view -F4 -hu - \
| samtools sort -o ${dest}/${u}.bwa.bam

samtools index ${dest}/${u}.bwa.bam

------------------------------------------------------------

Exited with exit code 1.

Resource usage summary:

    CPU time :                                   0.12 sec.
    Max Memory :                                 -
    Average Memory :                             -
    Total Requested Memory :                     -
    Delta Memory :                               -
    Max Swap :                                   -
    Max Processes :                              6
    Max Threads :                                7
    Run time :                                   16 sec.
    Turnaround time :                            9205 sec.

The output (if any) follows:



PS:

Read file <logs/bwa.853056.err> for stderr output of this job.

Sender: LSF System <lsfadmin@compute01>
Subject: Job 853056[5]: <bwa[1-12]> in cluster <tesla2> Exited

Job <bwa[1-12]> was submitted from host <compute03> by user <whitel> in cluster <tesla2> at Thu Jun  6 15:08:04 2024
Job was executed on host(s) <18*compute01>, in queue <rna>, as user <whitel> in cluster <tesla2> at Thu Jun  6 17:41:25 2024
</beevol/home/whitel> was used as the home directory.
</beevol/home/whitel/tRNAworkshop/src> was used as the working directory.
Started at Thu Jun  6 17:41:25 2024
Terminated at Thu Jun  6 17:41:33 2024
Results reported at Thu Jun  6 17:41:33 2024

Your job looked like:

------------------------------------------------------------
# LSBATCH: User input
#! /usr/bin/env bash

#BSUB -J bwa[1-12]
#BSUB -o logs/bwa.%J.out
#BSUB -e logs/bwa.%J.err
#BSUB -R "span[hosts=1]"
#BSUB -q rna
#BSUB -n 18

bwaidx="$HOME/tRNAworkshop/ref/sacCer-mito-and-nuclear-tRNAs.fa"
in="$HOME/tRNAworkshop/rebasecalled/fastqs"
dest="$HOME/tRNAworkshop/rebasecalled/alignedbams"

set -o nounset -o pipefail -o errexit -x

samples=(
WTyeast004_20231111_1104_P2S-00519-B_PAQ47538_fa3726ec.rna004_130bps_sup@v3.0.1
WTyeast004_20231111_1104_P2S-00519-B_PAQ47538_fa3726ec.rna004_130bps_sup@v5.0.0
Petityeast004_20240105_1222_P2S-00519-A_PAQ47538_49891fce.rna004_130bps_sup@v3.0.1.fastq
Petityeast004_20240105_1222_P2S-00519-A_PAQ47538_49891fce.rna004_130bps_sup@v5.0.0.fastq
Pus1yeast004_20240105_1330_P2S-00519-A_PAS92267_56de71b8.rna004_130bps_sup@v3.0.1.fastq
Pus1yeast004_20240105_1330_P2S-00519-A_PAS92267_56de71b8.rna004_130bps_sup@v5.0.0.fastq
Pus2yeast004_20240105_1330_P2S-00519-B_PAS98920_19ba906c.rna004_130bps_sup@v3.0.1.fastq
Pus2yeast004_20240105_1330_P2S-00519-B_PAS98920_19ba906c.rna004_130bps_sup@v5.0.0.fastq
Pus4yeast004_20231208_1152_MN42516_FAX71838_e2d70aac.rna004_130bps_sup@v3.0.1.fastq
Pus4yeast004_20231208_1601_MN31004_FAX30455_c72fd68f.rna002_130bps_sup@v5.0.0.fastq
Grandeyeast004_20240105_1222_P2S-00519-B_PAS98845_231d7d7e.rna004_130bps_sup@v3.0.1.fastq
Grandeyeast004_20240105_1222_P2S-00519-B_PAS98845_231d7d7e.rna004_130bps_sup@v5.0.0.fastq
)

u=${samples[$(( $LSB_JOBINDEX -1 ))]}

### align to tRNA reference - adapter anchored reference alignment
bwa mem -W 13 -k 6 -T 20 -x ont2d $bwaidx $in/${u}.fastq \
| samtools view -F4 -hu - \
| samtools sort -o ${dest}/${u}.bwa.bam

samtools index ${dest}/${u}.bwa.bam

------------------------------------------------------------

Exited with exit code 1.

Resource usage summary:

    CPU time :                                   0.12 sec.
    Max Memory :                                 -
    Average Memory :                             -
    Total Requested Memory :                     -
    Delta Memory :                               -
    Max Swap :                                   -
    Max Processes :                              6
    Max Threads :                                7
    Run time :                                   8 sec.
    Turnaround time :                            9213 sec.

The output (if any) follows:



PS:

Read file <logs/bwa.853056.err> for stderr output of this job.

Sender: LSF System <lsfadmin@compute01>
Subject: Job 853056[6]: <bwa[1-12]> in cluster <tesla2> Exited

Job <bwa[1-12]> was submitted from host <compute03> by user <whitel> in cluster <tesla2> at Thu Jun  6 15:08:04 2024
Job was executed on host(s) <18*compute01>, in queue <rna>, as user <whitel> in cluster <tesla2> at Thu Jun  6 17:41:35 2024
</beevol/home/whitel> was used as the home directory.
</beevol/home/whitel/tRNAworkshop/src> was used as the working directory.
Started at Thu Jun  6 17:41:35 2024
Terminated at Thu Jun  6 17:41:38 2024
Results reported at Thu Jun  6 17:41:38 2024

Your job looked like:

------------------------------------------------------------
# LSBATCH: User input
#! /usr/bin/env bash

#BSUB -J bwa[1-12]
#BSUB -o logs/bwa.%J.out
#BSUB -e logs/bwa.%J.err
#BSUB -R "span[hosts=1]"
#BSUB -q rna
#BSUB -n 18

bwaidx="$HOME/tRNAworkshop/ref/sacCer-mito-and-nuclear-tRNAs.fa"
in="$HOME/tRNAworkshop/rebasecalled/fastqs"
dest="$HOME/tRNAworkshop/rebasecalled/alignedbams"

set -o nounset -o pipefail -o errexit -x

samples=(
WTyeast004_20231111_1104_P2S-00519-B_PAQ47538_fa3726ec.rna004_130bps_sup@v3.0.1
WTyeast004_20231111_1104_P2S-00519-B_PAQ47538_fa3726ec.rna004_130bps_sup@v5.0.0
Petityeast004_20240105_1222_P2S-00519-A_PAQ47538_49891fce.rna004_130bps_sup@v3.0.1.fastq
Petityeast004_20240105_1222_P2S-00519-A_PAQ47538_49891fce.rna004_130bps_sup@v5.0.0.fastq
Pus1yeast004_20240105_1330_P2S-00519-A_PAS92267_56de71b8.rna004_130bps_sup@v3.0.1.fastq
Pus1yeast004_20240105_1330_P2S-00519-A_PAS92267_56de71b8.rna004_130bps_sup@v5.0.0.fastq
Pus2yeast004_20240105_1330_P2S-00519-B_PAS98920_19ba906c.rna004_130bps_sup@v3.0.1.fastq
Pus2yeast004_20240105_1330_P2S-00519-B_PAS98920_19ba906c.rna004_130bps_sup@v5.0.0.fastq
Pus4yeast004_20231208_1152_MN42516_FAX71838_e2d70aac.rna004_130bps_sup@v3.0.1.fastq
Pus4yeast004_20231208_1601_MN31004_FAX30455_c72fd68f.rna002_130bps_sup@v5.0.0.fastq
Grandeyeast004_20240105_1222_P2S-00519-B_PAS98845_231d7d7e.rna004_130bps_sup@v3.0.1.fastq
Grandeyeast004_20240105_1222_P2S-00519-B_PAS98845_231d7d7e.rna004_130bps_sup@v5.0.0.fastq
)

u=${samples[$(( $LSB_JOBINDEX -1 ))]}

### align to tRNA reference - adapter anchored reference alignment
bwa mem -W 13 -k 6 -T 20 -x ont2d $bwaidx $in/${u}.fastq \
| samtools view -F4 -hu - \
| samtools sort -o ${dest}/${u}.bwa.bam

samtools index ${dest}/${u}.bwa.bam

------------------------------------------------------------

Exited with exit code 1.

Resource usage summary:

    CPU time :                                   0.11 sec.
    Max Memory :                                 -
    Average Memory :                             -
    Total Requested Memory :                     -
    Delta Memory :                               -
    Max Swap :                                   -
    Max Processes :                              4
    Max Threads :                                5
    Run time :                                   2 sec.
    Turnaround time :                            9218 sec.

The output (if any) follows:



PS:

Read file <logs/bwa.853056.err> for stderr output of this job.

Sender: LSF System <lsfadmin@compute01>
Subject: Job 853056[7]: <bwa[1-12]> in cluster <tesla2> Exited

Job <bwa[1-12]> was submitted from host <compute03> by user <whitel> in cluster <tesla2> at Thu Jun  6 15:08:04 2024
Job was executed on host(s) <18*compute01>, in queue <rna>, as user <whitel> in cluster <tesla2> at Thu Jun  6 17:41:44 2024
</beevol/home/whitel> was used as the home directory.
</beevol/home/whitel/tRNAworkshop/src> was used as the working directory.
Started at Thu Jun  6 17:41:44 2024
Terminated at Thu Jun  6 17:41:57 2024
Results reported at Thu Jun  6 17:41:57 2024

Your job looked like:

------------------------------------------------------------
# LSBATCH: User input
#! /usr/bin/env bash

#BSUB -J bwa[1-12]
#BSUB -o logs/bwa.%J.out
#BSUB -e logs/bwa.%J.err
#BSUB -R "span[hosts=1]"
#BSUB -q rna
#BSUB -n 18

bwaidx="$HOME/tRNAworkshop/ref/sacCer-mito-and-nuclear-tRNAs.fa"
in="$HOME/tRNAworkshop/rebasecalled/fastqs"
dest="$HOME/tRNAworkshop/rebasecalled/alignedbams"

set -o nounset -o pipefail -o errexit -x

samples=(
WTyeast004_20231111_1104_P2S-00519-B_PAQ47538_fa3726ec.rna004_130bps_sup@v3.0.1
WTyeast004_20231111_1104_P2S-00519-B_PAQ47538_fa3726ec.rna004_130bps_sup@v5.0.0
Petityeast004_20240105_1222_P2S-00519-A_PAQ47538_49891fce.rna004_130bps_sup@v3.0.1.fastq
Petityeast004_20240105_1222_P2S-00519-A_PAQ47538_49891fce.rna004_130bps_sup@v5.0.0.fastq
Pus1yeast004_20240105_1330_P2S-00519-A_PAS92267_56de71b8.rna004_130bps_sup@v3.0.1.fastq
Pus1yeast004_20240105_1330_P2S-00519-A_PAS92267_56de71b8.rna004_130bps_sup@v5.0.0.fastq
Pus2yeast004_20240105_1330_P2S-00519-B_PAS98920_19ba906c.rna004_130bps_sup@v3.0.1.fastq
Pus2yeast004_20240105_1330_P2S-00519-B_PAS98920_19ba906c.rna004_130bps_sup@v5.0.0.fastq
Pus4yeast004_20231208_1152_MN42516_FAX71838_e2d70aac.rna004_130bps_sup@v3.0.1.fastq
Pus4yeast004_20231208_1601_MN31004_FAX30455_c72fd68f.rna002_130bps_sup@v5.0.0.fastq
Grandeyeast004_20240105_1222_P2S-00519-B_PAS98845_231d7d7e.rna004_130bps_sup@v3.0.1.fastq
Grandeyeast004_20240105_1222_P2S-00519-B_PAS98845_231d7d7e.rna004_130bps_sup@v5.0.0.fastq
)

u=${samples[$(( $LSB_JOBINDEX -1 ))]}

### align to tRNA reference - adapter anchored reference alignment
bwa mem -W 13 -k 6 -T 20 -x ont2d $bwaidx $in/${u}.fastq \
| samtools view -F4 -hu - \
| samtools sort -o ${dest}/${u}.bwa.bam

samtools index ${dest}/${u}.bwa.bam

------------------------------------------------------------

Exited with exit code 1.

Resource usage summary:

    CPU time :                                   0.12 sec.
    Max Memory :                                 -
    Average Memory :                             -
    Total Requested Memory :                     -
    Delta Memory :                               -
    Max Swap :                                   -
    Max Processes :                              3
    Max Threads :                                4
    Run time :                                   11 sec.
    Turnaround time :                            9238 sec.

The output (if any) follows:



PS:

Read file <logs/bwa.853056.err> for stderr output of this job.

Sender: LSF System <lsfadmin@compute01>
Subject: Job 853056[8]: <bwa[1-12]> in cluster <tesla2> Exited

Job <bwa[1-12]> was submitted from host <compute03> by user <whitel> in cluster <tesla2> at Thu Jun  6 15:08:04 2024
Job was executed on host(s) <18*compute01>, in queue <rna>, as user <whitel> in cluster <tesla2> at Thu Jun  6 17:41:56 2024
</beevol/home/whitel> was used as the home directory.
</beevol/home/whitel/tRNAworkshop/src> was used as the working directory.
Started at Thu Jun  6 17:41:56 2024
Terminated at Thu Jun  6 17:41:59 2024
Results reported at Thu Jun  6 17:41:59 2024

Your job looked like:

------------------------------------------------------------
# LSBATCH: User input
#! /usr/bin/env bash

#BSUB -J bwa[1-12]
#BSUB -o logs/bwa.%J.out
#BSUB -e logs/bwa.%J.err
#BSUB -R "span[hosts=1]"
#BSUB -q rna
#BSUB -n 18

bwaidx="$HOME/tRNAworkshop/ref/sacCer-mito-and-nuclear-tRNAs.fa"
in="$HOME/tRNAworkshop/rebasecalled/fastqs"
dest="$HOME/tRNAworkshop/rebasecalled/alignedbams"

set -o nounset -o pipefail -o errexit -x

samples=(
WTyeast004_20231111_1104_P2S-00519-B_PAQ47538_fa3726ec.rna004_130bps_sup@v3.0.1
WTyeast004_20231111_1104_P2S-00519-B_PAQ47538_fa3726ec.rna004_130bps_sup@v5.0.0
Petityeast004_20240105_1222_P2S-00519-A_PAQ47538_49891fce.rna004_130bps_sup@v3.0.1.fastq
Petityeast004_20240105_1222_P2S-00519-A_PAQ47538_49891fce.rna004_130bps_sup@v5.0.0.fastq
Pus1yeast004_20240105_1330_P2S-00519-A_PAS92267_56de71b8.rna004_130bps_sup@v3.0.1.fastq
Pus1yeast004_20240105_1330_P2S-00519-A_PAS92267_56de71b8.rna004_130bps_sup@v5.0.0.fastq
Pus2yeast004_20240105_1330_P2S-00519-B_PAS98920_19ba906c.rna004_130bps_sup@v3.0.1.fastq
Pus2yeast004_20240105_1330_P2S-00519-B_PAS98920_19ba906c.rna004_130bps_sup@v5.0.0.fastq
Pus4yeast004_20231208_1152_MN42516_FAX71838_e2d70aac.rna004_130bps_sup@v3.0.1.fastq
Pus4yeast004_20231208_1601_MN31004_FAX30455_c72fd68f.rna002_130bps_sup@v5.0.0.fastq
Grandeyeast004_20240105_1222_P2S-00519-B_PAS98845_231d7d7e.rna004_130bps_sup@v3.0.1.fastq
Grandeyeast004_20240105_1222_P2S-00519-B_PAS98845_231d7d7e.rna004_130bps_sup@v5.0.0.fastq
)

u=${samples[$(( $LSB_JOBINDEX -1 ))]}

### align to tRNA reference - adapter anchored reference alignment
bwa mem -W 13 -k 6 -T 20 -x ont2d $bwaidx $in/${u}.fastq \
| samtools view -F4 -hu - \
| samtools sort -o ${dest}/${u}.bwa.bam

samtools index ${dest}/${u}.bwa.bam

------------------------------------------------------------

Exited with exit code 1.

Resource usage summary:

    CPU time :                                   0.11 sec.
    Max Memory :                                 -
    Average Memory :                             -
    Total Requested Memory :                     -
    Delta Memory :                               -
    Max Swap :                                   -
    Max Processes :                              1
    Max Threads :                                1
    Run time :                                   2 sec.
    Turnaround time :                            9241 sec.

The output (if any) follows:



PS:

Read file <logs/bwa.853056.err> for stderr output of this job.

Sender: LSF System <lsfadmin@compute01>
Subject: Job 853056[9]: <bwa[1-12]> in cluster <tesla2> Exited

Job <bwa[1-12]> was submitted from host <compute03> by user <whitel> in cluster <tesla2> at Thu Jun  6 15:08:04 2024
Job was executed on host(s) <18*compute01>, in queue <rna>, as user <whitel> in cluster <tesla2> at Thu Jun  6 17:42:06 2024
</beevol/home/whitel> was used as the home directory.
</beevol/home/whitel/tRNAworkshop/src> was used as the working directory.
Started at Thu Jun  6 17:42:06 2024
Terminated at Thu Jun  6 17:42:09 2024
Results reported at Thu Jun  6 17:42:09 2024

Your job looked like:

------------------------------------------------------------
# LSBATCH: User input
#! /usr/bin/env bash

#BSUB -J bwa[1-12]
#BSUB -o logs/bwa.%J.out
#BSUB -e logs/bwa.%J.err
#BSUB -R "span[hosts=1]"
#BSUB -q rna
#BSUB -n 18

bwaidx="$HOME/tRNAworkshop/ref/sacCer-mito-and-nuclear-tRNAs.fa"
in="$HOME/tRNAworkshop/rebasecalled/fastqs"
dest="$HOME/tRNAworkshop/rebasecalled/alignedbams"

set -o nounset -o pipefail -o errexit -x

samples=(
WTyeast004_20231111_1104_P2S-00519-B_PAQ47538_fa3726ec.rna004_130bps_sup@v3.0.1
WTyeast004_20231111_1104_P2S-00519-B_PAQ47538_fa3726ec.rna004_130bps_sup@v5.0.0
Petityeast004_20240105_1222_P2S-00519-A_PAQ47538_49891fce.rna004_130bps_sup@v3.0.1.fastq
Petityeast004_20240105_1222_P2S-00519-A_PAQ47538_49891fce.rna004_130bps_sup@v5.0.0.fastq
Pus1yeast004_20240105_1330_P2S-00519-A_PAS92267_56de71b8.rna004_130bps_sup@v3.0.1.fastq
Pus1yeast004_20240105_1330_P2S-00519-A_PAS92267_56de71b8.rna004_130bps_sup@v5.0.0.fastq
Pus2yeast004_20240105_1330_P2S-00519-B_PAS98920_19ba906c.rna004_130bps_sup@v3.0.1.fastq
Pus2yeast004_20240105_1330_P2S-00519-B_PAS98920_19ba906c.rna004_130bps_sup@v5.0.0.fastq
Pus4yeast004_20231208_1152_MN42516_FAX71838_e2d70aac.rna004_130bps_sup@v3.0.1.fastq
Pus4yeast004_20231208_1601_MN31004_FAX30455_c72fd68f.rna002_130bps_sup@v5.0.0.fastq
Grandeyeast004_20240105_1222_P2S-00519-B_PAS98845_231d7d7e.rna004_130bps_sup@v3.0.1.fastq
Grandeyeast004_20240105_1222_P2S-00519-B_PAS98845_231d7d7e.rna004_130bps_sup@v5.0.0.fastq
)

u=${samples[$(( $LSB_JOBINDEX -1 ))]}

### align to tRNA reference - adapter anchored reference alignment
bwa mem -W 13 -k 6 -T 20 -x ont2d $bwaidx $in/${u}.fastq \
| samtools view -F4 -hu - \
| samtools sort -o ${dest}/${u}.bwa.bam

samtools index ${dest}/${u}.bwa.bam

------------------------------------------------------------

Exited with exit code 1.

Resource usage summary:

    CPU time :                                   0.11 sec.
    Max Memory :                                 -
    Average Memory :                             -
    Total Requested Memory :                     -
    Delta Memory :                               -
    Max Swap :                                   -
    Max Processes :                              1
    Max Threads :                                1
    Run time :                                   2 sec.
    Turnaround time :                            9249 sec.

The output (if any) follows:



PS:

Read file <logs/bwa.853056.err> for stderr output of this job.

Sender: LSF System <lsfadmin@compute01>
Subject: Job 853056[10]: <bwa[1-12]> in cluster <tesla2> Exited

Job <bwa[1-12]> was submitted from host <compute03> by user <whitel> in cluster <tesla2> at Thu Jun  6 15:08:04 2024
Job was executed on host(s) <18*compute01>, in queue <rna>, as user <whitel> in cluster <tesla2> at Thu Jun  6 17:42:15 2024
</beevol/home/whitel> was used as the home directory.
</beevol/home/whitel/tRNAworkshop/src> was used as the working directory.
Started at Thu Jun  6 17:42:15 2024
Terminated at Thu Jun  6 17:42:44 2024
Results reported at Thu Jun  6 17:42:44 2024

Your job looked like:

------------------------------------------------------------
# LSBATCH: User input
#! /usr/bin/env bash

#BSUB -J bwa[1-12]
#BSUB -o logs/bwa.%J.out
#BSUB -e logs/bwa.%J.err
#BSUB -R "span[hosts=1]"
#BSUB -q rna
#BSUB -n 18

bwaidx="$HOME/tRNAworkshop/ref/sacCer-mito-and-nuclear-tRNAs.fa"
in="$HOME/tRNAworkshop/rebasecalled/fastqs"
dest="$HOME/tRNAworkshop/rebasecalled/alignedbams"

set -o nounset -o pipefail -o errexit -x

samples=(
WTyeast004_20231111_1104_P2S-00519-B_PAQ47538_fa3726ec.rna004_130bps_sup@v3.0.1
WTyeast004_20231111_1104_P2S-00519-B_PAQ47538_fa3726ec.rna004_130bps_sup@v5.0.0
Petityeast004_20240105_1222_P2S-00519-A_PAQ47538_49891fce.rna004_130bps_sup@v3.0.1.fastq
Petityeast004_20240105_1222_P2S-00519-A_PAQ47538_49891fce.rna004_130bps_sup@v5.0.0.fastq
Pus1yeast004_20240105_1330_P2S-00519-A_PAS92267_56de71b8.rna004_130bps_sup@v3.0.1.fastq
Pus1yeast004_20240105_1330_P2S-00519-A_PAS92267_56de71b8.rna004_130bps_sup@v5.0.0.fastq
Pus2yeast004_20240105_1330_P2S-00519-B_PAS98920_19ba906c.rna004_130bps_sup@v3.0.1.fastq
Pus2yeast004_20240105_1330_P2S-00519-B_PAS98920_19ba906c.rna004_130bps_sup@v5.0.0.fastq
Pus4yeast004_20231208_1152_MN42516_FAX71838_e2d70aac.rna004_130bps_sup@v3.0.1.fastq
Pus4yeast004_20231208_1601_MN31004_FAX30455_c72fd68f.rna002_130bps_sup@v5.0.0.fastq
Grandeyeast004_20240105_1222_P2S-00519-B_PAS98845_231d7d7e.rna004_130bps_sup@v3.0.1.fastq
Grandeyeast004_20240105_1222_P2S-00519-B_PAS98845_231d7d7e.rna004_130bps_sup@v5.0.0.fastq
)

u=${samples[$(( $LSB_JOBINDEX -1 ))]}

### align to tRNA reference - adapter anchored reference alignment
bwa mem -W 13 -k 6 -T 20 -x ont2d $bwaidx $in/${u}.fastq \
| samtools view -F4 -hu - \
| samtools sort -o ${dest}/${u}.bwa.bam

samtools index ${dest}/${u}.bwa.bam

------------------------------------------------------------

Exited with exit code 1.

Resource usage summary:

    CPU time :                                   0.14 sec.
    Max Memory :                                 -
    Average Memory :                             -
    Total Requested Memory :                     -
    Delta Memory :                               -
    Max Swap :                                   -
    Max Processes :                              3
    Max Threads :                                4
    Run time :                                   28 sec.
    Turnaround time :                            9284 sec.

The output (if any) follows:



PS:

Read file <logs/bwa.853056.err> for stderr output of this job.

Sender: LSF System <lsfadmin@compute01>
Subject: Job 853056[11]: <bwa[1-12]> in cluster <tesla2> Exited

Job <bwa[1-12]> was submitted from host <compute03> by user <whitel> in cluster <tesla2> at Thu Jun  6 15:08:04 2024
Job was executed on host(s) <18*compute01>, in queue <rna>, as user <whitel> in cluster <tesla2> at Thu Jun  6 17:42:44 2024
</beevol/home/whitel> was used as the home directory.
</beevol/home/whitel/tRNAworkshop/src> was used as the working directory.
Started at Thu Jun  6 17:42:44 2024
Terminated at Thu Jun  6 17:43:35 2024
Results reported at Thu Jun  6 17:43:35 2024

Your job looked like:

------------------------------------------------------------
# LSBATCH: User input
#! /usr/bin/env bash

#BSUB -J bwa[1-12]
#BSUB -o logs/bwa.%J.out
#BSUB -e logs/bwa.%J.err
#BSUB -R "span[hosts=1]"
#BSUB -q rna
#BSUB -n 18

bwaidx="$HOME/tRNAworkshop/ref/sacCer-mito-and-nuclear-tRNAs.fa"
in="$HOME/tRNAworkshop/rebasecalled/fastqs"
dest="$HOME/tRNAworkshop/rebasecalled/alignedbams"

set -o nounset -o pipefail -o errexit -x

samples=(
WTyeast004_20231111_1104_P2S-00519-B_PAQ47538_fa3726ec.rna004_130bps_sup@v3.0.1
WTyeast004_20231111_1104_P2S-00519-B_PAQ47538_fa3726ec.rna004_130bps_sup@v5.0.0
Petityeast004_20240105_1222_P2S-00519-A_PAQ47538_49891fce.rna004_130bps_sup@v3.0.1.fastq
Petityeast004_20240105_1222_P2S-00519-A_PAQ47538_49891fce.rna004_130bps_sup@v5.0.0.fastq
Pus1yeast004_20240105_1330_P2S-00519-A_PAS92267_56de71b8.rna004_130bps_sup@v3.0.1.fastq
Pus1yeast004_20240105_1330_P2S-00519-A_PAS92267_56de71b8.rna004_130bps_sup@v5.0.0.fastq
Pus2yeast004_20240105_1330_P2S-00519-B_PAS98920_19ba906c.rna004_130bps_sup@v3.0.1.fastq
Pus2yeast004_20240105_1330_P2S-00519-B_PAS98920_19ba906c.rna004_130bps_sup@v5.0.0.fastq
Pus4yeast004_20231208_1152_MN42516_FAX71838_e2d70aac.rna004_130bps_sup@v3.0.1.fastq
Pus4yeast004_20231208_1601_MN31004_FAX30455_c72fd68f.rna002_130bps_sup@v5.0.0.fastq
Grandeyeast004_20240105_1222_P2S-00519-B_PAS98845_231d7d7e.rna004_130bps_sup@v3.0.1.fastq
Grandeyeast004_20240105_1222_P2S-00519-B_PAS98845_231d7d7e.rna004_130bps_sup@v5.0.0.fastq
)

u=${samples[$(( $LSB_JOBINDEX -1 ))]}

### align to tRNA reference - adapter anchored reference alignment
bwa mem -W 13 -k 6 -T 20 -x ont2d $bwaidx $in/${u}.fastq \
| samtools view -F4 -hu - \
| samtools sort -o ${dest}/${u}.bwa.bam

samtools index ${dest}/${u}.bwa.bam

------------------------------------------------------------

Exited with exit code 1.

Resource usage summary:

    CPU time :                                   0.12 sec.
    Max Memory :                                 -
    Average Memory :                             -
    Total Requested Memory :                     -
    Delta Memory :                               -
    Max Swap :                                   -
    Max Processes :                              2
    Max Threads :                                3
    Run time :                                   51 sec.
    Turnaround time :                            9338 sec.

The output (if any) follows:



PS:

Read file <logs/bwa.853056.err> for stderr output of this job.

Sender: LSF System <lsfadmin@compute01>
Subject: Job 853056[12]: <bwa[1-12]> in cluster <tesla2> Exited

Job <bwa[1-12]> was submitted from host <compute03> by user <whitel> in cluster <tesla2> at Thu Jun  6 15:08:04 2024
Job was executed on host(s) <18*compute01>, in queue <rna>, as user <whitel> in cluster <tesla2> at Thu Jun  6 17:43:35 2024
</beevol/home/whitel> was used as the home directory.
</beevol/home/whitel/tRNAworkshop/src> was used as the working directory.
Started at Thu Jun  6 17:43:35 2024
Terminated at Thu Jun  6 17:43:37 2024
Results reported at Thu Jun  6 17:43:37 2024

Your job looked like:

------------------------------------------------------------
# LSBATCH: User input
#! /usr/bin/env bash

#BSUB -J bwa[1-12]
#BSUB -o logs/bwa.%J.out
#BSUB -e logs/bwa.%J.err
#BSUB -R "span[hosts=1]"
#BSUB -q rna
#BSUB -n 18

bwaidx="$HOME/tRNAworkshop/ref/sacCer-mito-and-nuclear-tRNAs.fa"
in="$HOME/tRNAworkshop/rebasecalled/fastqs"
dest="$HOME/tRNAworkshop/rebasecalled/alignedbams"

set -o nounset -o pipefail -o errexit -x

samples=(
WTyeast004_20231111_1104_P2S-00519-B_PAQ47538_fa3726ec.rna004_130bps_sup@v3.0.1
WTyeast004_20231111_1104_P2S-00519-B_PAQ47538_fa3726ec.rna004_130bps_sup@v5.0.0
Petityeast004_20240105_1222_P2S-00519-A_PAQ47538_49891fce.rna004_130bps_sup@v3.0.1.fastq
Petityeast004_20240105_1222_P2S-00519-A_PAQ47538_49891fce.rna004_130bps_sup@v5.0.0.fastq
Pus1yeast004_20240105_1330_P2S-00519-A_PAS92267_56de71b8.rna004_130bps_sup@v3.0.1.fastq
Pus1yeast004_20240105_1330_P2S-00519-A_PAS92267_56de71b8.rna004_130bps_sup@v5.0.0.fastq
Pus2yeast004_20240105_1330_P2S-00519-B_PAS98920_19ba906c.rna004_130bps_sup@v3.0.1.fastq
Pus2yeast004_20240105_1330_P2S-00519-B_PAS98920_19ba906c.rna004_130bps_sup@v5.0.0.fastq
Pus4yeast004_20231208_1152_MN42516_FAX71838_e2d70aac.rna004_130bps_sup@v3.0.1.fastq
Pus4yeast004_20231208_1601_MN31004_FAX30455_c72fd68f.rna002_130bps_sup@v5.0.0.fastq
Grandeyeast004_20240105_1222_P2S-00519-B_PAS98845_231d7d7e.rna004_130bps_sup@v3.0.1.fastq
Grandeyeast004_20240105_1222_P2S-00519-B_PAS98845_231d7d7e.rna004_130bps_sup@v5.0.0.fastq
)

u=${samples[$(( $LSB_JOBINDEX -1 ))]}

### align to tRNA reference - adapter anchored reference alignment
bwa mem -W 13 -k 6 -T 20 -x ont2d $bwaidx $in/${u}.fastq \
| samtools view -F4 -hu - \
| samtools sort -o ${dest}/${u}.bwa.bam

samtools index ${dest}/${u}.bwa.bam

------------------------------------------------------------

Exited with exit code 1.

Resource usage summary:

    CPU time :                                   0.11 sec.
    Max Memory :                                 -
    Average Memory :                             -
    Total Requested Memory :                     -
    Delta Memory :                               -
    Max Swap :                                   -
    Max Processes :                              -
    Max Threads :                                -
    Run time :                                   1 sec.
    Turnaround time :                            9339 sec.

The output (if any) follows:



PS:

Read file <logs/bwa.853056.err> for stderr output of this job.

Sender: LSF System <lsfadmin@compute10>
Subject: Job 853056[1]: <bwa[1-12]> in cluster <tesla2> Done

Job <bwa[1-12]> was submitted from host <compute03> by user <whitel> in cluster <tesla2> at Thu Jun  6 15:08:04 2024
Job was executed on host(s) <18*compute10>, in queue <rna>, as user <whitel> in cluster <tesla2> at Thu Jun  6 17:32:58 2024
</beevol/home/whitel> was used as the home directory.
</beevol/home/whitel/tRNAworkshop/src> was used as the working directory.
Started at Thu Jun  6 17:32:58 2024
Terminated at Thu Jun  6 17:49:19 2024
Results reported at Thu Jun  6 17:49:19 2024

Your job looked like:

------------------------------------------------------------
# LSBATCH: User input
#! /usr/bin/env bash

#BSUB -J bwa[1-12]
#BSUB -o logs/bwa.%J.out
#BSUB -e logs/bwa.%J.err
#BSUB -R "span[hosts=1]"
#BSUB -q rna
#BSUB -n 18

bwaidx="$HOME/tRNAworkshop/ref/sacCer-mito-and-nuclear-tRNAs.fa"
in="$HOME/tRNAworkshop/rebasecalled/fastqs"
dest="$HOME/tRNAworkshop/rebasecalled/alignedbams"

set -o nounset -o pipefail -o errexit -x

samples=(
WTyeast004_20231111_1104_P2S-00519-B_PAQ47538_fa3726ec.rna004_130bps_sup@v3.0.1
WTyeast004_20231111_1104_P2S-00519-B_PAQ47538_fa3726ec.rna004_130bps_sup@v5.0.0
Petityeast004_20240105_1222_P2S-00519-A_PAQ47538_49891fce.rna004_130bps_sup@v3.0.1.fastq
Petityeast004_20240105_1222_P2S-00519-A_PAQ47538_49891fce.rna004_130bps_sup@v5.0.0.fastq
Pus1yeast004_20240105_1330_P2S-00519-A_PAS92267_56de71b8.rna004_130bps_sup@v3.0.1.fastq
Pus1yeast004_20240105_1330_P2S-00519-A_PAS92267_56de71b8.rna004_130bps_sup@v5.0.0.fastq
Pus2yeast004_20240105_1330_P2S-00519-B_PAS98920_19ba906c.rna004_130bps_sup@v3.0.1.fastq
Pus2yeast004_20240105_1330_P2S-00519-B_PAS98920_19ba906c.rna004_130bps_sup@v5.0.0.fastq
Pus4yeast004_20231208_1152_MN42516_FAX71838_e2d70aac.rna004_130bps_sup@v3.0.1.fastq
Pus4yeast004_20231208_1601_MN31004_FAX30455_c72fd68f.rna002_130bps_sup@v5.0.0.fastq
Grandeyeast004_20240105_1222_P2S-00519-B_PAS98845_231d7d7e.rna004_130bps_sup@v3.0.1.fastq
Grandeyeast004_20240105_1222_P2S-00519-B_PAS98845_231d7d7e.rna004_130bps_sup@v5.0.0.fastq
)

u=${samples[$(( $LSB_JOBINDEX -1 ))]}

### align to tRNA reference - adapter anchored reference alignment
bwa mem -W 13 -k 6 -T 20 -x ont2d $bwaidx $in/${u}.fastq \
| samtools view -F4 -hu - \
| samtools sort -o ${dest}/${u}.bwa.bam

samtools index ${dest}/${u}.bwa.bam

------------------------------------------------------------

Successfully completed.

Resource usage summary:

    CPU time :                                   938.72 sec.
    Max Memory :                                 2 GB
    Average Memory :                             1.57 GB
    Total Requested Memory :                     -
    Delta Memory :                               -
    Max Swap :                                   -
    Max Processes :                              6
    Max Threads :                                10
    Run time :                                   981 sec.
    Turnaround time :                            9679 sec.

The output (if any) follows:



PS:

Read file <logs/bwa.853056.err> for stderr output of this job.

Sender: LSF System <lsfadmin@compute20>
Subject: Job 853056[2]: <bwa[1-12]> in cluster <tesla2> Done

Job <bwa[1-12]> was submitted from host <compute03> by user <whitel> in cluster <tesla2> at Thu Jun  6 15:08:04 2024
Job was executed on host(s) <18*compute20>, in queue <rna>, as user <whitel> in cluster <tesla2> at Thu Jun  6 17:37:00 2024
</beevol/home/whitel> was used as the home directory.
</beevol/home/whitel/tRNAworkshop/src> was used as the working directory.
Started at Thu Jun  6 17:37:00 2024
Terminated at Thu Jun  6 18:37:43 2024
Results reported at Thu Jun  6 18:37:43 2024

Your job looked like:

------------------------------------------------------------
# LSBATCH: User input
#! /usr/bin/env bash

#BSUB -J bwa[1-12]
#BSUB -o logs/bwa.%J.out
#BSUB -e logs/bwa.%J.err
#BSUB -R "span[hosts=1]"
#BSUB -q rna
#BSUB -n 18

bwaidx="$HOME/tRNAworkshop/ref/sacCer-mito-and-nuclear-tRNAs.fa"
in="$HOME/tRNAworkshop/rebasecalled/fastqs"
dest="$HOME/tRNAworkshop/rebasecalled/alignedbams"

set -o nounset -o pipefail -o errexit -x

samples=(
WTyeast004_20231111_1104_P2S-00519-B_PAQ47538_fa3726ec.rna004_130bps_sup@v3.0.1
WTyeast004_20231111_1104_P2S-00519-B_PAQ47538_fa3726ec.rna004_130bps_sup@v5.0.0
Petityeast004_20240105_1222_P2S-00519-A_PAQ47538_49891fce.rna004_130bps_sup@v3.0.1.fastq
Petityeast004_20240105_1222_P2S-00519-A_PAQ47538_49891fce.rna004_130bps_sup@v5.0.0.fastq
Pus1yeast004_20240105_1330_P2S-00519-A_PAS92267_56de71b8.rna004_130bps_sup@v3.0.1.fastq
Pus1yeast004_20240105_1330_P2S-00519-A_PAS92267_56de71b8.rna004_130bps_sup@v5.0.0.fastq
Pus2yeast004_20240105_1330_P2S-00519-B_PAS98920_19ba906c.rna004_130bps_sup@v3.0.1.fastq
Pus2yeast004_20240105_1330_P2S-00519-B_PAS98920_19ba906c.rna004_130bps_sup@v5.0.0.fastq
Pus4yeast004_20231208_1152_MN42516_FAX71838_e2d70aac.rna004_130bps_sup@v3.0.1.fastq
Pus4yeast004_20231208_1601_MN31004_FAX30455_c72fd68f.rna002_130bps_sup@v5.0.0.fastq
Grandeyeast004_20240105_1222_P2S-00519-B_PAS98845_231d7d7e.rna004_130bps_sup@v3.0.1.fastq
Grandeyeast004_20240105_1222_P2S-00519-B_PAS98845_231d7d7e.rna004_130bps_sup@v5.0.0.fastq
)

u=${samples[$(( $LSB_JOBINDEX -1 ))]}

### align to tRNA reference - adapter anchored reference alignment
bwa mem -W 13 -k 6 -T 20 -x ont2d $bwaidx $in/${u}.fastq \
| samtools view -F4 -hu - \
| samtools sort -o ${dest}/${u}.bwa.bam

samtools index ${dest}/${u}.bwa.bam

------------------------------------------------------------

Successfully completed.

Resource usage summary:

    CPU time :                                   3624.09 sec.
    Max Memory :                                 5 GB
    Average Memory :                             3.26 GB
    Total Requested Memory :                     -
    Delta Memory :                               -
    Max Swap :                                   -
    Max Processes :                              6
    Max Threads :                                10
    Run time :                                   3643 sec.
    Turnaround time :                            12583 sec.

The output (if any) follows:



PS:

Read file <logs/bwa.853056.err> for stderr output of this job.

