Sender: LSF System <lsfadmin@compute01>
Subject: Job 853025[1]: <bwa[1-8]> in cluster <tesla2> Done

Job <bwa[1-8]> was submitted from host <compute03> by user <whitel> in cluster <tesla2> at Thu Jun  6 14:48:02 2024
Job was executed on host(s) <18*compute01>, in queue <rna>, as user <whitel> in cluster <tesla2> at Thu Jun  6 15:51:55 2024
</beevol/home/whitel> was used as the home directory.
</beevol/home/whitel/tRNAworkshop/src> was used as the working directory.
Started at Thu Jun  6 15:51:55 2024
Terminated at Thu Jun  6 16:25:29 2024
Results reported at Thu Jun  6 16:25:29 2024

Your job looked like:

------------------------------------------------------------
# LSBATCH: User input
#! /usr/bin/env bash

#BSUB -J bwa[1-8]
#BSUB -o logs/bwa.%J.out
#BSUB -e logs/bwa.%J.err
#BSUB -R "span[hosts=1]"
#BSUB -q rna
#BSUB -n 18

bwaidx="$HOME/tRNAworkshop/ref/tthermophila-numbered-mature-tRNAs.fa"
in="$HOME/tRNAworkshop/rebasecalled/fastqs"
dest="$HOME/tRNAworkshop/rebasecalled/alignedbams"

set -o nounset -o pipefail -o errexit -x

samples=(
Tetrahymena002_20231207_1743_MN35252_FAX30455_c9f80979.rna002_70bps_fast@v3
Tetrahymena002_20231207_1743_MN35252_FAX30455_c9f80979.rna002_70bps_hac@v3
Tetrahymena004_20231208_0920_MN42516_FAX71838_a244513d.rna004_130bps_fast@v3.0.1
Tetrahymena004_20231208_0920_MN42516_FAX71838_a244513d.rna004_130bps_fast@v5.0.0
Tetrahymena004_20231208_0920_MN42516_FAX71838_a244513d.rna004_130bps_hac@v3.0.1
Tetrahymena004_20231208_0920_MN42516_FAX71838_a244513d.rna004_130bps_hac@v5.0.0
Tetrahymena004_20231208_0920_MN42516_FAX71838_a244513d.rna004_130bps_sup@v3.0.1
Tetrahymena004_20231208_0920_MN42516_FAX71838_a244513d.rna004_130bps_sup@v5.0.0
)

u=${samples[$(( $LSB_JOBINDEX -1 ))]}

### align to tRNA reference - adapter anchored reference alignment
bwa mem -W 13 -k 6 -T 20 -x ont2d $bwaidx $in/${u}.fastq \
| samtools view -F4 -hu - \
| samtools sort -o ${dest}/${u}.bwa.bam

samtools index ${dest}/${u}.bwa.bam


------------------------------------------------------------

Successfully completed.

Resource usage summary:

    CPU time :                                   1961.85 sec.
    Max Memory :                                 2 GB
    Average Memory :                             1.72 GB
    Total Requested Memory :                     -
    Delta Memory :                               -
    Max Swap :                                   -
    Max Processes :                              6
    Max Threads :                                10
    Run time :                                   2013 sec.
    Turnaround time :                            5851 sec.

The output (if any) follows:



PS:

Read file <logs/bwa.853025.err> for stderr output of this job.

Sender: LSF System <lsfadmin@compute10>
Subject: Job 853025[3]: <bwa[1-8]> in cluster <tesla2> Done

Job <bwa[1-8]> was submitted from host <compute03> by user <whitel> in cluster <tesla2> at Thu Jun  6 14:48:02 2024
Job was executed on host(s) <18*compute10>, in queue <rna>, as user <whitel> in cluster <tesla2> at Thu Jun  6 16:01:26 2024
</beevol/home/whitel> was used as the home directory.
</beevol/home/whitel/tRNAworkshop/src> was used as the working directory.
Started at Thu Jun  6 16:01:26 2024
Terminated at Thu Jun  6 16:40:42 2024
Results reported at Thu Jun  6 16:40:42 2024

Your job looked like:

------------------------------------------------------------
# LSBATCH: User input
#! /usr/bin/env bash

#BSUB -J bwa[1-8]
#BSUB -o logs/bwa.%J.out
#BSUB -e logs/bwa.%J.err
#BSUB -R "span[hosts=1]"
#BSUB -q rna
#BSUB -n 18

bwaidx="$HOME/tRNAworkshop/ref/tthermophila-numbered-mature-tRNAs.fa"
in="$HOME/tRNAworkshop/rebasecalled/fastqs"
dest="$HOME/tRNAworkshop/rebasecalled/alignedbams"

set -o nounset -o pipefail -o errexit -x

samples=(
Tetrahymena002_20231207_1743_MN35252_FAX30455_c9f80979.rna002_70bps_fast@v3
Tetrahymena002_20231207_1743_MN35252_FAX30455_c9f80979.rna002_70bps_hac@v3
Tetrahymena004_20231208_0920_MN42516_FAX71838_a244513d.rna004_130bps_fast@v3.0.1
Tetrahymena004_20231208_0920_MN42516_FAX71838_a244513d.rna004_130bps_fast@v5.0.0
Tetrahymena004_20231208_0920_MN42516_FAX71838_a244513d.rna004_130bps_hac@v3.0.1
Tetrahymena004_20231208_0920_MN42516_FAX71838_a244513d.rna004_130bps_hac@v5.0.0
Tetrahymena004_20231208_0920_MN42516_FAX71838_a244513d.rna004_130bps_sup@v3.0.1
Tetrahymena004_20231208_0920_MN42516_FAX71838_a244513d.rna004_130bps_sup@v5.0.0
)

u=${samples[$(( $LSB_JOBINDEX -1 ))]}

### align to tRNA reference - adapter anchored reference alignment
bwa mem -W 13 -k 6 -T 20 -x ont2d $bwaidx $in/${u}.fastq \
| samtools view -F4 -hu - \
| samtools sort -o ${dest}/${u}.bwa.bam

samtools index ${dest}/${u}.bwa.bam


------------------------------------------------------------

Successfully completed.

Resource usage summary:

    CPU time :                                   2347.43 sec.
    Max Memory :                                 3 GB
    Average Memory :                             2.42 GB
    Total Requested Memory :                     -
    Delta Memory :                               -
    Max Swap :                                   -
    Max Processes :                              6
    Max Threads :                                10
    Run time :                                   2355 sec.
    Turnaround time :                            6763 sec.

The output (if any) follows:



PS:

Read file <logs/bwa.853025.err> for stderr output of this job.

Sender: LSF System <lsfadmin@compute19>
Subject: Job 853025[2]: <bwa[1-8]> in cluster <tesla2> Done

Job <bwa[1-8]> was submitted from host <compute03> by user <whitel> in cluster <tesla2> at Thu Jun  6 14:48:02 2024
Job was executed on host(s) <18*compute19>, in queue <rna>, as user <whitel> in cluster <tesla2> at Thu Jun  6 15:57:35 2024
</beevol/home/whitel> was used as the home directory.
</beevol/home/whitel/tRNAworkshop/src> was used as the working directory.
Started at Thu Jun  6 15:57:35 2024
Terminated at Thu Jun  6 16:49:01 2024
Results reported at Thu Jun  6 16:49:01 2024

Your job looked like:

------------------------------------------------------------
# LSBATCH: User input
#! /usr/bin/env bash

#BSUB -J bwa[1-8]
#BSUB -o logs/bwa.%J.out
#BSUB -e logs/bwa.%J.err
#BSUB -R "span[hosts=1]"
#BSUB -q rna
#BSUB -n 18

bwaidx="$HOME/tRNAworkshop/ref/tthermophila-numbered-mature-tRNAs.fa"
in="$HOME/tRNAworkshop/rebasecalled/fastqs"
dest="$HOME/tRNAworkshop/rebasecalled/alignedbams"

set -o nounset -o pipefail -o errexit -x

samples=(
Tetrahymena002_20231207_1743_MN35252_FAX30455_c9f80979.rna002_70bps_fast@v3
Tetrahymena002_20231207_1743_MN35252_FAX30455_c9f80979.rna002_70bps_hac@v3
Tetrahymena004_20231208_0920_MN42516_FAX71838_a244513d.rna004_130bps_fast@v3.0.1
Tetrahymena004_20231208_0920_MN42516_FAX71838_a244513d.rna004_130bps_fast@v5.0.0
Tetrahymena004_20231208_0920_MN42516_FAX71838_a244513d.rna004_130bps_hac@v3.0.1
Tetrahymena004_20231208_0920_MN42516_FAX71838_a244513d.rna004_130bps_hac@v5.0.0
Tetrahymena004_20231208_0920_MN42516_FAX71838_a244513d.rna004_130bps_sup@v3.0.1
Tetrahymena004_20231208_0920_MN42516_FAX71838_a244513d.rna004_130bps_sup@v5.0.0
)

u=${samples[$(( $LSB_JOBINDEX -1 ))]}

### align to tRNA reference - adapter anchored reference alignment
bwa mem -W 13 -k 6 -T 20 -x ont2d $bwaidx $in/${u}.fastq \
| samtools view -F4 -hu - \
| samtools sort -o ${dest}/${u}.bwa.bam

samtools index ${dest}/${u}.bwa.bam


------------------------------------------------------------

Successfully completed.

Resource usage summary:

    CPU time :                                   3059.32 sec.
    Max Memory :                                 3 GB
    Average Memory :                             1.77 GB
    Total Requested Memory :                     -
    Delta Memory :                               -
    Max Swap :                                   -
    Max Processes :                              6
    Max Threads :                                10
    Run time :                                   3086 sec.
    Turnaround time :                            7263 sec.

The output (if any) follows:



PS:

Read file <logs/bwa.853025.err> for stderr output of this job.

Sender: LSF System <lsfadmin@compute20>
Subject: Job 853025[4]: <bwa[1-8]> in cluster <tesla2> Done

Job <bwa[1-8]> was submitted from host <compute03> by user <whitel> in cluster <tesla2> at Thu Jun  6 14:48:02 2024
Job was executed on host(s) <18*compute20>, in queue <rna>, as user <whitel> in cluster <tesla2> at Thu Jun  6 16:18:51 2024
</beevol/home/whitel> was used as the home directory.
</beevol/home/whitel/tRNAworkshop/src> was used as the working directory.
Started at Thu Jun  6 16:18:51 2024
Terminated at Thu Jun  6 16:51:22 2024
Results reported at Thu Jun  6 16:51:22 2024

Your job looked like:

------------------------------------------------------------
# LSBATCH: User input
#! /usr/bin/env bash

#BSUB -J bwa[1-8]
#BSUB -o logs/bwa.%J.out
#BSUB -e logs/bwa.%J.err
#BSUB -R "span[hosts=1]"
#BSUB -q rna
#BSUB -n 18

bwaidx="$HOME/tRNAworkshop/ref/tthermophila-numbered-mature-tRNAs.fa"
in="$HOME/tRNAworkshop/rebasecalled/fastqs"
dest="$HOME/tRNAworkshop/rebasecalled/alignedbams"

set -o nounset -o pipefail -o errexit -x

samples=(
Tetrahymena002_20231207_1743_MN35252_FAX30455_c9f80979.rna002_70bps_fast@v3
Tetrahymena002_20231207_1743_MN35252_FAX30455_c9f80979.rna002_70bps_hac@v3
Tetrahymena004_20231208_0920_MN42516_FAX71838_a244513d.rna004_130bps_fast@v3.0.1
Tetrahymena004_20231208_0920_MN42516_FAX71838_a244513d.rna004_130bps_fast@v5.0.0
Tetrahymena004_20231208_0920_MN42516_FAX71838_a244513d.rna004_130bps_hac@v3.0.1
Tetrahymena004_20231208_0920_MN42516_FAX71838_a244513d.rna004_130bps_hac@v5.0.0
Tetrahymena004_20231208_0920_MN42516_FAX71838_a244513d.rna004_130bps_sup@v3.0.1
Tetrahymena004_20231208_0920_MN42516_FAX71838_a244513d.rna004_130bps_sup@v5.0.0
)

u=${samples[$(( $LSB_JOBINDEX -1 ))]}

### align to tRNA reference - adapter anchored reference alignment
bwa mem -W 13 -k 6 -T 20 -x ont2d $bwaidx $in/${u}.fastq \
| samtools view -F4 -hu - \
| samtools sort -o ${dest}/${u}.bwa.bam

samtools index ${dest}/${u}.bwa.bam


------------------------------------------------------------

Successfully completed.

Resource usage summary:

    CPU time :                                   1941.73 sec.
    Max Memory :                                 3 GB
    Average Memory :                             2.22 GB
    Total Requested Memory :                     -
    Delta Memory :                               -
    Max Swap :                                   -
    Max Processes :                              6
    Max Threads :                                10
    Run time :                                   1951 sec.
    Turnaround time :                            7404 sec.

The output (if any) follows:



PS:

Read file <logs/bwa.853025.err> for stderr output of this job.

Sender: LSF System <lsfadmin@compute09>
Subject: Job 853025[5]: <bwa[1-8]> in cluster <tesla2> Done

Job <bwa[1-8]> was submitted from host <compute03> by user <whitel> in cluster <tesla2> at Thu Jun  6 14:48:02 2024
Job was executed on host(s) <18*compute09>, in queue <rna>, as user <whitel> in cluster <tesla2> at Thu Jun  6 16:20:20 2024
</beevol/home/whitel> was used as the home directory.
</beevol/home/whitel/tRNAworkshop/src> was used as the working directory.
Started at Thu Jun  6 16:20:20 2024
Terminated at Thu Jun  6 16:51:12 2024
Results reported at Thu Jun  6 16:51:12 2024

Your job looked like:

------------------------------------------------------------
# LSBATCH: User input
#! /usr/bin/env bash

#BSUB -J bwa[1-8]
#BSUB -o logs/bwa.%J.out
#BSUB -e logs/bwa.%J.err
#BSUB -R "span[hosts=1]"
#BSUB -q rna
#BSUB -n 18

bwaidx="$HOME/tRNAworkshop/ref/tthermophila-numbered-mature-tRNAs.fa"
in="$HOME/tRNAworkshop/rebasecalled/fastqs"
dest="$HOME/tRNAworkshop/rebasecalled/alignedbams"

set -o nounset -o pipefail -o errexit -x

samples=(
Tetrahymena002_20231207_1743_MN35252_FAX30455_c9f80979.rna002_70bps_fast@v3
Tetrahymena002_20231207_1743_MN35252_FAX30455_c9f80979.rna002_70bps_hac@v3
Tetrahymena004_20231208_0920_MN42516_FAX71838_a244513d.rna004_130bps_fast@v3.0.1
Tetrahymena004_20231208_0920_MN42516_FAX71838_a244513d.rna004_130bps_fast@v5.0.0
Tetrahymena004_20231208_0920_MN42516_FAX71838_a244513d.rna004_130bps_hac@v3.0.1
Tetrahymena004_20231208_0920_MN42516_FAX71838_a244513d.rna004_130bps_hac@v5.0.0
Tetrahymena004_20231208_0920_MN42516_FAX71838_a244513d.rna004_130bps_sup@v3.0.1
Tetrahymena004_20231208_0920_MN42516_FAX71838_a244513d.rna004_130bps_sup@v5.0.0
)

u=${samples[$(( $LSB_JOBINDEX -1 ))]}

### align to tRNA reference - adapter anchored reference alignment
bwa mem -W 13 -k 6 -T 20 -x ont2d $bwaidx $in/${u}.fastq \
| samtools view -F4 -hu - \
| samtools sort -o ${dest}/${u}.bwa.bam

samtools index ${dest}/${u}.bwa.bam


------------------------------------------------------------

Successfully completed.

Resource usage summary:

    CPU time :                                   1808.87 sec.
    Max Memory :                                 3 GB
    Average Memory :                             2.30 GB
    Total Requested Memory :                     -
    Delta Memory :                               -
    Max Swap :                                   -
    Max Processes :                              6
    Max Threads :                                10
    Run time :                                   1852 sec.
    Turnaround time :                            7393 sec.

The output (if any) follows:



PS:

Read file <logs/bwa.853025.err> for stderr output of this job.

Sender: LSF System <lsfadmin@compute01>
Subject: Job 853025[6]: <bwa[1-8]> in cluster <tesla2> Done

Job <bwa[1-8]> was submitted from host <compute03> by user <whitel> in cluster <tesla2> at Thu Jun  6 14:48:02 2024
Job was executed on host(s) <18*compute01>, in queue <rna>, as user <whitel> in cluster <tesla2> at Thu Jun  6 16:25:29 2024
</beevol/home/whitel> was used as the home directory.
</beevol/home/whitel/tRNAworkshop/src> was used as the working directory.
Started at Thu Jun  6 16:25:29 2024
Terminated at Thu Jun  6 16:55:35 2024
Results reported at Thu Jun  6 16:55:35 2024

Your job looked like:

------------------------------------------------------------
# LSBATCH: User input
#! /usr/bin/env bash

#BSUB -J bwa[1-8]
#BSUB -o logs/bwa.%J.out
#BSUB -e logs/bwa.%J.err
#BSUB -R "span[hosts=1]"
#BSUB -q rna
#BSUB -n 18

bwaidx="$HOME/tRNAworkshop/ref/tthermophila-numbered-mature-tRNAs.fa"
in="$HOME/tRNAworkshop/rebasecalled/fastqs"
dest="$HOME/tRNAworkshop/rebasecalled/alignedbams"

set -o nounset -o pipefail -o errexit -x

samples=(
Tetrahymena002_20231207_1743_MN35252_FAX30455_c9f80979.rna002_70bps_fast@v3
Tetrahymena002_20231207_1743_MN35252_FAX30455_c9f80979.rna002_70bps_hac@v3
Tetrahymena004_20231208_0920_MN42516_FAX71838_a244513d.rna004_130bps_fast@v3.0.1
Tetrahymena004_20231208_0920_MN42516_FAX71838_a244513d.rna004_130bps_fast@v5.0.0
Tetrahymena004_20231208_0920_MN42516_FAX71838_a244513d.rna004_130bps_hac@v3.0.1
Tetrahymena004_20231208_0920_MN42516_FAX71838_a244513d.rna004_130bps_hac@v5.0.0
Tetrahymena004_20231208_0920_MN42516_FAX71838_a244513d.rna004_130bps_sup@v3.0.1
Tetrahymena004_20231208_0920_MN42516_FAX71838_a244513d.rna004_130bps_sup@v5.0.0
)

u=${samples[$(( $LSB_JOBINDEX -1 ))]}

### align to tRNA reference - adapter anchored reference alignment
bwa mem -W 13 -k 6 -T 20 -x ont2d $bwaidx $in/${u}.fastq \
| samtools view -F4 -hu - \
| samtools sort -o ${dest}/${u}.bwa.bam

samtools index ${dest}/${u}.bwa.bam


------------------------------------------------------------

Successfully completed.

Resource usage summary:

    CPU time :                                   1742.96 sec.
    Max Memory :                                 3 GB
    Average Memory :                             2.16 GB
    Total Requested Memory :                     -
    Delta Memory :                               -
    Max Swap :                                   -
    Max Processes :                              6
    Max Threads :                                10
    Run time :                                   1806 sec.
    Turnaround time :                            7656 sec.

The output (if any) follows:



PS:

Read file <logs/bwa.853025.err> for stderr output of this job.

Sender: LSF System <lsfadmin@compute10>
Subject: Job 853025[7]: <bwa[1-8]> in cluster <tesla2> Done

Job <bwa[1-8]> was submitted from host <compute03> by user <whitel> in cluster <tesla2> at Thu Jun  6 14:48:02 2024
Job was executed on host(s) <18*compute10>, in queue <rna>, as user <whitel> in cluster <tesla2> at Thu Jun  6 16:40:42 2024
</beevol/home/whitel> was used as the home directory.
</beevol/home/whitel/tRNAworkshop/src> was used as the working directory.
Started at Thu Jun  6 16:40:42 2024
Terminated at Thu Jun  6 17:20:39 2024
Results reported at Thu Jun  6 17:20:39 2024

Your job looked like:

------------------------------------------------------------
# LSBATCH: User input
#! /usr/bin/env bash

#BSUB -J bwa[1-8]
#BSUB -o logs/bwa.%J.out
#BSUB -e logs/bwa.%J.err
#BSUB -R "span[hosts=1]"
#BSUB -q rna
#BSUB -n 18

bwaidx="$HOME/tRNAworkshop/ref/tthermophila-numbered-mature-tRNAs.fa"
in="$HOME/tRNAworkshop/rebasecalled/fastqs"
dest="$HOME/tRNAworkshop/rebasecalled/alignedbams"

set -o nounset -o pipefail -o errexit -x

samples=(
Tetrahymena002_20231207_1743_MN35252_FAX30455_c9f80979.rna002_70bps_fast@v3
Tetrahymena002_20231207_1743_MN35252_FAX30455_c9f80979.rna002_70bps_hac@v3
Tetrahymena004_20231208_0920_MN42516_FAX71838_a244513d.rna004_130bps_fast@v3.0.1
Tetrahymena004_20231208_0920_MN42516_FAX71838_a244513d.rna004_130bps_fast@v5.0.0
Tetrahymena004_20231208_0920_MN42516_FAX71838_a244513d.rna004_130bps_hac@v3.0.1
Tetrahymena004_20231208_0920_MN42516_FAX71838_a244513d.rna004_130bps_hac@v5.0.0
Tetrahymena004_20231208_0920_MN42516_FAX71838_a244513d.rna004_130bps_sup@v3.0.1
Tetrahymena004_20231208_0920_MN42516_FAX71838_a244513d.rna004_130bps_sup@v5.0.0
)

u=${samples[$(( $LSB_JOBINDEX -1 ))]}

### align to tRNA reference - adapter anchored reference alignment
bwa mem -W 13 -k 6 -T 20 -x ont2d $bwaidx $in/${u}.fastq \
| samtools view -F4 -hu - \
| samtools sort -o ${dest}/${u}.bwa.bam

samtools index ${dest}/${u}.bwa.bam


------------------------------------------------------------

Successfully completed.

Resource usage summary:

    CPU time :                                   2301.74 sec.
    Max Memory :                                 3 GB
    Average Memory :                             2.34 GB
    Total Requested Memory :                     -
    Delta Memory :                               -
    Max Swap :                                   -
    Max Processes :                              6
    Max Threads :                                10
    Run time :                                   2398 sec.
    Turnaround time :                            9161 sec.

The output (if any) follows:



PS:

Read file <logs/bwa.853025.err> for stderr output of this job.

Sender: LSF System <lsfadmin@compute19>
Subject: Job 853025[8]: <bwa[1-8]> in cluster <tesla2> Done

Job <bwa[1-8]> was submitted from host <compute03> by user <whitel> in cluster <tesla2> at Thu Jun  6 14:48:02 2024
Job was executed on host(s) <18*compute19>, in queue <rna>, as user <whitel> in cluster <tesla2> at Thu Jun  6 16:49:01 2024
</beevol/home/whitel> was used as the home directory.
</beevol/home/whitel/tRNAworkshop/src> was used as the working directory.
Started at Thu Jun  6 16:49:01 2024
Terminated at Thu Jun  6 18:23:53 2024
Results reported at Thu Jun  6 18:23:53 2024

Your job looked like:

------------------------------------------------------------
# LSBATCH: User input
#! /usr/bin/env bash

#BSUB -J bwa[1-8]
#BSUB -o logs/bwa.%J.out
#BSUB -e logs/bwa.%J.err
#BSUB -R "span[hosts=1]"
#BSUB -q rna
#BSUB -n 18

bwaidx="$HOME/tRNAworkshop/ref/tthermophila-numbered-mature-tRNAs.fa"
in="$HOME/tRNAworkshop/rebasecalled/fastqs"
dest="$HOME/tRNAworkshop/rebasecalled/alignedbams"

set -o nounset -o pipefail -o errexit -x

samples=(
Tetrahymena002_20231207_1743_MN35252_FAX30455_c9f80979.rna002_70bps_fast@v3
Tetrahymena002_20231207_1743_MN35252_FAX30455_c9f80979.rna002_70bps_hac@v3
Tetrahymena004_20231208_0920_MN42516_FAX71838_a244513d.rna004_130bps_fast@v3.0.1
Tetrahymena004_20231208_0920_MN42516_FAX71838_a244513d.rna004_130bps_fast@v5.0.0
Tetrahymena004_20231208_0920_MN42516_FAX71838_a244513d.rna004_130bps_hac@v3.0.1
Tetrahymena004_20231208_0920_MN42516_FAX71838_a244513d.rna004_130bps_hac@v5.0.0
Tetrahymena004_20231208_0920_MN42516_FAX71838_a244513d.rna004_130bps_sup@v3.0.1
Tetrahymena004_20231208_0920_MN42516_FAX71838_a244513d.rna004_130bps_sup@v5.0.0
)

u=${samples[$(( $LSB_JOBINDEX -1 ))]}

### align to tRNA reference - adapter anchored reference alignment
bwa mem -W 13 -k 6 -T 20 -x ont2d $bwaidx $in/${u}.fastq \
| samtools view -F4 -hu - \
| samtools sort -o ${dest}/${u}.bwa.bam

samtools index ${dest}/${u}.bwa.bam


------------------------------------------------------------

Successfully completed.

Resource usage summary:

    CPU time :                                   5671.20 sec.
    Max Memory :                                 15 GB
    Average Memory :                             3.63 GB
    Total Requested Memory :                     -
    Delta Memory :                               -
    Max Swap :                                   -
    Max Processes :                              6
    Max Threads :                                10
    Run time :                                   5692 sec.
    Turnaround time :                            12955 sec.

The output (if any) follows:



PS:

Read file <logs/bwa.853025.err> for stderr output of this job.

