+ samples=(WTyeast004_20231111_1104_P2S-00519-B_PAQ47538_fa3726ec.rna004_130bps_sup@v3.0.1 Ecoli004_20240105_1224_MN31004_FAX73799_1fe84761.rna004_130bps_sup@v3.0.1 Drosophila004_20231208_1307_MN31004_FAX73799_72c200e4.rna004_130bps_sup@v3.0.1 HumanFibroblast004_20231208_1351_MN42516_FAX71838_b8f7b990.rna004_130bps_sup@v3.0.1 Tetrahymena004_20231208_0920_MN42516_FAX71838_a244513d.rna004_130bps_sup@v3.0.1 Zebrafish004_20231208_0919_MN31004_FAX73799_f3dea9f8.rna004_130bps_sup@v3.0.1)
+ refloc=/beevol/home/whitel/tRNAworkshop/ref
+ references=(ecoliK12MG1655-mature-tRNAs.fa sacCer3-mature-tRNAs.fa tthermophila-numbered-mature-tRNAs.fa dm6-mature-tRNAs.fa danRer11-mature-tRNAs.fa hg38-mature-tRNAs.fa)
+ u=Ecoli004_20240105_1224_MN31004_FAX73799_1fe84761.rna004_130bps_sup@v3.0.1
+ for ref in '"${references[@]}"'
++ basename ecoliK12MG1655-mature-tRNAs.fa .fa
+ ref_name=ecoliK12MG1655-mature-tRNAs
+ samtools view -F4 -hu -
+ bwa mem -W 13 -k 6 -T 20 -x ont2d /beevol/home/whitel/tRNAworkshop/ref/ecoliK12MG1655-mature-tRNAs.fa /beevol/home/whitel/tRNAworkshop/rebasecalled/fastqs/Ecoli004_20240105_1224_MN31004_FAX73799_1fe84761.rna004_130bps_sup@v3.0.1.fastq
+ samtools sort -o /beevol/home/whitel/tRNAworkshop/rebasecalled/alignedbams/crossalignments/Ecoli004_20240105_1224_MN31004_FAX73799_1fe84761.rna004_130bps_sup@v3.0.1.ecoliK12MG1655-mature-tRNAs.bwa.bam
[M::bwa_idx_load_from_disk] read 0 ALT contigs
[M::process] read 61836 sequences (10000015 bp)...
[M::process] read 50864 sequences (8219861 bp)...
[M::mem_process_seqs] Processed 61836 reads in 100.733 CPU sec, 100.974 real sec
[M::mem_process_seqs] Processed 50864 reads in 82.769 CPU sec, 82.893 real sec
[main] Version: 0.7.16a-r1181
[main] CMD: bwa mem -W 13 -k 6 -T 20 -x ont2d /beevol/home/whitel/tRNAworkshop/ref/ecoliK12MG1655-mature-tRNAs.fa /beevol/home/whitel/tRNAworkshop/rebasecalled/fastqs/Ecoli004_20240105_1224_MN31004_FAX73799_1fe84761.rna004_130bps_sup@v3.0.1.fastq
[main] Real time: 184.881 sec; CPU: 183.614 sec
+ samtools index /beevol/home/whitel/tRNAworkshop/rebasecalled/alignedbams/crossalignments/Ecoli004_20240105_1224_MN31004_FAX73799_1fe84761.rna004_130bps_sup@v3.0.1.ecoliK12MG1655-mature-tRNAs.bwa.bam
+ for ref in '"${references[@]}"'
++ basename sacCer3-mature-tRNAs.fa .fa
+ ref_name=sacCer3-mature-tRNAs
+ bwa mem -W 13 -k 6 -T 20 -x ont2d /beevol/home/whitel/tRNAworkshop/ref/sacCer3-mature-tRNAs.fa /beevol/home/whitel/tRNAworkshop/rebasecalled/fastqs/Ecoli004_20240105_1224_MN31004_FAX73799_1fe84761.rna004_130bps_sup@v3.0.1.fastq
+ samtools view -F4 -hu -
+ samtools sort -o /beevol/home/whitel/tRNAworkshop/rebasecalled/alignedbams/crossalignments/Ecoli004_20240105_1224_MN31004_FAX73799_1fe84761.rna004_130bps_sup@v3.0.1.sacCer3-mature-tRNAs.bwa.bam
[M::bwa_idx_load_from_disk] read 0 ALT contigs
[M::process] read 61836 sequences (10000015 bp)...
[M::process] read 50864 sequences (8219861 bp)...
[M::mem_process_seqs] Processed 61836 reads in 353.103 CPU sec, 353.977 real sec
[M::mem_process_seqs] Processed 50864 reads in 291.281 CPU sec, 291.938 real sec
[main] Version: 0.7.16a-r1181
[main] CMD: bwa mem -W 13 -k 6 -T 20 -x ont2d /beevol/home/whitel/tRNAworkshop/ref/sacCer3-mature-tRNAs.fa /beevol/home/whitel/tRNAworkshop/rebasecalled/fastqs/Ecoli004_20240105_1224_MN31004_FAX73799_1fe84761.rna004_130bps_sup@v3.0.1.fastq
[main] Real time: 646.578 sec; CPU: 644.491 sec
+ samtools index /beevol/home/whitel/tRNAworkshop/rebasecalled/alignedbams/crossalignments/Ecoli004_20240105_1224_MN31004_FAX73799_1fe84761.rna004_130bps_sup@v3.0.1.sacCer3-mature-tRNAs.bwa.bam
+ for ref in '"${references[@]}"'
++ basename tthermophila-numbered-mature-tRNAs.fa .fa
+ ref_name=tthermophila-numbered-mature-tRNAs
+ samtools view -F4 -hu -
+ bwa mem -W 13 -k 6 -T 20 -x ont2d /beevol/home/whitel/tRNAworkshop/ref/tthermophila-numbered-mature-tRNAs.fa /beevol/home/whitel/tRNAworkshop/rebasecalled/fastqs/Ecoli004_20240105_1224_MN31004_FAX73799_1fe84761.rna004_130bps_sup@v3.0.1.fastq
+ samtools sort -o /beevol/home/whitel/tRNAworkshop/rebasecalled/alignedbams/crossalignments/Ecoli004_20240105_1224_MN31004_FAX73799_1fe84761.rna004_130bps_sup@v3.0.1.tthermophila-numbered-mature-tRNAs.bwa.bam
[M::bwa_idx_load_from_disk] read 0 ALT contigs
[M::process] read 61836 sequences (10000015 bp)...
[M::process] read 50864 sequences (8219861 bp)...
[M::mem_process_seqs] Processed 61836 reads in 386.157 CPU sec, 387.029 real sec
[M::mem_process_seqs] Processed 50864 reads in 318.394 CPU sec, 319.029 real sec
[main] Version: 0.7.16a-r1181
[main] CMD: bwa mem -W 13 -k 6 -T 20 -x ont2d /beevol/home/whitel/tRNAworkshop/ref/tthermophila-numbered-mature-tRNAs.fa /beevol/home/whitel/tRNAworkshop/rebasecalled/fastqs/Ecoli004_20240105_1224_MN31004_FAX73799_1fe84761.rna004_130bps_sup@v3.0.1.fastq
[main] Real time: 706.684 sec; CPU: 704.662 sec
+ samtools index /beevol/home/whitel/tRNAworkshop/rebasecalled/alignedbams/crossalignments/Ecoli004_20240105_1224_MN31004_FAX73799_1fe84761.rna004_130bps_sup@v3.0.1.tthermophila-numbered-mature-tRNAs.bwa.bam
+ for ref in '"${references[@]}"'
++ basename dm6-mature-tRNAs.fa .fa
+ ref_name=dm6-mature-tRNAs
+ bwa mem -W 13 -k 6 -T 20 -x ont2d /beevol/home/whitel/tRNAworkshop/ref/dm6-mature-tRNAs.fa /beevol/home/whitel/tRNAworkshop/rebasecalled/fastqs/Ecoli004_20240105_1224_MN31004_FAX73799_1fe84761.rna004_130bps_sup@v3.0.1.fastq
+ samtools view -F4 -hu -
+ samtools sort -o /beevol/home/whitel/tRNAworkshop/rebasecalled/alignedbams/crossalignments/Ecoli004_20240105_1224_MN31004_FAX73799_1fe84761.rna004_130bps_sup@v3.0.1.dm6-mature-tRNAs.bwa.bam
[M::bwa_idx_load_from_disk] read 0 ALT contigs
[M::process] read 61836 sequences (10000015 bp)...
[M::process] read 50864 sequences (8219861 bp)...
[M::mem_process_seqs] Processed 61836 reads in 376.039 CPU sec, 376.878 real sec
[M::mem_process_seqs] Processed 50864 reads in 311.441 CPU sec, 312.047 real sec
[main] Version: 0.7.16a-r1181
[main] CMD: bwa mem -W 13 -k 6 -T 20 -x ont2d /beevol/home/whitel/tRNAworkshop/ref/dm6-mature-tRNAs.fa /beevol/home/whitel/tRNAworkshop/rebasecalled/fastqs/Ecoli004_20240105_1224_MN31004_FAX73799_1fe84761.rna004_130bps_sup@v3.0.1.fastq
[main] Real time: 689.707 sec; CPU: 687.611 sec
+ samtools index /beevol/home/whitel/tRNAworkshop/rebasecalled/alignedbams/crossalignments/Ecoli004_20240105_1224_MN31004_FAX73799_1fe84761.rna004_130bps_sup@v3.0.1.dm6-mature-tRNAs.bwa.bam
+ for ref in '"${references[@]}"'
++ basename danRer11-mature-tRNAs.fa .fa
+ ref_name=danRer11-mature-tRNAs
+ bwa mem -W 13 -k 6 -T 20 -x ont2d /beevol/home/whitel/tRNAworkshop/ref/danRer11-mature-tRNAs.fa /beevol/home/whitel/tRNAworkshop/rebasecalled/fastqs/Ecoli004_20240105_1224_MN31004_FAX73799_1fe84761.rna004_130bps_sup@v3.0.1.fastq
+ samtools view -F4 -hu -
+ samtools sort -o /beevol/home/whitel/tRNAworkshop/rebasecalled/alignedbams/crossalignments/Ecoli004_20240105_1224_MN31004_FAX73799_1fe84761.rna004_130bps_sup@v3.0.1.danRer11-mature-tRNAs.bwa.bam
[M::bwa_idx_load_from_disk] read 0 ALT contigs
[M::process] read 61836 sequences (10000015 bp)...
[M::process] read 50864 sequences (8219861 bp)...
[M::mem_process_seqs] Processed 61836 reads in 310.408 CPU sec, 311.105 real sec
[M::mem_process_seqs] Processed 50864 reads in 255.320 CPU sec, 255.774 real sec
[main] Version: 0.7.16a-r1181
[main] CMD: bwa mem -W 13 -k 6 -T 20 -x ont2d /beevol/home/whitel/tRNAworkshop/ref/danRer11-mature-tRNAs.fa /beevol/home/whitel/tRNAworkshop/rebasecalled/fastqs/Ecoli004_20240105_1224_MN31004_FAX73799_1fe84761.rna004_130bps_sup@v3.0.1.fastq
[main] Real time: 568.164 sec; CPU: 565.845 sec
+ samtools index /beevol/home/whitel/tRNAworkshop/rebasecalled/alignedbams/crossalignments/Ecoli004_20240105_1224_MN31004_FAX73799_1fe84761.rna004_130bps_sup@v3.0.1.danRer11-mature-tRNAs.bwa.bam
+ for ref in '"${references[@]}"'
++ basename hg38-mature-tRNAs.fa .fa
+ ref_name=hg38-mature-tRNAs
+ bwa mem -W 13 -k 6 -T 20 -x ont2d /beevol/home/whitel/tRNAworkshop/ref/hg38-mature-tRNAs.fa /beevol/home/whitel/tRNAworkshop/rebasecalled/fastqs/Ecoli004_20240105_1224_MN31004_FAX73799_1fe84761.rna004_130bps_sup@v3.0.1.fastq
+ samtools view -F4 -hu -
+ samtools sort -o /beevol/home/whitel/tRNAworkshop/rebasecalled/alignedbams/crossalignments/Ecoli004_20240105_1224_MN31004_FAX73799_1fe84761.rna004_130bps_sup@v3.0.1.hg38-mature-tRNAs.bwa.bam
[M::bwa_idx_load_from_disk] read 0 ALT contigs
[M::process] read 61836 sequences (10000015 bp)...
[M::process] read 50864 sequences (8219861 bp)...
[M::mem_process_seqs] Processed 61836 reads in 361.693 CPU sec, 362.507 real sec
[M::mem_process_seqs] Processed 50864 reads in 296.642 CPU sec, 297.214 real sec
[main] Version: 0.7.16a-r1181
[main] CMD: bwa mem -W 13 -k 6 -T 20 -x ont2d /beevol/home/whitel/tRNAworkshop/ref/hg38-mature-tRNAs.fa /beevol/home/whitel/tRNAworkshop/rebasecalled/fastqs/Ecoli004_20240105_1224_MN31004_FAX73799_1fe84761.rna004_130bps_sup@v3.0.1.fastq
[main] Real time: 660.263 sec; CPU: 658.451 sec
+ samtools index /beevol/home/whitel/tRNAworkshop/rebasecalled/alignedbams/crossalignments/Ecoli004_20240105_1224_MN31004_FAX73799_1fe84761.rna004_130bps_sup@v3.0.1.hg38-mature-tRNAs.bwa.bam
+ samples=(WTyeast004_20231111_1104_P2S-00519-B_PAQ47538_fa3726ec.rna004_130bps_sup@v3.0.1 Ecoli004_20240105_1224_MN31004_FAX73799_1fe84761.rna004_130bps_sup@v3.0.1 Drosophila004_20231208_1307_MN31004_FAX73799_72c200e4.rna004_130bps_sup@v3.0.1 HumanFibroblast004_20231208_1351_MN42516_FAX71838_b8f7b990.rna004_130bps_sup@v3.0.1 Tetrahymena004_20231208_0920_MN42516_FAX71838_a244513d.rna004_130bps_sup@v3.0.1 Zebrafish004_20231208_0919_MN31004_FAX73799_f3dea9f8.rna004_130bps_sup@v3.0.1)
+ refloc=/beevol/home/whitel/tRNAworkshop/ref
+ references=(ecoliK12MG1655-mature-tRNAs.fa sacCer3-mature-tRNAs.fa tthermophila-numbered-mature-tRNAs.fa dm6-mature-tRNAs.fa danRer11-mature-tRNAs.fa hg38-mature-tRNAs.fa)
+ u=WTyeast004_20231111_1104_P2S-00519-B_PAQ47538_fa3726ec.rna004_130bps_sup@v3.0.1
+ for ref in '"${references[@]}"'
++ basename ecoliK12MG1655-mature-tRNAs.fa .fa
+ ref_name=ecoliK12MG1655-mature-tRNAs
+ samtools sort -o /beevol/home/whitel/tRNAworkshop/rebasecalled/alignedbams/crossalignments/WTyeast004_20231111_1104_P2S-00519-B_PAQ47538_fa3726ec.rna004_130bps_sup@v3.0.1.ecoliK12MG1655-mature-tRNAs.bwa.bam
+ bwa mem -W 13 -k 6 -T 20 -x ont2d /beevol/home/whitel/tRNAworkshop/ref/ecoliK12MG1655-mature-tRNAs.fa /beevol/home/whitel/tRNAworkshop/rebasecalled/fastqs/WTyeast004_20231111_1104_P2S-00519-B_PAQ47538_fa3726ec.rna004_130bps_sup@v3.0.1.fastq
+ samtools view -F4 -hu -
[M::bwa_idx_load_from_disk] read 0 ALT contigs
[M::process] read 56546 sequences (10000168 bp)...
[M::process] read 59004 sequences (10000043 bp)...
[M::mem_process_seqs] Processed 56546 reads in 112.395 CPU sec, 112.611 real sec
[M::process] read 59304 sequences (10000108 bp)...
[M::mem_process_seqs] Processed 59004 reads in 116.043 CPU sec, 116.170 real sec
[M::process] read 29652 sequences (5012240 bp)...
[M::mem_process_seqs] Processed 59304 reads in 115.311 CPU sec, 115.470 real sec
[M::mem_process_seqs] Processed 29652 reads in 57.508 CPU sec, 57.577 real sec
[main] Version: 0.7.16a-r1181
[main] CMD: bwa mem -W 13 -k 6 -T 20 -x ont2d /beevol/home/whitel/tRNAworkshop/ref/ecoliK12MG1655-mature-tRNAs.fa /beevol/home/whitel/tRNAworkshop/rebasecalled/fastqs/WTyeast004_20231111_1104_P2S-00519-B_PAQ47538_fa3726ec.rna004_130bps_sup@v3.0.1.fastq
[main] Real time: 402.163 sec; CPU: 401.366 sec
+ samtools index /beevol/home/whitel/tRNAworkshop/rebasecalled/alignedbams/crossalignments/WTyeast004_20231111_1104_P2S-00519-B_PAQ47538_fa3726ec.rna004_130bps_sup@v3.0.1.ecoliK12MG1655-mature-tRNAs.bwa.bam
+ for ref in '"${references[@]}"'
++ basename sacCer3-mature-tRNAs.fa .fa
+ ref_name=sacCer3-mature-tRNAs
+ bwa mem -W 13 -k 6 -T 20 -x ont2d /beevol/home/whitel/tRNAworkshop/ref/sacCer3-mature-tRNAs.fa /beevol/home/whitel/tRNAworkshop/rebasecalled/fastqs/WTyeast004_20231111_1104_P2S-00519-B_PAQ47538_fa3726ec.rna004_130bps_sup@v3.0.1.fastq
+ samtools view -F4 -hu -
+ samtools sort -o /beevol/home/whitel/tRNAworkshop/rebasecalled/alignedbams/crossalignments/WTyeast004_20231111_1104_P2S-00519-B_PAQ47538_fa3726ec.rna004_130bps_sup@v3.0.1.sacCer3-mature-tRNAs.bwa.bam
[M::bwa_idx_load_from_disk] read 0 ALT contigs
[M::process] read 56546 sequences (10000168 bp)...
[M::process] read 59004 sequences (10000043 bp)...
[M::mem_process_seqs] Processed 56546 reads in 215.938 CPU sec, 216.397 real sec
[M::process] read 59304 sequences (10000108 bp)...
[M::mem_process_seqs] Processed 59004 reads in 219.124 CPU sec, 219.448 real sec
[M::process] read 29652 sequences (5012240 bp)...
[M::mem_process_seqs] Processed 59304 reads in 218.174 CPU sec, 218.576 real sec
[M::mem_process_seqs] Processed 29652 reads in 111.988 CPU sec, 112.145 real sec
[main] Version: 0.7.16a-r1181
[main] CMD: bwa mem -W 13 -k 6 -T 20 -x ont2d /beevol/home/whitel/tRNAworkshop/ref/sacCer3-mature-tRNAs.fa /beevol/home/whitel/tRNAworkshop/rebasecalled/fastqs/WTyeast004_20231111_1104_P2S-00519-B_PAQ47538_fa3726ec.rna004_130bps_sup@v3.0.1.fastq
[main] Real time: 766.783 sec; CPU: 765.327 sec
+ samtools index /beevol/home/whitel/tRNAworkshop/rebasecalled/alignedbams/crossalignments/WTyeast004_20231111_1104_P2S-00519-B_PAQ47538_fa3726ec.rna004_130bps_sup@v3.0.1.sacCer3-mature-tRNAs.bwa.bam
+ for ref in '"${references[@]}"'
++ basename tthermophila-numbered-mature-tRNAs.fa .fa
+ ref_name=tthermophila-numbered-mature-tRNAs
+ bwa mem -W 13 -k 6 -T 20 -x ont2d /beevol/home/whitel/tRNAworkshop/ref/tthermophila-numbered-mature-tRNAs.fa /beevol/home/whitel/tRNAworkshop/rebasecalled/fastqs/WTyeast004_20231111_1104_P2S-00519-B_PAQ47538_fa3726ec.rna004_130bps_sup@v3.0.1.fastq
+ samtools sort -o /beevol/home/whitel/tRNAworkshop/rebasecalled/alignedbams/crossalignments/WTyeast004_20231111_1104_P2S-00519-B_PAQ47538_fa3726ec.rna004_130bps_sup@v3.0.1.tthermophila-numbered-mature-tRNAs.bwa.bam
+ samtools view -F4 -hu -
[M::bwa_idx_load_from_disk] read 0 ALT contigs
[M::process] read 56546 sequences (10000168 bp)...
[M::process] read 59004 sequences (10000043 bp)...
[M::mem_process_seqs] Processed 56546 reads in 367.194 CPU sec, 368.012 real sec
[M::process] read 59304 sequences (10000108 bp)...
[M::mem_process_seqs] Processed 59004 reads in 356.060 CPU sec, 356.726 real sec
[M::process] read 29652 sequences (5012240 bp)...
[M::mem_process_seqs] Processed 59304 reads in 356.943 CPU sec, 357.639 real sec
[M::mem_process_seqs] Processed 29652 reads in 182.414 CPU sec, 182.707 real sec
[main] Version: 0.7.16a-r1181
[main] CMD: bwa mem -W 13 -k 6 -T 20 -x ont2d /beevol/home/whitel/tRNAworkshop/ref/tthermophila-numbered-mature-tRNAs.fa /beevol/home/whitel/tRNAworkshop/rebasecalled/fastqs/WTyeast004_20231111_1104_P2S-00519-B_PAQ47538_fa3726ec.rna004_130bps_sup@v3.0.1.fastq
[main] Real time: 1265.265 sec; CPU: 1262.693 sec
+ samtools index /beevol/home/whitel/tRNAworkshop/rebasecalled/alignedbams/crossalignments/WTyeast004_20231111_1104_P2S-00519-B_PAQ47538_fa3726ec.rna004_130bps_sup@v3.0.1.tthermophila-numbered-mature-tRNAs.bwa.bam
+ for ref in '"${references[@]}"'
++ basename dm6-mature-tRNAs.fa .fa
+ ref_name=dm6-mature-tRNAs
+ bwa mem -W 13 -k 6 -T 20 -x ont2d /beevol/home/whitel/tRNAworkshop/ref/dm6-mature-tRNAs.fa /beevol/home/whitel/tRNAworkshop/rebasecalled/fastqs/WTyeast004_20231111_1104_P2S-00519-B_PAQ47538_fa3726ec.rna004_130bps_sup@v3.0.1.fastq
+ samtools view -F4 -hu -
+ samtools sort -o /beevol/home/whitel/tRNAworkshop/rebasecalled/alignedbams/crossalignments/WTyeast004_20231111_1104_P2S-00519-B_PAQ47538_fa3726ec.rna004_130bps_sup@v3.0.1.dm6-mature-tRNAs.bwa.bam
[M::bwa_idx_load_from_disk] read 0 ALT contigs
[M::process] read 56546 sequences (10000168 bp)...
[M::process] read 59004 sequences (10000043 bp)...
[M::mem_process_seqs] Processed 56546 reads in 322.942 CPU sec, 323.654 real sec
[M::process] read 59304 sequences (10000108 bp)...
[M::mem_process_seqs] Processed 59004 reads in 331.238 CPU sec, 331.864 real sec
[M::process] read 29652 sequences (5012240 bp)...
[M::mem_process_seqs] Processed 59304 reads in 330.066 CPU sec, 330.691 real sec
[M::mem_process_seqs] Processed 29652 reads in 165.579 CPU sec, 165.841 real sec
[main] Version: 0.7.16a-r1181
[main] CMD: bwa mem -W 13 -k 6 -T 20 -x ont2d /beevol/home/whitel/tRNAworkshop/ref/dm6-mature-tRNAs.fa /beevol/home/whitel/tRNAworkshop/rebasecalled/fastqs/WTyeast004_20231111_1104_P2S-00519-B_PAQ47538_fa3726ec.rna004_130bps_sup@v3.0.1.fastq
[main] Real time: 1152.517 sec; CPU: 1149.943 sec
+ samtools index /beevol/home/whitel/tRNAworkshop/rebasecalled/alignedbams/crossalignments/WTyeast004_20231111_1104_P2S-00519-B_PAQ47538_fa3726ec.rna004_130bps_sup@v3.0.1.dm6-mature-tRNAs.bwa.bam
+ for ref in '"${references[@]}"'
++ basename danRer11-mature-tRNAs.fa .fa
+ ref_name=danRer11-mature-tRNAs
+ bwa mem -W 13 -k 6 -T 20 -x ont2d /beevol/home/whitel/tRNAworkshop/ref/danRer11-mature-tRNAs.fa /beevol/home/whitel/tRNAworkshop/rebasecalled/fastqs/WTyeast004_20231111_1104_P2S-00519-B_PAQ47538_fa3726ec.rna004_130bps_sup@v3.0.1.fastq
+ samtools view -F4 -hu -
+ samtools sort -o /beevol/home/whitel/tRNAworkshop/rebasecalled/alignedbams/crossalignments/WTyeast004_20231111_1104_P2S-00519-B_PAQ47538_fa3726ec.rna004_130bps_sup@v3.0.1.danRer11-mature-tRNAs.bwa.bam
[M::bwa_idx_load_from_disk] read 0 ALT contigs
[M::process] read 56546 sequences (10000168 bp)...
[M::process] read 59004 sequences (10000043 bp)...
[M::mem_process_seqs] Processed 56546 reads in 315.061 CPU sec, 315.755 real sec
[M::process] read 59304 sequences (10000108 bp)...
[M::mem_process_seqs] Processed 59004 reads in 310.406 CPU sec, 310.940 real sec
[M::process] read 29652 sequences (5012240 bp)...
[M::mem_process_seqs] Processed 59304 reads in 309.753 CPU sec, 310.328 real sec
[M::mem_process_seqs] Processed 29652 reads in 158.682 CPU sec, 158.951 real sec
[main] Version: 0.7.16a-r1181
[main] CMD: bwa mem -W 13 -k 6 -T 20 -x ont2d /beevol/home/whitel/tRNAworkshop/ref/danRer11-mature-tRNAs.fa /beevol/home/whitel/tRNAworkshop/rebasecalled/fastqs/WTyeast004_20231111_1104_P2S-00519-B_PAQ47538_fa3726ec.rna004_130bps_sup@v3.0.1.fastq
[main] Real time: 1096.445 sec; CPU: 1094.030 sec
+ samtools index /beevol/home/whitel/tRNAworkshop/rebasecalled/alignedbams/crossalignments/WTyeast004_20231111_1104_P2S-00519-B_PAQ47538_fa3726ec.rna004_130bps_sup@v3.0.1.danRer11-mature-tRNAs.bwa.bam
+ for ref in '"${references[@]}"'
++ basename hg38-mature-tRNAs.fa .fa
+ ref_name=hg38-mature-tRNAs
+ bwa mem -W 13 -k 6 -T 20 -x ont2d /beevol/home/whitel/tRNAworkshop/ref/hg38-mature-tRNAs.fa /beevol/home/whitel/tRNAworkshop/rebasecalled/fastqs/WTyeast004_20231111_1104_P2S-00519-B_PAQ47538_fa3726ec.rna004_130bps_sup@v3.0.1.fastq
+ samtools view -F4 -hu -
+ samtools sort -o /beevol/home/whitel/tRNAworkshop/rebasecalled/alignedbams/crossalignments/WTyeast004_20231111_1104_P2S-00519-B_PAQ47538_fa3726ec.rna004_130bps_sup@v3.0.1.hg38-mature-tRNAs.bwa.bam
[M::bwa_idx_load_from_disk] read 0 ALT contigs
[M::process] read 56546 sequences (10000168 bp)...
[M::process] read 59004 sequences (10000043 bp)...
[M::mem_process_seqs] Processed 56546 reads in 310.887 CPU sec, 311.623 real sec
[M::process] read 59304 sequences (10000108 bp)...
[M::mem_process_seqs] Processed 59004 reads in 313.223 CPU sec, 313.882 real sec
[M::process] read 29652 sequences (5012240 bp)...
[M::mem_process_seqs] Processed 59304 reads in 311.215 CPU sec, 311.867 real sec
[M::mem_process_seqs] Processed 29652 reads in 159.356 CPU sec, 159.651 real sec
[main] Version: 0.7.16a-r1181
[main] CMD: bwa mem -W 13 -k 6 -T 20 -x ont2d /beevol/home/whitel/tRNAworkshop/ref/hg38-mature-tRNAs.fa /beevol/home/whitel/tRNAworkshop/rebasecalled/fastqs/WTyeast004_20231111_1104_P2S-00519-B_PAQ47538_fa3726ec.rna004_130bps_sup@v3.0.1.fastq
[main] Real time: 1097.483 sec; CPU: 1094.763 sec
+ samtools index /beevol/home/whitel/tRNAworkshop/rebasecalled/alignedbams/crossalignments/WTyeast004_20231111_1104_P2S-00519-B_PAQ47538_fa3726ec.rna004_130bps_sup@v3.0.1.hg38-mature-tRNAs.bwa.bam
+ samples=(WTyeast004_20231111_1104_P2S-00519-B_PAQ47538_fa3726ec.rna004_130bps_sup@v3.0.1 Ecoli004_20240105_1224_MN31004_FAX73799_1fe84761.rna004_130bps_sup@v3.0.1 Drosophila004_20231208_1307_MN31004_FAX73799_72c200e4.rna004_130bps_sup@v3.0.1 HumanFibroblast004_20231208_1351_MN42516_FAX71838_b8f7b990.rna004_130bps_sup@v3.0.1 Tetrahymena004_20231208_0920_MN42516_FAX71838_a244513d.rna004_130bps_sup@v3.0.1 Zebrafish004_20231208_0919_MN31004_FAX73799_f3dea9f8.rna004_130bps_sup@v3.0.1)
+ refloc=/beevol/home/whitel/tRNAworkshop/ref
+ references=(ecoliK12MG1655-mature-tRNAs.fa sacCer3-mature-tRNAs.fa tthermophila-numbered-mature-tRNAs.fa dm6-mature-tRNAs.fa danRer11-mature-tRNAs.fa hg38-mature-tRNAs.fa)
+ u=Drosophila004_20231208_1307_MN31004_FAX73799_72c200e4.rna004_130bps_sup@v3.0.1
+ for ref in '"${references[@]}"'
++ basename ecoliK12MG1655-mature-tRNAs.fa .fa
+ ref_name=ecoliK12MG1655-mature-tRNAs
+ samtools view -F4 -hu -
+ bwa mem -W 13 -k 6 -T 20 -x ont2d /beevol/home/whitel/tRNAworkshop/ref/ecoliK12MG1655-mature-tRNAs.fa /beevol/home/whitel/tRNAworkshop/rebasecalled/fastqs/Drosophila004_20231208_1307_MN31004_FAX73799_72c200e4.rna004_130bps_sup@v3.0.1.fastq
+ samtools sort -o /beevol/home/whitel/tRNAworkshop/rebasecalled/alignedbams/crossalignments/Drosophila004_20231208_1307_MN31004_FAX73799_72c200e4.rna004_130bps_sup@v3.0.1.ecoliK12MG1655-mature-tRNAs.bwa.bam
[M::bwa_idx_load_from_disk] read 0 ALT contigs
[M::process] read 74512 sequences (10000050 bp)...
[M::process] read 75430 sequences (10000284 bp)...
[M::mem_process_seqs] Processed 74512 reads in 108.882 CPU sec, 109.115 real sec
[M::process] read 76780 sequences (10000110 bp)...
[M::mem_process_seqs] Processed 75430 reads in 106.903 CPU sec, 107.047 real sec
[M::process] read 76978 sequences (10000181 bp)...
[M::mem_process_seqs] Processed 76780 reads in 104.283 CPU sec, 104.403 real sec
[M::process] read 13336 sequences (1690185 bp)...
[M::mem_process_seqs] Processed 76978 reads in 104.652 CPU sec, 104.833 real sec
[M::mem_process_seqs] Processed 13336 reads in 17.435 CPU sec, 17.360 real sec
[main] Version: 0.7.16a-r1181
[main] CMD: bwa mem -W 13 -k 6 -T 20 -x ont2d /beevol/home/whitel/tRNAworkshop/ref/ecoliK12MG1655-mature-tRNAs.fa /beevol/home/whitel/tRNAworkshop/rebasecalled/fastqs/Drosophila004_20231208_1307_MN31004_FAX73799_72c200e4.rna004_130bps_sup@v3.0.1.fastq
[main] Real time: 447.434 sec; CPU: 442.226 sec
+ samtools index /beevol/home/whitel/tRNAworkshop/rebasecalled/alignedbams/crossalignments/Drosophila004_20231208_1307_MN31004_FAX73799_72c200e4.rna004_130bps_sup@v3.0.1.ecoliK12MG1655-mature-tRNAs.bwa.bam
+ for ref in '"${references[@]}"'
++ basename sacCer3-mature-tRNAs.fa .fa
+ ref_name=sacCer3-mature-tRNAs
+ samtools view -F4 -hu -
+ bwa mem -W 13 -k 6 -T 20 -x ont2d /beevol/home/whitel/tRNAworkshop/ref/sacCer3-mature-tRNAs.fa /beevol/home/whitel/tRNAworkshop/rebasecalled/fastqs/Drosophila004_20231208_1307_MN31004_FAX73799_72c200e4.rna004_130bps_sup@v3.0.1.fastq
+ samtools sort -o /beevol/home/whitel/tRNAworkshop/rebasecalled/alignedbams/crossalignments/Drosophila004_20231208_1307_MN31004_FAX73799_72c200e4.rna004_130bps_sup@v3.0.1.sacCer3-mature-tRNAs.bwa.bam
[M::bwa_idx_load_from_disk] read 0 ALT contigs
[M::process] read 74512 sequences (10000050 bp)...
[M::process] read 75430 sequences (10000284 bp)...
[M::mem_process_seqs] Processed 74512 reads in 287.152 CPU sec, 287.856 real sec
[M::process] read 76780 sequences (10000110 bp)...
[M::mem_process_seqs] Processed 75430 reads in 280.148 CPU sec, 280.677 real sec
[M::process] read 76978 sequences (10000181 bp)...
[M::mem_process_seqs] Processed 76780 reads in 275.051 CPU sec, 275.572 real sec
[M::process] read 13336 sequences (1690185 bp)...
[M::mem_process_seqs] Processed 76978 reads in 274.714 CPU sec, 275.305 real sec
[M::mem_process_seqs] Processed 13336 reads in 45.488 CPU sec, 45.438 real sec
[main] Version: 0.7.16a-r1181
[main] CMD: bwa mem -W 13 -k 6 -T 20 -x ont2d /beevol/home/whitel/tRNAworkshop/ref/sacCer3-mature-tRNAs.fa /beevol/home/whitel/tRNAworkshop/rebasecalled/fastqs/Drosophila004_20231208_1307_MN31004_FAX73799_72c200e4.rna004_130bps_sup@v3.0.1.fastq
[main] Real time: 1165.336 sec; CPU: 1162.632 sec
+ samtools index /beevol/home/whitel/tRNAworkshop/rebasecalled/alignedbams/crossalignments/Drosophila004_20231208_1307_MN31004_FAX73799_72c200e4.rna004_130bps_sup@v3.0.1.sacCer3-mature-tRNAs.bwa.bam
+ for ref in '"${references[@]}"'
++ basename tthermophila-numbered-mature-tRNAs.fa .fa
+ ref_name=tthermophila-numbered-mature-tRNAs
+ bwa mem -W 13 -k 6 -T 20 -x ont2d /beevol/home/whitel/tRNAworkshop/ref/tthermophila-numbered-mature-tRNAs.fa /beevol/home/whitel/tRNAworkshop/rebasecalled/fastqs/Drosophila004_20231208_1307_MN31004_FAX73799_72c200e4.rna004_130bps_sup@v3.0.1.fastq
+ samtools view -F4 -hu -
+ samtools sort -o /beevol/home/whitel/tRNAworkshop/rebasecalled/alignedbams/crossalignments/Drosophila004_20231208_1307_MN31004_FAX73799_72c200e4.rna004_130bps_sup@v3.0.1.tthermophila-numbered-mature-tRNAs.bwa.bam
[M::bwa_idx_load_from_disk] read 0 ALT contigs
[M::process] read 74512 sequences (10000050 bp)...
[M::process] read 75430 sequences (10000284 bp)...
[M::mem_process_seqs] Processed 74512 reads in 331.922 CPU sec, 332.646 real sec
[M::process] read 76780 sequences (10000110 bp)...
[M::mem_process_seqs] Processed 75430 reads in 327.070 CPU sec, 327.647 real sec
[M::process] read 76978 sequences (10000181 bp)...
[M::mem_process_seqs] Processed 76780 reads in 319.879 CPU sec, 320.387 real sec
[M::process] read 13336 sequences (1690185 bp)...
[M::mem_process_seqs] Processed 76978 reads in 318.814 CPU sec, 319.356 real sec
[M::mem_process_seqs] Processed 13336 reads in 53.050 CPU sec, 53.011 real sec
[main] Version: 0.7.16a-r1181
[main] CMD: bwa mem -W 13 -k 6 -T 20 -x ont2d /beevol/home/whitel/tRNAworkshop/ref/tthermophila-numbered-mature-tRNAs.fa /beevol/home/whitel/tRNAworkshop/rebasecalled/fastqs/Drosophila004_20231208_1307_MN31004_FAX73799_72c200e4.rna004_130bps_sup@v3.0.1.fastq
[main] Real time: 1353.557 sec; CPU: 1350.809 sec
+ samtools index /beevol/home/whitel/tRNAworkshop/rebasecalled/alignedbams/crossalignments/Drosophila004_20231208_1307_MN31004_FAX73799_72c200e4.rna004_130bps_sup@v3.0.1.tthermophila-numbered-mature-tRNAs.bwa.bam
+ for ref in '"${references[@]}"'
++ basename dm6-mature-tRNAs.fa .fa
+ ref_name=dm6-mature-tRNAs
+ bwa mem -W 13 -k 6 -T 20 -x ont2d /beevol/home/whitel/tRNAworkshop/ref/dm6-mature-tRNAs.fa /beevol/home/whitel/tRNAworkshop/rebasecalled/fastqs/Drosophila004_20231208_1307_MN31004_FAX73799_72c200e4.rna004_130bps_sup@v3.0.1.fastq
+ samtools sort -o /beevol/home/whitel/tRNAworkshop/rebasecalled/alignedbams/crossalignments/Drosophila004_20231208_1307_MN31004_FAX73799_72c200e4.rna004_130bps_sup@v3.0.1.dm6-mature-tRNAs.bwa.bam
+ samtools view -F4 -hu -
[M::bwa_idx_load_from_disk] read 0 ALT contigs
[M::process] read 74512 sequences (10000050 bp)...
[M::process] read 75430 sequences (10000284 bp)...
[M::mem_process_seqs] Processed 74512 reads in 278.963 CPU sec, 279.566 real sec
[M::process] read 76780 sequences (10000110 bp)...
[M::mem_process_seqs] Processed 75430 reads in 273.146 CPU sec, 273.603 real sec
[M::process] read 76978 sequences (10000181 bp)...
[M::mem_process_seqs] Processed 76780 reads in 269.473 CPU sec, 269.903 real sec
[M::process] read 13336 sequences (1690185 bp)...
[M::mem_process_seqs] Processed 76978 reads in 268.332 CPU sec, 268.896 real sec
[M::mem_process_seqs] Processed 13336 reads in 44.676 CPU sec, 44.640 real sec
[main] Version: 0.7.16a-r1181
[main] CMD: bwa mem -W 13 -k 6 -T 20 -x ont2d /beevol/home/whitel/tRNAworkshop/ref/dm6-mature-tRNAs.fa /beevol/home/whitel/tRNAworkshop/rebasecalled/fastqs/Drosophila004_20231208_1307_MN31004_FAX73799_72c200e4.rna004_130bps_sup@v3.0.1.fastq
[main] Real time: 1137.256 sec; CPU: 1134.682 sec
+ samtools index /beevol/home/whitel/tRNAworkshop/rebasecalled/alignedbams/crossalignments/Drosophila004_20231208_1307_MN31004_FAX73799_72c200e4.rna004_130bps_sup@v3.0.1.dm6-mature-tRNAs.bwa.bam
+ for ref in '"${references[@]}"'
++ basename danRer11-mature-tRNAs.fa .fa
+ ref_name=danRer11-mature-tRNAs
+ bwa mem -W 13 -k 6 -T 20 -x ont2d /beevol/home/whitel/tRNAworkshop/ref/danRer11-mature-tRNAs.fa /beevol/home/whitel/tRNAworkshop/rebasecalled/fastqs/Drosophila004_20231208_1307_MN31004_FAX73799_72c200e4.rna004_130bps_sup@v3.0.1.fastq
+ samtools view -F4 -hu -
+ samtools sort -o /beevol/home/whitel/tRNAworkshop/rebasecalled/alignedbams/crossalignments/Drosophila004_20231208_1307_MN31004_FAX73799_72c200e4.rna004_130bps_sup@v3.0.1.danRer11-mature-tRNAs.bwa.bam
[M::bwa_idx_load_from_disk] read 0 ALT contigs
[M::process] read 74512 sequences (10000050 bp)...
[M::process] read 75430 sequences (10000284 bp)...
[M::mem_process_seqs] Processed 74512 reads in 265.282 CPU sec, 265.943 real sec
[M::process] read 76780 sequences (10000110 bp)...
[M::mem_process_seqs] Processed 75430 reads in 262.011 CPU sec, 262.548 real sec
[M::process] read 76978 sequences (10000181 bp)...
[M::mem_process_seqs] Processed 76780 reads in 252.550 CPU sec, 253.013 real sec
[M::process] read 13336 sequences (1690185 bp)...
[M::mem_process_seqs] Processed 76978 reads in 253.253 CPU sec, 253.755 real sec
[M::mem_process_seqs] Processed 13336 reads in 43.399 CPU sec, 43.374 real sec
[main] Version: 0.7.16a-r1181
[main] CMD: bwa mem -W 13 -k 6 -T 20 -x ont2d /beevol/home/whitel/tRNAworkshop/ref/danRer11-mature-tRNAs.fa /beevol/home/whitel/tRNAworkshop/rebasecalled/fastqs/Drosophila004_20231208_1307_MN31004_FAX73799_72c200e4.rna004_130bps_sup@v3.0.1.fastq
[main] Real time: 1079.388 sec; CPU: 1076.574 sec
+ samtools index /beevol/home/whitel/tRNAworkshop/rebasecalled/alignedbams/crossalignments/Drosophila004_20231208_1307_MN31004_FAX73799_72c200e4.rna004_130bps_sup@v3.0.1.danRer11-mature-tRNAs.bwa.bam
+ for ref in '"${references[@]}"'
++ basename hg38-mature-tRNAs.fa .fa
+ ref_name=hg38-mature-tRNAs
+ samtools view -F4 -hu -
+ bwa mem -W 13 -k 6 -T 20 -x ont2d /beevol/home/whitel/tRNAworkshop/ref/hg38-mature-tRNAs.fa /beevol/home/whitel/tRNAworkshop/rebasecalled/fastqs/Drosophila004_20231208_1307_MN31004_FAX73799_72c200e4.rna004_130bps_sup@v3.0.1.fastq
+ samtools sort -o /beevol/home/whitel/tRNAworkshop/rebasecalled/alignedbams/crossalignments/Drosophila004_20231208_1307_MN31004_FAX73799_72c200e4.rna004_130bps_sup@v3.0.1.hg38-mature-tRNAs.bwa.bam
[M::bwa_idx_load_from_disk] read 0 ALT contigs
[M::process] read 74512 sequences (10000050 bp)...
[M::process] read 75430 sequences (10000284 bp)...
[M::mem_process_seqs] Processed 74512 reads in 273.122 CPU sec, 273.779 real sec
[M::process] read 76780 sequences (10000110 bp)...
[M::mem_process_seqs] Processed 75430 reads in 269.053 CPU sec, 269.604 real sec
[M::process] read 76978 sequences (10000181 bp)...
[M::mem_process_seqs] Processed 76780 reads in 260.905 CPU sec, 261.418 real sec
[M::process] read 13336 sequences (1690185 bp)...
[M::mem_process_seqs] Processed 76978 reads in 259.190 CPU sec, 259.725 real sec
[M::mem_process_seqs] Processed 13336 reads in 44.121 CPU sec, 44.088 real sec
[main] Version: 0.7.16a-r1181
[main] CMD: bwa mem -W 13 -k 6 -T 20 -x ont2d /beevol/home/whitel/tRNAworkshop/ref/hg38-mature-tRNAs.fa /beevol/home/whitel/tRNAworkshop/rebasecalled/fastqs/Drosophila004_20231208_1307_MN31004_FAX73799_72c200e4.rna004_130bps_sup@v3.0.1.fastq
[main] Real time: 1109.292 sec; CPU: 1106.461 sec
+ samtools index /beevol/home/whitel/tRNAworkshop/rebasecalled/alignedbams/crossalignments/Drosophila004_20231208_1307_MN31004_FAX73799_72c200e4.rna004_130bps_sup@v3.0.1.hg38-mature-tRNAs.bwa.bam
+ samples=(WTyeast004_20231111_1104_P2S-00519-B_PAQ47538_fa3726ec.rna004_130bps_sup@v3.0.1 Ecoli004_20240105_1224_MN31004_FAX73799_1fe84761.rna004_130bps_sup@v3.0.1 Drosophila004_20231208_1307_MN31004_FAX73799_72c200e4.rna004_130bps_sup@v3.0.1 HumanFibroblast004_20231208_1351_MN42516_FAX71838_b8f7b990.rna004_130bps_sup@v3.0.1 Tetrahymena004_20231208_0920_MN42516_FAX71838_a244513d.rna004_130bps_sup@v3.0.1 Zebrafish004_20231208_0919_MN31004_FAX73799_f3dea9f8.rna004_130bps_sup@v3.0.1)
+ refloc=/beevol/home/whitel/tRNAworkshop/ref
+ references=(ecoliK12MG1655-mature-tRNAs.fa sacCer3-mature-tRNAs.fa tthermophila-numbered-mature-tRNAs.fa dm6-mature-tRNAs.fa danRer11-mature-tRNAs.fa hg38-mature-tRNAs.fa)
+ u=HumanFibroblast004_20231208_1351_MN42516_FAX71838_b8f7b990.rna004_130bps_sup@v3.0.1
+ for ref in '"${references[@]}"'
++ basename ecoliK12MG1655-mature-tRNAs.fa .fa
+ ref_name=ecoliK12MG1655-mature-tRNAs
+ bwa mem -W 13 -k 6 -T 20 -x ont2d /beevol/home/whitel/tRNAworkshop/ref/ecoliK12MG1655-mature-tRNAs.fa /beevol/home/whitel/tRNAworkshop/rebasecalled/fastqs/HumanFibroblast004_20231208_1351_MN42516_FAX71838_b8f7b990.rna004_130bps_sup@v3.0.1.fastq
+ samtools view -F4 -hu -
+ samtools sort -o /beevol/home/whitel/tRNAworkshop/rebasecalled/alignedbams/crossalignments/HumanFibroblast004_20231208_1351_MN42516_FAX71838_b8f7b990.rna004_130bps_sup@v3.0.1.ecoliK12MG1655-mature-tRNAs.bwa.bam
[M::bwa_idx_load_from_disk] read 0 ALT contigs
[M::process] read 54812 sequences (10000279 bp)...
[M::process] read 59976 sequences (10000243 bp)...
[M::mem_process_seqs] Processed 54812 reads in 167.067 CPU sec, 167.027 real sec
[M::process] read 33315 sequences (6055537 bp)...
[M::mem_process_seqs] Processed 59976 reads in 180.418 CPU sec, 180.336 real sec
[M::mem_process_seqs] Processed 33315 reads in 100.920 CPU sec, 100.855 real sec
[main] Version: 0.7.16a-r1181
[main] CMD: bwa mem -W 13 -k 6 -T 20 -x ont2d /beevol/home/whitel/tRNAworkshop/ref/ecoliK12MG1655-mature-tRNAs.fa /beevol/home/whitel/tRNAworkshop/rebasecalled/fastqs/HumanFibroblast004_20231208_1351_MN42516_FAX71838_b8f7b990.rna004_130bps_sup@v3.0.1.fastq
[main] Real time: 452.886 sec; CPU: 448.507 sec
+ samtools index /beevol/home/whitel/tRNAworkshop/rebasecalled/alignedbams/crossalignments/HumanFibroblast004_20231208_1351_MN42516_FAX71838_b8f7b990.rna004_130bps_sup@v3.0.1.ecoliK12MG1655-mature-tRNAs.bwa.bam
+ for ref in '"${references[@]}"'
++ basename sacCer3-mature-tRNAs.fa .fa
+ ref_name=sacCer3-mature-tRNAs
+ bwa mem -W 13 -k 6 -T 20 -x ont2d /beevol/home/whitel/tRNAworkshop/ref/sacCer3-mature-tRNAs.fa /beevol/home/whitel/tRNAworkshop/rebasecalled/fastqs/HumanFibroblast004_20231208_1351_MN42516_FAX71838_b8f7b990.rna004_130bps_sup@v3.0.1.fastq
+ samtools view -F4 -hu -
+ samtools sort -o /beevol/home/whitel/tRNAworkshop/rebasecalled/alignedbams/crossalignments/HumanFibroblast004_20231208_1351_MN42516_FAX71838_b8f7b990.rna004_130bps_sup@v3.0.1.sacCer3-mature-tRNAs.bwa.bam
[M::bwa_idx_load_from_disk] read 0 ALT contigs
[M::process] read 54812 sequences (10000279 bp)...
[M::process] read 59976 sequences (10000243 bp)...
[M::mem_process_seqs] Processed 54812 reads in 451.646 CPU sec, 451.637 real sec
[M::process] read 33315 sequences (6055537 bp)...
[M::mem_process_seqs] Processed 59976 reads in 483.224 CPU sec, 483.176 real sec
[M::mem_process_seqs] Processed 33315 reads in 273.186 CPU sec, 273.136 real sec
[main] Version: 0.7.16a-r1181
[main] CMD: bwa mem -W 13 -k 6 -T 20 -x ont2d /beevol/home/whitel/tRNAworkshop/ref/sacCer3-mature-tRNAs.fa /beevol/home/whitel/tRNAworkshop/rebasecalled/fastqs/HumanFibroblast004_20231208_1351_MN42516_FAX71838_b8f7b990.rna004_130bps_sup@v3.0.1.fastq
[main] Real time: 1208.518 sec; CPU: 1208.168 sec
+ samtools index /beevol/home/whitel/tRNAworkshop/rebasecalled/alignedbams/crossalignments/HumanFibroblast004_20231208_1351_MN42516_FAX71838_b8f7b990.rna004_130bps_sup@v3.0.1.sacCer3-mature-tRNAs.bwa.bam
+ for ref in '"${references[@]}"'
++ basename tthermophila-numbered-mature-tRNAs.fa .fa
+ ref_name=tthermophila-numbered-mature-tRNAs
+ bwa mem -W 13 -k 6 -T 20 -x ont2d /beevol/home/whitel/tRNAworkshop/ref/tthermophila-numbered-mature-tRNAs.fa /beevol/home/whitel/tRNAworkshop/rebasecalled/fastqs/HumanFibroblast004_20231208_1351_MN42516_FAX71838_b8f7b990.rna004_130bps_sup@v3.0.1.fastq
+ samtools view -F4 -hu -
+ samtools sort -o /beevol/home/whitel/tRNAworkshop/rebasecalled/alignedbams/crossalignments/HumanFibroblast004_20231208_1351_MN42516_FAX71838_b8f7b990.rna004_130bps_sup@v3.0.1.tthermophila-numbered-mature-tRNAs.bwa.bam
[M::bwa_idx_load_from_disk] read 0 ALT contigs
[M::process] read 54812 sequences (10000279 bp)...
[M::process] read 59976 sequences (10000243 bp)...
[M::mem_process_seqs] Processed 54812 reads in 534.172 CPU sec, 534.175 real sec
[M::process] read 33315 sequences (6055537 bp)...
[M::mem_process_seqs] Processed 59976 reads in 565.262 CPU sec, 565.203 real sec
[M::mem_process_seqs] Processed 33315 reads in 318.731 CPU sec, 318.664 real sec
[main] Version: 0.7.16a-r1181
[main] CMD: bwa mem -W 13 -k 6 -T 20 -x ont2d /beevol/home/whitel/tRNAworkshop/ref/tthermophila-numbered-mature-tRNAs.fa /beevol/home/whitel/tRNAworkshop/rebasecalled/fastqs/HumanFibroblast004_20231208_1351_MN42516_FAX71838_b8f7b990.rna004_130bps_sup@v3.0.1.fastq
[main] Real time: 1418.605 sec; CPU: 1418.277 sec
+ samtools index /beevol/home/whitel/tRNAworkshop/rebasecalled/alignedbams/crossalignments/HumanFibroblast004_20231208_1351_MN42516_FAX71838_b8f7b990.rna004_130bps_sup@v3.0.1.tthermophila-numbered-mature-tRNAs.bwa.bam
+ for ref in '"${references[@]}"'
++ basename dm6-mature-tRNAs.fa .fa
+ ref_name=dm6-mature-tRNAs
+ bwa mem -W 13 -k 6 -T 20 -x ont2d /beevol/home/whitel/tRNAworkshop/ref/dm6-mature-tRNAs.fa /beevol/home/whitel/tRNAworkshop/rebasecalled/fastqs/HumanFibroblast004_20231208_1351_MN42516_FAX71838_b8f7b990.rna004_130bps_sup@v3.0.1.fastq
+ samtools view -F4 -hu -
+ samtools sort -o /beevol/home/whitel/tRNAworkshop/rebasecalled/alignedbams/crossalignments/HumanFibroblast004_20231208_1351_MN42516_FAX71838_b8f7b990.rna004_130bps_sup@v3.0.1.dm6-mature-tRNAs.bwa.bam
[M::bwa_idx_load_from_disk] read 0 ALT contigs
[M::process] read 54812 sequences (10000279 bp)...
[M::process] read 59976 sequences (10000243 bp)...
[M::mem_process_seqs] Processed 54812 reads in 454.213 CPU sec, 454.205 real sec
[M::process] read 33315 sequences (6055537 bp)...
[M::mem_process_seqs] Processed 59976 reads in 493.908 CPU sec, 493.837 real sec
[M::mem_process_seqs] Processed 33315 reads in 274.833 CPU sec, 274.761 real sec
[main] Version: 0.7.16a-r1181
[main] CMD: bwa mem -W 13 -k 6 -T 20 -x ont2d /beevol/home/whitel/tRNAworkshop/ref/dm6-mature-tRNAs.fa /beevol/home/whitel/tRNAworkshop/rebasecalled/fastqs/HumanFibroblast004_20231208_1351_MN42516_FAX71838_b8f7b990.rna004_130bps_sup@v3.0.1.fastq
[main] Real time: 1223.537 sec; CPU: 1223.069 sec
+ samtools index /beevol/home/whitel/tRNAworkshop/rebasecalled/alignedbams/crossalignments/HumanFibroblast004_20231208_1351_MN42516_FAX71838_b8f7b990.rna004_130bps_sup@v3.0.1.dm6-mature-tRNAs.bwa.bam
+ for ref in '"${references[@]}"'
++ basename danRer11-mature-tRNAs.fa .fa
+ ref_name=danRer11-mature-tRNAs
+ bwa mem -W 13 -k 6 -T 20 -x ont2d /beevol/home/whitel/tRNAworkshop/ref/danRer11-mature-tRNAs.fa /beevol/home/whitel/tRNAworkshop/rebasecalled/fastqs/HumanFibroblast004_20231208_1351_MN42516_FAX71838_b8f7b990.rna004_130bps_sup@v3.0.1.fastq
+ samtools view -F4 -hu -
+ samtools sort -o /beevol/home/whitel/tRNAworkshop/rebasecalled/alignedbams/crossalignments/HumanFibroblast004_20231208_1351_MN42516_FAX71838_b8f7b990.rna004_130bps_sup@v3.0.1.danRer11-mature-tRNAs.bwa.bam
[M::bwa_idx_load_from_disk] read 0 ALT contigs
[M::process] read 54812 sequences (10000279 bp)...
[M::process] read 59976 sequences (10000243 bp)...
[M::mem_process_seqs] Processed 54812 reads in 408.066 CPU sec, 408.051 real sec
[M::process] read 33315 sequences (6055537 bp)...
[M::mem_process_seqs] Processed 59976 reads in 422.352 CPU sec, 422.285 real sec
[M::mem_process_seqs] Processed 33315 reads in 245.797 CPU sec, 245.716 real sec
[main] Version: 0.7.16a-r1181
[main] CMD: bwa mem -W 13 -k 6 -T 20 -x ont2d /beevol/home/whitel/tRNAworkshop/ref/danRer11-mature-tRNAs.fa /beevol/home/whitel/tRNAworkshop/rebasecalled/fastqs/HumanFibroblast004_20231208_1351_MN42516_FAX71838_b8f7b990.rna004_130bps_sup@v3.0.1.fastq
[main] Real time: 1076.797 sec; CPU: 1076.335 sec
+ samtools index /beevol/home/whitel/tRNAworkshop/rebasecalled/alignedbams/crossalignments/HumanFibroblast004_20231208_1351_MN42516_FAX71838_b8f7b990.rna004_130bps_sup@v3.0.1.danRer11-mature-tRNAs.bwa.bam
+ for ref in '"${references[@]}"'
++ basename hg38-mature-tRNAs.fa .fa
+ ref_name=hg38-mature-tRNAs
+ bwa mem -W 13 -k 6 -T 20 -x ont2d /beevol/home/whitel/tRNAworkshop/ref/hg38-mature-tRNAs.fa /beevol/home/whitel/tRNAworkshop/rebasecalled/fastqs/HumanFibroblast004_20231208_1351_MN42516_FAX71838_b8f7b990.rna004_130bps_sup@v3.0.1.fastq
+ samtools view -F4 -hu -
+ samtools sort -o /beevol/home/whitel/tRNAworkshop/rebasecalled/alignedbams/crossalignments/HumanFibroblast004_20231208_1351_MN42516_FAX71838_b8f7b990.rna004_130bps_sup@v3.0.1.hg38-mature-tRNAs.bwa.bam
[M::bwa_idx_load_from_disk] read 0 ALT contigs
[M::process] read 54812 sequences (10000279 bp)...
[M::process] read 59976 sequences (10000243 bp)...
[M::mem_process_seqs] Processed 54812 reads in 400.758 CPU sec, 400.743 real sec
[M::process] read 33315 sequences (6055537 bp)...
[M::mem_process_seqs] Processed 59976 reads in 430.947 CPU sec, 430.888 real sec
[M::mem_process_seqs] Processed 33315 reads in 241.908 CPU sec, 241.840 real sec
[main] Version: 0.7.16a-r1181
[main] CMD: bwa mem -W 13 -k 6 -T 20 -x ont2d /beevol/home/whitel/tRNAworkshop/ref/hg38-mature-tRNAs.fa /beevol/home/whitel/tRNAworkshop/rebasecalled/fastqs/HumanFibroblast004_20231208_1351_MN42516_FAX71838_b8f7b990.rna004_130bps_sup@v3.0.1.fastq
[main] Real time: 1074.130 sec; CPU: 1073.724 sec
+ samtools index /beevol/home/whitel/tRNAworkshop/rebasecalled/alignedbams/crossalignments/HumanFibroblast004_20231208_1351_MN42516_FAX71838_b8f7b990.rna004_130bps_sup@v3.0.1.hg38-mature-tRNAs.bwa.bam
+ samples=(WTyeast004_20231111_1104_P2S-00519-B_PAQ47538_fa3726ec.rna004_130bps_sup@v3.0.1 Ecoli004_20240105_1224_MN31004_FAX73799_1fe84761.rna004_130bps_sup@v3.0.1 Drosophila004_20231208_1307_MN31004_FAX73799_72c200e4.rna004_130bps_sup@v3.0.1 HumanFibroblast004_20231208_1351_MN42516_FAX71838_b8f7b990.rna004_130bps_sup@v3.0.1 Tetrahymena004_20231208_0920_MN42516_FAX71838_a244513d.rna004_130bps_sup@v3.0.1 Zebrafish004_20231208_0919_MN31004_FAX73799_f3dea9f8.rna004_130bps_sup@v3.0.1)
+ refloc=/beevol/home/whitel/tRNAworkshop/ref
+ references=(ecoliK12MG1655-mature-tRNAs.fa sacCer3-mature-tRNAs.fa tthermophila-numbered-mature-tRNAs.fa dm6-mature-tRNAs.fa danRer11-mature-tRNAs.fa hg38-mature-tRNAs.fa)
+ u=Zebrafish004_20231208_0919_MN31004_FAX73799_f3dea9f8.rna004_130bps_sup@v3.0.1
+ for ref in '"${references[@]}"'
++ basename ecoliK12MG1655-mature-tRNAs.fa .fa
+ ref_name=ecoliK12MG1655-mature-tRNAs
+ bwa mem -W 13 -k 6 -T 20 -x ont2d /beevol/home/whitel/tRNAworkshop/ref/ecoliK12MG1655-mature-tRNAs.fa /beevol/home/whitel/tRNAworkshop/rebasecalled/fastqs/Zebrafish004_20231208_0919_MN31004_FAX73799_f3dea9f8.rna004_130bps_sup@v3.0.1.fastq
+ samtools view -F4 -hu -
+ samtools sort -o /beevol/home/whitel/tRNAworkshop/rebasecalled/alignedbams/crossalignments/Zebrafish004_20231208_0919_MN31004_FAX73799_f3dea9f8.rna004_130bps_sup@v3.0.1.ecoliK12MG1655-mature-tRNAs.bwa.bam
[M::bwa_idx_load_from_disk] read 0 ALT contigs
[M::process] read 55816 sequences (10000043 bp)...
[M::process] read 53792 sequences (10002283 bp)...
[M::mem_process_seqs] Processed 55816 reads in 238.103 CPU sec, 237.982 real sec
[M::process] read 48094 sequences (10000224 bp)...
[M::mem_process_seqs] Processed 53792 reads in 232.453 CPU sec, 232.266 real sec
[M::process] read 46551 sequences (8326701 bp)...
[M::mem_process_seqs] Processed 48094 reads in 213.709 CPU sec, 213.508 real sec
[M::mem_process_seqs] Processed 46551 reads in 197.483 CPU sec, 197.410 real sec
[main] Version: 0.7.16a-r1181
[main] CMD: bwa mem -W 13 -k 6 -T 20 -x ont2d /beevol/home/whitel/tRNAworkshop/ref/ecoliK12MG1655-mature-tRNAs.fa /beevol/home/whitel/tRNAworkshop/rebasecalled/fastqs/Zebrafish004_20231208_0919_MN31004_FAX73799_f3dea9f8.rna004_130bps_sup@v3.0.1.fastq
[main] Real time: 886.206 sec; CPU: 881.928 sec
+ samtools index /beevol/home/whitel/tRNAworkshop/rebasecalled/alignedbams/crossalignments/Zebrafish004_20231208_0919_MN31004_FAX73799_f3dea9f8.rna004_130bps_sup@v3.0.1.ecoliK12MG1655-mature-tRNAs.bwa.bam
+ for ref in '"${references[@]}"'
++ basename sacCer3-mature-tRNAs.fa .fa
+ ref_name=sacCer3-mature-tRNAs
+ bwa mem -W 13 -k 6 -T 20 -x ont2d /beevol/home/whitel/tRNAworkshop/ref/sacCer3-mature-tRNAs.fa /beevol/home/whitel/tRNAworkshop/rebasecalled/fastqs/Zebrafish004_20231208_0919_MN31004_FAX73799_f3dea9f8.rna004_130bps_sup@v3.0.1.fastq
+ samtools view -F4 -hu -
+ samtools sort -o /beevol/home/whitel/tRNAworkshop/rebasecalled/alignedbams/crossalignments/Zebrafish004_20231208_0919_MN31004_FAX73799_f3dea9f8.rna004_130bps_sup@v3.0.1.sacCer3-mature-tRNAs.bwa.bam
[M::bwa_idx_load_from_disk] read 0 ALT contigs
[M::process] read 55816 sequences (10000043 bp)...
[M::process] read 53792 sequences (10002283 bp)...
[M::mem_process_seqs] Processed 55816 reads in 659.811 CPU sec, 659.655 real sec
[M::process] read 48094 sequences (10000224 bp)...
[M::mem_process_seqs] Processed 53792 reads in 645.709 CPU sec, 645.485 real sec
[M::process] read 46551 sequences (8326701 bp)...
[M::mem_process_seqs] Processed 48094 reads in 595.041 CPU sec, 594.771 real sec
[M::mem_process_seqs] Processed 46551 reads in 547.662 CPU sec, 547.533 real sec
[main] Version: 0.7.16a-r1181
[main] CMD: bwa mem -W 13 -k 6 -T 20 -x ont2d /beevol/home/whitel/tRNAworkshop/ref/sacCer3-mature-tRNAs.fa /beevol/home/whitel/tRNAworkshop/rebasecalled/fastqs/Zebrafish004_20231208_0919_MN31004_FAX73799_f3dea9f8.rna004_130bps_sup@v3.0.1.fastq
[main] Real time: 2448.123 sec; CPU: 2448.406 sec
+ samtools index /beevol/home/whitel/tRNAworkshop/rebasecalled/alignedbams/crossalignments/Zebrafish004_20231208_0919_MN31004_FAX73799_f3dea9f8.rna004_130bps_sup@v3.0.1.sacCer3-mature-tRNAs.bwa.bam
+ for ref in '"${references[@]}"'
++ basename tthermophila-numbered-mature-tRNAs.fa .fa
+ ref_name=tthermophila-numbered-mature-tRNAs
+ samtools view -F4 -hu -
+ bwa mem -W 13 -k 6 -T 20 -x ont2d /beevol/home/whitel/tRNAworkshop/ref/tthermophila-numbered-mature-tRNAs.fa /beevol/home/whitel/tRNAworkshop/rebasecalled/fastqs/Zebrafish004_20231208_0919_MN31004_FAX73799_f3dea9f8.rna004_130bps_sup@v3.0.1.fastq
+ samtools sort -o /beevol/home/whitel/tRNAworkshop/rebasecalled/alignedbams/crossalignments/Zebrafish004_20231208_0919_MN31004_FAX73799_f3dea9f8.rna004_130bps_sup@v3.0.1.tthermophila-numbered-mature-tRNAs.bwa.bam
[M::bwa_idx_load_from_disk] read 0 ALT contigs
[M::process] read 55816 sequences (10000043 bp)...
[M::process] read 53792 sequences (10002283 bp)...
[M::mem_process_seqs] Processed 55816 reads in 729.557 CPU sec, 729.396 real sec
[M::process] read 48094 sequences (10000224 bp)...
[M::mem_process_seqs] Processed 53792 reads in 714.026 CPU sec, 713.787 real sec
[M::process] read 46551 sequences (8326701 bp)...
[M::mem_process_seqs] Processed 48094 reads in 663.266 CPU sec, 662.993 real sec
[M::mem_process_seqs] Processed 46551 reads in 605.736 CPU sec, 605.593 real sec
[main] Version: 0.7.16a-r1181
[main] CMD: bwa mem -W 13 -k 6 -T 20 -x ont2d /beevol/home/whitel/tRNAworkshop/ref/tthermophila-numbered-mature-tRNAs.fa /beevol/home/whitel/tRNAworkshop/rebasecalled/fastqs/Zebrafish004_20231208_0919_MN31004_FAX73799_f3dea9f8.rna004_130bps_sup@v3.0.1.fastq
[main] Real time: 2712.702 sec; CPU: 2712.766 sec
+ samtools index /beevol/home/whitel/tRNAworkshop/rebasecalled/alignedbams/crossalignments/Zebrafish004_20231208_0919_MN31004_FAX73799_f3dea9f8.rna004_130bps_sup@v3.0.1.tthermophila-numbered-mature-tRNAs.bwa.bam
+ for ref in '"${references[@]}"'
++ basename dm6-mature-tRNAs.fa .fa
+ ref_name=dm6-mature-tRNAs
+ bwa mem -W 13 -k 6 -T 20 -x ont2d /beevol/home/whitel/tRNAworkshop/ref/dm6-mature-tRNAs.fa /beevol/home/whitel/tRNAworkshop/rebasecalled/fastqs/Zebrafish004_20231208_0919_MN31004_FAX73799_f3dea9f8.rna004_130bps_sup@v3.0.1.fastq
+ samtools view -F4 -hu -
+ samtools sort -o /beevol/home/whitel/tRNAworkshop/rebasecalled/alignedbams/crossalignments/Zebrafish004_20231208_0919_MN31004_FAX73799_f3dea9f8.rna004_130bps_sup@v3.0.1.dm6-mature-tRNAs.bwa.bam
[M::bwa_idx_load_from_disk] read 0 ALT contigs
[M::process] read 55816 sequences (10000043 bp)...
[M::process] read 53792 sequences (10002283 bp)...
[M::mem_process_seqs] Processed 55816 reads in 641.317 CPU sec, 641.160 real sec
[M::process] read 48094 sequences (10000224 bp)...
[M::mem_process_seqs] Processed 53792 reads in 630.707 CPU sec, 630.474 real sec
[M::process] read 46551 sequences (8326701 bp)...
[M::mem_process_seqs] Processed 48094 reads in 574.754 CPU sec, 574.488 real sec
[M::mem_process_seqs] Processed 46551 reads in 533.757 CPU sec, 533.651 real sec
[main] Version: 0.7.16a-r1181
[main] CMD: bwa mem -W 13 -k 6 -T 20 -x ont2d /beevol/home/whitel/tRNAworkshop/ref/dm6-mature-tRNAs.fa /beevol/home/whitel/tRNAworkshop/rebasecalled/fastqs/Zebrafish004_20231208_0919_MN31004_FAX73799_f3dea9f8.rna004_130bps_sup@v3.0.1.fastq
[main] Real time: 2380.825 sec; CPU: 2380.703 sec
+ samtools index /beevol/home/whitel/tRNAworkshop/rebasecalled/alignedbams/crossalignments/Zebrafish004_20231208_0919_MN31004_FAX73799_f3dea9f8.rna004_130bps_sup@v3.0.1.dm6-mature-tRNAs.bwa.bam
+ for ref in '"${references[@]}"'
++ basename danRer11-mature-tRNAs.fa .fa
+ ref_name=danRer11-mature-tRNAs
+ bwa mem -W 13 -k 6 -T 20 -x ont2d /beevol/home/whitel/tRNAworkshop/ref/danRer11-mature-tRNAs.fa /beevol/home/whitel/tRNAworkshop/rebasecalled/fastqs/Zebrafish004_20231208_0919_MN31004_FAX73799_f3dea9f8.rna004_130bps_sup@v3.0.1.fastq
+ samtools view -F4 -hu -
+ samtools sort -o /beevol/home/whitel/tRNAworkshop/rebasecalled/alignedbams/crossalignments/Zebrafish004_20231208_0919_MN31004_FAX73799_f3dea9f8.rna004_130bps_sup@v3.0.1.danRer11-mature-tRNAs.bwa.bam
[M::bwa_idx_load_from_disk] read 0 ALT contigs
[M::process] read 55816 sequences (10000043 bp)...
[M::process] read 53792 sequences (10002283 bp)...
[M::mem_process_seqs] Processed 55816 reads in 538.257 CPU sec, 538.120 real sec
[M::process] read 48094 sequences (10000224 bp)...
[M::mem_process_seqs] Processed 53792 reads in 534.983 CPU sec, 534.752 real sec
[M::process] read 46551 sequences (8326701 bp)...
[M::mem_process_seqs] Processed 48094 reads in 524.677 CPU sec, 524.435 real sec
[M::mem_process_seqs] Processed 46551 reads in 449.256 CPU sec, 449.120 real sec
[main] Version: 0.7.16a-r1181
[main] CMD: bwa mem -W 13 -k 6 -T 20 -x ont2d /beevol/home/whitel/tRNAworkshop/ref/danRer11-mature-tRNAs.fa /beevol/home/whitel/tRNAworkshop/rebasecalled/fastqs/Zebrafish004_20231208_0919_MN31004_FAX73799_f3dea9f8.rna004_130bps_sup@v3.0.1.fastq
[main] Real time: 2047.704 sec; CPU: 2047.389 sec
+ samtools index /beevol/home/whitel/tRNAworkshop/rebasecalled/alignedbams/crossalignments/Zebrafish004_20231208_0919_MN31004_FAX73799_f3dea9f8.rna004_130bps_sup@v3.0.1.danRer11-mature-tRNAs.bwa.bam
+ for ref in '"${references[@]}"'
++ basename hg38-mature-tRNAs.fa .fa
+ ref_name=hg38-mature-tRNAs
+ bwa mem -W 13 -k 6 -T 20 -x ont2d /beevol/home/whitel/tRNAworkshop/ref/hg38-mature-tRNAs.fa /beevol/home/whitel/tRNAworkshop/rebasecalled/fastqs/Zebrafish004_20231208_0919_MN31004_FAX73799_f3dea9f8.rna004_130bps_sup@v3.0.1.fastq
+ samtools view -F4 -hu -
+ samtools sort -o /beevol/home/whitel/tRNAworkshop/rebasecalled/alignedbams/crossalignments/Zebrafish004_20231208_0919_MN31004_FAX73799_f3dea9f8.rna004_130bps_sup@v3.0.1.hg38-mature-tRNAs.bwa.bam
[M::bwa_idx_load_from_disk] read 0 ALT contigs
[M::process] read 55816 sequences (10000043 bp)...
[M::process] read 53792 sequences (10002283 bp)...
[M::mem_process_seqs] Processed 55816 reads in 587.484 CPU sec, 587.332 real sec
[M::process] read 48094 sequences (10000224 bp)...
[M::mem_process_seqs] Processed 53792 reads in 572.194 CPU sec, 572.007 real sec
[M::process] read 46551 sequences (8326701 bp)...
[M::mem_process_seqs] Processed 48094 reads in 521.810 CPU sec, 521.564 real sec
[M::mem_process_seqs] Processed 46551 reads in 482.675 CPU sec, 482.551 real sec
[main] Version: 0.7.16a-r1181
[main] CMD: bwa mem -W 13 -k 6 -T 20 -x ont2d /beevol/home/whitel/tRNAworkshop/ref/hg38-mature-tRNAs.fa /beevol/home/whitel/tRNAworkshop/rebasecalled/fastqs/Zebrafish004_20231208_0919_MN31004_FAX73799_f3dea9f8.rna004_130bps_sup@v3.0.1.fastq
[main] Real time: 2164.673 sec; CPU: 2164.346 sec
+ samtools index /beevol/home/whitel/tRNAworkshop/rebasecalled/alignedbams/crossalignments/Zebrafish004_20231208_0919_MN31004_FAX73799_f3dea9f8.rna004_130bps_sup@v3.0.1.hg38-mature-tRNAs.bwa.bam
+ samples=(WTyeast004_20231111_1104_P2S-00519-B_PAQ47538_fa3726ec.rna004_130bps_sup@v3.0.1 Ecoli004_20240105_1224_MN31004_FAX73799_1fe84761.rna004_130bps_sup@v3.0.1 Drosophila004_20231208_1307_MN31004_FAX73799_72c200e4.rna004_130bps_sup@v3.0.1 HumanFibroblast004_20231208_1351_MN42516_FAX71838_b8f7b990.rna004_130bps_sup@v3.0.1 Tetrahymena004_20231208_0920_MN42516_FAX71838_a244513d.rna004_130bps_sup@v3.0.1 Zebrafish004_20231208_0919_MN31004_FAX73799_f3dea9f8.rna004_130bps_sup@v3.0.1)
+ refloc=/beevol/home/whitel/tRNAworkshop/ref
+ references=(ecoliK12MG1655-mature-tRNAs.fa sacCer3-mature-tRNAs.fa tthermophila-numbered-mature-tRNAs.fa dm6-mature-tRNAs.fa danRer11-mature-tRNAs.fa hg38-mature-tRNAs.fa)
+ u=Tetrahymena004_20231208_0920_MN42516_FAX71838_a244513d.rna004_130bps_sup@v3.0.1
+ for ref in '"${references[@]}"'
++ basename ecoliK12MG1655-mature-tRNAs.fa .fa
+ ref_name=ecoliK12MG1655-mature-tRNAs
+ bwa mem -W 13 -k 6 -T 20 -x ont2d /beevol/home/whitel/tRNAworkshop/ref/ecoliK12MG1655-mature-tRNAs.fa /beevol/home/whitel/tRNAworkshop/rebasecalled/fastqs/Tetrahymena004_20231208_0920_MN42516_FAX71838_a244513d.rna004_130bps_sup@v3.0.1.fastq
+ samtools view -F4 -hu -
+ samtools sort -o /beevol/home/whitel/tRNAworkshop/rebasecalled/alignedbams/crossalignments/Tetrahymena004_20231208_0920_MN42516_FAX71838_a244513d.rna004_130bps_sup@v3.0.1.ecoliK12MG1655-mature-tRNAs.bwa.bam
[M::bwa_idx_load_from_disk] read 0 ALT contigs
[M::process] read 46086 sequences (10000139 bp)...
[M::process] read 57606 sequences (10000118 bp)...
[M::mem_process_seqs] Processed 46086 reads in 204.479 CPU sec, 204.342 real sec
[M::process] read 54330 sequences (10000083 bp)...
[M::mem_process_seqs] Processed 57606 reads in 236.538 CPU sec, 236.322 real sec
[M::process] read 57960 sequences (10000088 bp)...
[M::mem_process_seqs] Processed 54330 reads in 229.147 CPU sec, 228.938 real sec
[M::process] read 57464 sequences (10000226 bp)...
[M::mem_process_seqs] Processed 57960 reads in 238.587 CPU sec, 238.380 real sec
[M::process] read 31021 sequences (5361110 bp)...
[M::mem_process_seqs] Processed 57464 reads in 237.478 CPU sec, 237.317 real sec
[M::mem_process_seqs] Processed 31021 reads in 127.908 CPU sec, 127.793 real sec
[main] Version: 0.7.16a-r1181
[main] CMD: bwa mem -W 13 -k 6 -T 20 -x ont2d /beevol/home/whitel/tRNAworkshop/ref/ecoliK12MG1655-mature-tRNAs.fa /beevol/home/whitel/tRNAworkshop/rebasecalled/fastqs/Tetrahymena004_20231208_0920_MN42516_FAX71838_a244513d.rna004_130bps_sup@v3.0.1.fastq
[main] Real time: 1277.934 sec; CPU: 1274.355 sec
+ samtools index /beevol/home/whitel/tRNAworkshop/rebasecalled/alignedbams/crossalignments/Tetrahymena004_20231208_0920_MN42516_FAX71838_a244513d.rna004_130bps_sup@v3.0.1.ecoliK12MG1655-mature-tRNAs.bwa.bam
+ for ref in '"${references[@]}"'
++ basename sacCer3-mature-tRNAs.fa .fa
+ ref_name=sacCer3-mature-tRNAs
+ bwa mem -W 13 -k 6 -T 20 -x ont2d /beevol/home/whitel/tRNAworkshop/ref/sacCer3-mature-tRNAs.fa /beevol/home/whitel/tRNAworkshop/rebasecalled/fastqs/Tetrahymena004_20231208_0920_MN42516_FAX71838_a244513d.rna004_130bps_sup@v3.0.1.fastq
+ samtools view -F4 -hu -
+ samtools sort -o /beevol/home/whitel/tRNAworkshop/rebasecalled/alignedbams/crossalignments/Tetrahymena004_20231208_0920_MN42516_FAX71838_a244513d.rna004_130bps_sup@v3.0.1.sacCer3-mature-tRNAs.bwa.bam
[M::bwa_idx_load_from_disk] read 0 ALT contigs
[M::process] read 46086 sequences (10000139 bp)...
[M::process] read 57606 sequences (10000118 bp)...
[M::mem_process_seqs] Processed 46086 reads in 551.678 CPU sec, 551.504 real sec
[M::process] read 54330 sequences (10000083 bp)...
[M::mem_process_seqs] Processed 57606 reads in 649.193 CPU sec, 648.980 real sec
[M::process] read 57960 sequences (10000088 bp)...
[M::mem_process_seqs] Processed 54330 reads in 623.534 CPU sec, 623.309 real sec
[M::process] read 57464 sequences (10000226 bp)...
[M::mem_process_seqs] Processed 57960 reads in 652.860 CPU sec, 652.657 real sec
[M::process] read 31021 sequences (5361110 bp)...
[M::mem_process_seqs] Processed 57464 reads in 651.348 CPU sec, 651.143 real sec
[M::mem_process_seqs] Processed 31021 reads in 346.790 CPU sec, 346.639 real sec
[main] Version: 0.7.16a-r1181
[main] CMD: bwa mem -W 13 -k 6 -T 20 -x ont2d /beevol/home/whitel/tRNAworkshop/ref/sacCer3-mature-tRNAs.fa /beevol/home/whitel/tRNAworkshop/rebasecalled/fastqs/Tetrahymena004_20231208_0920_MN42516_FAX71838_a244513d.rna004_130bps_sup@v3.0.1.fastq
[main] Real time: 3475.068 sec; CPU: 3475.684 sec
+ samtools index /beevol/home/whitel/tRNAworkshop/rebasecalled/alignedbams/crossalignments/Tetrahymena004_20231208_0920_MN42516_FAX71838_a244513d.rna004_130bps_sup@v3.0.1.sacCer3-mature-tRNAs.bwa.bam
+ for ref in '"${references[@]}"'
++ basename tthermophila-numbered-mature-tRNAs.fa .fa
+ ref_name=tthermophila-numbered-mature-tRNAs
+ bwa mem -W 13 -k 6 -T 20 -x ont2d /beevol/home/whitel/tRNAworkshop/ref/tthermophila-numbered-mature-tRNAs.fa /beevol/home/whitel/tRNAworkshop/rebasecalled/fastqs/Tetrahymena004_20231208_0920_MN42516_FAX71838_a244513d.rna004_130bps_sup@v3.0.1.fastq
+ samtools view -F4 -hu -
+ samtools sort -o /beevol/home/whitel/tRNAworkshop/rebasecalled/alignedbams/crossalignments/Tetrahymena004_20231208_0920_MN42516_FAX71838_a244513d.rna004_130bps_sup@v3.0.1.tthermophila-numbered-mature-tRNAs.bwa.bam
[M::bwa_idx_load_from_disk] read 0 ALT contigs
[M::process] read 46086 sequences (10000139 bp)...
[M::process] read 57606 sequences (10000118 bp)...
[M::mem_process_seqs] Processed 46086 reads in 533.883 CPU sec, 533.710 real sec
[M::process] read 54330 sequences (10000083 bp)...
[M::mem_process_seqs] Processed 57606 reads in 590.758 CPU sec, 590.549 real sec
[M::process] read 57960 sequences (10000088 bp)...
[M::mem_process_seqs] Processed 54330 reads in 582.002 CPU sec, 581.739 real sec
[M::process] read 57464 sequences (10000226 bp)...
[M::mem_process_seqs] Processed 57960 reads in 596.299 CPU sec, 596.043 real sec
[M::process] read 31021 sequences (5361110 bp)...
[M::mem_process_seqs] Processed 57464 reads in 596.183 CPU sec, 595.978 real sec
[M::mem_process_seqs] Processed 31021 reads in 319.578 CPU sec, 319.439 real sec
[main] Version: 0.7.16a-r1181
[main] CMD: bwa mem -W 13 -k 6 -T 20 -x ont2d /beevol/home/whitel/tRNAworkshop/ref/tthermophila-numbered-mature-tRNAs.fa /beevol/home/whitel/tRNAworkshop/rebasecalled/fastqs/Tetrahymena004_20231208_0920_MN42516_FAX71838_a244513d.rna004_130bps_sup@v3.0.1.fastq
[main] Real time: 3218.381 sec; CPU: 3218.876 sec
+ samtools index /beevol/home/whitel/tRNAworkshop/rebasecalled/alignedbams/crossalignments/Tetrahymena004_20231208_0920_MN42516_FAX71838_a244513d.rna004_130bps_sup@v3.0.1.tthermophila-numbered-mature-tRNAs.bwa.bam
+ for ref in '"${references[@]}"'
++ basename dm6-mature-tRNAs.fa .fa
+ ref_name=dm6-mature-tRNAs
+ bwa mem -W 13 -k 6 -T 20 -x ont2d /beevol/home/whitel/tRNAworkshop/ref/dm6-mature-tRNAs.fa /beevol/home/whitel/tRNAworkshop/rebasecalled/fastqs/Tetrahymena004_20231208_0920_MN42516_FAX71838_a244513d.rna004_130bps_sup@v3.0.1.fastq
+ samtools view -F4 -hu -
+ samtools sort -o /beevol/home/whitel/tRNAworkshop/rebasecalled/alignedbams/crossalignments/Tetrahymena004_20231208_0920_MN42516_FAX71838_a244513d.rna004_130bps_sup@v3.0.1.dm6-mature-tRNAs.bwa.bam
[M::bwa_idx_load_from_disk] read 0 ALT contigs
[M::process] read 46086 sequences (10000139 bp)...
[M::process] read 57606 sequences (10000118 bp)...
[M::mem_process_seqs] Processed 46086 reads in 591.238 CPU sec, 591.060 real sec
[M::process] read 54330 sequences (10000083 bp)...
[M::mem_process_seqs] Processed 57606 reads in 685.192 CPU sec, 684.968 real sec
[M::process] read 57960 sequences (10000088 bp)...
[M::mem_process_seqs] Processed 54330 reads in 664.228 CPU sec, 663.967 real sec
[M::process] read 57464 sequences (10000226 bp)...
[M::mem_process_seqs] Processed 57960 reads in 692.615 CPU sec, 692.340 real sec
[M::process] read 31021 sequences (5361110 bp)...
[M::mem_process_seqs] Processed 57464 reads in 690.831 CPU sec, 690.591 real sec
[M::mem_process_seqs] Processed 31021 reads in 366.973 CPU sec, 366.811 real sec
[main] Version: 0.7.16a-r1181
[main] CMD: bwa mem -W 13 -k 6 -T 20 -x ont2d /beevol/home/whitel/tRNAworkshop/ref/dm6-mature-tRNAs.fa /beevol/home/whitel/tRNAworkshop/rebasecalled/fastqs/Tetrahymena004_20231208_0920_MN42516_FAX71838_a244513d.rna004_130bps_sup@v3.0.1.fastq
[main] Real time: 3691.158 sec; CPU: 3691.284 sec
+ samtools index /beevol/home/whitel/tRNAworkshop/rebasecalled/alignedbams/crossalignments/Tetrahymena004_20231208_0920_MN42516_FAX71838_a244513d.rna004_130bps_sup@v3.0.1.dm6-mature-tRNAs.bwa.bam
+ for ref in '"${references[@]}"'
++ basename danRer11-mature-tRNAs.fa .fa
+ ref_name=danRer11-mature-tRNAs
+ bwa mem -W 13 -k 6 -T 20 -x ont2d /beevol/home/whitel/tRNAworkshop/ref/danRer11-mature-tRNAs.fa /beevol/home/whitel/tRNAworkshop/rebasecalled/fastqs/Tetrahymena004_20231208_0920_MN42516_FAX71838_a244513d.rna004_130bps_sup@v3.0.1.fastq
+ samtools view -F4 -hu -
+ samtools sort -o /beevol/home/whitel/tRNAworkshop/rebasecalled/alignedbams/crossalignments/Tetrahymena004_20231208_0920_MN42516_FAX71838_a244513d.rna004_130bps_sup@v3.0.1.danRer11-mature-tRNAs.bwa.bam
[M::bwa_idx_load_from_disk] read 0 ALT contigs
[M::process] read 46086 sequences (10000139 bp)...
[M::process] read 57606 sequences (10000118 bp)...
[M::mem_process_seqs] Processed 46086 reads in 565.452 CPU sec, 565.305 real sec
[M::process] read 54330 sequences (10000083 bp)...
[M::mem_process_seqs] Processed 57606 reads in 601.927 CPU sec, 601.681 real sec
[M::process] read 57960 sequences (10000088 bp)...
[M::mem_process_seqs] Processed 54330 reads in 628.417 CPU sec, 628.186 real sec
[M::process] read 57464 sequences (10000226 bp)...
[M::mem_process_seqs] Processed 57960 reads in 713.572 CPU sec, 713.269 real sec
[M::process] read 31021 sequences (5361110 bp)...
[M::mem_process_seqs] Processed 57464 reads in 684.182 CPU sec, 683.992 real sec
[M::mem_process_seqs] Processed 31021 reads in 321.809 CPU sec, 321.685 real sec
[main] Version: 0.7.16a-r1181
[main] CMD: bwa mem -W 13 -k 6 -T 20 -x ont2d /beevol/home/whitel/tRNAworkshop/ref/danRer11-mature-tRNAs.fa /beevol/home/whitel/tRNAworkshop/rebasecalled/fastqs/Tetrahymena004_20231208_0920_MN42516_FAX71838_a244513d.rna004_130bps_sup@v3.0.1.fastq
[main] Real time: 3515.694 sec; CPU: 3515.530 sec
+ samtools index /beevol/home/whitel/tRNAworkshop/rebasecalled/alignedbams/crossalignments/Tetrahymena004_20231208_0920_MN42516_FAX71838_a244513d.rna004_130bps_sup@v3.0.1.danRer11-mature-tRNAs.bwa.bam
+ for ref in '"${references[@]}"'
++ basename hg38-mature-tRNAs.fa .fa
+ ref_name=hg38-mature-tRNAs
+ bwa mem -W 13 -k 6 -T 20 -x ont2d /beevol/home/whitel/tRNAworkshop/ref/hg38-mature-tRNAs.fa /beevol/home/whitel/tRNAworkshop/rebasecalled/fastqs/Tetrahymena004_20231208_0920_MN42516_FAX71838_a244513d.rna004_130bps_sup@v3.0.1.fastq
+ samtools view -F4 -hu -
+ samtools sort -o /beevol/home/whitel/tRNAworkshop/rebasecalled/alignedbams/crossalignments/Tetrahymena004_20231208_0920_MN42516_FAX71838_a244513d.rna004_130bps_sup@v3.0.1.hg38-mature-tRNAs.bwa.bam
[M::bwa_idx_load_from_disk] read 0 ALT contigs
[M::process] read 46086 sequences (10000139 bp)...
[M::process] read 57606 sequences (10000118 bp)...
[M::mem_process_seqs] Processed 46086 reads in 599.646 CPU sec, 599.470 real sec
[M::process] read 54330 sequences (10000083 bp)...
[M::mem_process_seqs] Processed 57606 reads in 699.981 CPU sec, 699.698 real sec
[M::process] read 57960 sequences (10000088 bp)...
[M::mem_process_seqs] Processed 54330 reads in 678.511 CPU sec, 678.290 real sec
[M::process] read 57464 sequences (10000226 bp)...
[M::mem_process_seqs] Processed 57960 reads in 708.721 CPU sec, 708.467 real sec
[M::process] read 31021 sequences (5361110 bp)...
[M::mem_process_seqs] Processed 57464 reads in 707.705 CPU sec, 707.506 real sec
[M::mem_process_seqs] Processed 31021 reads in 377.129 CPU sec, 376.973 real sec
[main] Version: 0.7.16a-r1181
[main] CMD: bwa mem -W 13 -k 6 -T 20 -x ont2d /beevol/home/whitel/tRNAworkshop/ref/hg38-mature-tRNAs.fa /beevol/home/whitel/tRNAworkshop/rebasecalled/fastqs/Tetrahymena004_20231208_0920_MN42516_FAX71838_a244513d.rna004_130bps_sup@v3.0.1.fastq
[main] Real time: 3771.596 sec; CPU: 3771.833 sec
+ samtools index /beevol/home/whitel/tRNAworkshop/rebasecalled/alignedbams/crossalignments/Tetrahymena004_20231208_0920_MN42516_FAX71838_a244513d.rna004_130bps_sup@v3.0.1.hg38-mature-tRNAs.bwa.bam
