+ samples=(Trub1untrH295R004_20231207_1527_MN42516_FAX73799_8b069090.rna004_130bps_fast@v5.0.0 Trub1untrH295R004_20231207_1527_MN42516_FAX73799_8b069090.rna004_130bps_hac@v5.0.0 Trub1untrH295R004_20231207_1527_MN42516_FAX73799_8b069090.rna004_130bps_sup@v5.0.0)
+ u=Trub1untrH295R004_20231207_1527_MN42516_FAX73799_8b069090.rna004_130bps_fast@v5.0.0
+ samtools view -F4 -hu -
+ bwa mem -W 13 -k 6 -T 20 -x ont2d /beevol/home/whitel/tRNAworkshop/ref/hg38-mature-tRNAs.fa /beevol/home/whitel/tRNAworkshop/rebasecalled/fastqs/Trub1untrH295R004_20231207_1527_MN42516_FAX73799_8b069090.rna004_130bps_fast@v5.0.0.fastq
+ samtools sort -o /beevol/home/whitel/tRNAworkshop/rebasecalled/alignedbams/Trub1untrH295R004_20231207_1527_MN42516_FAX73799_8b069090.rna004_130bps_fast@v5.0.0.bwa.bam
[M::bwa_idx_load_from_disk] read 0 ALT contigs
[M::process] read 101960 sequences (10000461 bp)...
[M::process] read 92280 sequences (9082278 bp)...
[M::mem_process_seqs] Processed 101960 reads in 371.701 CPU sec, 372.510 real sec
[M::mem_process_seqs] Processed 92280 reads in 334.214 CPU sec, 334.866 real sec
[main] Version: 0.7.16a-r1181
[main] CMD: bwa mem -W 13 -k 6 -T 20 -x ont2d /beevol/home/whitel/tRNAworkshop/ref/hg38-mature-tRNAs.fa /beevol/home/whitel/tRNAworkshop/rebasecalled/fastqs/Trub1untrH295R004_20231207_1527_MN42516_FAX73799_8b069090.rna004_130bps_fast@v5.0.0.fastq
[main] Real time: 707.789 sec; CPU: 706.111 sec
+ samtools index /beevol/home/whitel/tRNAworkshop/rebasecalled/alignedbams/Trub1untrH295R004_20231207_1527_MN42516_FAX73799_8b069090.rna004_130bps_fast@v5.0.0.bwa.bam
+ samples=(Trub1untrH295R004_20231207_1527_MN42516_FAX73799_8b069090.rna004_130bps_fast@v5.0.0 Trub1untrH295R004_20231207_1527_MN42516_FAX73799_8b069090.rna004_130bps_hac@v5.0.0 Trub1untrH295R004_20231207_1527_MN42516_FAX73799_8b069090.rna004_130bps_sup@v5.0.0)
+ u=Trub1untrH295R004_20231207_1527_MN42516_FAX73799_8b069090.rna004_130bps_hac@v5.0.0
+ samtools sort -o /beevol/home/whitel/tRNAworkshop/rebasecalled/alignedbams/Trub1untrH295R004_20231207_1527_MN42516_FAX73799_8b069090.rna004_130bps_hac@v5.0.0.bwa.bam
+ bwa mem -W 13 -k 6 -T 20 -x ont2d /beevol/home/whitel/tRNAworkshop/ref/hg38-mature-tRNAs.fa /beevol/home/whitel/tRNAworkshop/rebasecalled/fastqs/Trub1untrH295R004_20231207_1527_MN42516_FAX73799_8b069090.rna004_130bps_hac@v5.0.0.fastq
+ samtools view -F4 -hu -
[M::bwa_idx_load_from_disk] read 0 ALT contigs
[M::process] read 87442 sequences (10000104 bp)...
[M::process] read 88204 sequences (10000079 bp)...
[M::mem_process_seqs] Processed 87442 reads in 468.706 CPU sec, 469.749 real sec
[M::process] read 19024 sequences (2296092 bp)...
[M::mem_process_seqs] Processed 88204 reads in 422.878 CPU sec, 423.743 real sec
[M::mem_process_seqs] Processed 19024 reads in 104.954 CPU sec, 105.096 real sec
[main] Version: 0.7.16a-r1181
[main] CMD: bwa mem -W 13 -k 6 -T 20 -x ont2d /beevol/home/whitel/tRNAworkshop/ref/hg38-mature-tRNAs.fa /beevol/home/whitel/tRNAworkshop/rebasecalled/fastqs/Trub1untrH295R004_20231207_1527_MN42516_FAX73799_8b069090.rna004_130bps_hac@v5.0.0.fastq
[main] Real time: 998.874 sec; CPU: 996.644 sec
+ samtools index /beevol/home/whitel/tRNAworkshop/rebasecalled/alignedbams/Trub1untrH295R004_20231207_1527_MN42516_FAX73799_8b069090.rna004_130bps_hac@v5.0.0.bwa.bam
+ samples=(Trub1untrH295R004_20231207_1527_MN42516_FAX73799_8b069090.rna004_130bps_fast@v5.0.0 Trub1untrH295R004_20231207_1527_MN42516_FAX73799_8b069090.rna004_130bps_hac@v5.0.0 Trub1untrH295R004_20231207_1527_MN42516_FAX73799_8b069090.rna004_130bps_sup@v5.0.0)
+ u=Trub1untrH295R004_20231207_1527_MN42516_FAX73799_8b069090.rna004_130bps_sup@v5.0.0
+ bwa mem -W 13 -k 6 -T 20 -x ont2d /beevol/home/whitel/tRNAworkshop/ref/hg38-mature-tRNAs.fa /beevol/home/whitel/tRNAworkshop/rebasecalled/fastqs/Trub1untrH295R004_20231207_1527_MN42516_FAX73799_8b069090.rna004_130bps_sup@v5.0.0.fastq
+ samtools view -F4 -hu -
+ samtools sort -o /beevol/home/whitel/tRNAworkshop/rebasecalled/alignedbams/Trub1untrH295R004_20231207_1527_MN42516_FAX73799_8b069090.rna004_130bps_sup@v5.0.0.bwa.bam
[M::bwa_idx_load_from_disk] read 0 ALT contigs
[M::process] read 79754 sequences (10000170 bp)...
[M::process] read 74244 sequences (10000063 bp)...
[M::mem_process_seqs] Processed 79754 reads in 1283.449 CPU sec, 1283.543 real sec
[M::process] read 40225 sequences (5214236 bp)...
[M::mem_process_seqs] Processed 74244 reads in 1430.215 CPU sec, 1430.190 real sec
[M::mem_process_seqs] Processed 40225 reads in 699.238 CPU sec, 699.201 real sec
[main] Version: 0.7.16a-r1181
[main] CMD: bwa mem -W 13 -k 6 -T 20 -x ont2d /beevol/home/whitel/tRNAworkshop/ref/hg38-mature-tRNAs.fa /beevol/home/whitel/tRNAworkshop/rebasecalled/fastqs/Trub1untrH295R004_20231207_1527_MN42516_FAX73799_8b069090.rna004_130bps_sup@v5.0.0.fastq
[main] Real time: 3413.132 sec; CPU: 3413.008 sec
+ samtools index /beevol/home/whitel/tRNAworkshop/rebasecalled/alignedbams/Trub1untrH295R004_20231207_1527_MN42516_FAX73799_8b069090.rna004_130bps_sup@v5.0.0.bwa.bam
