+ samples=(Grandeyeast004_20240105_1222_P2S-00519-B_PAS98845_231d7d7e.rna004_130bps_sup@v5.0.0 Petityeast004_20240105_1222_P2S-00519-A_PAQ47538_49891fce.rna004_130bps_sup@v5.0.0 Pus1yeast004_20240105_1330_P2S-00519-A_PAS92267_56de71b8.rna004_130bps_sup@v5.0.0 Pus2yeast004_20240105_1330_P2S-00519-B_PAS98920_19ba906c.rna004_130bps_sup@v5.0.0 Pus4yeast004_20231208_1152_MN42516_FAX71838_e2d70aac.rna004_130bps_sup@v5.0.0 WTyeast004_20231111_1104_P2S-00519-B_PAQ47538_fa3726ec.rna004_130bps_sup@v5.0.0)
+ u=Pus4yeast004_20231208_1152_MN42516_FAX71838_e2d70aac.rna004_130bps_sup@v5.0.0
+ bwa mem -W 13 -k 6 -T 20 -x ont2d /beevol/home/whitel/tRNAworkshop/ref/sacCer3-mature-tRNAs.fa /beevol/home/whitel/tRNAworkshop/rebasecalled/fastqs/Pus4yeast004_20231208_1152_MN42516_FAX71838_e2d70aac.rna004_130bps_sup@v5.0.0.fastq
+ samtools sort -o /beevol/home/whitel/tRNAworkshop/rebasecalled/alignedbams/Pus4yeast004_20231208_1152_MN42516_FAX71838_e2d70aac.rna004_130bps_sup@v5.0.0.bwa.bam
+ samtools view -F4 -hu -
[M::bwa_idx_load_from_disk] read 0 ALT contigs
[E::main_mem] fail to open file `/beevol/home/whitel/tRNAworkshop/rebasecalled/fastqs/Pus4yeast004_20231208_1152_MN42516_FAX71838_e2d70aac.rna004_130bps_sup@v5.0.0.fastq'.
[main_samview] fail to read the header from "-".
samtools sort: failed to read header from "-"
+ samples=(Grandeyeast004_20240105_1222_P2S-00519-B_PAS98845_231d7d7e.rna004_130bps_sup@v5.0.0 Petityeast004_20240105_1222_P2S-00519-A_PAQ47538_49891fce.rna004_130bps_sup@v5.0.0 Pus1yeast004_20240105_1330_P2S-00519-A_PAS92267_56de71b8.rna004_130bps_sup@v5.0.0 Pus2yeast004_20240105_1330_P2S-00519-B_PAS98920_19ba906c.rna004_130bps_sup@v5.0.0 Pus4yeast004_20231208_1152_MN42516_FAX71838_e2d70aac.rna004_130bps_sup@v5.0.0 WTyeast004_20231111_1104_P2S-00519-B_PAQ47538_fa3726ec.rna004_130bps_sup@v5.0.0)
+ u=Pus2yeast004_20240105_1330_P2S-00519-B_PAS98920_19ba906c.rna004_130bps_sup@v5.0.0
+ samtools view -F4 -hu -
+ bwa mem -W 13 -k 6 -T 20 -x ont2d /beevol/home/whitel/tRNAworkshop/ref/sacCer3-mature-tRNAs.fa /beevol/home/whitel/tRNAworkshop/rebasecalled/fastqs/Pus2yeast004_20240105_1330_P2S-00519-B_PAS98920_19ba906c.rna004_130bps_sup@v5.0.0.fastq
+ samtools sort -o /beevol/home/whitel/tRNAworkshop/rebasecalled/alignedbams/Pus2yeast004_20240105_1330_P2S-00519-B_PAS98920_19ba906c.rna004_130bps_sup@v5.0.0.bwa.bam
[M::bwa_idx_load_from_disk] read 0 ALT contigs
[M::process] read 63460 sequences (10000018 bp)...
[M::process] read 60682 sequences (10000115 bp)...
/beevol/home/whitel/.lsbatch/1718942289.869747.4.shell: line 30: 202244 Killed                  bwa mem -W 13 -k 6 -T 20 -x ont2d $bwaidx $in/${u}.fastq
     202245 Done                    | samtools view -F4 -hu -
     202246 Done                    | samtools sort -o ${dest}/${u}.bwa.bam
+ samples=(Grandeyeast004_20240105_1222_P2S-00519-B_PAS98845_231d7d7e.rna004_130bps_sup@v5.0.0 Petityeast004_20240105_1222_P2S-00519-A_PAQ47538_49891fce.rna004_130bps_sup@v5.0.0 Pus1yeast004_20240105_1330_P2S-00519-A_PAS92267_56de71b8.rna004_130bps_sup@v5.0.0 Pus2yeast004_20240105_1330_P2S-00519-B_PAS98920_19ba906c.rna004_130bps_sup@v5.0.0 Pus4yeast004_20231208_1152_MN42516_FAX71838_e2d70aac.rna004_130bps_sup@v5.0.0 WTyeast004_20231111_1104_P2S-00519-B_PAQ47538_fa3726ec.rna004_130bps_sup@v5.0.0)
+ u=Pus1yeast004_20240105_1330_P2S-00519-A_PAS92267_56de71b8.rna004_130bps_sup@v5.0.0
+ bwa mem -W 13 -k 6 -T 20 -x ont2d /beevol/home/whitel/tRNAworkshop/ref/sacCer3-mature-tRNAs.fa /beevol/home/whitel/tRNAworkshop/rebasecalled/fastqs/Pus1yeast004_20240105_1330_P2S-00519-A_PAS92267_56de71b8.rna004_130bps_sup@v5.0.0.fastq
+ samtools view -F4 -hu -
+ samtools sort -o /beevol/home/whitel/tRNAworkshop/rebasecalled/alignedbams/Pus1yeast004_20240105_1330_P2S-00519-A_PAS92267_56de71b8.rna004_130bps_sup@v5.0.0.bwa.bam
[M::bwa_idx_load_from_disk] read 0 ALT contigs
[M::process] read 75852 sequences (10000046 bp)...
[M::process] read 76242 sequences (10000067 bp)...
[M::mem_process_seqs] Processed 75852 reads in 630.364 CPU sec, 631.822 real sec
[M::process] read 70194 sequences (10000090 bp)...
[M::mem_process_seqs] Processed 76242 reads in 610.409 CPU sec, 611.865 real sec
[M::process] read 71174 sequences (10000131 bp)...
/beevol/home/whitel/.lsbatch/1718942289.869747.3.shell: line 30: 170393 Killed                  bwa mem -W 13 -k 6 -T 20 -x ont2d $bwaidx $in/${u}.fastq
     170394 Done                    | samtools view -F4 -hu -
     170395 Done                    | samtools sort -o ${dest}/${u}.bwa.bam
+ samples=(Grandeyeast004_20240105_1222_P2S-00519-B_PAS98845_231d7d7e.rna004_130bps_sup@v5.0.0 Petityeast004_20240105_1222_P2S-00519-A_PAQ47538_49891fce.rna004_130bps_sup@v5.0.0 Pus1yeast004_20240105_1330_P2S-00519-A_PAS92267_56de71b8.rna004_130bps_sup@v5.0.0 Pus2yeast004_20240105_1330_P2S-00519-B_PAS98920_19ba906c.rna004_130bps_sup@v5.0.0 Pus4yeast004_20231208_1152_MN42516_FAX71838_e2d70aac.rna004_130bps_sup@v5.0.0 WTyeast004_20231111_1104_P2S-00519-B_PAQ47538_fa3726ec.rna004_130bps_sup@v5.0.0)
+ u=WTyeast004_20231111_1104_P2S-00519-B_PAQ47538_fa3726ec.rna004_130bps_sup@v5.0.0
+ bwa mem -W 13 -k 6 -T 20 -x ont2d /beevol/home/whitel/tRNAworkshop/ref/sacCer3-mature-tRNAs.fa /beevol/home/whitel/tRNAworkshop/rebasecalled/fastqs/WTyeast004_20231111_1104_P2S-00519-B_PAQ47538_fa3726ec.rna004_130bps_sup@v5.0.0.fastq
+ samtools sort -o /beevol/home/whitel/tRNAworkshop/rebasecalled/alignedbams/WTyeast004_20231111_1104_P2S-00519-B_PAQ47538_fa3726ec.rna004_130bps_sup@v5.0.0.bwa.bam
+ samtools view -F4 -hu -
[M::bwa_idx_load_from_disk] read 0 ALT contigs
[M::process] read 74304 sequences (10000011 bp)...
[M::process] read 75308 sequences (10000107 bp)...
[M::mem_process_seqs] Processed 74304 reads in 838.589 CPU sec, 840.508 real sec
[M::process] read 55731 sequences (8249340 bp)...
[M::mem_process_seqs] Processed 75308 reads in 831.082 CPU sec, 833.034 real sec
[M::mem_process_seqs] Processed 55731 reads in 790.231 CPU sec, 792.115 real sec
[main] Version: 0.7.16a-r1181
[main] CMD: bwa mem -W 13 -k 6 -T 20 -x ont2d /beevol/home/whitel/tRNAworkshop/ref/sacCer3-mature-tRNAs.fa /beevol/home/whitel/tRNAworkshop/rebasecalled/fastqs/WTyeast004_20231111_1104_P2S-00519-B_PAQ47538_fa3726ec.rna004_130bps_sup@v5.0.0.fastq
[main] Real time: 2466.376 sec; CPU: 2460.044 sec
+ samtools index /beevol/home/whitel/tRNAworkshop/rebasecalled/alignedbams/WTyeast004_20231111_1104_P2S-00519-B_PAQ47538_fa3726ec.rna004_130bps_sup@v5.0.0.bwa.bam
+ samples=(Grandeyeast004_20240105_1222_P2S-00519-B_PAS98845_231d7d7e.rna004_130bps_sup@v5.0.0 Petityeast004_20240105_1222_P2S-00519-A_PAQ47538_49891fce.rna004_130bps_sup@v5.0.0 Pus1yeast004_20240105_1330_P2S-00519-A_PAS92267_56de71b8.rna004_130bps_sup@v5.0.0 Pus2yeast004_20240105_1330_P2S-00519-B_PAS98920_19ba906c.rna004_130bps_sup@v5.0.0 Pus4yeast004_20231208_1152_MN42516_FAX71838_e2d70aac.rna004_130bps_sup@v5.0.0 WTyeast004_20231111_1104_P2S-00519-B_PAQ47538_fa3726ec.rna004_130bps_sup@v5.0.0)
+ u=Grandeyeast004_20240105_1222_P2S-00519-B_PAS98845_231d7d7e.rna004_130bps_sup@v5.0.0
+ bwa mem -W 13 -k 6 -T 20 -x ont2d /beevol/home/whitel/tRNAworkshop/ref/sacCer3-mature-tRNAs.fa /beevol/home/whitel/tRNAworkshop/rebasecalled/fastqs/Grandeyeast004_20240105_1222_P2S-00519-B_PAS98845_231d7d7e.rna004_130bps_sup@v5.0.0.fastq
+ samtools view -F4 -hu -
+ samtools sort -o /beevol/home/whitel/tRNAworkshop/rebasecalled/alignedbams/Grandeyeast004_20240105_1222_P2S-00519-B_PAS98845_231d7d7e.rna004_130bps_sup@v5.0.0.bwa.bam
[M::bwa_idx_load_from_disk] read 0 ALT contigs
[M::process] read 72060 sequences (10000078 bp)...
[M::process] read 72690 sequences (10000164 bp)...
[M::mem_process_seqs] Processed 72060 reads in 718.638 CPU sec, 720.369 real sec
[M::process] read 75300 sequences (10000229 bp)...
[M::mem_process_seqs] Processed 72690 reads in 702.013 CPU sec, 703.590 real sec
[M::process] read 74016 sequences (10000296 bp)...
[M::mem_process_seqs] Processed 75300 reads in 657.014 CPU sec, 658.469 real sec
[M::process] read 65525 sequences (8973686 bp)...
[M::mem_process_seqs] Processed 74016 reads in 669.284 CPU sec, 670.770 real sec
[M::mem_process_seqs] Processed 65525 reads in 594.645 CPU sec, 595.958 real sec
[main] Version: 0.7.16a-r1181
[main] CMD: bwa mem -W 13 -k 6 -T 20 -x ont2d /beevol/home/whitel/tRNAworkshop/ref/sacCer3-mature-tRNAs.fa /beevol/home/whitel/tRNAworkshop/rebasecalled/fastqs/Grandeyeast004_20240105_1222_P2S-00519-B_PAS98845_231d7d7e.rna004_130bps_sup@v5.0.0.fastq
[main] Real time: 3349.822 sec; CPU: 3341.710 sec
+ samtools index /beevol/home/whitel/tRNAworkshop/rebasecalled/alignedbams/Grandeyeast004_20240105_1222_P2S-00519-B_PAS98845_231d7d7e.rna004_130bps_sup@v5.0.0.bwa.bam
+ samples=(Grandeyeast004_20240105_1222_P2S-00519-B_PAS98845_231d7d7e.rna004_130bps_sup@v5.0.0 Petityeast004_20240105_1222_P2S-00519-A_PAQ47538_49891fce.rna004_130bps_sup@v5.0.0 Pus1yeast004_20240105_1330_P2S-00519-A_PAS92267_56de71b8.rna004_130bps_sup@v5.0.0 Pus2yeast004_20240105_1330_P2S-00519-B_PAS98920_19ba906c.rna004_130bps_sup@v5.0.0 Pus4yeast004_20231208_1152_MN42516_FAX71838_e2d70aac.rna004_130bps_sup@v5.0.0 WTyeast004_20231111_1104_P2S-00519-B_PAQ47538_fa3726ec.rna004_130bps_sup@v5.0.0)
+ u=Petityeast004_20240105_1222_P2S-00519-A_PAQ47538_49891fce.rna004_130bps_sup@v5.0.0
+ samtools sort -o /beevol/home/whitel/tRNAworkshop/rebasecalled/alignedbams/Petityeast004_20240105_1222_P2S-00519-A_PAQ47538_49891fce.rna004_130bps_sup@v5.0.0.bwa.bam
+ bwa mem -W 13 -k 6 -T 20 -x ont2d /beevol/home/whitel/tRNAworkshop/ref/sacCer3-mature-tRNAs.fa /beevol/home/whitel/tRNAworkshop/rebasecalled/fastqs/Petityeast004_20240105_1222_P2S-00519-A_PAQ47538_49891fce.rna004_130bps_sup@v5.0.0.fastq
+ samtools view -F4 -hu -
[M::bwa_idx_load_from_disk] read 0 ALT contigs
[M::process] read 70946 sequences (10001012 bp)...
[M::process] read 71020 sequences (10000164 bp)...
[M::mem_process_seqs] Processed 70946 reads in 749.285 CPU sec, 751.056 real sec
[M::process] read 65342 sequences (10000052 bp)...
[M::mem_process_seqs] Processed 71020 reads in 752.865 CPU sec, 754.516 real sec
[M::process] read 71080 sequences (10000166 bp)...
[M::mem_process_seqs] Processed 65342 reads in 841.032 CPU sec, 842.900 real sec
[M::process] read 51996 sequences (7091729 bp)...
[M::mem_process_seqs] Processed 71080 reads in 730.343 CPU sec, 731.913 real sec
[M::mem_process_seqs] Processed 51996 reads in 460.083 CPU sec, 461.040 real sec
[main] Version: 0.7.16a-r1181
[main] CMD: bwa mem -W 13 -k 6 -T 20 -x ont2d /beevol/home/whitel/tRNAworkshop/ref/sacCer3-mature-tRNAs.fa /beevol/home/whitel/tRNAworkshop/rebasecalled/fastqs/Petityeast004_20240105_1222_P2S-00519-A_PAQ47538_49891fce.rna004_130bps_sup@v5.0.0.fastq
[main] Real time: 3541.901 sec; CPU: 3533.709 sec
+ samtools index /beevol/home/whitel/tRNAworkshop/rebasecalled/alignedbams/Petityeast004_20240105_1222_P2S-00519-A_PAQ47538_49891fce.rna004_130bps_sup@v5.0.0.bwa.bam
