+ samples=(Tetrahymena002_20231207_1743_MN35252_FAX30455_c9f80979.rna002_70bps_fast@v3 Tetrahymena002_20231207_1743_MN35252_FAX30455_c9f80979.rna002_70bps_hac@v3 Tetrahymena004_20231208_0920_MN42516_FAX71838_a244513d.rna004_130bps_fast@v3.0.1 Tetrahymena004_20231208_0920_MN42516_FAX71838_a244513d.rna004_130bps_fast@v5.0.0 Tetrahymena004_20231208_0920_MN42516_FAX71838_a244513d.rna004_130bps_hac@v3.0.1 Tetrahymena004_20231208_0920_MN42516_FAX71838_a244513d.rna004_130bps_hac@v5.0.0 Tetrahymena004_20231208_0920_MN42516_FAX71838_a244513d.rna004_130bps_sup@v3.0.1 Tetrahymena004_20231208_0920_MN42516_FAX71838_a244513d.rna004_130bps_sup@v5.0.0)
+ u=Tetrahymena002_20231207_1743_MN35252_FAX30455_c9f80979.rna002_70bps_fast@v3
+ samtools view -F4 -hu -
+ samtools sort -o /beevol/home/whitel/tRNAworkshop/rebasecalled/alignedbams/Tetrahymena002_20231207_1743_MN35252_FAX30455_c9f80979.rna002_70bps_fast@v3.bwa.bam
+ bwa mem -W 13 -k 6 -T 20 -x ont2d /beevol/home/whitel/tRNAworkshop/ref/tthermophila-numbered-mature-tRNAs.fa /beevol/home/whitel/tRNAworkshop/rebasecalled/fastqs/Tetrahymena002_20231207_1743_MN35252_FAX30455_c9f80979.rna002_70bps_fast@v3.fastq
[M::bwa_idx_load_from_disk] read 0 ALT contigs
[M::process] read 109572 sequences (10000134 bp)...
[M::process] read 109454 sequences (10000123 bp)...
[M::mem_process_seqs] Processed 109572 reads in 362.766 CPU sec, 363.544 real sec
[M::process] read 104588 sequences (10000071 bp)...
[M::mem_process_seqs] Processed 109454 reads in 370.640 CPU sec, 371.298 real sec
[M::process] read 99554 sequences (10000167 bp)...
[M::mem_process_seqs] Processed 104588 reads in 355.423 CPU sec, 356.086 real sec
[M::process] read 101366 sequences (10000086 bp)...
[M::mem_process_seqs] Processed 99554 reads in 341.566 CPU sec, 342.231 real sec
[M::process] read 52665 sequences (4795278 bp)...
[M::mem_process_seqs] Processed 101366 reads in 346.168 CPU sec, 346.810 real sec
[M::mem_process_seqs] Processed 52665 reads in 174.164 CPU sec, 174.417 real sec
[main] Version: 0.7.16a-r1181
[main] CMD: bwa mem -W 13 -k 6 -T 20 -x ont2d /beevol/home/whitel/tRNAworkshop/ref/tthermophila-numbered-mature-tRNAs.fa /beevol/home/whitel/tRNAworkshop/rebasecalled/fastqs/Tetrahymena002_20231207_1743_MN35252_FAX30455_c9f80979.rna002_70bps_fast@v3.fastq
[main] Real time: 1992.287 sec; CPU: 1950.873 sec
+ samtools index /beevol/home/whitel/tRNAworkshop/rebasecalled/alignedbams/Tetrahymena002_20231207_1743_MN35252_FAX30455_c9f80979.rna002_70bps_fast@v3.bwa.bam
+ samples=(Tetrahymena002_20231207_1743_MN35252_FAX30455_c9f80979.rna002_70bps_fast@v3 Tetrahymena002_20231207_1743_MN35252_FAX30455_c9f80979.rna002_70bps_hac@v3 Tetrahymena004_20231208_0920_MN42516_FAX71838_a244513d.rna004_130bps_fast@v3.0.1 Tetrahymena004_20231208_0920_MN42516_FAX71838_a244513d.rna004_130bps_fast@v5.0.0 Tetrahymena004_20231208_0920_MN42516_FAX71838_a244513d.rna004_130bps_hac@v3.0.1 Tetrahymena004_20231208_0920_MN42516_FAX71838_a244513d.rna004_130bps_hac@v5.0.0 Tetrahymena004_20231208_0920_MN42516_FAX71838_a244513d.rna004_130bps_sup@v3.0.1 Tetrahymena004_20231208_0920_MN42516_FAX71838_a244513d.rna004_130bps_sup@v5.0.0)
+ u=Tetrahymena004_20231208_0920_MN42516_FAX71838_a244513d.rna004_130bps_fast@v3.0.1
+ samtools view -F4 -hu -
+ bwa mem -W 13 -k 6 -T 20 -x ont2d /beevol/home/whitel/tRNAworkshop/ref/tthermophila-numbered-mature-tRNAs.fa /beevol/home/whitel/tRNAworkshop/rebasecalled/fastqs/Tetrahymena004_20231208_0920_MN42516_FAX71838_a244513d.rna004_130bps_fast@v3.0.1.fastq
+ samtools sort -o /beevol/home/whitel/tRNAworkshop/rebasecalled/alignedbams/Tetrahymena004_20231208_0920_MN42516_FAX71838_a244513d.rna004_130bps_fast@v3.0.1.bwa.bam
[M::bwa_idx_load_from_disk] read 0 ALT contigs
[M::process] read 45266 sequences (10000422 bp)...
[M::process] read 46674 sequences (10000214 bp)...
[M::mem_process_seqs] Processed 45266 reads in 383.449 CPU sec, 384.299 real sec
[M::process] read 54942 sequences (10000028 bp)...
[M::mem_process_seqs] Processed 46674 reads in 372.752 CPU sec, 373.542 real sec
[M::process] read 57690 sequences (10000163 bp)...
[M::mem_process_seqs] Processed 54942 reads in 418.459 CPU sec, 419.281 real sec
[M::process] read 58554 sequences (10000096 bp)...
[M::mem_process_seqs] Processed 57690 reads in 427.556 CPU sec, 428.449 real sec
[M::process] read 41473 sequences (7085100 bp)...
[M::mem_process_seqs] Processed 58554 reads in 429.584 CPU sec, 430.436 real sec
[M::mem_process_seqs] Processed 41473 reads in 305.617 CPU sec, 306.214 real sec
[main] Version: 0.7.16a-r1181
[main] CMD: bwa mem -W 13 -k 6 -T 20 -x ont2d /beevol/home/whitel/tRNAworkshop/ref/tthermophila-numbered-mature-tRNAs.fa /beevol/home/whitel/tRNAworkshop/rebasecalled/fastqs/Tetrahymena004_20231208_0920_MN42516_FAX71838_a244513d.rna004_130bps_fast@v3.0.1.fastq
[main] Real time: 2345.589 sec; CPU: 2337.623 sec
+ samtools index /beevol/home/whitel/tRNAworkshop/rebasecalled/alignedbams/Tetrahymena004_20231208_0920_MN42516_FAX71838_a244513d.rna004_130bps_fast@v3.0.1.bwa.bam
+ samples=(Tetrahymena002_20231207_1743_MN35252_FAX30455_c9f80979.rna002_70bps_fast@v3 Tetrahymena002_20231207_1743_MN35252_FAX30455_c9f80979.rna002_70bps_hac@v3 Tetrahymena004_20231208_0920_MN42516_FAX71838_a244513d.rna004_130bps_fast@v3.0.1 Tetrahymena004_20231208_0920_MN42516_FAX71838_a244513d.rna004_130bps_fast@v5.0.0 Tetrahymena004_20231208_0920_MN42516_FAX71838_a244513d.rna004_130bps_hac@v3.0.1 Tetrahymena004_20231208_0920_MN42516_FAX71838_a244513d.rna004_130bps_hac@v5.0.0 Tetrahymena004_20231208_0920_MN42516_FAX71838_a244513d.rna004_130bps_sup@v3.0.1 Tetrahymena004_20231208_0920_MN42516_FAX71838_a244513d.rna004_130bps_sup@v5.0.0)
+ u=Tetrahymena002_20231207_1743_MN35252_FAX30455_c9f80979.rna002_70bps_hac@v3
+ bwa mem -W 13 -k 6 -T 20 -x ont2d /beevol/home/whitel/tRNAworkshop/ref/tthermophila-numbered-mature-tRNAs.fa /beevol/home/whitel/tRNAworkshop/rebasecalled/fastqs/Tetrahymena002_20231207_1743_MN35252_FAX30455_c9f80979.rna002_70bps_hac@v3.fastq
+ samtools view -F4 -hu -
+ samtools sort -o /beevol/home/whitel/tRNAworkshop/rebasecalled/alignedbams/Tetrahymena002_20231207_1743_MN35252_FAX30455_c9f80979.rna002_70bps_hac@v3.bwa.bam
[M::bwa_idx_load_from_disk] read 0 ALT contigs
[M::process] read 110704 sequences (10000033 bp)...
[M::process] read 110904 sequences (10000704 bp)...
[M::mem_process_seqs] Processed 110704 reads in 552.988 CPU sec, 552.815 real sec
[M::process] read 104558 sequences (10000075 bp)...
[M::mem_process_seqs] Processed 110904 reads in 559.199 CPU sec, 558.862 real sec
[M::process] read 99232 sequences (10000016 bp)...
[M::mem_process_seqs] Processed 104558 reads in 603.363 CPU sec, 603.062 real sec
[M::process] read 100402 sequences (10000028 bp)...
[M::mem_process_seqs] Processed 99232 reads in 535.362 CPU sec, 535.124 real sec
[M::process] read 51491 sequences (4644147 bp)...
[M::mem_process_seqs] Processed 100402 reads in 539.355 CPU sec, 539.123 real sec
[M::mem_process_seqs] Processed 51491 reads in 255.469 CPU sec, 255.304 real sec
[main] Version: 0.7.16a-r1181
[main] CMD: bwa mem -W 13 -k 6 -T 20 -x ont2d /beevol/home/whitel/tRNAworkshop/ref/tthermophila-numbered-mature-tRNAs.fa /beevol/home/whitel/tRNAworkshop/rebasecalled/fastqs/Tetrahymena002_20231207_1743_MN35252_FAX30455_c9f80979.rna002_70bps_hac@v3.fastq
[main] Real time: 3066.094 sec; CPU: 3045.948 sec
+ samtools index /beevol/home/whitel/tRNAworkshop/rebasecalled/alignedbams/Tetrahymena002_20231207_1743_MN35252_FAX30455_c9f80979.rna002_70bps_hac@v3.bwa.bam
+ samples=(Tetrahymena002_20231207_1743_MN35252_FAX30455_c9f80979.rna002_70bps_fast@v3 Tetrahymena002_20231207_1743_MN35252_FAX30455_c9f80979.rna002_70bps_hac@v3 Tetrahymena004_20231208_0920_MN42516_FAX71838_a244513d.rna004_130bps_fast@v3.0.1 Tetrahymena004_20231208_0920_MN42516_FAX71838_a244513d.rna004_130bps_fast@v5.0.0 Tetrahymena004_20231208_0920_MN42516_FAX71838_a244513d.rna004_130bps_hac@v3.0.1 Tetrahymena004_20231208_0920_MN42516_FAX71838_a244513d.rna004_130bps_hac@v5.0.0 Tetrahymena004_20231208_0920_MN42516_FAX71838_a244513d.rna004_130bps_sup@v3.0.1 Tetrahymena004_20231208_0920_MN42516_FAX71838_a244513d.rna004_130bps_sup@v5.0.0)
+ u=Tetrahymena004_20231208_0920_MN42516_FAX71838_a244513d.rna004_130bps_fast@v5.0.0
+ bwa mem -W 13 -k 6 -T 20 -x ont2d /beevol/home/whitel/tRNAworkshop/ref/tthermophila-numbered-mature-tRNAs.fa /beevol/home/whitel/tRNAworkshop/rebasecalled/fastqs/Tetrahymena004_20231208_0920_MN42516_FAX71838_a244513d.rna004_130bps_fast@v5.0.0.fastq
+ samtools view -F4 -hu -
+ samtools sort -o /beevol/home/whitel/tRNAworkshop/rebasecalled/alignedbams/Tetrahymena004_20231208_0920_MN42516_FAX71838_a244513d.rna004_130bps_fast@v5.0.0.bwa.bam
[M::bwa_idx_load_from_disk] read 0 ALT contigs
[M::process] read 98236 sequences (10000091 bp)...
[M::process] read 96942 sequences (10000547 bp)...
[M::mem_process_seqs] Processed 98236 reads in 615.214 CPU sec, 615.078 real sec
[M::process] read 96036 sequences (10000092 bp)...
[M::mem_process_seqs] Processed 96942 reads in 613.353 CPU sec, 613.052 real sec
[M::process] read 13750 sequences (1792521 bp)...
[M::mem_process_seqs] Processed 96036 reads in 606.064 CPU sec, 605.902 real sec
[M::mem_process_seqs] Processed 13750 reads in 97.638 CPU sec, 97.498 real sec
[main] Version: 0.7.16a-r1181
[main] CMD: bwa mem -W 13 -k 6 -T 20 -x ont2d /beevol/home/whitel/tRNAworkshop/ref/tthermophila-numbered-mature-tRNAs.fa /beevol/home/whitel/tRNAworkshop/rebasecalled/fastqs/Tetrahymena004_20231208_0920_MN42516_FAX71838_a244513d.rna004_130bps_fast@v5.0.0.fastq
[main] Real time: 1943.174 sec; CPU: 1932.388 sec
+ samtools index /beevol/home/whitel/tRNAworkshop/rebasecalled/alignedbams/Tetrahymena004_20231208_0920_MN42516_FAX71838_a244513d.rna004_130bps_fast@v5.0.0.bwa.bam
+ samples=(Tetrahymena002_20231207_1743_MN35252_FAX30455_c9f80979.rna002_70bps_fast@v3 Tetrahymena002_20231207_1743_MN35252_FAX30455_c9f80979.rna002_70bps_hac@v3 Tetrahymena004_20231208_0920_MN42516_FAX71838_a244513d.rna004_130bps_fast@v3.0.1 Tetrahymena004_20231208_0920_MN42516_FAX71838_a244513d.rna004_130bps_fast@v5.0.0 Tetrahymena004_20231208_0920_MN42516_FAX71838_a244513d.rna004_130bps_hac@v3.0.1 Tetrahymena004_20231208_0920_MN42516_FAX71838_a244513d.rna004_130bps_hac@v5.0.0 Tetrahymena004_20231208_0920_MN42516_FAX71838_a244513d.rna004_130bps_sup@v3.0.1 Tetrahymena004_20231208_0920_MN42516_FAX71838_a244513d.rna004_130bps_sup@v5.0.0)
+ u=Tetrahymena004_20231208_0920_MN42516_FAX71838_a244513d.rna004_130bps_hac@v3.0.1
+ bwa mem -W 13 -k 6 -T 20 -x ont2d /beevol/home/whitel/tRNAworkshop/ref/tthermophila-numbered-mature-tRNAs.fa /beevol/home/whitel/tRNAworkshop/rebasecalled/fastqs/Tetrahymena004_20231208_0920_MN42516_FAX71838_a244513d.rna004_130bps_hac@v3.0.1.fastq
+ samtools view -F4 -hu -
+ samtools sort -o /beevol/home/whitel/tRNAworkshop/rebasecalled/alignedbams/Tetrahymena004_20231208_0920_MN42516_FAX71838_a244513d.rna004_130bps_hac@v3.0.1.bwa.bam
[M::bwa_idx_load_from_disk] read 0 ALT contigs
[M::process] read 53914 sequences (10000044 bp)...
[M::process] read 62994 sequences (10000101 bp)...
[M::mem_process_seqs] Processed 53914 reads in 354.939 CPU sec, 355.729 real sec
[M::process] read 65122 sequences (10000086 bp)...
[M::mem_process_seqs] Processed 62994 reads in 370.046 CPU sec, 370.745 real sec
[M::process] read 65098 sequences (10000051 bp)...
[M::mem_process_seqs] Processed 65122 reads in 372.745 CPU sec, 373.427 real sec
[M::process] read 57380 sequences (8822116 bp)...
[M::mem_process_seqs] Processed 65098 reads in 375.050 CPU sec, 375.780 real sec
[M::mem_process_seqs] Processed 57380 reads in 326.530 CPU sec, 327.177 real sec
[main] Version: 0.7.16a-r1181
[main] CMD: bwa mem -W 13 -k 6 -T 20 -x ont2d /beevol/home/whitel/tRNAworkshop/ref/tthermophila-numbered-mature-tRNAs.fa /beevol/home/whitel/tRNAworkshop/rebasecalled/fastqs/Tetrahymena004_20231208_0920_MN42516_FAX71838_a244513d.rna004_130bps_hac@v3.0.1.fastq
[main] Real time: 1839.382 sec; CPU: 1799.534 sec
+ samtools index /beevol/home/whitel/tRNAworkshop/rebasecalled/alignedbams/Tetrahymena004_20231208_0920_MN42516_FAX71838_a244513d.rna004_130bps_hac@v3.0.1.bwa.bam
+ samples=(Tetrahymena002_20231207_1743_MN35252_FAX30455_c9f80979.rna002_70bps_fast@v3 Tetrahymena002_20231207_1743_MN35252_FAX30455_c9f80979.rna002_70bps_hac@v3 Tetrahymena004_20231208_0920_MN42516_FAX71838_a244513d.rna004_130bps_fast@v3.0.1 Tetrahymena004_20231208_0920_MN42516_FAX71838_a244513d.rna004_130bps_fast@v5.0.0 Tetrahymena004_20231208_0920_MN42516_FAX71838_a244513d.rna004_130bps_hac@v3.0.1 Tetrahymena004_20231208_0920_MN42516_FAX71838_a244513d.rna004_130bps_hac@v5.0.0 Tetrahymena004_20231208_0920_MN42516_FAX71838_a244513d.rna004_130bps_sup@v3.0.1 Tetrahymena004_20231208_0920_MN42516_FAX71838_a244513d.rna004_130bps_sup@v5.0.0)
+ u=Tetrahymena004_20231208_0920_MN42516_FAX71838_a244513d.rna004_130bps_hac@v5.0.0
+ samtools sort -o /beevol/home/whitel/tRNAworkshop/rebasecalled/alignedbams/Tetrahymena004_20231208_0920_MN42516_FAX71838_a244513d.rna004_130bps_hac@v5.0.0.bwa.bam
+ bwa mem -W 13 -k 6 -T 20 -x ont2d /beevol/home/whitel/tRNAworkshop/ref/tthermophila-numbered-mature-tRNAs.fa /beevol/home/whitel/tRNAworkshop/rebasecalled/fastqs/Tetrahymena004_20231208_0920_MN42516_FAX71838_a244513d.rna004_130bps_hac@v5.0.0.fastq
+ samtools view -F4 -hu -
[M::bwa_idx_load_from_disk] read 0 ALT contigs
[M::process] read 88384 sequences (10000119 bp)...
[M::process] read 87156 sequences (10000130 bp)...
[M::mem_process_seqs] Processed 88384 reads in 468.355 CPU sec, 469.404 real sec
[M::process] read 89336 sequences (10000100 bp)...
[M::mem_process_seqs] Processed 87156 reads in 474.920 CPU sec, 475.800 real sec
[M::process] read 40508 sequences (5598001 bp)...
[M::mem_process_seqs] Processed 89336 reads in 467.787 CPU sec, 468.727 real sec
[M::mem_process_seqs] Processed 40508 reads in 320.596 CPU sec, 321.219 real sec
[main] Version: 0.7.16a-r1181
[main] CMD: bwa mem -W 13 -k 6 -T 20 -x ont2d /beevol/home/whitel/tRNAworkshop/ref/tthermophila-numbered-mature-tRNAs.fa /beevol/home/whitel/tRNAworkshop/rebasecalled/fastqs/Tetrahymena004_20231208_0920_MN42516_FAX71838_a244513d.rna004_130bps_hac@v5.0.0.fastq
[main] Real time: 1787.460 sec; CPU: 1731.794 sec
+ samtools index /beevol/home/whitel/tRNAworkshop/rebasecalled/alignedbams/Tetrahymena004_20231208_0920_MN42516_FAX71838_a244513d.rna004_130bps_hac@v5.0.0.bwa.bam
+ samples=(Tetrahymena002_20231207_1743_MN35252_FAX30455_c9f80979.rna002_70bps_fast@v3 Tetrahymena002_20231207_1743_MN35252_FAX30455_c9f80979.rna002_70bps_hac@v3 Tetrahymena004_20231208_0920_MN42516_FAX71838_a244513d.rna004_130bps_fast@v3.0.1 Tetrahymena004_20231208_0920_MN42516_FAX71838_a244513d.rna004_130bps_fast@v5.0.0 Tetrahymena004_20231208_0920_MN42516_FAX71838_a244513d.rna004_130bps_hac@v3.0.1 Tetrahymena004_20231208_0920_MN42516_FAX71838_a244513d.rna004_130bps_hac@v5.0.0 Tetrahymena004_20231208_0920_MN42516_FAX71838_a244513d.rna004_130bps_sup@v3.0.1 Tetrahymena004_20231208_0920_MN42516_FAX71838_a244513d.rna004_130bps_sup@v5.0.0)
+ u=Tetrahymena004_20231208_0920_MN42516_FAX71838_a244513d.rna004_130bps_sup@v3.0.1
+ bwa mem -W 13 -k 6 -T 20 -x ont2d /beevol/home/whitel/tRNAworkshop/ref/tthermophila-numbered-mature-tRNAs.fa /beevol/home/whitel/tRNAworkshop/rebasecalled/fastqs/Tetrahymena004_20231208_0920_MN42516_FAX71838_a244513d.rna004_130bps_sup@v3.0.1.fastq
+ samtools sort -o /beevol/home/whitel/tRNAworkshop/rebasecalled/alignedbams/Tetrahymena004_20231208_0920_MN42516_FAX71838_a244513d.rna004_130bps_sup@v3.0.1.bwa.bam
+ samtools view -F4 -hu -
[M::bwa_idx_load_from_disk] read 0 ALT contigs
[M::process] read 46086 sequences (10000139 bp)...
[M::process] read 57606 sequences (10000118 bp)...
[M::mem_process_seqs] Processed 46086 reads in 384.779 CPU sec, 385.619 real sec
[M::process] read 54330 sequences (10000083 bp)...
[M::mem_process_seqs] Processed 57606 reads in 420.456 CPU sec, 421.402 real sec
[M::process] read 57960 sequences (10000088 bp)...
[M::mem_process_seqs] Processed 54330 reads in 413.217 CPU sec, 414.035 real sec
[M::process] read 57464 sequences (10000226 bp)...
[M::mem_process_seqs] Processed 57960 reads in 422.105 CPU sec, 422.916 real sec
[M::process] read 31021 sequences (5361110 bp)...
[M::mem_process_seqs] Processed 57464 reads in 422.230 CPU sec, 423.104 real sec
[M::mem_process_seqs] Processed 31021 reads in 225.200 CPU sec, 225.602 real sec
[main] Version: 0.7.16a-r1181
[main] CMD: bwa mem -W 13 -k 6 -T 20 -x ont2d /beevol/home/whitel/tRNAworkshop/ref/tthermophila-numbered-mature-tRNAs.fa /beevol/home/whitel/tRNAworkshop/rebasecalled/fastqs/Tetrahymena004_20231208_0920_MN42516_FAX71838_a244513d.rna004_130bps_sup@v3.0.1.fastq
[main] Real time: 2385.906 sec; CPU: 2288.137 sec
+ samtools index /beevol/home/whitel/tRNAworkshop/rebasecalled/alignedbams/Tetrahymena004_20231208_0920_MN42516_FAX71838_a244513d.rna004_130bps_sup@v3.0.1.bwa.bam
+ samples=(Tetrahymena002_20231207_1743_MN35252_FAX30455_c9f80979.rna002_70bps_fast@v3 Tetrahymena002_20231207_1743_MN35252_FAX30455_c9f80979.rna002_70bps_hac@v3 Tetrahymena004_20231208_0920_MN42516_FAX71838_a244513d.rna004_130bps_fast@v3.0.1 Tetrahymena004_20231208_0920_MN42516_FAX71838_a244513d.rna004_130bps_fast@v5.0.0 Tetrahymena004_20231208_0920_MN42516_FAX71838_a244513d.rna004_130bps_hac@v3.0.1 Tetrahymena004_20231208_0920_MN42516_FAX71838_a244513d.rna004_130bps_hac@v5.0.0 Tetrahymena004_20231208_0920_MN42516_FAX71838_a244513d.rna004_130bps_sup@v3.0.1 Tetrahymena004_20231208_0920_MN42516_FAX71838_a244513d.rna004_130bps_sup@v5.0.0)
+ u=Tetrahymena004_20231208_0920_MN42516_FAX71838_a244513d.rna004_130bps_sup@v5.0.0
+ bwa mem -W 13 -k 6 -T 20 -x ont2d /beevol/home/whitel/tRNAworkshop/ref/tthermophila-numbered-mature-tRNAs.fa /beevol/home/whitel/tRNAworkshop/rebasecalled/fastqs/Tetrahymena004_20231208_0920_MN42516_FAX71838_a244513d.rna004_130bps_sup@v5.0.0.fastq
+ samtools view -F4 -hu -
+ samtools sort -o /beevol/home/whitel/tRNAworkshop/rebasecalled/alignedbams/Tetrahymena004_20231208_0920_MN42516_FAX71838_a244513d.rna004_130bps_sup@v5.0.0.bwa.bam
[M::bwa_idx_load_from_disk] read 0 ALT contigs
[M::process] read 84816 sequences (10000131 bp)...
[M::process] read 85910 sequences (10000067 bp)...
[M::mem_process_seqs] Processed 84816 reads in 1167.332 CPU sec, 1167.156 real sec
[M::process] read 81576 sequences (10034625 bp)...
[M::mem_process_seqs] Processed 85910 reads in 1130.679 CPU sec, 1130.396 real sec
[M::process] read 51341 sequences (8765783 bp)...
[M::mem_process_seqs] Processed 81576 reads in 1328.898 CPU sec, 1328.618 real sec
[M::mem_process_seqs] Processed 51341 reads in 2029.536 CPU sec, 2029.313 real sec
[main] Version: 0.7.16a-r1181
[main] CMD: bwa mem -W 13 -k 6 -T 20 -x ont2d /beevol/home/whitel/tRNAworkshop/ref/tthermophila-numbered-mature-tRNAs.fa /beevol/home/whitel/tRNAworkshop/rebasecalled/fastqs/Tetrahymena004_20231208_0920_MN42516_FAX71838_a244513d.rna004_130bps_sup@v5.0.0.fastq
[main] Real time: 5678.913 sec; CPU: 5656.667 sec
+ samtools index /beevol/home/whitel/tRNAworkshop/rebasecalled/alignedbams/Tetrahymena004_20231208_0920_MN42516_FAX71838_a244513d.rna004_130bps_sup@v5.0.0.bwa.bam
