+ samples=(Zebrafish002_20231207_1528_P2S-00519-A_PAS44221_7e583c4c.rna002_70bps_fast@v3.fastq Zebrafish002_20231207_1528_P2S-00519-A_PAS44221_7e583c4c.rna002_70bps_hac@v3.fastq Zebrafish004_20231208_0919_MN31004_FAX73799_f3dea9f8.rna004_130bps_fast@v3.0.1.fastq Zebrafish004_20231208_0919_MN31004_FAX73799_f3dea9f8.rna004_130bps_fast@v5.0.0.fastq Zebrafish004_20231208_0919_MN31004_FAX73799_f3dea9f8.rna004_130bps_hac@v3.0.1.fastq Zebrafish004_20231208_0919_MN31004_FAX73799_f3dea9f8.rna004_130bps_hac@v5.0.0.fastq Zebrafish004_20231208_0919_MN31004_FAX73799_f3dea9f8.rna004_130bps_sup@v3.0.1.fastq Zebrafish004_20231208_0919_MN31004_FAX73799_f3dea9f8.rna004_130bps_sup@v5.0.0.fastq)
+ u=Zebrafish002_20231207_1528_P2S-00519-A_PAS44221_7e583c4c.rna002_70bps_fast@v3.fastq
+ bwa mem -W 13 -k 6 -T 20 -x ont2d /beevol/home/whitel/tRNAworkshop/ref/danRer11-mature-tRNAs.fa /beevol/home/whitel/tRNAworkshop/rebasecalled/fastqs/Zebrafish002_20231207_1528_P2S-00519-A_PAS44221_7e583c4c.rna002_70bps_fast@v3.fastq.fastq
+ samtools view -F4 -hu -
+ samtools sort -o /beevol/home/whitel/tRNAworkshop/rebasecalled/alignedbams/Zebrafish002_20231207_1528_P2S-00519-A_PAS44221_7e583c4c.rna002_70bps_fast@v3.fastq.bwa.bam
[M::bwa_idx_load_from_disk] read 0 ALT contigs
[E::main_mem] fail to open file `/beevol/home/whitel/tRNAworkshop/rebasecalled/fastqs/Zebrafish002_20231207_1528_P2S-00519-A_PAS44221_7e583c4c.rna002_70bps_fast@v3.fastq.fastq'.
[main_samview] fail to read the header from "-".
samtools sort: failed to read header from "-"
+ samples=(Zebrafish002_20231207_1528_P2S-00519-A_PAS44221_7e583c4c.rna002_70bps_fast@v3.fastq Zebrafish002_20231207_1528_P2S-00519-A_PAS44221_7e583c4c.rna002_70bps_hac@v3.fastq Zebrafish004_20231208_0919_MN31004_FAX73799_f3dea9f8.rna004_130bps_fast@v3.0.1.fastq Zebrafish004_20231208_0919_MN31004_FAX73799_f3dea9f8.rna004_130bps_fast@v5.0.0.fastq Zebrafish004_20231208_0919_MN31004_FAX73799_f3dea9f8.rna004_130bps_hac@v3.0.1.fastq Zebrafish004_20231208_0919_MN31004_FAX73799_f3dea9f8.rna004_130bps_hac@v5.0.0.fastq Zebrafish004_20231208_0919_MN31004_FAX73799_f3dea9f8.rna004_130bps_sup@v3.0.1.fastq Zebrafish004_20231208_0919_MN31004_FAX73799_f3dea9f8.rna004_130bps_sup@v5.0.0.fastq)
+ u=Zebrafish002_20231207_1528_P2S-00519-A_PAS44221_7e583c4c.rna002_70bps_hac@v3.fastq
+ bwa mem -W 13 -k 6 -T 20 -x ont2d /beevol/home/whitel/tRNAworkshop/ref/danRer11-mature-tRNAs.fa /beevol/home/whitel/tRNAworkshop/rebasecalled/fastqs/Zebrafish002_20231207_1528_P2S-00519-A_PAS44221_7e583c4c.rna002_70bps_hac@v3.fastq.fastq
+ samtools view -F4 -hu -
+ samtools sort -o /beevol/home/whitel/tRNAworkshop/rebasecalled/alignedbams/Zebrafish002_20231207_1528_P2S-00519-A_PAS44221_7e583c4c.rna002_70bps_hac@v3.fastq.bwa.bam
[M::bwa_idx_load_from_disk] read 0 ALT contigs
[E::main_mem] fail to open file `/beevol/home/whitel/tRNAworkshop/rebasecalled/fastqs/Zebrafish002_20231207_1528_P2S-00519-A_PAS44221_7e583c4c.rna002_70bps_hac@v3.fastq.fastq'.
[main_samview] fail to read the header from "-".
samtools sort: failed to read header from "-"
+ samples=(Zebrafish002_20231207_1528_P2S-00519-A_PAS44221_7e583c4c.rna002_70bps_fast@v3.fastq Zebrafish002_20231207_1528_P2S-00519-A_PAS44221_7e583c4c.rna002_70bps_hac@v3.fastq Zebrafish004_20231208_0919_MN31004_FAX73799_f3dea9f8.rna004_130bps_fast@v3.0.1.fastq Zebrafish004_20231208_0919_MN31004_FAX73799_f3dea9f8.rna004_130bps_fast@v5.0.0.fastq Zebrafish004_20231208_0919_MN31004_FAX73799_f3dea9f8.rna004_130bps_hac@v3.0.1.fastq Zebrafish004_20231208_0919_MN31004_FAX73799_f3dea9f8.rna004_130bps_hac@v5.0.0.fastq Zebrafish004_20231208_0919_MN31004_FAX73799_f3dea9f8.rna004_130bps_sup@v3.0.1.fastq Zebrafish004_20231208_0919_MN31004_FAX73799_f3dea9f8.rna004_130bps_sup@v5.0.0.fastq)
+ u=Zebrafish004_20231208_0919_MN31004_FAX73799_f3dea9f8.rna004_130bps_fast@v3.0.1.fastq
+ bwa mem -W 13 -k 6 -T 20 -x ont2d /beevol/home/whitel/tRNAworkshop/ref/danRer11-mature-tRNAs.fa /beevol/home/whitel/tRNAworkshop/rebasecalled/fastqs/Zebrafish004_20231208_0919_MN31004_FAX73799_f3dea9f8.rna004_130bps_fast@v3.0.1.fastq.fastq
+ samtools view -F4 -hu -
+ samtools sort -o /beevol/home/whitel/tRNAworkshop/rebasecalled/alignedbams/Zebrafish004_20231208_0919_MN31004_FAX73799_f3dea9f8.rna004_130bps_fast@v3.0.1.fastq.bwa.bam
[M::bwa_idx_load_from_disk] read 0 ALT contigs
[E::main_mem] fail to open file `/beevol/home/whitel/tRNAworkshop/rebasecalled/fastqs/Zebrafish004_20231208_0919_MN31004_FAX73799_f3dea9f8.rna004_130bps_fast@v3.0.1.fastq.fastq'.
[main_samview] fail to read the header from "-".
samtools sort: failed to read header from "-"
+ samples=(Zebrafish002_20231207_1528_P2S-00519-A_PAS44221_7e583c4c.rna002_70bps_fast@v3.fastq Zebrafish002_20231207_1528_P2S-00519-A_PAS44221_7e583c4c.rna002_70bps_hac@v3.fastq Zebrafish004_20231208_0919_MN31004_FAX73799_f3dea9f8.rna004_130bps_fast@v3.0.1.fastq Zebrafish004_20231208_0919_MN31004_FAX73799_f3dea9f8.rna004_130bps_fast@v5.0.0.fastq Zebrafish004_20231208_0919_MN31004_FAX73799_f3dea9f8.rna004_130bps_hac@v3.0.1.fastq Zebrafish004_20231208_0919_MN31004_FAX73799_f3dea9f8.rna004_130bps_hac@v5.0.0.fastq Zebrafish004_20231208_0919_MN31004_FAX73799_f3dea9f8.rna004_130bps_sup@v3.0.1.fastq Zebrafish004_20231208_0919_MN31004_FAX73799_f3dea9f8.rna004_130bps_sup@v5.0.0.fastq)
+ u=Zebrafish004_20231208_0919_MN31004_FAX73799_f3dea9f8.rna004_130bps_hac@v3.0.1.fastq
+ samtools view -F4 -hu -
+ samtools sort -o /beevol/home/whitel/tRNAworkshop/rebasecalled/alignedbams/Zebrafish004_20231208_0919_MN31004_FAX73799_f3dea9f8.rna004_130bps_hac@v3.0.1.fastq.bwa.bam
+ bwa mem -W 13 -k 6 -T 20 -x ont2d /beevol/home/whitel/tRNAworkshop/ref/danRer11-mature-tRNAs.fa /beevol/home/whitel/tRNAworkshop/rebasecalled/fastqs/Zebrafish004_20231208_0919_MN31004_FAX73799_f3dea9f8.rna004_130bps_hac@v3.0.1.fastq.fastq
[M::bwa_idx_load_from_disk] read 0 ALT contigs
[E::main_mem] fail to open file `/beevol/home/whitel/tRNAworkshop/rebasecalled/fastqs/Zebrafish004_20231208_0919_MN31004_FAX73799_f3dea9f8.rna004_130bps_hac@v3.0.1.fastq.fastq'.
[main_samview] fail to read the header from "-".
samtools sort: failed to read header from "-"
+ samples=(Zebrafish002_20231207_1528_P2S-00519-A_PAS44221_7e583c4c.rna002_70bps_fast@v3.fastq Zebrafish002_20231207_1528_P2S-00519-A_PAS44221_7e583c4c.rna002_70bps_hac@v3.fastq Zebrafish004_20231208_0919_MN31004_FAX73799_f3dea9f8.rna004_130bps_fast@v3.0.1.fastq Zebrafish004_20231208_0919_MN31004_FAX73799_f3dea9f8.rna004_130bps_fast@v5.0.0.fastq Zebrafish004_20231208_0919_MN31004_FAX73799_f3dea9f8.rna004_130bps_hac@v3.0.1.fastq Zebrafish004_20231208_0919_MN31004_FAX73799_f3dea9f8.rna004_130bps_hac@v5.0.0.fastq Zebrafish004_20231208_0919_MN31004_FAX73799_f3dea9f8.rna004_130bps_sup@v3.0.1.fastq Zebrafish004_20231208_0919_MN31004_FAX73799_f3dea9f8.rna004_130bps_sup@v5.0.0.fastq)
+ u=Zebrafish004_20231208_0919_MN31004_FAX73799_f3dea9f8.rna004_130bps_fast@v5.0.0.fastq
+ bwa mem -W 13 -k 6 -T 20 -x ont2d /beevol/home/whitel/tRNAworkshop/ref/danRer11-mature-tRNAs.fa /beevol/home/whitel/tRNAworkshop/rebasecalled/fastqs/Zebrafish004_20231208_0919_MN31004_FAX73799_f3dea9f8.rna004_130bps_fast@v5.0.0.fastq.fastq
+ samtools view -F4 -hu -
+ samtools sort -o /beevol/home/whitel/tRNAworkshop/rebasecalled/alignedbams/Zebrafish004_20231208_0919_MN31004_FAX73799_f3dea9f8.rna004_130bps_fast@v5.0.0.fastq.bwa.bam
[M::bwa_idx_load_from_disk] read 0 ALT contigs
[E::main_mem] fail to open file `/beevol/home/whitel/tRNAworkshop/rebasecalled/fastqs/Zebrafish004_20231208_0919_MN31004_FAX73799_f3dea9f8.rna004_130bps_fast@v5.0.0.fastq.fastq'.
[main_samview] fail to read the header from "-".
samtools sort: failed to read header from "-"
