+ samples=(HumanFibroblast004_20231208_1351_MN42516_FAX71838_b8f7b990.rna004_130bps_sup@v5.0.0 Trub1untrH295R004_20231207_1522_MN31004_FAX71838_4571d21c.rna004_130bps_sup@v5.0.0)
+ u=Trub1untrH295R004_20231207_1522_MN31004_FAX71838_4571d21c.rna004_130bps_sup@v5.0.0
+ samtools view -F4 -hu -
+ bwa mem -W 13 -k 6 -T 20 -x ont2d /beevol/home/whitel/tRNAworkshop/ref/hg38-mature-tRNAs.fa /beevol/home/whitel/tRNAworkshop/rebasecalled/fastqs/Trub1untrH295R004_20231207_1522_MN31004_FAX71838_4571d21c.rna004_130bps_sup@v5.0.0.fastq
+ samtools sort -o /beevol/home/whitel/tRNAworkshop/rebasecalled/alignedbams/Trub1untrH295R004_20231207_1522_MN31004_FAX71838_4571d21c.rna004_130bps_sup@v5.0.0.bwa.bam
[M::bwa_idx_load_from_disk] read 0 ALT contigs
[E::main_mem] fail to open file `/beevol/home/whitel/tRNAworkshop/rebasecalled/fastqs/Trub1untrH295R004_20231207_1522_MN31004_FAX71838_4571d21c.rna004_130bps_sup@v5.0.0.fastq'.
[main_samview] fail to read the header from "-".
samtools sort: failed to read header from "-"
+ samples=(HumanFibroblast004_20231208_1351_MN42516_FAX71838_b8f7b990.rna004_130bps_sup@v5.0.0 Trub1untrH295R004_20231207_1522_MN31004_FAX71838_4571d21c.rna004_130bps_sup@v5.0.0)
+ u=HumanFibroblast004_20231208_1351_MN42516_FAX71838_b8f7b990.rna004_130bps_sup@v5.0.0
+ bwa mem -W 13 -k 6 -T 20 -x ont2d /beevol/home/whitel/tRNAworkshop/ref/hg38-mature-tRNAs.fa /beevol/home/whitel/tRNAworkshop/rebasecalled/fastqs/HumanFibroblast004_20231208_1351_MN42516_FAX71838_b8f7b990.rna004_130bps_sup@v5.0.0.fastq
+ samtools sort -o /beevol/home/whitel/tRNAworkshop/rebasecalled/alignedbams/HumanFibroblast004_20231208_1351_MN42516_FAX71838_b8f7b990.rna004_130bps_sup@v5.0.0.bwa.bam
+ samtools view -F4 -hu -
[M::bwa_idx_load_from_disk] read 0 ALT contigs
[M::process] read 85286 sequences (10000087 bp)...
[M::process] read 62290 sequences (7660385 bp)...
[M::mem_process_seqs] Processed 85286 reads in 1319.146 CPU sec, 1319.035 real sec
[M::mem_process_seqs] Processed 62290 reads in 1132.282 CPU sec, 1132.077 real sec
[main] Version: 0.7.16a-r1181
[main] CMD: bwa mem -W 13 -k 6 -T 20 -x ont2d /beevol/home/whitel/tRNAworkshop/ref/hg38-mature-tRNAs.fa /beevol/home/whitel/tRNAworkshop/rebasecalled/fastqs/HumanFibroblast004_20231208_1351_MN42516_FAX71838_b8f7b990.rna004_130bps_sup@v5.0.0.fastq
[main] Real time: 2451.485 sec; CPU: 2451.623 sec
+ samtools index /beevol/home/whitel/tRNAworkshop/rebasecalled/alignedbams/HumanFibroblast004_20231208_1351_MN42516_FAX71838_b8f7b990.rna004_130bps_sup@v5.0.0.bwa.bam
