+ samples=(Tetrahymena002_20231207_1743_MN35252_FAX30455_c9f80979.rna002_70bps_fast@v3 Tetrahymena002_20231207_1743_MN35252_FAX30455_c9f80979.rna002_70bps_hac@v3 Tetrahymena004_20231208_0920_MN42516_FAX71838_a244513d.rna004_130bps_fast@v3.0.1 Tetrahymena004_20231208_0920_MN42516_FAX71838_a244513d.rna004_130bps_fast@v5.0.0 Tetrahymena004_20231208_0920_MN42516_FAX71838_a244513d.rna004_130bps_hac@v3.0.1 Tetrahymena004_20231208_0920_MN42516_FAX71838_a244513d.rna004_130bps_hac@v5.0.0 Tetrahymena004_20231208_0920_MN42516_FAX71838_a244513d.rna004_130bps_sup@v3.0.1 Tetrahymena004_20231208_0920_MN42516_FAX71838_a244513d.rna004_130bps_sup@v5.0.0)
+ u=Tetrahymena002_20231207_1743_MN35252_FAX30455_c9f80979.rna002_70bps_hac@v3
+ bwa mem -W 13 -k 6 -T 20 -x ont2d /beevol/home/whitel/tRNAworkshop/refs/tthermophila-numbered-mature-tRNAs.fa /beevol/home/whitel/tRNAworkshop/rebasecalled/fastqs/Tetrahymena002_20231207_1743_MN35252_FAX30455_c9f80979.rna002_70bps_hac@v3.fastq
+ samtools view -F4 -hu -
+ samtools sort -o /beevol/home/whitel/tRNAworkshop/rebasecalled/alignedbams/Tetrahymena002_20231207_1743_MN35252_FAX30455_c9f80979.rna002_70bps_hac@v3.bwa.bam
[E::bwa_idx_load_from_disk] fail to locate the index files
[main_samview] fail to read the header from "-".
samtools sort: failed to read header from "-"
+ samples=(Tetrahymena002_20231207_1743_MN35252_FAX30455_c9f80979.rna002_70bps_fast@v3 Tetrahymena002_20231207_1743_MN35252_FAX30455_c9f80979.rna002_70bps_hac@v3 Tetrahymena004_20231208_0920_MN42516_FAX71838_a244513d.rna004_130bps_fast@v3.0.1 Tetrahymena004_20231208_0920_MN42516_FAX71838_a244513d.rna004_130bps_fast@v5.0.0 Tetrahymena004_20231208_0920_MN42516_FAX71838_a244513d.rna004_130bps_hac@v3.0.1 Tetrahymena004_20231208_0920_MN42516_FAX71838_a244513d.rna004_130bps_hac@v5.0.0 Tetrahymena004_20231208_0920_MN42516_FAX71838_a244513d.rna004_130bps_sup@v3.0.1 Tetrahymena004_20231208_0920_MN42516_FAX71838_a244513d.rna004_130bps_sup@v5.0.0)
+ u=Tetrahymena002_20231207_1743_MN35252_FAX30455_c9f80979.rna002_70bps_fast@v3
+ bwa mem -W 13 -k 6 -T 20 -x ont2d /beevol/home/whitel/tRNAworkshop/refs/tthermophila-numbered-mature-tRNAs.fa /beevol/home/whitel/tRNAworkshop/rebasecalled/fastqs/Tetrahymena002_20231207_1743_MN35252_FAX30455_c9f80979.rna002_70bps_fast@v3.fastq
+ samtools view -F4 -hu -
+ samtools sort -o /beevol/home/whitel/tRNAworkshop/rebasecalled/alignedbams/Tetrahymena002_20231207_1743_MN35252_FAX30455_c9f80979.rna002_70bps_fast@v3.bwa.bam
[E::bwa_idx_load_from_disk] fail to locate the index files
[main_samview] fail to read the header from "-".
samtools sort: failed to read header from "-"
+ samples=(Tetrahymena002_20231207_1743_MN35252_FAX30455_c9f80979.rna002_70bps_fast@v3 Tetrahymena002_20231207_1743_MN35252_FAX30455_c9f80979.rna002_70bps_hac@v3 Tetrahymena004_20231208_0920_MN42516_FAX71838_a244513d.rna004_130bps_fast@v3.0.1 Tetrahymena004_20231208_0920_MN42516_FAX71838_a244513d.rna004_130bps_fast@v5.0.0 Tetrahymena004_20231208_0920_MN42516_FAX71838_a244513d.rna004_130bps_hac@v3.0.1 Tetrahymena004_20231208_0920_MN42516_FAX71838_a244513d.rna004_130bps_hac@v5.0.0 Tetrahymena004_20231208_0920_MN42516_FAX71838_a244513d.rna004_130bps_sup@v3.0.1 Tetrahymena004_20231208_0920_MN42516_FAX71838_a244513d.rna004_130bps_sup@v5.0.0)
+ u=Tetrahymena004_20231208_0920_MN42516_FAX71838_a244513d.rna004_130bps_fast@v5.0.0
+ samtools view -F4 -hu -
+ bwa mem -W 13 -k 6 -T 20 -x ont2d /beevol/home/whitel/tRNAworkshop/refs/tthermophila-numbered-mature-tRNAs.fa /beevol/home/whitel/tRNAworkshop/rebasecalled/fastqs/Tetrahymena004_20231208_0920_MN42516_FAX71838_a244513d.rna004_130bps_fast@v5.0.0.fastq
+ samtools sort -o /beevol/home/whitel/tRNAworkshop/rebasecalled/alignedbams/Tetrahymena004_20231208_0920_MN42516_FAX71838_a244513d.rna004_130bps_fast@v5.0.0.bwa.bam
[E::bwa_idx_load_from_disk] fail to locate the index files
[main_samview] fail to read the header from "-".
samtools sort: failed to read header from "-"
+ samples=(Tetrahymena002_20231207_1743_MN35252_FAX30455_c9f80979.rna002_70bps_fast@v3 Tetrahymena002_20231207_1743_MN35252_FAX30455_c9f80979.rna002_70bps_hac@v3 Tetrahymena004_20231208_0920_MN42516_FAX71838_a244513d.rna004_130bps_fast@v3.0.1 Tetrahymena004_20231208_0920_MN42516_FAX71838_a244513d.rna004_130bps_fast@v5.0.0 Tetrahymena004_20231208_0920_MN42516_FAX71838_a244513d.rna004_130bps_hac@v3.0.1 Tetrahymena004_20231208_0920_MN42516_FAX71838_a244513d.rna004_130bps_hac@v5.0.0 Tetrahymena004_20231208_0920_MN42516_FAX71838_a244513d.rna004_130bps_sup@v3.0.1 Tetrahymena004_20231208_0920_MN42516_FAX71838_a244513d.rna004_130bps_sup@v5.0.0)
+ u=Tetrahymena004_20231208_0920_MN42516_FAX71838_a244513d.rna004_130bps_fast@v3.0.1
+ bwa mem -W 13 -k 6 -T 20 -x ont2d /beevol/home/whitel/tRNAworkshop/refs/tthermophila-numbered-mature-tRNAs.fa /beevol/home/whitel/tRNAworkshop/rebasecalled/fastqs/Tetrahymena004_20231208_0920_MN42516_FAX71838_a244513d.rna004_130bps_fast@v3.0.1.fastq
+ samtools view -F4 -hu -
+ samtools sort -o /beevol/home/whitel/tRNAworkshop/rebasecalled/alignedbams/Tetrahymena004_20231208_0920_MN42516_FAX71838_a244513d.rna004_130bps_fast@v3.0.1.bwa.bam
[E::bwa_idx_load_from_disk] fail to locate the index files
[main_samview] fail to read the header from "-".
samtools sort: failed to read header from "-"
+ samples=(Tetrahymena002_20231207_1743_MN35252_FAX30455_c9f80979.rna002_70bps_fast@v3 Tetrahymena002_20231207_1743_MN35252_FAX30455_c9f80979.rna002_70bps_hac@v3 Tetrahymena004_20231208_0920_MN42516_FAX71838_a244513d.rna004_130bps_fast@v3.0.1 Tetrahymena004_20231208_0920_MN42516_FAX71838_a244513d.rna004_130bps_fast@v5.0.0 Tetrahymena004_20231208_0920_MN42516_FAX71838_a244513d.rna004_130bps_hac@v3.0.1 Tetrahymena004_20231208_0920_MN42516_FAX71838_a244513d.rna004_130bps_hac@v5.0.0 Tetrahymena004_20231208_0920_MN42516_FAX71838_a244513d.rna004_130bps_sup@v3.0.1 Tetrahymena004_20231208_0920_MN42516_FAX71838_a244513d.rna004_130bps_sup@v5.0.0)
+ u=Tetrahymena004_20231208_0920_MN42516_FAX71838_a244513d.rna004_130bps_hac@v5.0.0
+ bwa mem -W 13 -k 6 -T 20 -x ont2d /beevol/home/whitel/tRNAworkshop/refs/tthermophila-numbered-mature-tRNAs.fa /beevol/home/whitel/tRNAworkshop/rebasecalled/fastqs/Tetrahymena004_20231208_0920_MN42516_FAX71838_a244513d.rna004_130bps_hac@v5.0.0.fastq
+ samtools view -F4 -hu -
+ samtools sort -o /beevol/home/whitel/tRNAworkshop/rebasecalled/alignedbams/Tetrahymena004_20231208_0920_MN42516_FAX71838_a244513d.rna004_130bps_hac@v5.0.0.bwa.bam
[E::bwa_idx_load_from_disk] fail to locate the index files
[main_samview] fail to read the header from "-".
samtools sort: failed to read header from "-"
+ samples=(Tetrahymena002_20231207_1743_MN35252_FAX30455_c9f80979.rna002_70bps_fast@v3 Tetrahymena002_20231207_1743_MN35252_FAX30455_c9f80979.rna002_70bps_hac@v3 Tetrahymena004_20231208_0920_MN42516_FAX71838_a244513d.rna004_130bps_fast@v3.0.1 Tetrahymena004_20231208_0920_MN42516_FAX71838_a244513d.rna004_130bps_fast@v5.0.0 Tetrahymena004_20231208_0920_MN42516_FAX71838_a244513d.rna004_130bps_hac@v3.0.1 Tetrahymena004_20231208_0920_MN42516_FAX71838_a244513d.rna004_130bps_hac@v5.0.0 Tetrahymena004_20231208_0920_MN42516_FAX71838_a244513d.rna004_130bps_sup@v3.0.1 Tetrahymena004_20231208_0920_MN42516_FAX71838_a244513d.rna004_130bps_sup@v5.0.0)
+ u=Tetrahymena004_20231208_0920_MN42516_FAX71838_a244513d.rna004_130bps_hac@v3.0.1
+ bwa mem -W 13 -k 6 -T 20 -x ont2d /beevol/home/whitel/tRNAworkshop/refs/tthermophila-numbered-mature-tRNAs.fa /beevol/home/whitel/tRNAworkshop/rebasecalled/fastqs/Tetrahymena004_20231208_0920_MN42516_FAX71838_a244513d.rna004_130bps_hac@v3.0.1.fastq
+ samtools view -F4 -hu -
+ samtools sort -o /beevol/home/whitel/tRNAworkshop/rebasecalled/alignedbams/Tetrahymena004_20231208_0920_MN42516_FAX71838_a244513d.rna004_130bps_hac@v3.0.1.bwa.bam
[E::bwa_idx_load_from_disk] fail to locate the index files
[main_samview] fail to read the header from "-".
samtools sort: failed to read header from "-"
+ samples=(Tetrahymena002_20231207_1743_MN35252_FAX30455_c9f80979.rna002_70bps_fast@v3 Tetrahymena002_20231207_1743_MN35252_FAX30455_c9f80979.rna002_70bps_hac@v3 Tetrahymena004_20231208_0920_MN42516_FAX71838_a244513d.rna004_130bps_fast@v3.0.1 Tetrahymena004_20231208_0920_MN42516_FAX71838_a244513d.rna004_130bps_fast@v5.0.0 Tetrahymena004_20231208_0920_MN42516_FAX71838_a244513d.rna004_130bps_hac@v3.0.1 Tetrahymena004_20231208_0920_MN42516_FAX71838_a244513d.rna004_130bps_hac@v5.0.0 Tetrahymena004_20231208_0920_MN42516_FAX71838_a244513d.rna004_130bps_sup@v3.0.1 Tetrahymena004_20231208_0920_MN42516_FAX71838_a244513d.rna004_130bps_sup@v5.0.0)
+ u=Tetrahymena004_20231208_0920_MN42516_FAX71838_a244513d.rna004_130bps_sup@v3.0.1
+ bwa mem -W 13 -k 6 -T 20 -x ont2d /beevol/home/whitel/tRNAworkshop/refs/tthermophila-numbered-mature-tRNAs.fa /beevol/home/whitel/tRNAworkshop/rebasecalled/fastqs/Tetrahymena004_20231208_0920_MN42516_FAX71838_a244513d.rna004_130bps_sup@v3.0.1.fastq
+ samtools view -F4 -hu -
+ samtools sort -o /beevol/home/whitel/tRNAworkshop/rebasecalled/alignedbams/Tetrahymena004_20231208_0920_MN42516_FAX71838_a244513d.rna004_130bps_sup@v3.0.1.bwa.bam
[E::bwa_idx_load_from_disk] fail to locate the index files
[main_samview] fail to read the header from "-".
samtools sort: failed to read header from "-"
+ samples=(Tetrahymena002_20231207_1743_MN35252_FAX30455_c9f80979.rna002_70bps_fast@v3 Tetrahymena002_20231207_1743_MN35252_FAX30455_c9f80979.rna002_70bps_hac@v3 Tetrahymena004_20231208_0920_MN42516_FAX71838_a244513d.rna004_130bps_fast@v3.0.1 Tetrahymena004_20231208_0920_MN42516_FAX71838_a244513d.rna004_130bps_fast@v5.0.0 Tetrahymena004_20231208_0920_MN42516_FAX71838_a244513d.rna004_130bps_hac@v3.0.1 Tetrahymena004_20231208_0920_MN42516_FAX71838_a244513d.rna004_130bps_hac@v5.0.0 Tetrahymena004_20231208_0920_MN42516_FAX71838_a244513d.rna004_130bps_sup@v3.0.1 Tetrahymena004_20231208_0920_MN42516_FAX71838_a244513d.rna004_130bps_sup@v5.0.0)
+ u=Tetrahymena004_20231208_0920_MN42516_FAX71838_a244513d.rna004_130bps_sup@v5.0.0
+ samtools view -F4 -hu -
+ bwa mem -W 13 -k 6 -T 20 -x ont2d /beevol/home/whitel/tRNAworkshop/refs/tthermophila-numbered-mature-tRNAs.fa /beevol/home/whitel/tRNAworkshop/rebasecalled/fastqs/Tetrahymena004_20231208_0920_MN42516_FAX71838_a244513d.rna004_130bps_sup@v5.0.0.fastq
+ samtools sort -o /beevol/home/whitel/tRNAworkshop/rebasecalled/alignedbams/Tetrahymena004_20231208_0920_MN42516_FAX71838_a244513d.rna004_130bps_sup@v5.0.0.bwa.bam
[E::bwa_idx_load_from_disk] fail to locate the index files
[main_samview] fail to read the header from "-".
samtools sort: failed to read header from "-"
