Sender: LSF System <lsfadmin@compute20>
Subject: Job 853042[1]: <bwa[1-8]> in cluster <tesla2> Done

Job <bwa[1-8]> was submitted from host <compute03> by user <whitel> in cluster <tesla2> at Thu Jun  6 14:55:29 2024
Job was executed on host(s) <18*compute20>, in queue <rna>, as user <whitel> in cluster <tesla2> at Thu Jun  6 17:21:19 2024
</beevol/home/whitel> was used as the home directory.
</beevol/home/whitel/tRNAworkshop/src> was used as the working directory.
Started at Thu Jun  6 17:21:19 2024
Terminated at Thu Jun  6 17:23:47 2024
Results reported at Thu Jun  6 17:23:47 2024

Your job looked like:

------------------------------------------------------------
# LSBATCH: User input
#! /usr/bin/env bash

#BSUB -J bwa[1-8]
#BSUB -o logs/bwa.%J.out
#BSUB -e logs/bwa.%J.err
#BSUB -R "span[hosts=1]"
#BSUB -q rna
#BSUB -n 18

bwaidx="$HOME/tRNAworkshop/ref/ecoliK12MG1655-mature-tRNAs.fa"
in="$HOME/tRNAworkshop/rebasecalled/fastqs"
dest="$HOME/tRNAworkshop/rebasecalled/alignedbams"

set -o nounset -o pipefail -o errexit -x

samples=(
Ecoli002_20231208_1312_P2S-00519-A_PAS44628_9e5214a7.rna002_70bps_fast@v3
Ecoli002_20231208_1312_P2S-00519-A_PAS44628_9e5214a7.rna002_70bps_hac@v3
Ecoli004_20240105_1224_MN31004_FAX73799_1fe84761.rna004_130bps_fast@v3.0.1
Ecoli004_20240105_1224_MN31004_FAX73799_1fe84761.rna004_130bps_fast@v5.0.0
Ecoli004_20240105_1224_MN31004_FAX73799_1fe84761.rna004_130bps_hac@v3.0.1
Ecoli004_20240105_1224_MN31004_FAX73799_1fe84761.rna004_130bps_hac@v5.0.0
Ecoli004_20240105_1224_MN31004_FAX73799_1fe84761.rna004_130bps_sup@v3.0.1
Ecoli004_20240105_1224_MN31004_FAX73799_1fe84761.rna004_130bps_sup@v5.0.0
)

u=${samples[$(( $LSB_JOBINDEX -1 ))]}

### align to tRNA reference - adapter anchored reference alignment
bwa mem -W 13 -k 6 -T 20 -x ont2d $bwaidx $in/${u}.fastq \
| samtools view -F4 -hu - \
| samtools sort -o ${dest}/${u}.bwa.bam

samtools index ${dest}/${u}.bwa.bam

------------------------------------------------------------

Successfully completed.

Resource usage summary:

    CPU time :                                   128.95 sec.
    Max Memory :                                 -
    Average Memory :                             -
    Total Requested Memory :                     -
    Delta Memory :                               -
    Max Swap :                                   -
    Max Processes :                              6
    Max Threads :                                10
    Run time :                                   149 sec.
    Turnaround time :                            8902 sec.

The output (if any) follows:



PS:

Read file <logs/bwa.853042.err> for stderr output of this job.

Sender: LSF System <lsfadmin@compute10>
Subject: Job 853042[2]: <bwa[1-8]> in cluster <tesla2> Done

Job <bwa[1-8]> was submitted from host <compute03> by user <whitel> in cluster <tesla2> at Thu Jun  6 14:55:29 2024
Job was executed on host(s) <18*compute10>, in queue <rna>, as user <whitel> in cluster <tesla2> at Thu Jun  6 17:20:50 2024
</beevol/home/whitel> was used as the home directory.
</beevol/home/whitel/tRNAworkshop/src> was used as the working directory.
Started at Thu Jun  6 17:20:50 2024
Terminated at Thu Jun  6 17:23:21 2024
Results reported at Thu Jun  6 17:23:21 2024

Your job looked like:

------------------------------------------------------------
# LSBATCH: User input
#! /usr/bin/env bash

#BSUB -J bwa[1-8]
#BSUB -o logs/bwa.%J.out
#BSUB -e logs/bwa.%J.err
#BSUB -R "span[hosts=1]"
#BSUB -q rna
#BSUB -n 18

bwaidx="$HOME/tRNAworkshop/ref/ecoliK12MG1655-mature-tRNAs.fa"
in="$HOME/tRNAworkshop/rebasecalled/fastqs"
dest="$HOME/tRNAworkshop/rebasecalled/alignedbams"

set -o nounset -o pipefail -o errexit -x

samples=(
Ecoli002_20231208_1312_P2S-00519-A_PAS44628_9e5214a7.rna002_70bps_fast@v3
Ecoli002_20231208_1312_P2S-00519-A_PAS44628_9e5214a7.rna002_70bps_hac@v3
Ecoli004_20240105_1224_MN31004_FAX73799_1fe84761.rna004_130bps_fast@v3.0.1
Ecoli004_20240105_1224_MN31004_FAX73799_1fe84761.rna004_130bps_fast@v5.0.0
Ecoli004_20240105_1224_MN31004_FAX73799_1fe84761.rna004_130bps_hac@v3.0.1
Ecoli004_20240105_1224_MN31004_FAX73799_1fe84761.rna004_130bps_hac@v5.0.0
Ecoli004_20240105_1224_MN31004_FAX73799_1fe84761.rna004_130bps_sup@v3.0.1
Ecoli004_20240105_1224_MN31004_FAX73799_1fe84761.rna004_130bps_sup@v5.0.0
)

u=${samples[$(( $LSB_JOBINDEX -1 ))]}

### align to tRNA reference - adapter anchored reference alignment
bwa mem -W 13 -k 6 -T 20 -x ont2d $bwaidx $in/${u}.fastq \
| samtools view -F4 -hu - \
| samtools sort -o ${dest}/${u}.bwa.bam

samtools index ${dest}/${u}.bwa.bam

------------------------------------------------------------

Successfully completed.

Resource usage summary:

    CPU time :                                   97.26 sec.
    Max Memory :                                 1 GB
    Average Memory :                             0.30 GB
    Total Requested Memory :                     -
    Delta Memory :                               -
    Max Swap :                                   -
    Max Processes :                              6
    Max Threads :                                10
    Run time :                                   150 sec.
    Turnaround time :                            8875 sec.

The output (if any) follows:



PS:

Read file <logs/bwa.853042.err> for stderr output of this job.

Sender: LSF System <lsfadmin@compute20>
Subject: Job 853042[3]: <bwa[1-8]> in cluster <tesla2> Done

Job <bwa[1-8]> was submitted from host <compute03> by user <whitel> in cluster <tesla2> at Thu Jun  6 14:55:29 2024
Job was executed on host(s) <18*compute20>, in queue <rna>, as user <whitel> in cluster <tesla2> at Thu Jun  6 17:23:48 2024
</beevol/home/whitel> was used as the home directory.
</beevol/home/whitel/tRNAworkshop/src> was used as the working directory.
Started at Thu Jun  6 17:23:48 2024
Terminated at Thu Jun  6 17:28:53 2024
Results reported at Thu Jun  6 17:28:53 2024

Your job looked like:

------------------------------------------------------------
# LSBATCH: User input
#! /usr/bin/env bash

#BSUB -J bwa[1-8]
#BSUB -o logs/bwa.%J.out
#BSUB -e logs/bwa.%J.err
#BSUB -R "span[hosts=1]"
#BSUB -q rna
#BSUB -n 18

bwaidx="$HOME/tRNAworkshop/ref/ecoliK12MG1655-mature-tRNAs.fa"
in="$HOME/tRNAworkshop/rebasecalled/fastqs"
dest="$HOME/tRNAworkshop/rebasecalled/alignedbams"

set -o nounset -o pipefail -o errexit -x

samples=(
Ecoli002_20231208_1312_P2S-00519-A_PAS44628_9e5214a7.rna002_70bps_fast@v3
Ecoli002_20231208_1312_P2S-00519-A_PAS44628_9e5214a7.rna002_70bps_hac@v3
Ecoli004_20240105_1224_MN31004_FAX73799_1fe84761.rna004_130bps_fast@v3.0.1
Ecoli004_20240105_1224_MN31004_FAX73799_1fe84761.rna004_130bps_fast@v5.0.0
Ecoli004_20240105_1224_MN31004_FAX73799_1fe84761.rna004_130bps_hac@v3.0.1
Ecoli004_20240105_1224_MN31004_FAX73799_1fe84761.rna004_130bps_hac@v5.0.0
Ecoli004_20240105_1224_MN31004_FAX73799_1fe84761.rna004_130bps_sup@v3.0.1
Ecoli004_20240105_1224_MN31004_FAX73799_1fe84761.rna004_130bps_sup@v5.0.0
)

u=${samples[$(( $LSB_JOBINDEX -1 ))]}

### align to tRNA reference - adapter anchored reference alignment
bwa mem -W 13 -k 6 -T 20 -x ont2d $bwaidx $in/${u}.fastq \
| samtools view -F4 -hu - \
| samtools sort -o ${dest}/${u}.bwa.bam

samtools index ${dest}/${u}.bwa.bam

------------------------------------------------------------

Successfully completed.

Resource usage summary:

    CPU time :                                   258.55 sec.
    Max Memory :                                 1 GB
    Average Memory :                             0.50 GB
    Total Requested Memory :                     -
    Delta Memory :                               -
    Max Swap :                                   -
    Max Processes :                              6
    Max Threads :                                10
    Run time :                                   304 sec.
    Turnaround time :                            9208 sec.

The output (if any) follows:



PS:

Read file <logs/bwa.853042.err> for stderr output of this job.

Sender: LSF System <lsfadmin@compute10>
Subject: Job 853042[4]: <bwa[1-8]> in cluster <tesla2> Done

Job <bwa[1-8]> was submitted from host <compute03> by user <whitel> in cluster <tesla2> at Thu Jun  6 14:55:29 2024
Job was executed on host(s) <18*compute10>, in queue <rna>, as user <whitel> in cluster <tesla2> at Thu Jun  6 17:23:21 2024
</beevol/home/whitel> was used as the home directory.
</beevol/home/whitel/tRNAworkshop/src> was used as the working directory.
Started at Thu Jun  6 17:23:21 2024
Terminated at Thu Jun  6 17:28:38 2024
Results reported at Thu Jun  6 17:28:38 2024

Your job looked like:

------------------------------------------------------------
# LSBATCH: User input
#! /usr/bin/env bash

#BSUB -J bwa[1-8]
#BSUB -o logs/bwa.%J.out
#BSUB -e logs/bwa.%J.err
#BSUB -R "span[hosts=1]"
#BSUB -q rna
#BSUB -n 18

bwaidx="$HOME/tRNAworkshop/ref/ecoliK12MG1655-mature-tRNAs.fa"
in="$HOME/tRNAworkshop/rebasecalled/fastqs"
dest="$HOME/tRNAworkshop/rebasecalled/alignedbams"

set -o nounset -o pipefail -o errexit -x

samples=(
Ecoli002_20231208_1312_P2S-00519-A_PAS44628_9e5214a7.rna002_70bps_fast@v3
Ecoli002_20231208_1312_P2S-00519-A_PAS44628_9e5214a7.rna002_70bps_hac@v3
Ecoli004_20240105_1224_MN31004_FAX73799_1fe84761.rna004_130bps_fast@v3.0.1
Ecoli004_20240105_1224_MN31004_FAX73799_1fe84761.rna004_130bps_fast@v5.0.0
Ecoli004_20240105_1224_MN31004_FAX73799_1fe84761.rna004_130bps_hac@v3.0.1
Ecoli004_20240105_1224_MN31004_FAX73799_1fe84761.rna004_130bps_hac@v5.0.0
Ecoli004_20240105_1224_MN31004_FAX73799_1fe84761.rna004_130bps_sup@v3.0.1
Ecoli004_20240105_1224_MN31004_FAX73799_1fe84761.rna004_130bps_sup@v5.0.0
)

u=${samples[$(( $LSB_JOBINDEX -1 ))]}

### align to tRNA reference - adapter anchored reference alignment
bwa mem -W 13 -k 6 -T 20 -x ont2d $bwaidx $in/${u}.fastq \
| samtools view -F4 -hu - \
| samtools sort -o ${dest}/${u}.bwa.bam

samtools index ${dest}/${u}.bwa.bam

------------------------------------------------------------

Successfully completed.

Resource usage summary:

    CPU time :                                   303.46 sec.
    Max Memory :                                 1 GB
    Average Memory :                             0.63 GB
    Total Requested Memory :                     -
    Delta Memory :                               -
    Max Swap :                                   -
    Max Processes :                              6
    Max Threads :                                10
    Run time :                                   316 sec.
    Turnaround time :                            9192 sec.

The output (if any) follows:



PS:

Read file <logs/bwa.853042.err> for stderr output of this job.

Sender: LSF System <lsfadmin@compute01>
Subject: Job 853042[5]: <bwa[1-8]> in cluster <tesla2> Done

Job <bwa[1-8]> was submitted from host <compute03> by user <whitel> in cluster <tesla2> at Thu Jun  6 14:55:29 2024
Job was executed on host(s) <18*compute01>, in queue <rna>, as user <whitel> in cluster <tesla2> at Thu Jun  6 17:26:11 2024
</beevol/home/whitel> was used as the home directory.
</beevol/home/whitel/tRNAworkshop/src> was used as the working directory.
Started at Thu Jun  6 17:26:11 2024
Terminated at Thu Jun  6 17:29:03 2024
Results reported at Thu Jun  6 17:29:03 2024

Your job looked like:

------------------------------------------------------------
# LSBATCH: User input
#! /usr/bin/env bash

#BSUB -J bwa[1-8]
#BSUB -o logs/bwa.%J.out
#BSUB -e logs/bwa.%J.err
#BSUB -R "span[hosts=1]"
#BSUB -q rna
#BSUB -n 18

bwaidx="$HOME/tRNAworkshop/ref/ecoliK12MG1655-mature-tRNAs.fa"
in="$HOME/tRNAworkshop/rebasecalled/fastqs"
dest="$HOME/tRNAworkshop/rebasecalled/alignedbams"

set -o nounset -o pipefail -o errexit -x

samples=(
Ecoli002_20231208_1312_P2S-00519-A_PAS44628_9e5214a7.rna002_70bps_fast@v3
Ecoli002_20231208_1312_P2S-00519-A_PAS44628_9e5214a7.rna002_70bps_hac@v3
Ecoli004_20240105_1224_MN31004_FAX73799_1fe84761.rna004_130bps_fast@v3.0.1
Ecoli004_20240105_1224_MN31004_FAX73799_1fe84761.rna004_130bps_fast@v5.0.0
Ecoli004_20240105_1224_MN31004_FAX73799_1fe84761.rna004_130bps_hac@v3.0.1
Ecoli004_20240105_1224_MN31004_FAX73799_1fe84761.rna004_130bps_hac@v5.0.0
Ecoli004_20240105_1224_MN31004_FAX73799_1fe84761.rna004_130bps_sup@v3.0.1
Ecoli004_20240105_1224_MN31004_FAX73799_1fe84761.rna004_130bps_sup@v5.0.0
)

u=${samples[$(( $LSB_JOBINDEX -1 ))]}

### align to tRNA reference - adapter anchored reference alignment
bwa mem -W 13 -k 6 -T 20 -x ont2d $bwaidx $in/${u}.fastq \
| samtools view -F4 -hu - \
| samtools sort -o ${dest}/${u}.bwa.bam

samtools index ${dest}/${u}.bwa.bam

------------------------------------------------------------

Successfully completed.

Resource usage summary:

    CPU time :                                   117.46 sec.
    Max Memory :                                 1 GB
    Average Memory :                             0.36 GB
    Total Requested Memory :                     -
    Delta Memory :                               -
    Max Swap :                                   -
    Max Processes :                              6
    Max Threads :                                10
    Run time :                                   171 sec.
    Turnaround time :                            9217 sec.

The output (if any) follows:



PS:

Read file <logs/bwa.853042.err> for stderr output of this job.

Sender: LSF System <lsfadmin@compute10>
Subject: Job 853042[7]: <bwa[1-8]> in cluster <tesla2> Done

Job <bwa[1-8]> was submitted from host <compute03> by user <whitel> in cluster <tesla2> at Thu Jun  6 14:55:29 2024
Job was executed on host(s) <18*compute10>, in queue <rna>, as user <whitel> in cluster <tesla2> at Thu Jun  6 17:28:38 2024
</beevol/home/whitel> was used as the home directory.
</beevol/home/whitel/tRNAworkshop/src> was used as the working directory.
Started at Thu Jun  6 17:28:38 2024
Terminated at Thu Jun  6 17:32:58 2024
Results reported at Thu Jun  6 17:32:58 2024

Your job looked like:

------------------------------------------------------------
# LSBATCH: User input
#! /usr/bin/env bash

#BSUB -J bwa[1-8]
#BSUB -o logs/bwa.%J.out
#BSUB -e logs/bwa.%J.err
#BSUB -R "span[hosts=1]"
#BSUB -q rna
#BSUB -n 18

bwaidx="$HOME/tRNAworkshop/ref/ecoliK12MG1655-mature-tRNAs.fa"
in="$HOME/tRNAworkshop/rebasecalled/fastqs"
dest="$HOME/tRNAworkshop/rebasecalled/alignedbams"

set -o nounset -o pipefail -o errexit -x

samples=(
Ecoli002_20231208_1312_P2S-00519-A_PAS44628_9e5214a7.rna002_70bps_fast@v3
Ecoli002_20231208_1312_P2S-00519-A_PAS44628_9e5214a7.rna002_70bps_hac@v3
Ecoli004_20240105_1224_MN31004_FAX73799_1fe84761.rna004_130bps_fast@v3.0.1
Ecoli004_20240105_1224_MN31004_FAX73799_1fe84761.rna004_130bps_fast@v5.0.0
Ecoli004_20240105_1224_MN31004_FAX73799_1fe84761.rna004_130bps_hac@v3.0.1
Ecoli004_20240105_1224_MN31004_FAX73799_1fe84761.rna004_130bps_hac@v5.0.0
Ecoli004_20240105_1224_MN31004_FAX73799_1fe84761.rna004_130bps_sup@v3.0.1
Ecoli004_20240105_1224_MN31004_FAX73799_1fe84761.rna004_130bps_sup@v5.0.0
)

u=${samples[$(( $LSB_JOBINDEX -1 ))]}

### align to tRNA reference - adapter anchored reference alignment
bwa mem -W 13 -k 6 -T 20 -x ont2d $bwaidx $in/${u}.fastq \
| samtools view -F4 -hu - \
| samtools sort -o ${dest}/${u}.bwa.bam

samtools index ${dest}/${u}.bwa.bam

------------------------------------------------------------

Successfully completed.

Resource usage summary:

    CPU time :                                   241.21 sec.
    Max Memory :                                 1 GB
    Average Memory :                             0.56 GB
    Total Requested Memory :                     -
    Delta Memory :                               -
    Max Swap :                                   -
    Max Processes :                              6
    Max Threads :                                10
    Run time :                                   261 sec.
    Turnaround time :                            9453 sec.

The output (if any) follows:



PS:

Read file <logs/bwa.853042.err> for stderr output of this job.

Sender: LSF System <lsfadmin@compute20>
Subject: Job 853042[6]: <bwa[1-8]> in cluster <tesla2> Done

Job <bwa[1-8]> was submitted from host <compute03> by user <whitel> in cluster <tesla2> at Thu Jun  6 14:55:29 2024
Job was executed on host(s) <18*compute20>, in queue <rna>, as user <whitel> in cluster <tesla2> at Thu Jun  6 17:28:53 2024
</beevol/home/whitel> was used as the home directory.
</beevol/home/whitel/tRNAworkshop/src> was used as the working directory.
Started at Thu Jun  6 17:28:53 2024
Terminated at Thu Jun  6 17:36:59 2024
Results reported at Thu Jun  6 17:36:59 2024

Your job looked like:

------------------------------------------------------------
# LSBATCH: User input
#! /usr/bin/env bash

#BSUB -J bwa[1-8]
#BSUB -o logs/bwa.%J.out
#BSUB -e logs/bwa.%J.err
#BSUB -R "span[hosts=1]"
#BSUB -q rna
#BSUB -n 18

bwaidx="$HOME/tRNAworkshop/ref/ecoliK12MG1655-mature-tRNAs.fa"
in="$HOME/tRNAworkshop/rebasecalled/fastqs"
dest="$HOME/tRNAworkshop/rebasecalled/alignedbams"

set -o nounset -o pipefail -o errexit -x

samples=(
Ecoli002_20231208_1312_P2S-00519-A_PAS44628_9e5214a7.rna002_70bps_fast@v3
Ecoli002_20231208_1312_P2S-00519-A_PAS44628_9e5214a7.rna002_70bps_hac@v3
Ecoli004_20240105_1224_MN31004_FAX73799_1fe84761.rna004_130bps_fast@v3.0.1
Ecoli004_20240105_1224_MN31004_FAX73799_1fe84761.rna004_130bps_fast@v5.0.0
Ecoli004_20240105_1224_MN31004_FAX73799_1fe84761.rna004_130bps_hac@v3.0.1
Ecoli004_20240105_1224_MN31004_FAX73799_1fe84761.rna004_130bps_hac@v5.0.0
Ecoli004_20240105_1224_MN31004_FAX73799_1fe84761.rna004_130bps_sup@v3.0.1
Ecoli004_20240105_1224_MN31004_FAX73799_1fe84761.rna004_130bps_sup@v5.0.0
)

u=${samples[$(( $LSB_JOBINDEX -1 ))]}

### align to tRNA reference - adapter anchored reference alignment
bwa mem -W 13 -k 6 -T 20 -x ont2d $bwaidx $in/${u}.fastq \
| samtools view -F4 -hu - \
| samtools sort -o ${dest}/${u}.bwa.bam

samtools index ${dest}/${u}.bwa.bam

------------------------------------------------------------

Successfully completed.

Resource usage summary:

    CPU time :                                   459.51 sec.
    Max Memory :                                 1 GB
    Average Memory :                             0.67 GB
    Total Requested Memory :                     -
    Delta Memory :                               -
    Max Swap :                                   -
    Max Processes :                              6
    Max Threads :                                10
    Run time :                                   486 sec.
    Turnaround time :                            9694 sec.

The output (if any) follows:



PS:

Read file <logs/bwa.853042.err> for stderr output of this job.

Sender: LSF System <lsfadmin@compute01>
Subject: Job 853042[8]: <bwa[1-8]> in cluster <tesla2> Done

Job <bwa[1-8]> was submitted from host <compute03> by user <whitel> in cluster <tesla2> at Thu Jun  6 14:55:29 2024
Job was executed on host(s) <18*compute01>, in queue <rna>, as user <whitel> in cluster <tesla2> at Thu Jun  6 17:29:03 2024
</beevol/home/whitel> was used as the home directory.
</beevol/home/whitel/tRNAworkshop/src> was used as the working directory.
Started at Thu Jun  6 17:29:03 2024
Terminated at Thu Jun  6 17:40:32 2024
Results reported at Thu Jun  6 17:40:32 2024

Your job looked like:

------------------------------------------------------------
# LSBATCH: User input
#! /usr/bin/env bash

#BSUB -J bwa[1-8]
#BSUB -o logs/bwa.%J.out
#BSUB -e logs/bwa.%J.err
#BSUB -R "span[hosts=1]"
#BSUB -q rna
#BSUB -n 18

bwaidx="$HOME/tRNAworkshop/ref/ecoliK12MG1655-mature-tRNAs.fa"
in="$HOME/tRNAworkshop/rebasecalled/fastqs"
dest="$HOME/tRNAworkshop/rebasecalled/alignedbams"

set -o nounset -o pipefail -o errexit -x

samples=(
Ecoli002_20231208_1312_P2S-00519-A_PAS44628_9e5214a7.rna002_70bps_fast@v3
Ecoli002_20231208_1312_P2S-00519-A_PAS44628_9e5214a7.rna002_70bps_hac@v3
Ecoli004_20240105_1224_MN31004_FAX73799_1fe84761.rna004_130bps_fast@v3.0.1
Ecoli004_20240105_1224_MN31004_FAX73799_1fe84761.rna004_130bps_fast@v5.0.0
Ecoli004_20240105_1224_MN31004_FAX73799_1fe84761.rna004_130bps_hac@v3.0.1
Ecoli004_20240105_1224_MN31004_FAX73799_1fe84761.rna004_130bps_hac@v5.0.0
Ecoli004_20240105_1224_MN31004_FAX73799_1fe84761.rna004_130bps_sup@v3.0.1
Ecoli004_20240105_1224_MN31004_FAX73799_1fe84761.rna004_130bps_sup@v5.0.0
)

u=${samples[$(( $LSB_JOBINDEX -1 ))]}

### align to tRNA reference - adapter anchored reference alignment
bwa mem -W 13 -k 6 -T 20 -x ont2d $bwaidx $in/${u}.fastq \
| samtools view -F4 -hu - \
| samtools sort -o ${dest}/${u}.bwa.bam

samtools index ${dest}/${u}.bwa.bam

------------------------------------------------------------

Successfully completed.

Resource usage summary:

    CPU time :                                   615.79 sec.
    Max Memory :                                 1 GB
    Average Memory :                             0.77 GB
    Total Requested Memory :                     -
    Delta Memory :                               -
    Max Swap :                                   -
    Max Processes :                              6
    Max Threads :                                10
    Run time :                                   688 sec.
    Turnaround time :                            9906 sec.

The output (if any) follows:



PS:

Read file <logs/bwa.853042.err> for stderr output of this job.

