Sender: LSF System <lsfadmin@compute08>
Subject: Job 740197[1]: <bwa[1-6]> in cluster <tesla2> Exited

Job <bwa[1-6]> was submitted from host <compute12> by user <whitel> in cluster <tesla2> at Wed Mar 20 15:35:46 2024
Job was executed on host(s) <18*compute08>, in queue <rna>, as user <whitel> in cluster <tesla2> at Wed Mar 20 15:35:51 2024
</beevol/home/whitel> was used as the home directory.
</beevol/home/whitel/tRNAworkshop/src> was used as the working directory.
Started at Wed Mar 20 15:35:51 2024
Terminated at Wed Mar 20 15:35:53 2024
Results reported at Wed Mar 20 15:35:53 2024

Your job looked like:

------------------------------------------------------------
# LSBATCH: User input
#! /usr/bin/env bash

#BSUB -J bwa[1-6]
#BSUB -o logs/bwa.%J.out
#BSUB -e logs/bwa.%J.err
#BSUB -R "span[hosts=1]"
#BSUB -q rna
#BSUB -n 18

in="$HOME/tRNAworkshop/rebasecalled/fastqs"
dest="$HOME/tRNAworkshop/rebasecalled/alignedbams/crossalignments"

set -o nounset -o pipefail -o errexit -x

samples=(
WTyeast004_20231111_1104_P2S-00519-B_PAQ47538_fa3726ec.rna004_130bps_sup@v3.0.1
Ecoli004_20240105_1224_MN31004_FAX73799_1fe84761.rna004_130bps_sup@v3.0.1
Drosophila004_20231208_1307_MN31004_FAX73799_72c200e4.rna004_130bps_sup@v3.0.1
HumanFibroblast004_20231208_1351_MN42516_FAX71838_b8f7b990.rna004_130bps_sup@v3.0.1
Tetrahymena004_20231208_0920_MN42516_FAX71838_a244513d.rna004_130bps_sup@v3.0.1
Zebrafish004_20231208_0919_MN31004_FAX73799_f3dea9f8.rna004_130bps_sup@v3.0.1
)

refloc="/beevol/home/whitel/tRNAworkshop/ref"

references=(
ecoliK12MG1655-mature-tRNAs.fa
sacCer3-mature-tRNAs.fa
tthermophila-numbered-mature-tRNAs.fa
dm6-mature-tRNAs.fa
danRer11-mature-tRNAs.fa
hg38-mature-tRNAs.fa
)

u=${samples[$(( $LSB_JOBINDEX -1 ))]}

# Loop over each reference
for ref in "${references[@]}"; do
    # Extract a simple name for the reference to use in naming the output files
    ref_name=$(basename "$ref" .fa)

    ### align to tRNA reference - adapter anchored reference alignment
    bwa mem -W 13 -k 6 -T 20 -x ont2d "$refloc/$ref" "$in/${u}.fastq" \
    | samtools view -F4 -hu - \
    | samtools sort -o "${dest}/${u}.${ref_name}.bwa.bam"

    samtools index "${dest}/${u}.${ref_name}.bwa.bam"
done

------------------------------------------------------------

Exited with exit code 1.

Resource usage summary:

    CPU time :                                   0.10 sec.
    Max Memory :                                 -
    Average Memory :                             -
    Total Requested Memory :                     -
    Delta Memory :                               -
    Max Swap :                                   -
    Max Processes :                              -
    Max Threads :                                -
    Run time :                                   1 sec.
    Turnaround time :                            7 sec.

The output (if any) follows:



PS:

Read file <logs/bwa.740197.err> for stderr output of this job.

Sender: LSF System <lsfadmin@compute10>
Subject: Job 740197[2]: <bwa[1-6]> in cluster <tesla2> Done

Job <bwa[1-6]> was submitted from host <compute12> by user <whitel> in cluster <tesla2> at Wed Mar 20 15:35:46 2024
Job was executed on host(s) <18*compute10>, in queue <rna>, as user <whitel> in cluster <tesla2> at Wed Mar 20 15:35:51 2024
</beevol/home/whitel> was used as the home directory.
</beevol/home/whitel/tRNAworkshop/src> was used as the working directory.
Started at Wed Mar 20 15:35:51 2024
Terminated at Wed Mar 20 16:35:59 2024
Results reported at Wed Mar 20 16:35:59 2024

Your job looked like:

------------------------------------------------------------
# LSBATCH: User input
#! /usr/bin/env bash

#BSUB -J bwa[1-6]
#BSUB -o logs/bwa.%J.out
#BSUB -e logs/bwa.%J.err
#BSUB -R "span[hosts=1]"
#BSUB -q rna
#BSUB -n 18

in="$HOME/tRNAworkshop/rebasecalled/fastqs"
dest="$HOME/tRNAworkshop/rebasecalled/alignedbams/crossalignments"

set -o nounset -o pipefail -o errexit -x

samples=(
WTyeast004_20231111_1104_P2S-00519-B_PAQ47538_fa3726ec.rna004_130bps_sup@v3.0.1
Ecoli004_20240105_1224_MN31004_FAX73799_1fe84761.rna004_130bps_sup@v3.0.1
Drosophila004_20231208_1307_MN31004_FAX73799_72c200e4.rna004_130bps_sup@v3.0.1
HumanFibroblast004_20231208_1351_MN42516_FAX71838_b8f7b990.rna004_130bps_sup@v3.0.1
Tetrahymena004_20231208_0920_MN42516_FAX71838_a244513d.rna004_130bps_sup@v3.0.1
Zebrafish004_20231208_0919_MN31004_FAX73799_f3dea9f8.rna004_130bps_sup@v3.0.1
)

refloc="/beevol/home/whitel/tRNAworkshop/ref"

references=(
ecoliK12MG1655-mature-tRNAs.fa
sacCer3-mature-tRNAs.fa
tthermophila-numbered-mature-tRNAs.fa
dm6-mature-tRNAs.fa
danRer11-mature-tRNAs.fa
hg38-mature-tRNAs.fa
)

u=${samples[$(( $LSB_JOBINDEX -1 ))]}

# Loop over each reference
for ref in "${references[@]}"; do
    # Extract a simple name for the reference to use in naming the output files
    ref_name=$(basename "$ref" .fa)

    ### align to tRNA reference - adapter anchored reference alignment
    bwa mem -W 13 -k 6 -T 20 -x ont2d "$refloc/$ref" "$in/${u}.fastq" \
    | samtools view -F4 -hu - \
    | samtools sort -o "${dest}/${u}.${ref_name}.bwa.bam"

    samtools index "${dest}/${u}.${ref_name}.bwa.bam"
done

------------------------------------------------------------

Successfully completed.

Resource usage summary:

    CPU time :                                   3585.17 sec.
    Max Memory :                                 4 GB
    Average Memory :                             1.97 GB
    Total Requested Memory :                     -
    Delta Memory :                               -
    Max Swap :                                   -
    Max Processes :                              6
    Max Threads :                                10
    Run time :                                   3608 sec.
    Turnaround time :                            3617 sec.

The output (if any) follows:



PS:

Read file <logs/bwa.740197.err> for stderr output of this job.

Sender: LSF System <lsfadmin@compute09>
Subject: Job 740197[4]: <bwa[1-6]> in cluster <tesla2> Done

Job <bwa[1-6]> was submitted from host <compute12> by user <whitel> in cluster <tesla2> at Wed Mar 20 15:35:46 2024
Job was executed on host(s) <18*compute09>, in queue <rna>, as user <whitel> in cluster <tesla2> at Wed Mar 20 15:35:51 2024
</beevol/home/whitel> was used as the home directory.
</beevol/home/whitel/tRNAworkshop/src> was used as the working directory.
Started at Wed Mar 20 15:35:51 2024
Terminated at Wed Mar 20 17:10:03 2024
Results reported at Wed Mar 20 17:10:03 2024

Your job looked like:

------------------------------------------------------------
# LSBATCH: User input
#! /usr/bin/env bash

#BSUB -J bwa[1-6]
#BSUB -o logs/bwa.%J.out
#BSUB -e logs/bwa.%J.err
#BSUB -R "span[hosts=1]"
#BSUB -q rna
#BSUB -n 18

in="$HOME/tRNAworkshop/rebasecalled/fastqs"
dest="$HOME/tRNAworkshop/rebasecalled/alignedbams/crossalignments"

set -o nounset -o pipefail -o errexit -x

samples=(
WTyeast004_20231111_1104_P2S-00519-B_PAQ47538_fa3726ec.rna004_130bps_sup@v3.0.1
Ecoli004_20240105_1224_MN31004_FAX73799_1fe84761.rna004_130bps_sup@v3.0.1
Drosophila004_20231208_1307_MN31004_FAX73799_72c200e4.rna004_130bps_sup@v3.0.1
HumanFibroblast004_20231208_1351_MN42516_FAX71838_b8f7b990.rna004_130bps_sup@v3.0.1
Tetrahymena004_20231208_0920_MN42516_FAX71838_a244513d.rna004_130bps_sup@v3.0.1
Zebrafish004_20231208_0919_MN31004_FAX73799_f3dea9f8.rna004_130bps_sup@v3.0.1
)

refloc="/beevol/home/whitel/tRNAworkshop/ref"

references=(
ecoliK12MG1655-mature-tRNAs.fa
sacCer3-mature-tRNAs.fa
tthermophila-numbered-mature-tRNAs.fa
dm6-mature-tRNAs.fa
danRer11-mature-tRNAs.fa
hg38-mature-tRNAs.fa
)

u=${samples[$(( $LSB_JOBINDEX -1 ))]}

# Loop over each reference
for ref in "${references[@]}"; do
    # Extract a simple name for the reference to use in naming the output files
    ref_name=$(basename "$ref" .fa)

    ### align to tRNA reference - adapter anchored reference alignment
    bwa mem -W 13 -k 6 -T 20 -x ont2d "$refloc/$ref" "$in/${u}.fastq" \
    | samtools view -F4 -hu - \
    | samtools sort -o "${dest}/${u}.${ref_name}.bwa.bam"

    samtools index "${dest}/${u}.${ref_name}.bwa.bam"
done

------------------------------------------------------------

Successfully completed.

Resource usage summary:

    CPU time :                                   5624.08 sec.
    Max Memory :                                 4 GB
    Average Memory :                             2.18 GB
    Total Requested Memory :                     -
    Delta Memory :                               -
    Max Swap :                                   -
    Max Processes :                              6
    Max Threads :                                10
    Run time :                                   5652 sec.
    Turnaround time :                            5657 sec.

The output (if any) follows:



PS:

Read file <logs/bwa.740197.err> for stderr output of this job.

Sender: LSF System <lsfadmin@compute01>
Subject: Job 740197[3]: <bwa[1-6]> in cluster <tesla2> Done

Job <bwa[1-6]> was submitted from host <compute12> by user <whitel> in cluster <tesla2> at Wed Mar 20 15:35:46 2024
Job was executed on host(s) <18*compute01>, in queue <rna>, as user <whitel> in cluster <tesla2> at Wed Mar 20 15:35:51 2024
</beevol/home/whitel> was used as the home directory.
</beevol/home/whitel/tRNAworkshop/src> was used as the working directory.
Started at Wed Mar 20 15:35:51 2024
Terminated at Wed Mar 20 17:25:39 2024
Results reported at Wed Mar 20 17:25:39 2024

Your job looked like:

------------------------------------------------------------
# LSBATCH: User input
#! /usr/bin/env bash

#BSUB -J bwa[1-6]
#BSUB -o logs/bwa.%J.out
#BSUB -e logs/bwa.%J.err
#BSUB -R "span[hosts=1]"
#BSUB -q rna
#BSUB -n 18

in="$HOME/tRNAworkshop/rebasecalled/fastqs"
dest="$HOME/tRNAworkshop/rebasecalled/alignedbams/crossalignments"

set -o nounset -o pipefail -o errexit -x

samples=(
WTyeast004_20231111_1104_P2S-00519-B_PAQ47538_fa3726ec.rna004_130bps_sup@v3.0.1
Ecoli004_20240105_1224_MN31004_FAX73799_1fe84761.rna004_130bps_sup@v3.0.1
Drosophila004_20231208_1307_MN31004_FAX73799_72c200e4.rna004_130bps_sup@v3.0.1
HumanFibroblast004_20231208_1351_MN42516_FAX71838_b8f7b990.rna004_130bps_sup@v3.0.1
Tetrahymena004_20231208_0920_MN42516_FAX71838_a244513d.rna004_130bps_sup@v3.0.1
Zebrafish004_20231208_0919_MN31004_FAX73799_f3dea9f8.rna004_130bps_sup@v3.0.1
)

refloc="/beevol/home/whitel/tRNAworkshop/ref"

references=(
ecoliK12MG1655-mature-tRNAs.fa
sacCer3-mature-tRNAs.fa
tthermophila-numbered-mature-tRNAs.fa
dm6-mature-tRNAs.fa
danRer11-mature-tRNAs.fa
hg38-mature-tRNAs.fa
)

u=${samples[$(( $LSB_JOBINDEX -1 ))]}

# Loop over each reference
for ref in "${references[@]}"; do
    # Extract a simple name for the reference to use in naming the output files
    ref_name=$(basename "$ref" .fa)

    ### align to tRNA reference - adapter anchored reference alignment
    bwa mem -W 13 -k 6 -T 20 -x ont2d "$refloc/$ref" "$in/${u}.fastq" \
    | samtools view -F4 -hu - \
    | samtools sort -o "${dest}/${u}.${ref_name}.bwa.bam"

    samtools index "${dest}/${u}.${ref_name}.bwa.bam"
done

------------------------------------------------------------

Successfully completed.

Resource usage summary:

    CPU time :                                   6569.07 sec.
    Max Memory :                                 3 GB
    Average Memory :                             2.10 GB
    Total Requested Memory :                     -
    Delta Memory :                               -
    Max Swap :                                   -
    Max Processes :                              6
    Max Threads :                                10
    Run time :                                   6588 sec.
    Turnaround time :                            6593 sec.

The output (if any) follows:



PS:

Read file <logs/bwa.740197.err> for stderr output of this job.

Sender: LSF System <lsfadmin@compute13>
Subject: Job 740197[6]: <bwa[1-6]> in cluster <tesla2> Done

Job <bwa[1-6]> was submitted from host <compute12> by user <whitel> in cluster <tesla2> at Wed Mar 20 15:35:46 2024
Job was executed on host(s) <18*compute13>, in queue <rna>, as user <whitel> in cluster <tesla2> at Wed Mar 20 15:38:00 2024
</beevol/home/whitel> was used as the home directory.
</beevol/home/whitel/tRNAworkshop/src> was used as the working directory.
Started at Wed Mar 20 15:38:00 2024
Terminated at Wed Mar 20 18:26:40 2024
Results reported at Wed Mar 20 18:26:40 2024

Your job looked like:

------------------------------------------------------------
# LSBATCH: User input
#! /usr/bin/env bash

#BSUB -J bwa[1-6]
#BSUB -o logs/bwa.%J.out
#BSUB -e logs/bwa.%J.err
#BSUB -R "span[hosts=1]"
#BSUB -q rna
#BSUB -n 18

in="$HOME/tRNAworkshop/rebasecalled/fastqs"
dest="$HOME/tRNAworkshop/rebasecalled/alignedbams/crossalignments"

set -o nounset -o pipefail -o errexit -x

samples=(
WTyeast004_20231111_1104_P2S-00519-B_PAQ47538_fa3726ec.rna004_130bps_sup@v3.0.1
Ecoli004_20240105_1224_MN31004_FAX73799_1fe84761.rna004_130bps_sup@v3.0.1
Drosophila004_20231208_1307_MN31004_FAX73799_72c200e4.rna004_130bps_sup@v3.0.1
HumanFibroblast004_20231208_1351_MN42516_FAX71838_b8f7b990.rna004_130bps_sup@v3.0.1
Tetrahymena004_20231208_0920_MN42516_FAX71838_a244513d.rna004_130bps_sup@v3.0.1
Zebrafish004_20231208_0919_MN31004_FAX73799_f3dea9f8.rna004_130bps_sup@v3.0.1
)

refloc="/beevol/home/whitel/tRNAworkshop/ref"

references=(
ecoliK12MG1655-mature-tRNAs.fa
sacCer3-mature-tRNAs.fa
tthermophila-numbered-mature-tRNAs.fa
dm6-mature-tRNAs.fa
danRer11-mature-tRNAs.fa
hg38-mature-tRNAs.fa
)

u=${samples[$(( $LSB_JOBINDEX -1 ))]}

# Loop over each reference
for ref in "${references[@]}"; do
    # Extract a simple name for the reference to use in naming the output files
    ref_name=$(basename "$ref" .fa)

    ### align to tRNA reference - adapter anchored reference alignment
    bwa mem -W 13 -k 6 -T 20 -x ont2d "$refloc/$ref" "$in/${u}.fastq" \
    | samtools view -F4 -hu - \
    | samtools sort -o "${dest}/${u}.${ref_name}.bwa.bam"

    samtools index "${dest}/${u}.${ref_name}.bwa.bam"
done

------------------------------------------------------------

Successfully completed.

Resource usage summary:

    CPU time :                                   10105.86 sec.
    Max Memory :                                 4 GB
    Average Memory :                             2.60 GB
    Total Requested Memory :                     -
    Delta Memory :                               -
    Max Swap :                                   -
    Max Processes :                              6
    Max Threads :                                10
    Run time :                                   10120 sec.
    Turnaround time :                            10254 sec.

The output (if any) follows:



PS:

Read file <logs/bwa.740197.err> for stderr output of this job.

Sender: LSF System <lsfadmin@compute08>
Subject: Job 740197[5]: <bwa[1-6]> in cluster <tesla2> Done

Job <bwa[1-6]> was submitted from host <compute12> by user <whitel> in cluster <tesla2> at Wed Mar 20 15:35:46 2024
Job was executed on host(s) <18*compute08>, in queue <rna>, as user <whitel> in cluster <tesla2> at Wed Mar 20 15:36:01 2024
</beevol/home/whitel> was used as the home directory.
</beevol/home/whitel/tRNAworkshop/src> was used as the working directory.
Started at Wed Mar 20 15:36:01 2024
Terminated at Wed Mar 20 18:32:17 2024
Results reported at Wed Mar 20 18:32:17 2024

Your job looked like:

------------------------------------------------------------
# LSBATCH: User input
#! /usr/bin/env bash

#BSUB -J bwa[1-6]
#BSUB -o logs/bwa.%J.out
#BSUB -e logs/bwa.%J.err
#BSUB -R "span[hosts=1]"
#BSUB -q rna
#BSUB -n 18

in="$HOME/tRNAworkshop/rebasecalled/fastqs"
dest="$HOME/tRNAworkshop/rebasecalled/alignedbams/crossalignments"

set -o nounset -o pipefail -o errexit -x

samples=(
WTyeast004_20231111_1104_P2S-00519-B_PAQ47538_fa3726ec.rna004_130bps_sup@v3.0.1
Ecoli004_20240105_1224_MN31004_FAX73799_1fe84761.rna004_130bps_sup@v3.0.1
Drosophila004_20231208_1307_MN31004_FAX73799_72c200e4.rna004_130bps_sup@v3.0.1
HumanFibroblast004_20231208_1351_MN42516_FAX71838_b8f7b990.rna004_130bps_sup@v3.0.1
Tetrahymena004_20231208_0920_MN42516_FAX71838_a244513d.rna004_130bps_sup@v3.0.1
Zebrafish004_20231208_0919_MN31004_FAX73799_f3dea9f8.rna004_130bps_sup@v3.0.1
)

refloc="/beevol/home/whitel/tRNAworkshop/ref"

references=(
ecoliK12MG1655-mature-tRNAs.fa
sacCer3-mature-tRNAs.fa
tthermophila-numbered-mature-tRNAs.fa
dm6-mature-tRNAs.fa
danRer11-mature-tRNAs.fa
hg38-mature-tRNAs.fa
)

u=${samples[$(( $LSB_JOBINDEX -1 ))]}

# Loop over each reference
for ref in "${references[@]}"; do
    # Extract a simple name for the reference to use in naming the output files
    ref_name=$(basename "$ref" .fa)

    ### align to tRNA reference - adapter anchored reference alignment
    bwa mem -W 13 -k 6 -T 20 -x ont2d "$refloc/$ref" "$in/${u}.fastq" \
    | samtools view -F4 -hu - \
    | samtools sort -o "${dest}/${u}.${ref_name}.bwa.bam"

    samtools index "${dest}/${u}.${ref_name}.bwa.bam"
done

------------------------------------------------------------

Successfully completed.

Resource usage summary:

    CPU time :                                   10546.67 sec.
    Max Memory :                                 4 GB
    Average Memory :                             2.55 GB
    Total Requested Memory :                     -
    Delta Memory :                               -
    Max Swap :                                   -
    Max Processes :                              6
    Max Threads :                                10
    Run time :                                   10584 sec.
    Turnaround time :                            10591 sec.

The output (if any) follows:



PS:

Read file <logs/bwa.740197.err> for stderr output of this job.

