+ samples=(Q5synthetic.fasta Q6synthetic.fasta Q7synthetic.fasta Q8synthetic.fasta Q9synthetic.fasta Q10synthetic.fasta Q11synthetic.fasta Q12synthetic.fasta Q13synthetic.fasta Q14synthetic.fasta Q15synthetic.fasta Q16synthetic.fasta Q17synthetic.fasta Q18synthetic.fasta Q19synthetic.fasta Q20synthetic.fasta)
+ u=Q5synthetic.fasta
+ bwa mem -W 13 -k 6 -T 20 -x ont2d /beevol/home/whitel/tRNAworkshop/ref/sacCer-mito-and-nuclear-tRNAs.fa -f /beevol/home/whitel/tRNAworkshop/alignment_evals/syntheticreads/Q5synthetic.fasta
+ samtools view -F4 -hu -
+ samtools sort -o /beevol/home/whitel/tRNAworkshop/alignment_evals/bams/Q5synthetic.fasta.bwa.bam

Usage: bwa mem [options] <idxbase> <in1.fq> [in2.fq]

Algorithm options:

       -t INT        number of threads [1]
       -k INT        minimum seed length [6]
       -w INT        band width for banded alignment [100]
       -d INT        off-diagonal X-dropoff [100]
       -r FLOAT      look for internal seeds inside a seed longer than {-k} * FLOAT [1.5]
       -y INT        seed occurrence for the 3rd round seeding [20]
       -c INT        skip seeds with more than INT occurrences [500]
       -D FLOAT      drop chains shorter than FLOAT fraction of the longest overlapping chain [0.50]
       -W INT        discard a chain if seeded bases shorter than INT [0]
       -m INT        perform at most INT rounds of mate rescues for each read [50]
       -S            skip mate rescue
       -P            skip pairing; mate rescue performed unless -S also in use

Scoring options:

       -A INT        score for a sequence match, which scales options -TdBOELU unless overridden [1]
       -B INT        penalty for a mismatch [4]
       -O INT[,INT]  gap open penalties for deletions and insertions [6,6]
       -E INT[,INT]  gap extension penalty; a gap of size k cost '{-O} + {-E}*k' [1,1]
       -L INT[,INT]  penalty for 5'- and 3'-end clipping [5,5]
       -U INT        penalty for an unpaired read pair [17]

       -x STR        read type. Setting -x changes multiple parameters unless overridden [null]
                     pacbio: -k17 -W40 -r10 -A1 -B1 -O1 -E1 -L0  (PacBio reads to ref)
                     ont2d: -k14 -W20 -r10 -A1 -B1 -O1 -E1 -L0  (Oxford Nanopore 2D-reads to ref)
                     intractg: -B9 -O16 -L5  (intra-species contigs to ref)

Input/output options:

       -p            smart pairing (ignoring in2.fq)
       -R STR        read group header line such as '@RG\tID:foo\tSM:bar' [null]
       -H STR/FILE   insert STR to header if it starts with @; or insert lines in FILE [null]
       -o FILE       sam file to output results to [stdout]
       -j            treat ALT contigs as part of the primary assembly (i.e. ignore <idxbase>.alt file)
       -5            for split alignment, take the alignment with the smallest coordiate as primary
       -K INT        process INT input bases in each batch regardless of nThreads (for reproducibility) []

       -v INT        verbosity level: 1=error, 2=warning, 3=message, 4+=debugging [3]
       -T INT        minimum score to output [20]
       -h INT[,INT]  if there are <INT hits with score >80% of the max score, output all in XA [5,200]
       -a            output all alignments for SE or unpaired PE
       -C            append FASTA/FASTQ comment to SAM output
       -V            output the reference FASTA header in the XR tag
       -Y            use soft clipping for supplementary alignments
       -M            mark shorter split hits as secondary

       -I FLOAT[,FLOAT[,INT[,INT]]]
                     specify the mean, standard deviation (10% of the mean if absent), max
                     (4 sigma from the mean if absent) and min of the insert size distribution.
                     FR orientation only. [inferred]

Note: Please read the man page for detailed description of the command line and options.

[main_samview] fail to read the header from "-".
samtools sort: failed to read header from "-"
+ samples=(Q5synthetic.fasta Q6synthetic.fasta Q7synthetic.fasta Q8synthetic.fasta Q9synthetic.fasta Q10synthetic.fasta Q11synthetic.fasta Q12synthetic.fasta Q13synthetic.fasta Q14synthetic.fasta Q15synthetic.fasta Q16synthetic.fasta Q17synthetic.fasta Q18synthetic.fasta Q19synthetic.fasta Q20synthetic.fasta)
+ u=Q6synthetic.fasta
+ bwa mem -W 13 -k 6 -T 20 -x ont2d /beevol/home/whitel/tRNAworkshop/ref/sacCer-mito-and-nuclear-tRNAs.fa -f /beevol/home/whitel/tRNAworkshop/alignment_evals/syntheticreads/Q6synthetic.fasta
+ samtools view -F4 -hu -
+ samtools sort -o /beevol/home/whitel/tRNAworkshop/alignment_evals/bams/Q6synthetic.fasta.bwa.bam

Usage: bwa mem [options] <idxbase> <in1.fq> [in2.fq]

Algorithm options:

       -t INT        number of threads [1]
       -k INT        minimum seed length [6]
       -w INT        band width for banded alignment [100]
       -d INT        off-diagonal X-dropoff [100]
       -r FLOAT      look for internal seeds inside a seed longer than {-k} * FLOAT [1.5]
       -y INT        seed occurrence for the 3rd round seeding [20]
       -c INT        skip seeds with more than INT occurrences [500]
       -D FLOAT      drop chains shorter than FLOAT fraction of the longest overlapping chain [0.50]
       -W INT        discard a chain if seeded bases shorter than INT [0]
       -m INT        perform at most INT rounds of mate rescues for each read [50]
       -S            skip mate rescue
       -P            skip pairing; mate rescue performed unless -S also in use

Scoring options:

       -A INT        score for a sequence match, which scales options -TdBOELU unless overridden [1]
       -B INT        penalty for a mismatch [4]
       -O INT[,INT]  gap open penalties for deletions and insertions [6,6]
       -E INT[,INT]  gap extension penalty; a gap of size k cost '{-O} + {-E}*k' [1,1]
       -L INT[,INT]  penalty for 5'- and 3'-end clipping [5,5]
       -U INT        penalty for an unpaired read pair [17]

       -x STR        read type. Setting -x changes multiple parameters unless overridden [null]
                     pacbio: -k17 -W40 -r10 -A1 -B1 -O1 -E1 -L0  (PacBio reads to ref)
                     ont2d: -k14 -W20 -r10 -A1 -B1 -O1 -E1 -L0  (Oxford Nanopore 2D-reads to ref)
                     intractg: -B9 -O16 -L5  (intra-species contigs to ref)

Input/output options:

       -p            smart pairing (ignoring in2.fq)
       -R STR        read group header line such as '@RG\tID:foo\tSM:bar' [null]
       -H STR/FILE   insert STR to header if it starts with @; or insert lines in FILE [null]
       -o FILE       sam file to output results to [stdout]
       -j            treat ALT contigs as part of the primary assembly (i.e. ignore <idxbase>.alt file)
       -5            for split alignment, take the alignment with the smallest coordiate as primary
       -K INT        process INT input bases in each batch regardless of nThreads (for reproducibility) []

       -v INT        verbosity level: 1=error, 2=warning, 3=message, 4+=debugging [3]
       -T INT        minimum score to output [20]
       -h INT[,INT]  if there are <INT hits with score >80% of the max score, output all in XA [5,200]
       -a            output all alignments for SE or unpaired PE
       -C            append FASTA/FASTQ comment to SAM output
       -V            output the reference FASTA header in the XR tag
       -Y            use soft clipping for supplementary alignments
       -M            mark shorter split hits as secondary

       -I FLOAT[,FLOAT[,INT[,INT]]]
                     specify the mean, standard deviation (10% of the mean if absent), max
                     (4 sigma from the mean if absent) and min of the insert size distribution.
                     FR orientation only. [inferred]

Note: Please read the man page for detailed description of the command line and options.

[main_samview] fail to read the header from "-".
samtools sort: failed to read header from "-"
+ samples=(Q5synthetic.fasta Q6synthetic.fasta Q7synthetic.fasta Q8synthetic.fasta Q9synthetic.fasta Q10synthetic.fasta Q11synthetic.fasta Q12synthetic.fasta Q13synthetic.fasta Q14synthetic.fasta Q15synthetic.fasta Q16synthetic.fasta Q17synthetic.fasta Q18synthetic.fasta Q19synthetic.fasta Q20synthetic.fasta)
+ u=Q7synthetic.fasta
+ bwa mem -W 13 -k 6 -T 20 -x ont2d /beevol/home/whitel/tRNAworkshop/ref/sacCer-mito-and-nuclear-tRNAs.fa -f /beevol/home/whitel/tRNAworkshop/alignment_evals/syntheticreads/Q7synthetic.fasta
+ samtools view -F4 -hu -
+ samtools sort -o /beevol/home/whitel/tRNAworkshop/alignment_evals/bams/Q7synthetic.fasta.bwa.bam

Usage: bwa mem [options] <idxbase> <in1.fq> [in2.fq]

Algorithm options:

       -t INT        number of threads [1]
       -k INT        minimum seed length [6]
       -w INT        band width for banded alignment [100]
       -d INT        off-diagonal X-dropoff [100]
       -r FLOAT      look for internal seeds inside a seed longer than {-k} * FLOAT [1.5]
       -y INT        seed occurrence for the 3rd round seeding [20]
       -c INT        skip seeds with more than INT occurrences [500]
       -D FLOAT      drop chains shorter than FLOAT fraction of the longest overlapping chain [0.50]
       -W INT        discard a chain if seeded bases shorter than INT [0]
       -m INT        perform at most INT rounds of mate rescues for each read [50]
       -S            skip mate rescue
       -P            skip pairing; mate rescue performed unless -S also in use

Scoring options:

       -A INT        score for a sequence match, which scales options -TdBOELU unless overridden [1]
       -B INT        penalty for a mismatch [4]
       -O INT[,INT]  gap open penalties for deletions and insertions [6,6]
       -E INT[,INT]  gap extension penalty; a gap of size k cost '{-O} + {-E}*k' [1,1]
       -L INT[,INT]  penalty for 5'- and 3'-end clipping [5,5]
       -U INT        penalty for an unpaired read pair [17]

       -x STR        read type. Setting -x changes multiple parameters unless overridden [null]
                     pacbio: -k17 -W40 -r10 -A1 -B1 -O1 -E1 -L0  (PacBio reads to ref)
                     ont2d: -k14 -W20 -r10 -A1 -B1 -O1 -E1 -L0  (Oxford Nanopore 2D-reads to ref)
                     intractg: -B9 -O16 -L5  (intra-species contigs to ref)

Input/output options:

       -p            smart pairing (ignoring in2.fq)
       -R STR        read group header line such as '@RG\tID:foo\tSM:bar' [null]
       -H STR/FILE   insert STR to header if it starts with @; or insert lines in FILE [null]
       -o FILE       sam file to output results to [stdout]
       -j            treat ALT contigs as part of the primary assembly (i.e. ignore <idxbase>.alt file)
       -5            for split alignment, take the alignment with the smallest coordiate as primary
       -K INT        process INT input bases in each batch regardless of nThreads (for reproducibility) []

       -v INT        verbosity level: 1=error, 2=warning, 3=message, 4+=debugging [3]
       -T INT        minimum score to output [20]
       -h INT[,INT]  if there are <INT hits with score >80% of the max score, output all in XA [5,200]
       -a            output all alignments for SE or unpaired PE
       -C            append FASTA/FASTQ comment to SAM output
       -V            output the reference FASTA header in the XR tag
       -Y            use soft clipping for supplementary alignments
       -M            mark shorter split hits as secondary

       -I FLOAT[,FLOAT[,INT[,INT]]]
                     specify the mean, standard deviation (10% of the mean if absent), max
                     (4 sigma from the mean if absent) and min of the insert size distribution.
                     FR orientation only. [inferred]

Note: Please read the man page for detailed description of the command line and options.

[main_samview] fail to read the header from "-".
samtools sort: failed to read header from "-"
+ samples=(Q5synthetic.fasta Q6synthetic.fasta Q7synthetic.fasta Q8synthetic.fasta Q9synthetic.fasta Q10synthetic.fasta Q11synthetic.fasta Q12synthetic.fasta Q13synthetic.fasta Q14synthetic.fasta Q15synthetic.fasta Q16synthetic.fasta Q17synthetic.fasta Q18synthetic.fasta Q19synthetic.fasta Q20synthetic.fasta)
+ u=Q8synthetic.fasta
+ bwa mem -W 13 -k 6 -T 20 -x ont2d /beevol/home/whitel/tRNAworkshop/ref/sacCer-mito-and-nuclear-tRNAs.fa -f /beevol/home/whitel/tRNAworkshop/alignment_evals/syntheticreads/Q8synthetic.fasta
+ samtools view -F4 -hu -
+ samtools sort -o /beevol/home/whitel/tRNAworkshop/alignment_evals/bams/Q8synthetic.fasta.bwa.bam

Usage: bwa mem [options] <idxbase> <in1.fq> [in2.fq]

Algorithm options:

       -t INT        number of threads [1]
       -k INT        minimum seed length [6]
       -w INT        band width for banded alignment [100]
       -d INT        off-diagonal X-dropoff [100]
       -r FLOAT      look for internal seeds inside a seed longer than {-k} * FLOAT [1.5]
       -y INT        seed occurrence for the 3rd round seeding [20]
       -c INT        skip seeds with more than INT occurrences [500]
       -D FLOAT      drop chains shorter than FLOAT fraction of the longest overlapping chain [0.50]
       -W INT        discard a chain if seeded bases shorter than INT [0]
       -m INT        perform at most INT rounds of mate rescues for each read [50]
       -S            skip mate rescue
       -P            skip pairing; mate rescue performed unless -S also in use

Scoring options:

       -A INT        score for a sequence match, which scales options -TdBOELU unless overridden [1]
       -B INT        penalty for a mismatch [4]
       -O INT[,INT]  gap open penalties for deletions and insertions [6,6]
       -E INT[,INT]  gap extension penalty; a gap of size k cost '{-O} + {-E}*k' [1,1]
       -L INT[,INT]  penalty for 5'- and 3'-end clipping [5,5]
       -U INT        penalty for an unpaired read pair [17]

       -x STR        read type. Setting -x changes multiple parameters unless overridden [null]
                     pacbio: -k17 -W40 -r10 -A1 -B1 -O1 -E1 -L0  (PacBio reads to ref)
                     ont2d: -k14 -W20 -r10 -A1 -B1 -O1 -E1 -L0  (Oxford Nanopore 2D-reads to ref)
                     intractg: -B9 -O16 -L5  (intra-species contigs to ref)

Input/output options:

       -p            smart pairing (ignoring in2.fq)
       -R STR        read group header line such as '@RG\tID:foo\tSM:bar' [null]
       -H STR/FILE   insert STR to header if it starts with @; or insert lines in FILE [null]
       -o FILE       sam file to output results to [stdout]
       -j            treat ALT contigs as part of the primary assembly (i.e. ignore <idxbase>.alt file)
       -5            for split alignment, take the alignment with the smallest coordiate as primary
       -K INT        process INT input bases in each batch regardless of nThreads (for reproducibility) []

       -v INT        verbosity level: 1=error, 2=warning, 3=message, 4+=debugging [3]
       -T INT        minimum score to output [20]
       -h INT[,INT]  if there are <INT hits with score >80% of the max score, output all in XA [5,200]
       -a            output all alignments for SE or unpaired PE
       -C            append FASTA/FASTQ comment to SAM output
       -V            output the reference FASTA header in the XR tag
       -Y            use soft clipping for supplementary alignments
       -M            mark shorter split hits as secondary

       -I FLOAT[,FLOAT[,INT[,INT]]]
                     specify the mean, standard deviation (10% of the mean if absent), max
                     (4 sigma from the mean if absent) and min of the insert size distribution.
                     FR orientation only. [inferred]

Note: Please read the man page for detailed description of the command line and options.

[main_samview] fail to read the header from "-".
samtools sort: failed to read header from "-"
+ samples=(Q5synthetic.fasta Q6synthetic.fasta Q7synthetic.fasta Q8synthetic.fasta Q9synthetic.fasta Q10synthetic.fasta Q11synthetic.fasta Q12synthetic.fasta Q13synthetic.fasta Q14synthetic.fasta Q15synthetic.fasta Q16synthetic.fasta Q17synthetic.fasta Q18synthetic.fasta Q19synthetic.fasta Q20synthetic.fasta)
+ u=Q9synthetic.fasta
+ bwa mem -W 13 -k 6 -T 20 -x ont2d /beevol/home/whitel/tRNAworkshop/ref/sacCer-mito-and-nuclear-tRNAs.fa -f /beevol/home/whitel/tRNAworkshop/alignment_evals/syntheticreads/Q9synthetic.fasta
+ samtools view -F4 -hu -
+ samtools sort -o /beevol/home/whitel/tRNAworkshop/alignment_evals/bams/Q9synthetic.fasta.bwa.bam

Usage: bwa mem [options] <idxbase> <in1.fq> [in2.fq]

Algorithm options:

       -t INT        number of threads [1]
       -k INT        minimum seed length [6]
       -w INT        band width for banded alignment [100]
       -d INT        off-diagonal X-dropoff [100]
       -r FLOAT      look for internal seeds inside a seed longer than {-k} * FLOAT [1.5]
       -y INT        seed occurrence for the 3rd round seeding [20]
       -c INT        skip seeds with more than INT occurrences [500]
       -D FLOAT      drop chains shorter than FLOAT fraction of the longest overlapping chain [0.50]
       -W INT        discard a chain if seeded bases shorter than INT [0]
       -m INT        perform at most INT rounds of mate rescues for each read [50]
       -S            skip mate rescue
       -P            skip pairing; mate rescue performed unless -S also in use

Scoring options:

       -A INT        score for a sequence match, which scales options -TdBOELU unless overridden [1]
       -B INT        penalty for a mismatch [4]
       -O INT[,INT]  gap open penalties for deletions and insertions [6,6]
       -E INT[,INT]  gap extension penalty; a gap of size k cost '{-O} + {-E}*k' [1,1]
       -L INT[,INT]  penalty for 5'- and 3'-end clipping [5,5]
       -U INT        penalty for an unpaired read pair [17]

       -x STR        read type. Setting -x changes multiple parameters unless overridden [null]
                     pacbio: -k17 -W40 -r10 -A1 -B1 -O1 -E1 -L0  (PacBio reads to ref)
                     ont2d: -k14 -W20 -r10 -A1 -B1 -O1 -E1 -L0  (Oxford Nanopore 2D-reads to ref)
                     intractg: -B9 -O16 -L5  (intra-species contigs to ref)

Input/output options:

       -p            smart pairing (ignoring in2.fq)
       -R STR        read group header line such as '@RG\tID:foo\tSM:bar' [null]
       -H STR/FILE   insert STR to header if it starts with @; or insert lines in FILE [null]
       -o FILE       sam file to output results to [stdout]
       -j            treat ALT contigs as part of the primary assembly (i.e. ignore <idxbase>.alt file)
       -5            for split alignment, take the alignment with the smallest coordiate as primary
       -K INT        process INT input bases in each batch regardless of nThreads (for reproducibility) []

       -v INT        verbosity level: 1=error, 2=warning, 3=message, 4+=debugging [3]
       -T INT        minimum score to output [20]
       -h INT[,INT]  if there are <INT hits with score >80% of the max score, output all in XA [5,200]
       -a            output all alignments for SE or unpaired PE
       -C            append FASTA/FASTQ comment to SAM output
       -V            output the reference FASTA header in the XR tag
       -Y            use soft clipping for supplementary alignments
       -M            mark shorter split hits as secondary

       -I FLOAT[,FLOAT[,INT[,INT]]]
                     specify the mean, standard deviation (10% of the mean if absent), max
                     (4 sigma from the mean if absent) and min of the insert size distribution.
                     FR orientation only. [inferred]

Note: Please read the man page for detailed description of the command line and options.

[main_samview] fail to read the header from "-".
samtools sort: failed to read header from "-"
+ samples=(Q5synthetic.fasta Q6synthetic.fasta Q7synthetic.fasta Q8synthetic.fasta Q9synthetic.fasta Q10synthetic.fasta Q11synthetic.fasta Q12synthetic.fasta Q13synthetic.fasta Q14synthetic.fasta Q15synthetic.fasta Q16synthetic.fasta Q17synthetic.fasta Q18synthetic.fasta Q19synthetic.fasta Q20synthetic.fasta)
+ u=Q10synthetic.fasta
+ bwa mem -W 13 -k 6 -T 20 -x ont2d /beevol/home/whitel/tRNAworkshop/ref/sacCer-mito-and-nuclear-tRNAs.fa -f /beevol/home/whitel/tRNAworkshop/alignment_evals/syntheticreads/Q10synthetic.fasta
+ samtools view -F4 -hu -
+ samtools sort -o /beevol/home/whitel/tRNAworkshop/alignment_evals/bams/Q10synthetic.fasta.bwa.bam

Usage: bwa mem [options] <idxbase> <in1.fq> [in2.fq]

Algorithm options:

       -t INT        number of threads [1]
       -k INT        minimum seed length [6]
       -w INT        band width for banded alignment [100]
       -d INT        off-diagonal X-dropoff [100]
       -r FLOAT      look for internal seeds inside a seed longer than {-k} * FLOAT [1.5]
       -y INT        seed occurrence for the 3rd round seeding [20]
       -c INT        skip seeds with more than INT occurrences [500]
       -D FLOAT      drop chains shorter than FLOAT fraction of the longest overlapping chain [0.50]
       -W INT        discard a chain if seeded bases shorter than INT [0]
       -m INT        perform at most INT rounds of mate rescues for each read [50]
       -S            skip mate rescue
       -P            skip pairing; mate rescue performed unless -S also in use

Scoring options:

       -A INT        score for a sequence match, which scales options -TdBOELU unless overridden [1]
       -B INT        penalty for a mismatch [4]
       -O INT[,INT]  gap open penalties for deletions and insertions [6,6]
       -E INT[,INT]  gap extension penalty; a gap of size k cost '{-O} + {-E}*k' [1,1]
       -L INT[,INT]  penalty for 5'- and 3'-end clipping [5,5]
       -U INT        penalty for an unpaired read pair [17]

       -x STR        read type. Setting -x changes multiple parameters unless overridden [null]
                     pacbio: -k17 -W40 -r10 -A1 -B1 -O1 -E1 -L0  (PacBio reads to ref)
                     ont2d: -k14 -W20 -r10 -A1 -B1 -O1 -E1 -L0  (Oxford Nanopore 2D-reads to ref)
                     intractg: -B9 -O16 -L5  (intra-species contigs to ref)

Input/output options:

       -p            smart pairing (ignoring in2.fq)
       -R STR        read group header line such as '@RG\tID:foo\tSM:bar' [null]
       -H STR/FILE   insert STR to header if it starts with @; or insert lines in FILE [null]
       -o FILE       sam file to output results to [stdout]
       -j            treat ALT contigs as part of the primary assembly (i.e. ignore <idxbase>.alt file)
       -5            for split alignment, take the alignment with the smallest coordiate as primary
       -K INT        process INT input bases in each batch regardless of nThreads (for reproducibility) []

       -v INT        verbosity level: 1=error, 2=warning, 3=message, 4+=debugging [3]
       -T INT        minimum score to output [20]
       -h INT[,INT]  if there are <INT hits with score >80% of the max score, output all in XA [5,200]
       -a            output all alignments for SE or unpaired PE
       -C            append FASTA/FASTQ comment to SAM output
       -V            output the reference FASTA header in the XR tag
       -Y            use soft clipping for supplementary alignments
       -M            mark shorter split hits as secondary

       -I FLOAT[,FLOAT[,INT[,INT]]]
                     specify the mean, standard deviation (10% of the mean if absent), max
                     (4 sigma from the mean if absent) and min of the insert size distribution.
                     FR orientation only. [inferred]

Note: Please read the man page for detailed description of the command line and options.

[main_samview] fail to read the header from "-".
samtools sort: failed to read header from "-"
+ samples=(Q5synthetic.fasta Q6synthetic.fasta Q7synthetic.fasta Q8synthetic.fasta Q9synthetic.fasta Q10synthetic.fasta Q11synthetic.fasta Q12synthetic.fasta Q13synthetic.fasta Q14synthetic.fasta Q15synthetic.fasta Q16synthetic.fasta Q17synthetic.fasta Q18synthetic.fasta Q19synthetic.fasta Q20synthetic.fasta)
+ u=Q11synthetic.fasta
+ bwa mem -W 13 -k 6 -T 20 -x ont2d /beevol/home/whitel/tRNAworkshop/ref/sacCer-mito-and-nuclear-tRNAs.fa -f /beevol/home/whitel/tRNAworkshop/alignment_evals/syntheticreads/Q11synthetic.fasta
+ samtools sort -o /beevol/home/whitel/tRNAworkshop/alignment_evals/bams/Q11synthetic.fasta.bwa.bam
+ samtools view -F4 -hu -

Usage: bwa mem [options] <idxbase> <in1.fq> [in2.fq]

Algorithm options:

       -t INT        number of threads [1]
       -k INT        minimum seed length [6]
       -w INT        band width for banded alignment [100]
       -d INT        off-diagonal X-dropoff [100]
       -r FLOAT      look for internal seeds inside a seed longer than {-k} * FLOAT [1.5]
       -y INT        seed occurrence for the 3rd round seeding [20]
       -c INT        skip seeds with more than INT occurrences [500]
[main_samview] fail to read the header from "-".
       -D FLOAT      drop chains shorter than FLOAT fraction of the longest overlapping chain [0.50]
       -W INT        discard a chain if seeded bases shorter than INT [0]
       -m INT        perform at most INT rounds of mate rescues for each read [50]
       -S            skip mate rescue
       -P            skip pairing; mate rescue performed unless -S also in use

Scoring options:

samtools sort:        -A INT        score for a sequence match, which scales options -TdBOELU unless overridden [1]
       -B INT        penalty for a mismatch [4]
       -O INT[,INT]  gap open penalties for deletions and insertions [6,6]
       -E INT[,INT]  gap extension penalty; a gap of size k cost '{-O} + {-E}*k' [1,1]
       -L INT[,INT]  penalty for 5'- and 3'-end clipping [5,5]
       -U INT        penalty for an unpaired read pair [17]

       -x STR        read type. Setting -x changes multiple parameters unless overridden [null]
                     pacbio: -k17 -W40 -r10 -A1 -B1 -O1 -E1 -L0  (PacBio reads to ref)
                     ont2d: -k14 -W20 -r10 -A1 -B1 -O1 -E1 -L0  (Oxford Nanopore 2D-reads to ref)
                     intractg: -B9 -O16 -L5  (intra-species contigs to ref)

Input/output options:

       -p            smart pairing (ignoring in2.fq)
       -R STR        read group header line such as '@RG\tID:foo\tSM:bar' [null]
       -H STR/FILE   insert STR to header if it starts with @; or insert lines in FILE [null]
       -o FILE       sam file to output results to [stdout]
       -j            treat ALT contigs as part of the primary assembly (i.e. ignore <idxbase>.alt file)
       -5            for split alignment, take the alignment with the smallest coordiate as primary
       -K INT        process INT input bases in each batch regardless of nThreads (for reproducibility) []

       -v INT        verbosity level: 1=error, 2=warning, 3=message, 4+=debugging [3]
       -T INT        minimum score to output [20]
       -h INT[,INT]  if there are <INT hits with score >80% of the max score, output all in XA [5,200]
       -a            output all alignments for SE or unpaired PE
       -C            append FASTA/FASTQ comment to SAM output
       -V            output the reference FASTA header in the XR tag
       -Y            use soft clipping for supplementary alignments
       -M            mark shorter split hits as secondary

       -I FLOAT[,FLOAT[,INT[,INT]]]
                     specify the mean, standard deviation (10% of the mean if absent), max
                     (4 sigma from the mean if absent) and min of the insert size distribution.
                     FR orientation only. [inferred]

Note: Please read the man page for detailed description of the command line and options.

failed to read header from "-"
+ samples=(Q5synthetic.fasta Q6synthetic.fasta Q7synthetic.fasta Q8synthetic.fasta Q9synthetic.fasta Q10synthetic.fasta Q11synthetic.fasta Q12synthetic.fasta Q13synthetic.fasta Q14synthetic.fasta Q15synthetic.fasta Q16synthetic.fasta Q17synthetic.fasta Q18synthetic.fasta Q19synthetic.fasta Q20synthetic.fasta)
+ u=Q12synthetic.fasta
+ bwa mem -W 13 -k 6 -T 20 -x ont2d /beevol/home/whitel/tRNAworkshop/ref/sacCer-mito-and-nuclear-tRNAs.fa -f /beevol/home/whitel/tRNAworkshop/alignment_evals/syntheticreads/Q12synthetic.fasta
+ samtools view -F4 -hu -
+ samtools sort -o /beevol/home/whitel/tRNAworkshop/alignment_evals/bams/Q12synthetic.fasta.bwa.bam

Usage: bwa mem [options] <idxbase> <in1.fq> [in2.fq]

Algorithm options:

       -t INT        number of threads [1]
       -k INT        minimum seed length [6]
       -w INT        band width for banded alignment [100]
       -d INT        off-diagonal X-dropoff [100]
       -r FLOAT      look for internal seeds inside a seed longer than {-k} * FLOAT [1.5]
       -y INT        seed occurrence for the 3rd round seeding [20]
       -c INT        skip seeds with more than INT occurrences [500]
       -D FLOAT      drop chains shorter than FLOAT fraction of the longest overlapping chain [0.50]
       -W INT        discard a chain if seeded bases shorter than INT [0]
       -m INT        perform at most INT rounds of mate rescues for each read [50]
       -S            skip mate rescue
       -P            skip pairing; mate rescue performed unless -S also in use

Scoring options:

       -A INT        score for a sequence match, which scales options -TdBOELU unless overridden [1]
       -B INT        penalty for a mismatch [4]
       -O INT[,INT]  gap open penalties for deletions and insertions [6,6]
       -E INT[,INT]  gap extension penalty; a gap of size k cost '{-O} + {-E}*k' [1,1]
       -L INT[,INT]  penalty for 5'- and 3'-end clipping [5,5]
       -U INT        penalty for an unpaired read pair [17]

       -x STR        read type. Setting -x changes multiple parameters unless overridden [null]
                     pacbio: -k17 -W40 -r10 -A1 -B1 -O1 -E1 -L0  (PacBio reads to ref)
                     ont2d: -k14 -W20 -r10 -A1 -B1 -O1 -E1 -L0  (Oxford Nanopore 2D-reads to ref)
                     intractg: -B9 -O16 -L5  (intra-species contigs to ref)

Input/output options:

       -p            smart pairing (ignoring in2.fq)
       -R STR        read group header line such as '@RG\tID:foo\tSM:bar' [null]
       -H STR/FILE   insert STR to header if it starts with @; or insert lines in FILE [null]
       -o FILE       sam file to output results to [stdout]
       -j            treat ALT contigs as part of the primary assembly (i.e. ignore <idxbase>.alt file)
       -5            for split alignment, take the alignment with the smallest coordiate as primary
       -K INT        process INT input bases in each batch regardless of nThreads (for reproducibility) []

       -v INT        verbosity level: 1=error, 2=warning, 3=message, 4+=debugging [3]
       -T INT        minimum score to output [20]
       -h INT[,INT]  if there are <INT hits with score >80% of the max score, output all in XA [5,200]
       -a            output all alignments for SE or unpaired PE
       -C            append FASTA/FASTQ comment to SAM output
       -V            output the reference FASTA header in the XR tag
       -Y            use soft clipping for supplementary alignments
       -M            mark shorter split hits as secondary

       -I FLOAT[,FLOAT[,INT[,INT]]]
                     specify the mean, standard deviation (10% of the mean if absent), max
                     (4 sigma from the mean if absent) and min of the insert size distribution.
                     FR orientation only. [inferred]

Note: Please read the man page for detailed description of the command line and options.

[main_samview] fail to read the header from "-".
samtools sort: failed to read header from "-"
+ samples=(Q5synthetic.fasta Q6synthetic.fasta Q7synthetic.fasta Q8synthetic.fasta Q9synthetic.fasta Q10synthetic.fasta Q11synthetic.fasta Q12synthetic.fasta Q13synthetic.fasta Q14synthetic.fasta Q15synthetic.fasta Q16synthetic.fasta Q17synthetic.fasta Q18synthetic.fasta Q19synthetic.fasta Q20synthetic.fasta)
+ u=Q13synthetic.fasta
+ samtools view -F4 -hu -
+ bwa mem -W 13 -k 6 -T 20 -x ont2d /beevol/home/whitel/tRNAworkshop/ref/sacCer-mito-and-nuclear-tRNAs.fa -f /beevol/home/whitel/tRNAworkshop/alignment_evals/syntheticreads/Q13synthetic.fasta
+ samtools sort -o /beevol/home/whitel/tRNAworkshop/alignment_evals/bams/Q13synthetic.fasta.bwa.bam

[main_samview] fail to read the header from "-".
samtools sort: Usage: bwa mem [options] <idxbase> <in1.fq> [in2.fq]

Algorithm options:

       -t INT        number of threads [1]
failed to read header from "-"       -k INT        minimum seed length [6]

       -w INT        band width for banded alignment [100]
       -d INT        off-diagonal X-dropoff [100]
       -r FLOAT      look for internal seeds inside a seed longer than {-k} * FLOAT [1.5]
       -y INT        seed occurrence for the 3rd round seeding [20]
       -c INT        skip seeds with more than INT occurrences [500]
       -D FLOAT      drop chains shorter than FLOAT fraction of the longest overlapping chain [0.50]
       -W INT        discard a chain if seeded bases shorter than INT [0]
       -m INT        perform at most INT rounds of mate rescues for each read [50]
       -S            skip mate rescue
       -P            skip pairing; mate rescue performed unless -S also in use

Scoring options:

       -A INT        score for a sequence match, which scales options -TdBOELU unless overridden [1]
       -B INT        penalty for a mismatch [4]
       -O INT[,INT]  gap open penalties for deletions and insertions [6,6]
       -E INT[,INT]  gap extension penalty; a gap of size k cost '{-O} + {-E}*k' [1,1]
       -L INT[,INT]  penalty for 5'- and 3'-end clipping [5,5]
       -U INT        penalty for an unpaired read pair [17]

       -x STR        read type. Setting -x changes multiple parameters unless overridden [null]
                     pacbio: -k17 -W40 -r10 -A1 -B1 -O1 -E1 -L0  (PacBio reads to ref)
                     ont2d: -k14 -W20 -r10 -A1 -B1 -O1 -E1 -L0  (Oxford Nanopore 2D-reads to ref)
                     intractg: -B9 -O16 -L5  (intra-species contigs to ref)

Input/output options:

       -p            smart pairing (ignoring in2.fq)
       -R STR        read group header line such as '@RG\tID:foo\tSM:bar' [null]
       -H STR/FILE   insert STR to header if it starts with @; or insert lines in FILE [null]
       -o FILE       sam file to output results to [stdout]
       -j            treat ALT contigs as part of the primary assembly (i.e. ignore <idxbase>.alt file)
       -5            for split alignment, take the alignment with the smallest coordiate as primary
       -K INT        process INT input bases in each batch regardless of nThreads (for reproducibility) []

       -v INT        verbosity level: 1=error, 2=warning, 3=message, 4+=debugging [3]
       -T INT        minimum score to output [20]
       -h INT[,INT]  if there are <INT hits with score >80% of the max score, output all in XA [5,200]
       -a            output all alignments for SE or unpaired PE
       -C            append FASTA/FASTQ comment to SAM output
       -V            output the reference FASTA header in the XR tag
       -Y            use soft clipping for supplementary alignments
       -M            mark shorter split hits as secondary

       -I FLOAT[,FLOAT[,INT[,INT]]]
                     specify the mean, standard deviation (10% of the mean if absent), max
                     (4 sigma from the mean if absent) and min of the insert size distribution.
                     FR orientation only. [inferred]

Note: Please read the man page for detailed description of the command line and options.

+ samples=(Q5synthetic.fasta Q6synthetic.fasta Q7synthetic.fasta Q8synthetic.fasta Q9synthetic.fasta Q10synthetic.fasta Q11synthetic.fasta Q12synthetic.fasta Q13synthetic.fasta Q14synthetic.fasta Q15synthetic.fasta Q16synthetic.fasta Q17synthetic.fasta Q18synthetic.fasta Q19synthetic.fasta Q20synthetic.fasta)
+ u=Q14synthetic.fasta
+ bwa mem -W 13 -k 6 -T 20 -x ont2d /beevol/home/whitel/tRNAworkshop/ref/sacCer-mito-and-nuclear-tRNAs.fa -f /beevol/home/whitel/tRNAworkshop/alignment_evals/syntheticreads/Q14synthetic.fasta
+ samtools view -F4 -hu -
+ samtools sort -o /beevol/home/whitel/tRNAworkshop/alignment_evals/bams/Q14synthetic.fasta.bwa.bam

Usage: bwa mem [options] <idxbase> <in1.fq> [in2.fq]

Algorithm options:

       -t INT        number of threads [1]
[main_samview] fail to read the header from "-".
       -k INT        minimum seed length [6]
       -w INT        band width for banded alignment [100]
       -d INT        off-diagonal X-dropoff [100]
samtools sort: failed to read header from "-"       -r FLOAT      look for internal seeds inside a seed longer than {-k} * FLOAT [1.5]
       -y INT        seed occurrence for the 3rd round seeding [20]

       -c INT        skip seeds with more than INT occurrences [500]
       -D FLOAT      drop chains shorter than FLOAT fraction of the longest overlapping chain [0.50]
       -W INT        discard a chain if seeded bases shorter than INT [0]
       -m INT        perform at most INT rounds of mate rescues for each read [50]
       -S            skip mate rescue
       -P            skip pairing; mate rescue performed unless -S also in use

Scoring options:

       -A INT        score for a sequence match, which scales options -TdBOELU unless overridden [1]
       -B INT        penalty for a mismatch [4]
       -O INT[,INT]  gap open penalties for deletions and insertions [6,6]
       -E INT[,INT]  gap extension penalty; a gap of size k cost '{-O} + {-E}*k' [1,1]
       -L INT[,INT]  penalty for 5'- and 3'-end clipping [5,5]
       -U INT        penalty for an unpaired read pair [17]

       -x STR        read type. Setting -x changes multiple parameters unless overridden [null]
                     pacbio: -k17 -W40 -r10 -A1 -B1 -O1 -E1 -L0  (PacBio reads to ref)
                     ont2d: -k14 -W20 -r10 -A1 -B1 -O1 -E1 -L0  (Oxford Nanopore 2D-reads to ref)
                     intractg: -B9 -O16 -L5  (intra-species contigs to ref)

Input/output options:

       -p            smart pairing (ignoring in2.fq)
       -R STR        read group header line such as '@RG\tID:foo\tSM:bar' [null]
       -H STR/FILE   insert STR to header if it starts with @; or insert lines in FILE [null]
       -o FILE       sam file to output results to [stdout]
       -j            treat ALT contigs as part of the primary assembly (i.e. ignore <idxbase>.alt file)
       -5            for split alignment, take the alignment with the smallest coordiate as primary
       -K INT        process INT input bases in each batch regardless of nThreads (for reproducibility) []

       -v INT        verbosity level: 1=error, 2=warning, 3=message, 4+=debugging [3]
       -T INT        minimum score to output [20]
       -h INT[,INT]  if there are <INT hits with score >80% of the max score, output all in XA [5,200]
       -a            output all alignments for SE or unpaired PE
       -C            append FASTA/FASTQ comment to SAM output
       -V            output the reference FASTA header in the XR tag
       -Y            use soft clipping for supplementary alignments
       -M            mark shorter split hits as secondary

       -I FLOAT[,FLOAT[,INT[,INT]]]
                     specify the mean, standard deviation (10% of the mean if absent), max
                     (4 sigma from the mean if absent) and min of the insert size distribution.
                     FR orientation only. [inferred]

Note: Please read the man page for detailed description of the command line and options.

+ samples=(Q5synthetic.fasta Q6synthetic.fasta Q7synthetic.fasta Q8synthetic.fasta Q9synthetic.fasta Q10synthetic.fasta Q11synthetic.fasta Q12synthetic.fasta Q13synthetic.fasta Q14synthetic.fasta Q15synthetic.fasta Q16synthetic.fasta Q17synthetic.fasta Q18synthetic.fasta Q19synthetic.fasta Q20synthetic.fasta)
+ u=Q15synthetic.fasta
+ bwa mem -W 13 -k 6 -T 20 -x ont2d /beevol/home/whitel/tRNAworkshop/ref/sacCer-mito-and-nuclear-tRNAs.fa -f /beevol/home/whitel/tRNAworkshop/alignment_evals/syntheticreads/Q15synthetic.fasta
+ samtools view -F4 -hu -
+ samtools sort -o /beevol/home/whitel/tRNAworkshop/alignment_evals/bams/Q15synthetic.fasta.bwa.bam

Usage: bwa mem [options] <idxbase> <in1.fq> [in2.fq]

Algorithm options:

       -t INT        number of threads [1]
       -k INT        minimum seed length [6]
       -w INT        band width for banded alignment [100]
       -d INT        off-diagonal X-dropoff [100]
       -r FLOAT      look for internal seeds inside a seed longer than {-k} * FLOAT [1.5]
       -y INT        seed occurrence for the 3rd round seeding [20]
       -c INT        skip seeds with more than INT occurrences [500]
       -D FLOAT      drop chains shorter than FLOAT fraction of the longest overlapping chain [0.50]
       -W INT        discard a chain if seeded bases shorter than INT [0]
       -m INT        perform at most INT rounds of mate rescues for each read [50]
       -S            skip mate rescue
       -P            skip pairing; mate rescue performed unless -S also in use

Scoring options:

       -A INT        score for a sequence match, which scales options -TdBOELU unless overridden [1]
       -B INT        penalty for a mismatch [4]
       -O INT[,INT]  gap open penalties for deletions and insertions [6,6]
       -E INT[,INT]  gap extension penalty; a gap of size k cost '{-O} + {-E}*k' [1,1]
       -L INT[,INT]  penalty for 5'- and 3'-end clipping [5,5]
       -U INT        penalty for an unpaired read pair [17]

       -x STR        read type. Setting -x changes multiple parameters unless overridden [null]
                     pacbio: -k17 -W40 -r10 -A1 -B1 -O1 -E1 -L0  (PacBio reads to ref)
                     ont2d: -k14 -W20 -r10 -A1 -B1 -O1 -E1 -L0  (Oxford Nanopore 2D-reads to ref)
                     intractg: -B9 -O16 -L5  (intra-species contigs to ref)

Input/output options:

       -p            smart pairing (ignoring in2.fq)
       -R STR        read group header line such as '@RG\tID:foo\tSM:bar' [null]
       -H STR/FILE   insert STR to header if it starts with @; or insert lines in FILE [null]
       -o FILE       sam file to output results to [stdout]
       -j            treat ALT contigs as part of the primary assembly (i.e. ignore <idxbase>.alt file)
       -5            for split alignment, take the alignment with the smallest coordiate as primary
       -K INT        process INT input bases in each batch regardless of nThreads (for reproducibility) []

[main_samview] fail to read the header from "-".
       -v INT        verbosity level: 1=error, 2=warning, 3=message, 4+=debugging [3]
       -T INT        minimum score to output [20]
       -h INT[,INT]  if there are <INT hits with score >80% of the max score, output all in XA [5,200]
       -a            output all alignments for SE or unpaired PE
       -C            append FASTA/FASTQ comment to SAM output
       -V            output the reference FASTA header in the XR tag
       -Y            use soft clipping for supplementary alignments
       -M            mark shorter split hits as secondary

       -I FLOAT[,FLOAT[,INT[,INT]]]
                     specify the mean, standard deviation (10% of the mean if absent), max
                     (4 sigma from the mean if absent) and min of the insert size distribution.
                     FR orientation only. [inferred]

Note: Please read the man page for detailed description of the command line and options.

samtools sort: failed to read header from "-"
+ samples=(Q5synthetic.fasta Q6synthetic.fasta Q7synthetic.fasta Q8synthetic.fasta Q9synthetic.fasta Q10synthetic.fasta Q11synthetic.fasta Q12synthetic.fasta Q13synthetic.fasta Q14synthetic.fasta Q15synthetic.fasta Q16synthetic.fasta Q17synthetic.fasta Q18synthetic.fasta Q19synthetic.fasta Q20synthetic.fasta)
+ u=Q16synthetic.fasta
+ bwa mem -W 13 -k 6 -T 20 -x ont2d /beevol/home/whitel/tRNAworkshop/ref/sacCer-mito-and-nuclear-tRNAs.fa -f /beevol/home/whitel/tRNAworkshop/alignment_evals/syntheticreads/Q16synthetic.fasta
+ samtools view -F4 -hu -
+ samtools sort -o /beevol/home/whitel/tRNAworkshop/alignment_evals/bams/Q16synthetic.fasta.bwa.bam

Usage: bwa mem [options] <idxbase> <in1.fq> [in2.fq]

Algorithm options:

[main_samview] fail to read the header from "-".
       -t INT        number of threads [1]
       -k INT        minimum seed length [6]
       -w INT        band width for banded alignment [100]
       -d INT        off-diagonal X-dropoff [100]
       -r FLOAT      look for internal seeds inside a seed longer than {-k} * FLOAT [1.5]
       -y INT        seed occurrence for the 3rd round seeding [20]
       -c INT        skip seeds with more than INT occurrences [500]
       -D FLOAT      drop chains shorter than FLOAT fraction of the longest overlapping chain [0.50]
       -W INT        discard a chain if seeded bases shorter than INT [0]
       -m INT        perform at most INT rounds of mate rescues for each read [50]
       -S            skip mate rescue
       -P            skip pairing; mate rescue performed unless -S also in use

Scoring options:

       -A INT        score for a sequence match, which scales options -TdBOELU unless overridden [1]
       -B INT        penalty for a mismatch [4]
samtools sort:        -O INT[,INT]  gap open penalties for deletions and insertions [6,6]
failed to read header from "-"       -E INT[,INT]  gap extension penalty; a gap of size k cost '{-O} + {-E}*k' [1,1]

       -L INT[,INT]  penalty for 5'- and 3'-end clipping [5,5]
       -U INT        penalty for an unpaired read pair [17]

       -x STR        read type. Setting -x changes multiple parameters unless overridden [null]
                     pacbio: -k17 -W40 -r10 -A1 -B1 -O1 -E1 -L0  (PacBio reads to ref)
                     ont2d: -k14 -W20 -r10 -A1 -B1 -O1 -E1 -L0  (Oxford Nanopore 2D-reads to ref)
                     intractg: -B9 -O16 -L5  (intra-species contigs to ref)

Input/output options:

       -p            smart pairing (ignoring in2.fq)
       -R STR        read group header line such as '@RG\tID:foo\tSM:bar' [null]
       -H STR/FILE   insert STR to header if it starts with @; or insert lines in FILE [null]
       -o FILE       sam file to output results to [stdout]
       -j            treat ALT contigs as part of the primary assembly (i.e. ignore <idxbase>.alt file)
       -5            for split alignment, take the alignment with the smallest coordiate as primary
       -K INT        process INT input bases in each batch regardless of nThreads (for reproducibility) []

       -v INT        verbosity level: 1=error, 2=warning, 3=message, 4+=debugging [3]
       -T INT        minimum score to output [20]
       -h INT[,INT]  if there are <INT hits with score >80% of the max score, output all in XA [5,200]
       -a            output all alignments for SE or unpaired PE
       -C            append FASTA/FASTQ comment to SAM output
       -V            output the reference FASTA header in the XR tag
       -Y            use soft clipping for supplementary alignments
       -M            mark shorter split hits as secondary

       -I FLOAT[,FLOAT[,INT[,INT]]]
                     specify the mean, standard deviation (10% of the mean if absent), max
                     (4 sigma from the mean if absent) and min of the insert size distribution.
                     FR orientation only. [inferred]

Note: Please read the man page for detailed description of the command line and options.

+ samples=(Q5synthetic.fasta Q6synthetic.fasta Q7synthetic.fasta Q8synthetic.fasta Q9synthetic.fasta Q10synthetic.fasta Q11synthetic.fasta Q12synthetic.fasta Q13synthetic.fasta Q14synthetic.fasta Q15synthetic.fasta Q16synthetic.fasta Q17synthetic.fasta Q18synthetic.fasta Q19synthetic.fasta Q20synthetic.fasta)
+ u=Q17synthetic.fasta
+ samtools view -F4 -hu -
+ bwa mem -W 13 -k 6 -T 20 -x ont2d /beevol/home/whitel/tRNAworkshop/ref/sacCer-mito-and-nuclear-tRNAs.fa -f /beevol/home/whitel/tRNAworkshop/alignment_evals/syntheticreads/Q17synthetic.fasta
+ samtools sort -o /beevol/home/whitel/tRNAworkshop/alignment_evals/bams/Q17synthetic.fasta.bwa.bam

Usage: bwa mem [options] <idxbase> <in1.fq> [in2.fq]

Algorithm options:

       -t INT        number of threads [1]
[main_samview] fail to read the header from "-".
       -k INT        minimum seed length [6]
       -w INT        band width for banded alignment [100]
       -d INT        off-diagonal X-dropoff [100]
       -r FLOAT      look for internal seeds inside a seed longer than {-k} * FLOAT [1.5]
       -y INT        seed occurrence for the 3rd round seeding [20]
       -c INT        skip seeds with more than INT occurrences [500]
       -D FLOAT      drop chains shorter than FLOAT fraction of the longest overlapping chain [0.50]
       -W INT        discard a chain if seeded bases shorter than INT [0]
       -m INT        perform at most INT rounds of mate rescues for each read [50]
       -S            skip mate rescue
       -P            skip pairing; mate rescue performed unless -S also in use

Scoring options:

       -A INT        score for a sequence match, which scales options -TdBOELU unless overridden [1]
       -B INT        penalty for a mismatch [4]
       -O INT[,INT]  gap open penalties for deletions and insertions [6,6]
       -E INT[,INT]  gap extension penalty; a gap of size k cost '{-O} + {-E}*k' [1,1]
       -L INT[,INT]  penalty for 5'- and 3'-end clipping [5,5]
       -U INT        penalty for an unpaired read pair [17]

       -x STR        read type. Setting -x changes multiple parameters unless overridden [null]
                     pacbio: -k17 -W40 -r10 -A1 -B1 -O1 -E1 -L0  (PacBio reads to ref)
                     ont2d: -k14 -W20 -r10 -A1 -B1 -O1 -E1 -L0  (Oxford Nanopore 2D-reads to ref)
                     intractg: -B9 -O16 -L5  (intra-species contigs to ref)

Input/output options:

       -p            smart pairing (ignoring in2.fq)
       -R STR        read group header line such as '@RG\tID:foo\tSM:bar' [null]
       -H STR/FILE   insert STR to header if it starts with @; or insert lines in FILE [null]
       -o FILE       sam file to output results to [stdout]
       -j            treat ALT contigs as part of the primary assembly (i.e. ignore <idxbase>.alt file)
       -5            for split alignment, take the alignment with the smallest coordiate as primary
       -K INT        process INT input bases in each batch regardless of nThreads (for reproducibility) []

       -v INT        verbosity level: 1=error, 2=warning, 3=message, 4+=debugging [3]
       -T INT        minimum score to output [20]
       -h INT[,INT]  if there are <INT hits with score >80% of the max score, output all in XA [5,200]
       -a            output all alignments for SE or unpaired PE
       -C            append FASTA/FASTQ comment to SAM output
       -V            output the reference FASTA header in the XR tag
       -Y            use soft clipping for supplementary alignments
       -M            mark shorter split hits as secondary

       -I FLOAT[,FLOAT[,INT[,INT]]]
samtools sort:                      specify the mean, standard deviation (10% of the mean if absent), max
failed to read header from "-"                     (4 sigma from the mean if absent) and min of the insert size distribution.
                     FR orientation only. [inferred]

Note: Please read the man page for detailed description of the command line and options.


+ samples=(Q5synthetic.fasta Q6synthetic.fasta Q7synthetic.fasta Q8synthetic.fasta Q9synthetic.fasta Q10synthetic.fasta Q11synthetic.fasta Q12synthetic.fasta Q13synthetic.fasta Q14synthetic.fasta Q15synthetic.fasta Q16synthetic.fasta Q17synthetic.fasta Q18synthetic.fasta Q19synthetic.fasta Q20synthetic.fasta)
+ u=Q18synthetic.fasta
+ bwa mem -W 13 -k 6 -T 20 -x ont2d /beevol/home/whitel/tRNAworkshop/ref/sacCer-mito-and-nuclear-tRNAs.fa -f /beevol/home/whitel/tRNAworkshop/alignment_evals/syntheticreads/Q18synthetic.fasta
+ samtools view -F4 -hu -
+ samtools sort -o /beevol/home/whitel/tRNAworkshop/alignment_evals/bams/Q18synthetic.fasta.bwa.bam

Usage: bwa mem [options] <idxbase> <in1.fq> [in2.fq]

Algorithm options:

       -t INT        number of threads [1]
       -k INT        minimum seed length [6]
       -w INT        band width for banded alignment [100]
       -d INT        off-diagonal X-dropoff [100]
       -r FLOAT      look for internal seeds inside a seed longer than {-k} * FLOAT [1.5]
       -y INT        seed occurrence for the 3rd round seeding [20]
       -c INT        skip seeds with more than INT occurrences [500]
       -D FLOAT      drop chains shorter than FLOAT fraction of the longest overlapping chain [0.50]
       -W INT        discard a chain if seeded bases shorter than INT [0]
       -m INT        perform at most INT rounds of mate rescues for each read [50]
       -S            skip mate rescue
       -P            skip pairing; mate rescue performed unless -S also in use

Scoring options:

       -A INT        score for a sequence match, which scales options -TdBOELU unless overridden [1]
       -B INT        penalty for a mismatch [4]
       -O INT[,INT]  gap open penalties for deletions and insertions [6,6]
       -E INT[,INT]  gap extension penalty; a gap of size k cost '{-O} + {-E}*k' [1,1]
       -L INT[,INT]  penalty for 5'- and 3'-end clipping [5,5]
       -U INT        penalty for an unpaired read pair [17]

       -x STR        read type. Setting -x changes multiple parameters unless overridden [null]
                     pacbio: -k17 -W40 -r10 -A1 -B1 -O1 -E1 -L0  (PacBio reads to ref)
                     ont2d: -k14 -W20 -r10 -A1 -B1 -O1 -E1 -L0  (Oxford Nanopore 2D-reads to ref)
                     intractg: -B9 -O16 -L5  (intra-species contigs to ref)

Input/output options:

       -p            smart pairing (ignoring in2.fq)
       -R STR        read group header line such as '@RG\tID:foo\tSM:bar' [null]
       -H STR/FILE   insert STR to header if it starts with @; or insert lines in FILE [null]
       -o FILE       sam file to output results to [stdout]
       -j            treat ALT contigs as part of the primary assembly (i.e. ignore <idxbase>.alt file)
       -5            for split alignment, take the alignment with the smallest coordiate as primary
       -K INT        process INT input bases in each batch regardless of nThreads (for reproducibility) []

       -v INT        verbosity level: 1=error, 2=warning, 3=message, 4+=debugging [3]
       -T INT        minimum score to output [20]
       -h INT[,INT]  if there are <INT hits with score >80% of the max score, output all in XA [5,200]
       -a            output all alignments for SE or unpaired PE
       -C            append FASTA/FASTQ comment to SAM output
       -V            output the reference FASTA header in the XR tag
       -Y            use soft clipping for supplementary alignments
       -M            mark shorter split hits as secondary

       -I FLOAT[,FLOAT[,INT[,INT]]]
                     specify the mean, standard deviation (10% of the mean if absent), max
                     (4 sigma from the mean if absent) and min of the insert size distribution.
                     FR orientation only. [inferred]

Note: Please read the man page for detailed description of the command line and options.

[main_samview] fail to read the header from "-".
samtools sort: failed to read header from "-"
+ samples=(Q5synthetic.fasta Q6synthetic.fasta Q7synthetic.fasta Q8synthetic.fasta Q9synthetic.fasta Q10synthetic.fasta Q11synthetic.fasta Q12synthetic.fasta Q13synthetic.fasta Q14synthetic.fasta Q15synthetic.fasta Q16synthetic.fasta Q17synthetic.fasta Q18synthetic.fasta Q19synthetic.fasta Q20synthetic.fasta)
+ u=Q19synthetic.fasta
+ samtools view -F4 -hu -
+ samtools sort -o /beevol/home/whitel/tRNAworkshop/alignment_evals/bams/Q19synthetic.fasta.bwa.bam
+ bwa mem -W 13 -k 6 -T 20 -x ont2d /beevol/home/whitel/tRNAworkshop/ref/sacCer-mito-and-nuclear-tRNAs.fa -f /beevol/home/whitel/tRNAworkshop/alignment_evals/syntheticreads/Q19synthetic.fasta

Usage: bwa mem [options] <idxbase> <in1.fq> [in2.fq]

Algorithm options:

[main_samview] fail to read the header from "-".
       -t INT        number of threads [1]
       -k INT        minimum seed length [6]
       -w INT        band width for banded alignment [100]
       -d INT        off-diagonal X-dropoff [100]
samtools sort:        -r FLOAT      look for internal seeds inside a seed longer than {-k} * FLOAT [1.5]
failed to read header from "-"       -y INT        seed occurrence for the 3rd round seeding [20]

       -c INT        skip seeds with more than INT occurrences [500]
       -D FLOAT      drop chains shorter than FLOAT fraction of the longest overlapping chain [0.50]
       -W INT        discard a chain if seeded bases shorter than INT [0]
       -m INT        perform at most INT rounds of mate rescues for each read [50]
       -S            skip mate rescue
       -P            skip pairing; mate rescue performed unless -S also in use

Scoring options:

       -A INT        score for a sequence match, which scales options -TdBOELU unless overridden [1]
       -B INT        penalty for a mismatch [4]
       -O INT[,INT]  gap open penalties for deletions and insertions [6,6]
       -E INT[,INT]  gap extension penalty; a gap of size k cost '{-O} + {-E}*k' [1,1]
       -L INT[,INT]  penalty for 5'- and 3'-end clipping [5,5]
       -U INT        penalty for an unpaired read pair [17]

       -x STR        read type. Setting -x changes multiple parameters unless overridden [null]
                     pacbio: -k17 -W40 -r10 -A1 -B1 -O1 -E1 -L0  (PacBio reads to ref)
                     ont2d: -k14 -W20 -r10 -A1 -B1 -O1 -E1 -L0  (Oxford Nanopore 2D-reads to ref)
                     intractg: -B9 -O16 -L5  (intra-species contigs to ref)

Input/output options:

       -p            smart pairing (ignoring in2.fq)
       -R STR        read group header line such as '@RG\tID:foo\tSM:bar' [null]
       -H STR/FILE   insert STR to header if it starts with @; or insert lines in FILE [null]
       -o FILE       sam file to output results to [stdout]
       -j            treat ALT contigs as part of the primary assembly (i.e. ignore <idxbase>.alt file)
       -5            for split alignment, take the alignment with the smallest coordiate as primary
       -K INT        process INT input bases in each batch regardless of nThreads (for reproducibility) []

       -v INT        verbosity level: 1=error, 2=warning, 3=message, 4+=debugging [3]
       -T INT        minimum score to output [20]
       -h INT[,INT]  if there are <INT hits with score >80% of the max score, output all in XA [5,200]
       -a            output all alignments for SE or unpaired PE
       -C            append FASTA/FASTQ comment to SAM output
       -V            output the reference FASTA header in the XR tag
       -Y            use soft clipping for supplementary alignments
       -M            mark shorter split hits as secondary

       -I FLOAT[,FLOAT[,INT[,INT]]]
                     specify the mean, standard deviation (10% of the mean if absent), max
                     (4 sigma from the mean if absent) and min of the insert size distribution.
                     FR orientation only. [inferred]

Note: Please read the man page for detailed description of the command line and options.

+ samples=(Q5synthetic.fasta Q6synthetic.fasta Q7synthetic.fasta Q8synthetic.fasta Q9synthetic.fasta Q10synthetic.fasta Q11synthetic.fasta Q12synthetic.fasta Q13synthetic.fasta Q14synthetic.fasta Q15synthetic.fasta Q16synthetic.fasta Q17synthetic.fasta Q18synthetic.fasta Q19synthetic.fasta Q20synthetic.fasta)
+ u=Q20synthetic.fasta
+ bwa mem -W 13 -k 6 -T 20 -x ont2d /beevol/home/whitel/tRNAworkshop/ref/sacCer-mito-and-nuclear-tRNAs.fa -f /beevol/home/whitel/tRNAworkshop/alignment_evals/syntheticreads/Q20synthetic.fasta
+ samtools view -F4 -hu -
+ samtools sort -o /beevol/home/whitel/tRNAworkshop/alignment_evals/bams/Q20synthetic.fasta.bwa.bam

Usage: bwa mem [options] <idxbase> <in1.fq> [in2.fq]

Algorithm options:

       -t INT        number of threads [1]
       -k INT        minimum seed length [6]
       -w INT        band width for banded alignment [100]
       -d INT        off-diagonal X-dropoff [100]
       -r FLOAT      look for internal seeds inside a seed longer than {-k} * FLOAT [1.5]
       -y INT        seed occurrence for the 3rd round seeding [20]
       -c INT        skip seeds with more than INT occurrences [500]
       -D FLOAT      drop chains shorter than FLOAT fraction of the longest overlapping chain [0.50]
       -W INT        discard a chain if seeded bases shorter than INT [0]
       -m INT        perform at most INT rounds of mate rescues for each read [50]
       -S            skip mate rescue
       -P            skip pairing; mate rescue performed unless -S also in use

Scoring options:

       -A INT        score for a sequence match, which scales options -TdBOELU unless overridden [1]
       -B INT        penalty for a mismatch [4]
       -O INT[,INT]  gap open penalties for deletions and insertions [6,6]
       -E INT[,INT]  gap extension penalty; a gap of size k cost '{-O} + {-E}*k' [1,1]
       -L INT[,INT]  penalty for 5'- and 3'-end clipping [5,5]
       -U INT        penalty for an unpaired read pair [17]

       -x STR        read type. Setting -x changes multiple parameters unless overridden [null]
                     pacbio: -k17 -W40 -r10 -A1 -B1 -O1 -E1 -L0  (PacBio reads to ref)
                     ont2d: -k14 -W20 -r10 -A1 -B1 -O1 -E1 -L0  (Oxford Nanopore 2D-reads to ref)
                     intractg: -B9 -O16 -L5  (intra-species contigs to ref)

Input/output options:

       -p            smart pairing (ignoring in2.fq)
       -R STR        read group header line such as '@RG\tID:foo\tSM:bar' [null]
       -H STR/FILE   insert STR to header if it starts with @; or insert lines in FILE [null]
       -o FILE       sam file to output results to [stdout]
       -j            treat ALT contigs as part of the primary assembly (i.e. ignore <idxbase>.alt file)
       -5            for split alignment, take the alignment with the smallest coordiate as primary
       -K INT        process INT input bases in each batch regardless of nThreads (for reproducibility) []

       -v INT        verbosity level: 1=error, 2=warning, 3=message, 4+=debugging [3]
       -T INT        minimum score to output [20]
       -h INT[,INT]  if there are <INT hits with score >80% of the max score, output all in XA [5,200]
       -a            output all alignments for SE or unpaired PE
       -C            append FASTA/FASTQ comment to SAM output
       -V            output the reference FASTA header in the XR tag
       -Y            use soft clipping for supplementary alignments
       -M            mark shorter split hits as secondary

       -I FLOAT[,FLOAT[,INT[,INT]]]
                     specify the mean, standard deviation (10% of the mean if absent), max
                     (4 sigma from the mean if absent) and min of the insert size distribution.
                     FR orientation only. [inferred]

Note: Please read the man page for detailed description of the command line and options.

[main_samview] fail to read the header from "-".
samtools sort: failed to read header from "-"
