Sender: LSF System <lsfadmin@compute19>
Subject: Job 854933[1]: <bwa[1-5]> in cluster <tesla2> Done

Job <bwa[1-5]> was submitted from host <compute03> by user <whitel> in cluster <tesla2> at Fri Jun  7 11:43:47 2024
Job was executed on host(s) <18*compute19>, in queue <rna>, as user <whitel> in cluster <tesla2> at Fri Jun  7 11:43:53 2024
</beevol/home/whitel> was used as the home directory.
</beevol/home/whitel/tRNAworkshop/src> was used as the working directory.
Started at Fri Jun  7 11:43:53 2024
Terminated at Fri Jun  7 11:54:23 2024
Results reported at Fri Jun  7 11:54:23 2024

Your job looked like:

------------------------------------------------------------
# LSBATCH: User input
#! /usr/bin/env bash

#BSUB -J bwa[1-5]
#BSUB -o logs/bwa.%J.out
#BSUB -e logs/bwa.%J.err
#BSUB -R "span[hosts=1]"
#BSUB -q rna
#BSUB -n 18

bwaidx="$HOME/tRNAworkshop/ref/danRer11-mature-tRNAs.fa"
in="$HOME/tRNAworkshop/rebasecalled/fastqs"
dest="$HOME/tRNAworkshop/rebasecalled/alignedbams"

set -o nounset -o pipefail -o errexit -x

samples=(
Zebrafish002_20231207_1528_P2S-00519-A_PAS44221_7e583c4c.rna002_70bps_fast@v3
Zebrafish002_20231207_1528_P2S-00519-A_PAS44221_7e583c4c.rna002_70bps_hac@v3
Zebrafish004_20231208_0919_MN31004_FAX73799_f3dea9f8.rna004_130bps_fast@v3.0.1
Zebrafish004_20231208_0919_MN31004_FAX73799_f3dea9f8.rna004_130bps_fast@v5.0.0
Zebrafish004_20231208_0919_MN31004_FAX73799_f3dea9f8.rna004_130bps_hac@v3.0.1
Zebrafish004_20231208_0919_MN31004_FAX73799_f3dea9f8.rna004_130bps_hac@v5.0.0
Zebrafish004_20231208_0919_MN31004_FAX73799_f3dea9f8.rna004_130bps_sup@v3.0.1
Zebrafish004_20231208_0919_MN31004_FAX73799_f3dea9f8.rna004_130bps_sup@v5.0.0
)

u=${samples[$(( $LSB_JOBINDEX -1 ))]}

### align to tRNA reference - adapter anchored reference alignment
bwa mem -W 13 -k 6 -T 20 -x ont2d $bwaidx $in/${u}.fastq \
| samtools view -F4 -hu - \
| samtools sort -o ${dest}/${u}.bwa.bam

samtools index ${dest}/${u}.bwa.bam

------------------------------------------------------------

Successfully completed.

Resource usage summary:

    CPU time :                                   629.26 sec.
    Max Memory :                                 1 GB
    Average Memory :                             0.64 GB
    Total Requested Memory :                     -
    Delta Memory :                               -
    Max Swap :                                   -
    Max Processes :                              6
    Max Threads :                                10
    Run time :                                   630 sec.
    Turnaround time :                            640 sec.

The output (if any) follows:



PS:

Read file <logs/bwa.854933.err> for stderr output of this job.

Sender: LSF System <lsfadmin@compute10>
Subject: Job 854933[4]: <bwa[1-5]> in cluster <tesla2> Done

Job <bwa[1-5]> was submitted from host <compute03> by user <whitel> in cluster <tesla2> at Fri Jun  7 11:43:47 2024
Job was executed on host(s) <18*compute10>, in queue <rna>, as user <whitel> in cluster <tesla2> at Fri Jun  7 11:47:31 2024
</beevol/home/whitel> was used as the home directory.
</beevol/home/whitel/tRNAworkshop/src> was used as the working directory.
Started at Fri Jun  7 11:47:31 2024
Terminated at Fri Jun  7 12:05:00 2024
Results reported at Fri Jun  7 12:05:00 2024

Your job looked like:

------------------------------------------------------------
# LSBATCH: User input
#! /usr/bin/env bash

#BSUB -J bwa[1-5]
#BSUB -o logs/bwa.%J.out
#BSUB -e logs/bwa.%J.err
#BSUB -R "span[hosts=1]"
#BSUB -q rna
#BSUB -n 18

bwaidx="$HOME/tRNAworkshop/ref/danRer11-mature-tRNAs.fa"
in="$HOME/tRNAworkshop/rebasecalled/fastqs"
dest="$HOME/tRNAworkshop/rebasecalled/alignedbams"

set -o nounset -o pipefail -o errexit -x

samples=(
Zebrafish002_20231207_1528_P2S-00519-A_PAS44221_7e583c4c.rna002_70bps_fast@v3
Zebrafish002_20231207_1528_P2S-00519-A_PAS44221_7e583c4c.rna002_70bps_hac@v3
Zebrafish004_20231208_0919_MN31004_FAX73799_f3dea9f8.rna004_130bps_fast@v3.0.1
Zebrafish004_20231208_0919_MN31004_FAX73799_f3dea9f8.rna004_130bps_fast@v5.0.0
Zebrafish004_20231208_0919_MN31004_FAX73799_f3dea9f8.rna004_130bps_hac@v3.0.1
Zebrafish004_20231208_0919_MN31004_FAX73799_f3dea9f8.rna004_130bps_hac@v5.0.0
Zebrafish004_20231208_0919_MN31004_FAX73799_f3dea9f8.rna004_130bps_sup@v3.0.1
Zebrafish004_20231208_0919_MN31004_FAX73799_f3dea9f8.rna004_130bps_sup@v5.0.0
)

u=${samples[$(( $LSB_JOBINDEX -1 ))]}

### align to tRNA reference - adapter anchored reference alignment
bwa mem -W 13 -k 6 -T 20 -x ont2d $bwaidx $in/${u}.fastq \
| samtools view -F4 -hu - \
| samtools sort -o ${dest}/${u}.bwa.bam

samtools index ${dest}/${u}.bwa.bam

------------------------------------------------------------

Successfully completed.

Resource usage summary:

    CPU time :                                   1047.08 sec.
    Max Memory :                                 2 GB
    Average Memory :                             1.45 GB
    Total Requested Memory :                     -
    Delta Memory :                               -
    Max Swap :                                   -
    Max Processes :                              6
    Max Threads :                                10
    Run time :                                   1049 sec.
    Turnaround time :                            1277 sec.

The output (if any) follows:



PS:

Read file <logs/bwa.854933.err> for stderr output of this job.

Sender: LSF System <lsfadmin@compute20>
Subject: Job 854933[2]: <bwa[1-5]> in cluster <tesla2> Done

Job <bwa[1-5]> was submitted from host <compute03> by user <whitel> in cluster <tesla2> at Fri Jun  7 11:43:47 2024
Job was executed on host(s) <18*compute20>, in queue <rna>, as user <whitel> in cluster <tesla2> at Fri Jun  7 11:46:19 2024
</beevol/home/whitel> was used as the home directory.
</beevol/home/whitel/tRNAworkshop/src> was used as the working directory.
Started at Fri Jun  7 11:46:19 2024
Terminated at Fri Jun  7 12:10:05 2024
Results reported at Fri Jun  7 12:10:05 2024

Your job looked like:

------------------------------------------------------------
# LSBATCH: User input
#! /usr/bin/env bash

#BSUB -J bwa[1-5]
#BSUB -o logs/bwa.%J.out
#BSUB -e logs/bwa.%J.err
#BSUB -R "span[hosts=1]"
#BSUB -q rna
#BSUB -n 18

bwaidx="$HOME/tRNAworkshop/ref/danRer11-mature-tRNAs.fa"
in="$HOME/tRNAworkshop/rebasecalled/fastqs"
dest="$HOME/tRNAworkshop/rebasecalled/alignedbams"

set -o nounset -o pipefail -o errexit -x

samples=(
Zebrafish002_20231207_1528_P2S-00519-A_PAS44221_7e583c4c.rna002_70bps_fast@v3
Zebrafish002_20231207_1528_P2S-00519-A_PAS44221_7e583c4c.rna002_70bps_hac@v3
Zebrafish004_20231208_0919_MN31004_FAX73799_f3dea9f8.rna004_130bps_fast@v3.0.1
Zebrafish004_20231208_0919_MN31004_FAX73799_f3dea9f8.rna004_130bps_fast@v5.0.0
Zebrafish004_20231208_0919_MN31004_FAX73799_f3dea9f8.rna004_130bps_hac@v3.0.1
Zebrafish004_20231208_0919_MN31004_FAX73799_f3dea9f8.rna004_130bps_hac@v5.0.0
Zebrafish004_20231208_0919_MN31004_FAX73799_f3dea9f8.rna004_130bps_sup@v3.0.1
Zebrafish004_20231208_0919_MN31004_FAX73799_f3dea9f8.rna004_130bps_sup@v5.0.0
)

u=${samples[$(( $LSB_JOBINDEX -1 ))]}

### align to tRNA reference - adapter anchored reference alignment
bwa mem -W 13 -k 6 -T 20 -x ont2d $bwaidx $in/${u}.fastq \
| samtools view -F4 -hu - \
| samtools sort -o ${dest}/${u}.bwa.bam

samtools index ${dest}/${u}.bwa.bam

------------------------------------------------------------

Successfully completed.

Resource usage summary:

    CPU time :                                   1404.40 sec.
    Max Memory :                                 3 GB
    Average Memory :                             0.88 GB
    Total Requested Memory :                     -
    Delta Memory :                               -
    Max Swap :                                   -
    Max Processes :                              6
    Max Threads :                                10
    Run time :                                   1425 sec.
    Turnaround time :                            1581 sec.

The output (if any) follows:



PS:

Read file <logs/bwa.854933.err> for stderr output of this job.

Sender: LSF System <lsfadmin@compute01>
Subject: Job 854933[3]: <bwa[1-5]> in cluster <tesla2> Done

Job <bwa[1-5]> was submitted from host <compute03> by user <whitel> in cluster <tesla2> at Fri Jun  7 11:43:47 2024
Job was executed on host(s) <18*compute01>, in queue <rna>, as user <whitel> in cluster <tesla2> at Fri Jun  7 11:47:19 2024
</beevol/home/whitel> was used as the home directory.
</beevol/home/whitel/tRNAworkshop/src> was used as the working directory.
Started at Fri Jun  7 11:47:19 2024
Terminated at Fri Jun  7 12:11:47 2024
Results reported at Fri Jun  7 12:11:47 2024

Your job looked like:

------------------------------------------------------------
# LSBATCH: User input
#! /usr/bin/env bash

#BSUB -J bwa[1-5]
#BSUB -o logs/bwa.%J.out
#BSUB -e logs/bwa.%J.err
#BSUB -R "span[hosts=1]"
#BSUB -q rna
#BSUB -n 18

bwaidx="$HOME/tRNAworkshop/ref/danRer11-mature-tRNAs.fa"
in="$HOME/tRNAworkshop/rebasecalled/fastqs"
dest="$HOME/tRNAworkshop/rebasecalled/alignedbams"

set -o nounset -o pipefail -o errexit -x

samples=(
Zebrafish002_20231207_1528_P2S-00519-A_PAS44221_7e583c4c.rna002_70bps_fast@v3
Zebrafish002_20231207_1528_P2S-00519-A_PAS44221_7e583c4c.rna002_70bps_hac@v3
Zebrafish004_20231208_0919_MN31004_FAX73799_f3dea9f8.rna004_130bps_fast@v3.0.1
Zebrafish004_20231208_0919_MN31004_FAX73799_f3dea9f8.rna004_130bps_fast@v5.0.0
Zebrafish004_20231208_0919_MN31004_FAX73799_f3dea9f8.rna004_130bps_hac@v3.0.1
Zebrafish004_20231208_0919_MN31004_FAX73799_f3dea9f8.rna004_130bps_hac@v5.0.0
Zebrafish004_20231208_0919_MN31004_FAX73799_f3dea9f8.rna004_130bps_sup@v3.0.1
Zebrafish004_20231208_0919_MN31004_FAX73799_f3dea9f8.rna004_130bps_sup@v5.0.0
)

u=${samples[$(( $LSB_JOBINDEX -1 ))]}

### align to tRNA reference - adapter anchored reference alignment
bwa mem -W 13 -k 6 -T 20 -x ont2d $bwaidx $in/${u}.fastq \
| samtools view -F4 -hu - \
| samtools sort -o ${dest}/${u}.bwa.bam

samtools index ${dest}/${u}.bwa.bam

------------------------------------------------------------

Successfully completed.

Resource usage summary:

    CPU time :                                   1456.93 sec.
    Max Memory :                                 2 GB
    Average Memory :                             0.92 GB
    Total Requested Memory :                     -
    Delta Memory :                               -
    Max Swap :                                   -
    Max Processes :                              6
    Max Threads :                                10
    Run time :                                   1468 sec.
    Turnaround time :                            1683 sec.

The output (if any) follows:



PS:

Read file <logs/bwa.854933.err> for stderr output of this job.

Sender: LSF System <lsfadmin@compute19>
Subject: Job 854933[5]: <bwa[1-5]> in cluster <tesla2> Done

Job <bwa[1-5]> was submitted from host <compute03> by user <whitel> in cluster <tesla2> at Fri Jun  7 11:43:47 2024
Job was executed on host(s) <18*compute19>, in queue <rna>, as user <whitel> in cluster <tesla2> at Fri Jun  7 11:54:24 2024
</beevol/home/whitel> was used as the home directory.
</beevol/home/whitel/tRNAworkshop/src> was used as the working directory.
Started at Fri Jun  7 11:54:24 2024
Terminated at Fri Jun  7 12:19:18 2024
Results reported at Fri Jun  7 12:19:18 2024

Your job looked like:

------------------------------------------------------------
# LSBATCH: User input
#! /usr/bin/env bash

#BSUB -J bwa[1-5]
#BSUB -o logs/bwa.%J.out
#BSUB -e logs/bwa.%J.err
#BSUB -R "span[hosts=1]"
#BSUB -q rna
#BSUB -n 18

bwaidx="$HOME/tRNAworkshop/ref/danRer11-mature-tRNAs.fa"
in="$HOME/tRNAworkshop/rebasecalled/fastqs"
dest="$HOME/tRNAworkshop/rebasecalled/alignedbams"

set -o nounset -o pipefail -o errexit -x

samples=(
Zebrafish002_20231207_1528_P2S-00519-A_PAS44221_7e583c4c.rna002_70bps_fast@v3
Zebrafish002_20231207_1528_P2S-00519-A_PAS44221_7e583c4c.rna002_70bps_hac@v3
Zebrafish004_20231208_0919_MN31004_FAX73799_f3dea9f8.rna004_130bps_fast@v3.0.1
Zebrafish004_20231208_0919_MN31004_FAX73799_f3dea9f8.rna004_130bps_fast@v5.0.0
Zebrafish004_20231208_0919_MN31004_FAX73799_f3dea9f8.rna004_130bps_hac@v3.0.1
Zebrafish004_20231208_0919_MN31004_FAX73799_f3dea9f8.rna004_130bps_hac@v5.0.0
Zebrafish004_20231208_0919_MN31004_FAX73799_f3dea9f8.rna004_130bps_sup@v3.0.1
Zebrafish004_20231208_0919_MN31004_FAX73799_f3dea9f8.rna004_130bps_sup@v5.0.0
)

u=${samples[$(( $LSB_JOBINDEX -1 ))]}

### align to tRNA reference - adapter anchored reference alignment
bwa mem -W 13 -k 6 -T 20 -x ont2d $bwaidx $in/${u}.fastq \
| samtools view -F4 -hu - \
| samtools sort -o ${dest}/${u}.bwa.bam

samtools index ${dest}/${u}.bwa.bam

------------------------------------------------------------

Successfully completed.

Resource usage summary:

    CPU time :                                   1487.26 sec.
    Max Memory :                                 1 GB
    Average Memory :                             0.88 GB
    Total Requested Memory :                     -
    Delta Memory :                               -
    Max Swap :                                   -
    Max Processes :                              6
    Max Threads :                                10
    Run time :                                   1494 sec.
    Turnaround time :                            2135 sec.

The output (if any) follows:



PS:

Read file <logs/bwa.854933.err> for stderr output of this job.

