Sender: LSF System <lsfadmin@compute09>
Subject: Job 754846[2]: <bwa[1-6]> in cluster <tesla2> Done

Job <bwa[1-6]> was submitted from host <compute07> by user <whitel> in cluster <tesla2> at Fri Mar 22 13:46:52 2024
Job was executed on host(s) <18*compute09>, in queue <rna>, as user <whitel> in cluster <tesla2> at Fri Mar 22 13:46:57 2024
</beevol/home/whitel> was used as the home directory.
</beevol/home/whitel/tRNAworkshop/src> was used as the working directory.
Started at Fri Mar 22 13:46:57 2024
Terminated at Fri Mar 22 14:44:51 2024
Results reported at Fri Mar 22 14:44:51 2024

Your job looked like:

------------------------------------------------------------
# LSBATCH: User input
#! /usr/bin/env bash

#BSUB -J bwa[1-6]
#BSUB -o logs/bwa.%J.out
#BSUB -e logs/bwa.%J.err
#BSUB -R "span[hosts=1]"
#BSUB -q rna
#BSUB -n 18

in="$HOME/tRNAworkshop/rebasecalled/fastqs"
dest="$HOME/tRNAworkshop/rebasecalled/alignedbams/crossalignments"

set -o nounset -o pipefail -o errexit -x

samples=(
WTyeast004_20231111_1104_P2S-00519-B_PAQ47538_fa3726ec.rna004_130bps_sup@v3.0.1
Ecoli004_20240105_1224_MN31004_FAX73799_1fe84761.rna004_130bps_sup@v3.0.1
Drosophila004_20231208_1307_MN31004_FAX73799_72c200e4.rna004_130bps_sup@v3.0.1
HumanFibroblast004_20231208_1351_MN42516_FAX71838_b8f7b990.rna004_130bps_sup@v3.0.1
Tetrahymena004_20231208_0920_MN42516_FAX71838_a244513d.rna004_130bps_sup@v3.0.1
Zebrafish004_20231208_0919_MN31004_FAX73799_f3dea9f8.rna004_130bps_sup@v3.0.1
)

refloc="/beevol/home/whitel/tRNAworkshop/ref"

references=(
ecoliK12MG1655-mature-tRNAs.fa
sacCer3-mature-tRNAs.fa
tthermophila-numbered-mature-tRNAs.fa
dm6-mature-tRNAs.fa
danRer11-mature-tRNAs.fa
hg38-mature-tRNAs.fa
)

u=${samples[$(( $LSB_JOBINDEX -1 ))]}

# Loop over each reference
for ref in "${references[@]}"; do
    # Extract a simple name for the reference to use in naming the output files
    ref_name=$(basename "$ref" .fa)

    ### align to tRNA reference - adapter anchored reference alignment
    bwa mem -W 13 -k 6 -T 20 -x ont2d "$refloc/$ref" "$in/${u}.fastq" \
    | samtools view -F4 -hu - \
    | samtools sort -o "${dest}/${u}.${ref_name}.bwa.bam"

    samtools index "${dest}/${u}.${ref_name}.bwa.bam"
done

------------------------------------------------------------

Successfully completed.

Resource usage summary:

    CPU time :                                   3466.66 sec.
    Max Memory :                                 4 GB
    Average Memory :                             1.99 GB
    Total Requested Memory :                     -
    Delta Memory :                               -
    Max Swap :                                   -
    Max Processes :                              6
    Max Threads :                                10
    Run time :                                   3473 sec.
    Turnaround time :                            3479 sec.

The output (if any) follows:



PS:

Read file <logs/bwa.754846.err> for stderr output of this job.

Sender: LSF System <lsfadmin@compute08>
Subject: Job 754846[1]: <bwa[1-6]> in cluster <tesla2> Done

Job <bwa[1-6]> was submitted from host <compute07> by user <whitel> in cluster <tesla2> at Fri Mar 22 13:46:52 2024
Job was executed on host(s) <18*compute08>, in queue <rna>, as user <whitel> in cluster <tesla2> at Fri Mar 22 13:46:57 2024
</beevol/home/whitel> was used as the home directory.
</beevol/home/whitel/tRNAworkshop/src> was used as the working directory.
Started at Fri Mar 22 13:46:57 2024
Terminated at Fri Mar 22 15:23:42 2024
Results reported at Fri Mar 22 15:23:42 2024

Your job looked like:

------------------------------------------------------------
# LSBATCH: User input
#! /usr/bin/env bash

#BSUB -J bwa[1-6]
#BSUB -o logs/bwa.%J.out
#BSUB -e logs/bwa.%J.err
#BSUB -R "span[hosts=1]"
#BSUB -q rna
#BSUB -n 18

in="$HOME/tRNAworkshop/rebasecalled/fastqs"
dest="$HOME/tRNAworkshop/rebasecalled/alignedbams/crossalignments"

set -o nounset -o pipefail -o errexit -x

samples=(
WTyeast004_20231111_1104_P2S-00519-B_PAQ47538_fa3726ec.rna004_130bps_sup@v3.0.1
Ecoli004_20240105_1224_MN31004_FAX73799_1fe84761.rna004_130bps_sup@v3.0.1
Drosophila004_20231208_1307_MN31004_FAX73799_72c200e4.rna004_130bps_sup@v3.0.1
HumanFibroblast004_20231208_1351_MN42516_FAX71838_b8f7b990.rna004_130bps_sup@v3.0.1
Tetrahymena004_20231208_0920_MN42516_FAX71838_a244513d.rna004_130bps_sup@v3.0.1
Zebrafish004_20231208_0919_MN31004_FAX73799_f3dea9f8.rna004_130bps_sup@v3.0.1
)

refloc="/beevol/home/whitel/tRNAworkshop/ref"

references=(
ecoliK12MG1655-mature-tRNAs.fa
sacCer3-mature-tRNAs.fa
tthermophila-numbered-mature-tRNAs.fa
dm6-mature-tRNAs.fa
danRer11-mature-tRNAs.fa
hg38-mature-tRNAs.fa
)

u=${samples[$(( $LSB_JOBINDEX -1 ))]}

# Loop over each reference
for ref in "${references[@]}"; do
    # Extract a simple name for the reference to use in naming the output files
    ref_name=$(basename "$ref" .fa)

    ### align to tRNA reference - adapter anchored reference alignment
    bwa mem -W 13 -k 6 -T 20 -x ont2d "$refloc/$ref" "$in/${u}.fastq" \
    | samtools view -F4 -hu - \
    | samtools sort -o "${dest}/${u}.${ref_name}.bwa.bam"

    samtools index "${dest}/${u}.${ref_name}.bwa.bam"
done

------------------------------------------------------------

Successfully completed.

Resource usage summary:

    CPU time :                                   5803.38 sec.
    Max Memory :                                 4 GB
    Average Memory :                             2.35 GB
    Total Requested Memory :                     -
    Delta Memory :                               -
    Max Swap :                                   -
    Max Processes :                              6
    Max Threads :                                10
    Run time :                                   5805 sec.
    Turnaround time :                            5810 sec.

The output (if any) follows:



PS:

Read file <logs/bwa.754846.err> for stderr output of this job.

Sender: LSF System <lsfadmin@compute10>
Subject: Job 754846[3]: <bwa[1-6]> in cluster <tesla2> Done

Job <bwa[1-6]> was submitted from host <compute07> by user <whitel> in cluster <tesla2> at Fri Mar 22 13:46:52 2024
Job was executed on host(s) <18*compute10>, in queue <rna>, as user <whitel> in cluster <tesla2> at Fri Mar 22 13:46:57 2024
</beevol/home/whitel> was used as the home directory.
</beevol/home/whitel/tRNAworkshop/src> was used as the working directory.
Started at Fri Mar 22 13:46:57 2024
Terminated at Fri Mar 22 15:32:12 2024
Results reported at Fri Mar 22 15:32:12 2024

Your job looked like:

------------------------------------------------------------
# LSBATCH: User input
#! /usr/bin/env bash

#BSUB -J bwa[1-6]
#BSUB -o logs/bwa.%J.out
#BSUB -e logs/bwa.%J.err
#BSUB -R "span[hosts=1]"
#BSUB -q rna
#BSUB -n 18

in="$HOME/tRNAworkshop/rebasecalled/fastqs"
dest="$HOME/tRNAworkshop/rebasecalled/alignedbams/crossalignments"

set -o nounset -o pipefail -o errexit -x

samples=(
WTyeast004_20231111_1104_P2S-00519-B_PAQ47538_fa3726ec.rna004_130bps_sup@v3.0.1
Ecoli004_20240105_1224_MN31004_FAX73799_1fe84761.rna004_130bps_sup@v3.0.1
Drosophila004_20231208_1307_MN31004_FAX73799_72c200e4.rna004_130bps_sup@v3.0.1
HumanFibroblast004_20231208_1351_MN42516_FAX71838_b8f7b990.rna004_130bps_sup@v3.0.1
Tetrahymena004_20231208_0920_MN42516_FAX71838_a244513d.rna004_130bps_sup@v3.0.1
Zebrafish004_20231208_0919_MN31004_FAX73799_f3dea9f8.rna004_130bps_sup@v3.0.1
)

refloc="/beevol/home/whitel/tRNAworkshop/ref"

references=(
ecoliK12MG1655-mature-tRNAs.fa
sacCer3-mature-tRNAs.fa
tthermophila-numbered-mature-tRNAs.fa
dm6-mature-tRNAs.fa
danRer11-mature-tRNAs.fa
hg38-mature-tRNAs.fa
)

u=${samples[$(( $LSB_JOBINDEX -1 ))]}

# Loop over each reference
for ref in "${references[@]}"; do
    # Extract a simple name for the reference to use in naming the output files
    ref_name=$(basename "$ref" .fa)

    ### align to tRNA reference - adapter anchored reference alignment
    bwa mem -W 13 -k 6 -T 20 -x ont2d "$refloc/$ref" "$in/${u}.fastq" \
    | samtools view -F4 -hu - \
    | samtools sort -o "${dest}/${u}.${ref_name}.bwa.bam"

    samtools index "${dest}/${u}.${ref_name}.bwa.bam"
done

------------------------------------------------------------

Successfully completed.

Resource usage summary:

    CPU time :                                   6306.09 sec.
    Max Memory :                                 3 GB
    Average Memory :                             2.12 GB
    Total Requested Memory :                     -
    Delta Memory :                               -
    Max Swap :                                   -
    Max Processes :                              6
    Max Threads :                                10
    Run time :                                   6314 sec.
    Turnaround time :                            6324 sec.

The output (if any) follows:



PS:

Read file <logs/bwa.754846.err> for stderr output of this job.

Sender: LSF System <lsfadmin@compute13>
Subject: Job 754846[4]: <bwa[1-6]> in cluster <tesla2> Done

Job <bwa[1-6]> was submitted from host <compute07> by user <whitel> in cluster <tesla2> at Fri Mar 22 13:46:52 2024
Job was executed on host(s) <18*compute13>, in queue <rna>, as user <whitel> in cluster <tesla2> at Fri Mar 22 13:46:57 2024
</beevol/home/whitel> was used as the home directory.
</beevol/home/whitel/tRNAworkshop/src> was used as the working directory.
Started at Fri Mar 22 13:46:57 2024
Terminated at Fri Mar 22 15:34:55 2024
Results reported at Fri Mar 22 15:34:55 2024

Your job looked like:

------------------------------------------------------------
# LSBATCH: User input
#! /usr/bin/env bash

#BSUB -J bwa[1-6]
#BSUB -o logs/bwa.%J.out
#BSUB -e logs/bwa.%J.err
#BSUB -R "span[hosts=1]"
#BSUB -q rna
#BSUB -n 18

in="$HOME/tRNAworkshop/rebasecalled/fastqs"
dest="$HOME/tRNAworkshop/rebasecalled/alignedbams/crossalignments"

set -o nounset -o pipefail -o errexit -x

samples=(
WTyeast004_20231111_1104_P2S-00519-B_PAQ47538_fa3726ec.rna004_130bps_sup@v3.0.1
Ecoli004_20240105_1224_MN31004_FAX73799_1fe84761.rna004_130bps_sup@v3.0.1
Drosophila004_20231208_1307_MN31004_FAX73799_72c200e4.rna004_130bps_sup@v3.0.1
HumanFibroblast004_20231208_1351_MN42516_FAX71838_b8f7b990.rna004_130bps_sup@v3.0.1
Tetrahymena004_20231208_0920_MN42516_FAX71838_a244513d.rna004_130bps_sup@v3.0.1
Zebrafish004_20231208_0919_MN31004_FAX73799_f3dea9f8.rna004_130bps_sup@v3.0.1
)

refloc="/beevol/home/whitel/tRNAworkshop/ref"

references=(
ecoliK12MG1655-mature-tRNAs.fa
sacCer3-mature-tRNAs.fa
tthermophila-numbered-mature-tRNAs.fa
dm6-mature-tRNAs.fa
danRer11-mature-tRNAs.fa
hg38-mature-tRNAs.fa
)

u=${samples[$(( $LSB_JOBINDEX -1 ))]}

# Loop over each reference
for ref in "${references[@]}"; do
    # Extract a simple name for the reference to use in naming the output files
    ref_name=$(basename "$ref" .fa)

    ### align to tRNA reference - adapter anchored reference alignment
    bwa mem -W 13 -k 6 -T 20 -x ont2d "$refloc/$ref" "$in/${u}.fastq" \
    | samtools view -F4 -hu - \
    | samtools sort -o "${dest}/${u}.${ref_name}.bwa.bam"

    samtools index "${dest}/${u}.${ref_name}.bwa.bam"
done

------------------------------------------------------------

Successfully completed.

Resource usage summary:

    CPU time :                                   6478.86 sec.
    Max Memory :                                 4 GB
    Average Memory :                             2.18 GB
    Total Requested Memory :                     -
    Delta Memory :                               -
    Max Swap :                                   -
    Max Processes :                              6
    Max Threads :                                10
    Run time :                                   6478 sec.
    Turnaround time :                            6483 sec.

The output (if any) follows:



PS:

Read file <logs/bwa.754846.err> for stderr output of this job.

Sender: LSF System <lsfadmin@compute20>
Subject: Job 754846[6]: <bwa[1-6]> in cluster <tesla2> Done

Job <bwa[1-6]> was submitted from host <compute07> by user <whitel> in cluster <tesla2> at Fri Mar 22 13:46:52 2024
Job was executed on host(s) <18*compute20>, in queue <rna>, as user <whitel> in cluster <tesla2> at Fri Mar 22 13:46:57 2024
</beevol/home/whitel> was used as the home directory.
</beevol/home/whitel/tRNAworkshop/src> was used as the working directory.
Started at Fri Mar 22 13:46:57 2024
Terminated at Fri Mar 22 17:18:25 2024
Results reported at Fri Mar 22 17:18:25 2024

Your job looked like:

------------------------------------------------------------
# LSBATCH: User input
#! /usr/bin/env bash

#BSUB -J bwa[1-6]
#BSUB -o logs/bwa.%J.out
#BSUB -e logs/bwa.%J.err
#BSUB -R "span[hosts=1]"
#BSUB -q rna
#BSUB -n 18

in="$HOME/tRNAworkshop/rebasecalled/fastqs"
dest="$HOME/tRNAworkshop/rebasecalled/alignedbams/crossalignments"

set -o nounset -o pipefail -o errexit -x

samples=(
WTyeast004_20231111_1104_P2S-00519-B_PAQ47538_fa3726ec.rna004_130bps_sup@v3.0.1
Ecoli004_20240105_1224_MN31004_FAX73799_1fe84761.rna004_130bps_sup@v3.0.1
Drosophila004_20231208_1307_MN31004_FAX73799_72c200e4.rna004_130bps_sup@v3.0.1
HumanFibroblast004_20231208_1351_MN42516_FAX71838_b8f7b990.rna004_130bps_sup@v3.0.1
Tetrahymena004_20231208_0920_MN42516_FAX71838_a244513d.rna004_130bps_sup@v3.0.1
Zebrafish004_20231208_0919_MN31004_FAX73799_f3dea9f8.rna004_130bps_sup@v3.0.1
)

refloc="/beevol/home/whitel/tRNAworkshop/ref"

references=(
ecoliK12MG1655-mature-tRNAs.fa
sacCer3-mature-tRNAs.fa
tthermophila-numbered-mature-tRNAs.fa
dm6-mature-tRNAs.fa
danRer11-mature-tRNAs.fa
hg38-mature-tRNAs.fa
)

u=${samples[$(( $LSB_JOBINDEX -1 ))]}

# Loop over each reference
for ref in "${references[@]}"; do
    # Extract a simple name for the reference to use in naming the output files
    ref_name=$(basename "$ref" .fa)

    ### align to tRNA reference - adapter anchored reference alignment
    bwa mem -W 13 -k 6 -T 20 -x ont2d "$refloc/$ref" "$in/${u}.fastq" \
    | samtools view -F4 -hu - \
    | samtools sort -o "${dest}/${u}.${ref_name}.bwa.bam"

    samtools index "${dest}/${u}.${ref_name}.bwa.bam"
done

------------------------------------------------------------

Successfully completed.

Resource usage summary:

    CPU time :                                   12711.18 sec.
    Max Memory :                                 4 GB
    Average Memory :                             2.59 GB
    Total Requested Memory :                     -
    Delta Memory :                               -
    Max Swap :                                   -
    Max Processes :                              6
    Max Threads :                                10
    Run time :                                   12687 sec.
    Turnaround time :                            12693 sec.

The output (if any) follows:



PS:

Read file <logs/bwa.754846.err> for stderr output of this job.

Sender: LSF System <lsfadmin@compute19>
Subject: Job 754846[5]: <bwa[1-6]> in cluster <tesla2> Done

Job <bwa[1-6]> was submitted from host <compute07> by user <whitel> in cluster <tesla2> at Fri Mar 22 13:46:52 2024
Job was executed on host(s) <18*compute19>, in queue <rna>, as user <whitel> in cluster <tesla2> at Fri Mar 22 13:46:57 2024
</beevol/home/whitel> was used as the home directory.
</beevol/home/whitel/tRNAworkshop/src> was used as the working directory.
Started at Fri Mar 22 13:46:57 2024
Terminated at Fri Mar 22 19:04:05 2024
Results reported at Fri Mar 22 19:04:05 2024

Your job looked like:

------------------------------------------------------------
# LSBATCH: User input
#! /usr/bin/env bash

#BSUB -J bwa[1-6]
#BSUB -o logs/bwa.%J.out
#BSUB -e logs/bwa.%J.err
#BSUB -R "span[hosts=1]"
#BSUB -q rna
#BSUB -n 18

in="$HOME/tRNAworkshop/rebasecalled/fastqs"
dest="$HOME/tRNAworkshop/rebasecalled/alignedbams/crossalignments"

set -o nounset -o pipefail -o errexit -x

samples=(
WTyeast004_20231111_1104_P2S-00519-B_PAQ47538_fa3726ec.rna004_130bps_sup@v3.0.1
Ecoli004_20240105_1224_MN31004_FAX73799_1fe84761.rna004_130bps_sup@v3.0.1
Drosophila004_20231208_1307_MN31004_FAX73799_72c200e4.rna004_130bps_sup@v3.0.1
HumanFibroblast004_20231208_1351_MN42516_FAX71838_b8f7b990.rna004_130bps_sup@v3.0.1
Tetrahymena004_20231208_0920_MN42516_FAX71838_a244513d.rna004_130bps_sup@v3.0.1
Zebrafish004_20231208_0919_MN31004_FAX73799_f3dea9f8.rna004_130bps_sup@v3.0.1
)

refloc="/beevol/home/whitel/tRNAworkshop/ref"

references=(
ecoliK12MG1655-mature-tRNAs.fa
sacCer3-mature-tRNAs.fa
tthermophila-numbered-mature-tRNAs.fa
dm6-mature-tRNAs.fa
danRer11-mature-tRNAs.fa
hg38-mature-tRNAs.fa
)

u=${samples[$(( $LSB_JOBINDEX -1 ))]}

# Loop over each reference
for ref in "${references[@]}"; do
    # Extract a simple name for the reference to use in naming the output files
    ref_name=$(basename "$ref" .fa)

    ### align to tRNA reference - adapter anchored reference alignment
    bwa mem -W 13 -k 6 -T 20 -x ont2d "$refloc/$ref" "$in/${u}.fastq" \
    | samtools view -F4 -hu - \
    | samtools sort -o "${dest}/${u}.${ref_name}.bwa.bam"

    samtools index "${dest}/${u}.${ref_name}.bwa.bam"
done

------------------------------------------------------------

Successfully completed.

Resource usage summary:

    CPU time :                                   19070.77 sec.
    Max Memory :                                 4 GB
    Average Memory :                             2.56 GB
    Total Requested Memory :                     -
    Delta Memory :                               -
    Max Swap :                                   -
    Max Processes :                              6
    Max Threads :                                10
    Run time :                                   19028 sec.
    Turnaround time :                            19033 sec.

The output (if any) follows:



PS:

Read file <logs/bwa.754846.err> for stderr output of this job.

