+ samples=(WTyeast002_20231111_1103_P2S-00519-A_PAS43478_1fa49e43.rna002_70bps_fast@v3 WTyeast002_20231111_1103_P2S-00519-A_PAS43478_1fa49e43.rna002_70bps_hac@v3 WTyeast004_20231111_1104_P2S-00519-B_PAQ47538_fa3726ec.rna004_130bps_fast@v3.0.1 WTyeast004_20231111_1104_P2S-00519-B_PAQ47538_fa3726ec.rna004_130bps_fast@v5.0.0 WTyeast004_20231111_1104_P2S-00519-B_PAQ47538_fa3726ec.rna004_130bps_hac@v3.0.1 WTyeast004_20231111_1104_P2S-00519-B_PAQ47538_fa3726ec.rna004_130bps_hac@v5.0.0 WTyeast004_20231111_1104_P2S-00519-B_PAQ47538_fa3726ec.rna004_130bps_sup@v3.0.1 WTyeast004_20231111_1104_P2S-00519-B_PAQ47538_fa3726ec.rna004_130bps_sup@v5.0.0)
+ u=WTyeast002_20231111_1103_P2S-00519-A_PAS43478_1fa49e43.rna002_70bps_fast@v3
+ bwa mem -W 13 -k 6 -T 20 -x ont2d /beevol/home/whitel/tRNAworkshop/ref/sacCer3-mature-tRNAs.fa /beevol/home/whitel/tRNAworkshop/rebasecalled/fastqs/WTyeast002_20231111_1103_P2S-00519-A_PAS43478_1fa49e43.rna002_70bps_fast@v3.fastq
+ samtools view -F4 -hu -
+ samtools sort -o /beevol/home/whitel/tRNAworkshop/rebasecalled/alignedbams/WTyeast002_20231111_1103_P2S-00519-A_PAS43478_1fa49e43.rna002_70bps_fast@v3.bwa.bam
[M::bwa_idx_load_from_disk] read 0 ALT contigs
[M::process] read 19431 sequences (3083941 bp)...
[M::mem_process_seqs] Processed 19431 reads in 95.951 CPU sec, 95.946 real sec
[main] Version: 0.7.16a-r1181
[main] CMD: bwa mem -W 13 -k 6 -T 20 -x ont2d /beevol/home/whitel/tRNAworkshop/ref/sacCer3-mature-tRNAs.fa /beevol/home/whitel/tRNAworkshop/rebasecalled/fastqs/WTyeast002_20231111_1103_P2S-00519-A_PAS43478_1fa49e43.rna002_70bps_fast@v3.fastq
[main] Real time: 137.395 sec; CPU: 96.068 sec
+ samtools index /beevol/home/whitel/tRNAworkshop/rebasecalled/alignedbams/WTyeast002_20231111_1103_P2S-00519-A_PAS43478_1fa49e43.rna002_70bps_fast@v3.bwa.bam
+ samples=(WTyeast002_20231111_1103_P2S-00519-A_PAS43478_1fa49e43.rna002_70bps_fast@v3 WTyeast002_20231111_1103_P2S-00519-A_PAS43478_1fa49e43.rna002_70bps_hac@v3 WTyeast004_20231111_1104_P2S-00519-B_PAQ47538_fa3726ec.rna004_130bps_fast@v3.0.1 WTyeast004_20231111_1104_P2S-00519-B_PAQ47538_fa3726ec.rna004_130bps_fast@v5.0.0 WTyeast004_20231111_1104_P2S-00519-B_PAQ47538_fa3726ec.rna004_130bps_hac@v3.0.1 WTyeast004_20231111_1104_P2S-00519-B_PAQ47538_fa3726ec.rna004_130bps_hac@v5.0.0 WTyeast004_20231111_1104_P2S-00519-B_PAQ47538_fa3726ec.rna004_130bps_sup@v3.0.1 WTyeast004_20231111_1104_P2S-00519-B_PAQ47538_fa3726ec.rna004_130bps_sup@v5.0.0)
+ u=WTyeast002_20231111_1103_P2S-00519-A_PAS43478_1fa49e43.rna002_70bps_hac@v3
+ samtools view -F4 -hu -
+ samtools sort -o /beevol/home/whitel/tRNAworkshop/rebasecalled/alignedbams/WTyeast002_20231111_1103_P2S-00519-A_PAS43478_1fa49e43.rna002_70bps_hac@v3.bwa.bam
+ bwa mem -W 13 -k 6 -T 20 -x ont2d /beevol/home/whitel/tRNAworkshop/ref/sacCer3-mature-tRNAs.fa /beevol/home/whitel/tRNAworkshop/rebasecalled/fastqs/WTyeast002_20231111_1103_P2S-00519-A_PAS43478_1fa49e43.rna002_70bps_hac@v3.fastq
[M::bwa_idx_load_from_disk] read 0 ALT contigs
[M::process] read 19396 sequences (3034060 bp)...
[M::mem_process_seqs] Processed 19396 reads in 82.049 CPU sec, 82.243 real sec
[main] Version: 0.7.16a-r1181
[main] CMD: bwa mem -W 13 -k 6 -T 20 -x ont2d /beevol/home/whitel/tRNAworkshop/ref/sacCer3-mature-tRNAs.fa /beevol/home/whitel/tRNAworkshop/rebasecalled/fastqs/WTyeast002_20231111_1103_P2S-00519-A_PAS43478_1fa49e43.rna002_70bps_hac@v3.fastq
[main] Real time: 107.774 sec; CPU: 82.146 sec
+ samtools index /beevol/home/whitel/tRNAworkshop/rebasecalled/alignedbams/WTyeast002_20231111_1103_P2S-00519-A_PAS43478_1fa49e43.rna002_70bps_hac@v3.bwa.bam
+ samples=(WTyeast002_20231111_1103_P2S-00519-A_PAS43478_1fa49e43.rna002_70bps_fast@v3 WTyeast002_20231111_1103_P2S-00519-A_PAS43478_1fa49e43.rna002_70bps_hac@v3 WTyeast004_20231111_1104_P2S-00519-B_PAQ47538_fa3726ec.rna004_130bps_fast@v3.0.1 WTyeast004_20231111_1104_P2S-00519-B_PAQ47538_fa3726ec.rna004_130bps_fast@v5.0.0 WTyeast004_20231111_1104_P2S-00519-B_PAQ47538_fa3726ec.rna004_130bps_hac@v3.0.1 WTyeast004_20231111_1104_P2S-00519-B_PAQ47538_fa3726ec.rna004_130bps_hac@v5.0.0 WTyeast004_20231111_1104_P2S-00519-B_PAQ47538_fa3726ec.rna004_130bps_sup@v3.0.1 WTyeast004_20231111_1104_P2S-00519-B_PAQ47538_fa3726ec.rna004_130bps_sup@v5.0.0)
+ u=WTyeast004_20231111_1104_P2S-00519-B_PAQ47538_fa3726ec.rna004_130bps_fast@v5.0.0
+ bwa mem -W 13 -k 6 -T 20 -x ont2d /beevol/home/whitel/tRNAworkshop/ref/sacCer3-mature-tRNAs.fa /beevol/home/whitel/tRNAworkshop/rebasecalled/fastqs/WTyeast004_20231111_1104_P2S-00519-B_PAQ47538_fa3726ec.rna004_130bps_fast@v5.0.0.fastq
+ samtools view -F4 -hu -
+ samtools sort -o /beevol/home/whitel/tRNAworkshop/rebasecalled/alignedbams/WTyeast004_20231111_1104_P2S-00519-B_PAQ47538_fa3726ec.rna004_130bps_fast@v5.0.0.bwa.bam
[M::bwa_idx_load_from_disk] read 0 ALT contigs
[M::process] read 101302 sequences (10000222 bp)...
[M::process] read 100454 sequences (10000175 bp)...
[M::mem_process_seqs] Processed 101302 reads in 253.542 CPU sec, 254.075 real sec
[M::process] read 3258 sequences (381773 bp)...
[M::mem_process_seqs] Processed 100454 reads in 259.082 CPU sec, 259.651 real sec
[M::mem_process_seqs] Processed 3258 reads in 11.688 CPU sec, 11.612 real sec
[main] Version: 0.7.16a-r1181
[main] CMD: bwa mem -W 13 -k 6 -T 20 -x ont2d /beevol/home/whitel/tRNAworkshop/ref/sacCer3-mature-tRNAs.fa /beevol/home/whitel/tRNAworkshop/rebasecalled/fastqs/WTyeast004_20231111_1104_P2S-00519-B_PAQ47538_fa3726ec.rna004_130bps_fast@v5.0.0.fastq
[main] Real time: 528.852 sec; CPU: 524.407 sec
+ samtools index /beevol/home/whitel/tRNAworkshop/rebasecalled/alignedbams/WTyeast004_20231111_1104_P2S-00519-B_PAQ47538_fa3726ec.rna004_130bps_fast@v5.0.0.bwa.bam
+ samples=(WTyeast002_20231111_1103_P2S-00519-A_PAS43478_1fa49e43.rna002_70bps_fast@v3 WTyeast002_20231111_1103_P2S-00519-A_PAS43478_1fa49e43.rna002_70bps_hac@v3 WTyeast004_20231111_1104_P2S-00519-B_PAQ47538_fa3726ec.rna004_130bps_fast@v3.0.1 WTyeast004_20231111_1104_P2S-00519-B_PAQ47538_fa3726ec.rna004_130bps_fast@v5.0.0 WTyeast004_20231111_1104_P2S-00519-B_PAQ47538_fa3726ec.rna004_130bps_hac@v3.0.1 WTyeast004_20231111_1104_P2S-00519-B_PAQ47538_fa3726ec.rna004_130bps_hac@v5.0.0 WTyeast004_20231111_1104_P2S-00519-B_PAQ47538_fa3726ec.rna004_130bps_sup@v3.0.1 WTyeast004_20231111_1104_P2S-00519-B_PAQ47538_fa3726ec.rna004_130bps_sup@v5.0.0)
+ u=WTyeast004_20231111_1104_P2S-00519-B_PAQ47538_fa3726ec.rna004_130bps_hac@v3.0.1
+ bwa mem -W 13 -k 6 -T 20 -x ont2d /beevol/home/whitel/tRNAworkshop/ref/sacCer3-mature-tRNAs.fa /beevol/home/whitel/tRNAworkshop/rebasecalled/fastqs/WTyeast004_20231111_1104_P2S-00519-B_PAQ47538_fa3726ec.rna004_130bps_hac@v3.0.1.fastq
+ samtools view -F4 -hu -
+ samtools sort -o /beevol/home/whitel/tRNAworkshop/rebasecalled/alignedbams/WTyeast004_20231111_1104_P2S-00519-B_PAQ47538_fa3726ec.rna004_130bps_hac@v3.0.1.bwa.bam
[M::bwa_idx_load_from_disk] read 0 ALT contigs
[M::process] read 67210 sequences (10000115 bp)...
[M::process] read 69952 sequences (10000723 bp)...
[M::mem_process_seqs] Processed 67210 reads in 239.692 CPU sec, 240.190 real sec
[M::process] read 67451 sequences (9627426 bp)...
[M::mem_process_seqs] Processed 69952 reads in 232.973 CPU sec, 233.363 real sec
[M::mem_process_seqs] Processed 67451 reads in 226.450 CPU sec, 226.954 real sec
[main] Version: 0.7.16a-r1181
[main] CMD: bwa mem -W 13 -k 6 -T 20 -x ont2d /beevol/home/whitel/tRNAworkshop/ref/sacCer3-mature-tRNAs.fa /beevol/home/whitel/tRNAworkshop/rebasecalled/fastqs/WTyeast004_20231111_1104_P2S-00519-B_PAQ47538_fa3726ec.rna004_130bps_hac@v3.0.1.fastq
[main] Real time: 738.183 sec; CPU: 699.251 sec
+ samtools index /beevol/home/whitel/tRNAworkshop/rebasecalled/alignedbams/WTyeast004_20231111_1104_P2S-00519-B_PAQ47538_fa3726ec.rna004_130bps_hac@v3.0.1.bwa.bam
+ samples=(WTyeast002_20231111_1103_P2S-00519-A_PAS43478_1fa49e43.rna002_70bps_fast@v3 WTyeast002_20231111_1103_P2S-00519-A_PAS43478_1fa49e43.rna002_70bps_hac@v3 WTyeast004_20231111_1104_P2S-00519-B_PAQ47538_fa3726ec.rna004_130bps_fast@v3.0.1 WTyeast004_20231111_1104_P2S-00519-B_PAQ47538_fa3726ec.rna004_130bps_fast@v5.0.0 WTyeast004_20231111_1104_P2S-00519-B_PAQ47538_fa3726ec.rna004_130bps_hac@v3.0.1 WTyeast004_20231111_1104_P2S-00519-B_PAQ47538_fa3726ec.rna004_130bps_hac@v5.0.0 WTyeast004_20231111_1104_P2S-00519-B_PAQ47538_fa3726ec.rna004_130bps_sup@v3.0.1 WTyeast004_20231111_1104_P2S-00519-B_PAQ47538_fa3726ec.rna004_130bps_sup@v5.0.0)
+ u=WTyeast004_20231111_1104_P2S-00519-B_PAQ47538_fa3726ec.rna004_130bps_hac@v5.0.0
+ bwa mem -W 13 -k 6 -T 20 -x ont2d /beevol/home/whitel/tRNAworkshop/ref/sacCer3-mature-tRNAs.fa /beevol/home/whitel/tRNAworkshop/rebasecalled/fastqs/WTyeast004_20231111_1104_P2S-00519-B_PAQ47538_fa3726ec.rna004_130bps_hac@v5.0.0.fastq
+ samtools view -F4 -hu -
+ samtools sort -o /beevol/home/whitel/tRNAworkshop/rebasecalled/alignedbams/WTyeast004_20231111_1104_P2S-00519-B_PAQ47538_fa3726ec.rna004_130bps_hac@v5.0.0.bwa.bam
[M::bwa_idx_load_from_disk] read 0 ALT contigs
[M::process] read 85312 sequences (10000090 bp)...
[M::process] read 85576 sequences (10000002 bp)...
[M::mem_process_seqs] Processed 85312 reads in 310.722 CPU sec, 311.387 real sec
[M::process] read 34350 sequences (4263896 bp)...
[M::mem_process_seqs] Processed 85576 reads in 305.695 CPU sec, 306.355 real sec
[M::mem_process_seqs] Processed 34350 reads in 132.440 CPU sec, 132.678 real sec
[main] Version: 0.7.16a-r1181
[main] CMD: bwa mem -W 13 -k 6 -T 20 -x ont2d /beevol/home/whitel/tRNAworkshop/ref/sacCer3-mature-tRNAs.fa /beevol/home/whitel/tRNAworkshop/rebasecalled/fastqs/WTyeast004_20231111_1104_P2S-00519-B_PAQ47538_fa3726ec.rna004_130bps_hac@v5.0.0.fastq
[main] Real time: 756.619 sec; CPU: 748.979 sec
+ samtools index /beevol/home/whitel/tRNAworkshop/rebasecalled/alignedbams/WTyeast004_20231111_1104_P2S-00519-B_PAQ47538_fa3726ec.rna004_130bps_hac@v5.0.0.bwa.bam
+ samples=(WTyeast002_20231111_1103_P2S-00519-A_PAS43478_1fa49e43.rna002_70bps_fast@v3 WTyeast002_20231111_1103_P2S-00519-A_PAS43478_1fa49e43.rna002_70bps_hac@v3 WTyeast004_20231111_1104_P2S-00519-B_PAQ47538_fa3726ec.rna004_130bps_fast@v3.0.1 WTyeast004_20231111_1104_P2S-00519-B_PAQ47538_fa3726ec.rna004_130bps_fast@v5.0.0 WTyeast004_20231111_1104_P2S-00519-B_PAQ47538_fa3726ec.rna004_130bps_hac@v3.0.1 WTyeast004_20231111_1104_P2S-00519-B_PAQ47538_fa3726ec.rna004_130bps_hac@v5.0.0 WTyeast004_20231111_1104_P2S-00519-B_PAQ47538_fa3726ec.rna004_130bps_sup@v3.0.1 WTyeast004_20231111_1104_P2S-00519-B_PAQ47538_fa3726ec.rna004_130bps_sup@v5.0.0)
+ u=WTyeast004_20231111_1104_P2S-00519-B_PAQ47538_fa3726ec.rna004_130bps_fast@v3.0.1
+ bwa mem -W 13 -k 6 -T 20 -x ont2d /beevol/home/whitel/tRNAworkshop/ref/sacCer3-mature-tRNAs.fa /beevol/home/whitel/tRNAworkshop/rebasecalled/fastqs/WTyeast004_20231111_1104_P2S-00519-B_PAQ47538_fa3726ec.rna004_130bps_fast@v3.0.1.fastq
+ samtools view -F4 -hu -
+ samtools sort -o /beevol/home/whitel/tRNAworkshop/rebasecalled/alignedbams/WTyeast004_20231111_1104_P2S-00519-B_PAQ47538_fa3726ec.rna004_130bps_fast@v3.0.1.bwa.bam
[M::bwa_idx_load_from_disk] read 0 ALT contigs
[M::process] read 54734 sequences (10000376 bp)...
[M::process] read 53658 sequences (10000207 bp)...
[M::mem_process_seqs] Processed 54734 reads in 407.553 CPU sec, 407.441 real sec
[M::process] read 57062 sequences (10000081 bp)...
[M::mem_process_seqs] Processed 53658 reads in 409.304 CPU sec, 409.124 real sec
[M::process] read 39275 sequences (6849463 bp)...
[M::mem_process_seqs] Processed 57062 reads in 421.116 CPU sec, 420.949 real sec
[M::mem_process_seqs] Processed 39275 reads in 284.907 CPU sec, 284.803 real sec
[main] Version: 0.7.16a-r1181
[main] CMD: bwa mem -W 13 -k 6 -T 20 -x ont2d /beevol/home/whitel/tRNAworkshop/ref/sacCer3-mature-tRNAs.fa /beevol/home/whitel/tRNAworkshop/rebasecalled/fastqs/WTyeast004_20231111_1104_P2S-00519-B_PAQ47538_fa3726ec.rna004_130bps_fast@v3.0.1.fastq
[main] Real time: 1527.102 sec; CPU: 1523.062 sec
+ samtools index /beevol/home/whitel/tRNAworkshop/rebasecalled/alignedbams/WTyeast004_20231111_1104_P2S-00519-B_PAQ47538_fa3726ec.rna004_130bps_fast@v3.0.1.bwa.bam
+ samples=(WTyeast002_20231111_1103_P2S-00519-A_PAS43478_1fa49e43.rna002_70bps_fast@v3 WTyeast002_20231111_1103_P2S-00519-A_PAS43478_1fa49e43.rna002_70bps_hac@v3 WTyeast004_20231111_1104_P2S-00519-B_PAQ47538_fa3726ec.rna004_130bps_fast@v3.0.1 WTyeast004_20231111_1104_P2S-00519-B_PAQ47538_fa3726ec.rna004_130bps_fast@v5.0.0 WTyeast004_20231111_1104_P2S-00519-B_PAQ47538_fa3726ec.rna004_130bps_hac@v3.0.1 WTyeast004_20231111_1104_P2S-00519-B_PAQ47538_fa3726ec.rna004_130bps_hac@v5.0.0 WTyeast004_20231111_1104_P2S-00519-B_PAQ47538_fa3726ec.rna004_130bps_sup@v3.0.1 WTyeast004_20231111_1104_P2S-00519-B_PAQ47538_fa3726ec.rna004_130bps_sup@v5.0.0)
+ u=WTyeast004_20231111_1104_P2S-00519-B_PAQ47538_fa3726ec.rna004_130bps_sup@v3.0.1
+ bwa mem -W 13 -k 6 -T 20 -x ont2d /beevol/home/whitel/tRNAworkshop/ref/sacCer3-mature-tRNAs.fa /beevol/home/whitel/tRNAworkshop/rebasecalled/fastqs/WTyeast004_20231111_1104_P2S-00519-B_PAQ47538_fa3726ec.rna004_130bps_sup@v3.0.1.fastq
+ samtools view -F4 -hu -
+ samtools sort -o /beevol/home/whitel/tRNAworkshop/rebasecalled/alignedbams/WTyeast004_20231111_1104_P2S-00519-B_PAQ47538_fa3726ec.rna004_130bps_sup@v3.0.1.bwa.bam
[M::bwa_idx_load_from_disk] read 0 ALT contigs
[M::process] read 56546 sequences (10000168 bp)...
[M::process] read 59004 sequences (10000043 bp)...
[M::mem_process_seqs] Processed 56546 reads in 279.306 CPU sec, 279.908 real sec
[M::process] read 59304 sequences (10000108 bp)...
[M::mem_process_seqs] Processed 59004 reads in 282.844 CPU sec, 283.394 real sec
[M::process] read 29652 sequences (5012240 bp)...
[M::mem_process_seqs] Processed 59304 reads in 281.277 CPU sec, 281.841 real sec
[M::mem_process_seqs] Processed 29652 reads in 144.664 CPU sec, 144.901 real sec
[main] Version: 0.7.16a-r1181
[main] CMD: bwa mem -W 13 -k 6 -T 20 -x ont2d /beevol/home/whitel/tRNAworkshop/ref/sacCer3-mature-tRNAs.fa /beevol/home/whitel/tRNAworkshop/rebasecalled/fastqs/WTyeast004_20231111_1104_P2S-00519-B_PAQ47538_fa3726ec.rna004_130bps_sup@v3.0.1.fastq
[main] Real time: 1076.205 sec; CPU: 988.205 sec
+ samtools index /beevol/home/whitel/tRNAworkshop/rebasecalled/alignedbams/WTyeast004_20231111_1104_P2S-00519-B_PAQ47538_fa3726ec.rna004_130bps_sup@v3.0.1.bwa.bam
+ samples=(WTyeast002_20231111_1103_P2S-00519-A_PAS43478_1fa49e43.rna002_70bps_fast@v3 WTyeast002_20231111_1103_P2S-00519-A_PAS43478_1fa49e43.rna002_70bps_hac@v3 WTyeast004_20231111_1104_P2S-00519-B_PAQ47538_fa3726ec.rna004_130bps_fast@v3.0.1 WTyeast004_20231111_1104_P2S-00519-B_PAQ47538_fa3726ec.rna004_130bps_fast@v5.0.0 WTyeast004_20231111_1104_P2S-00519-B_PAQ47538_fa3726ec.rna004_130bps_hac@v3.0.1 WTyeast004_20231111_1104_P2S-00519-B_PAQ47538_fa3726ec.rna004_130bps_hac@v5.0.0 WTyeast004_20231111_1104_P2S-00519-B_PAQ47538_fa3726ec.rna004_130bps_sup@v3.0.1 WTyeast004_20231111_1104_P2S-00519-B_PAQ47538_fa3726ec.rna004_130bps_sup@v5.0.0)
+ u=WTyeast004_20231111_1104_P2S-00519-B_PAQ47538_fa3726ec.rna004_130bps_sup@v5.0.0
+ bwa mem -W 13 -k 6 -T 20 -x ont2d /beevol/home/whitel/tRNAworkshop/ref/sacCer3-mature-tRNAs.fa /beevol/home/whitel/tRNAworkshop/rebasecalled/fastqs/WTyeast004_20231111_1104_P2S-00519-B_PAQ47538_fa3726ec.rna004_130bps_sup@v5.0.0.fastq
+ samtools view -F4 -hu -
+ samtools sort -o /beevol/home/whitel/tRNAworkshop/rebasecalled/alignedbams/WTyeast004_20231111_1104_P2S-00519-B_PAQ47538_fa3726ec.rna004_130bps_sup@v5.0.0.bwa.bam
[M::bwa_idx_load_from_disk] read 0 ALT contigs
[M::process] read 74304 sequences (10000011 bp)...
[M::process] read 75308 sequences (10000107 bp)...
[M::mem_process_seqs] Processed 74304 reads in 806.834 CPU sec, 808.684 real sec
[M::process] read 55731 sequences (8249340 bp)...
[M::mem_process_seqs] Processed 75308 reads in 785.613 CPU sec, 787.357 real sec
[M::mem_process_seqs] Processed 55731 reads in 756.092 CPU sec, 757.842 real sec
[main] Version: 0.7.16a-r1181
[main] CMD: bwa mem -W 13 -k 6 -T 20 -x ont2d /beevol/home/whitel/tRNAworkshop/ref/sacCer3-mature-tRNAs.fa /beevol/home/whitel/tRNAworkshop/rebasecalled/fastqs/WTyeast004_20231111_1104_P2S-00519-B_PAQ47538_fa3726ec.rna004_130bps_sup@v5.0.0.fastq
[main] Real time: 2362.266 sec; CPU: 2348.693 sec
+ samtools index /beevol/home/whitel/tRNAworkshop/rebasecalled/alignedbams/WTyeast004_20231111_1104_P2S-00519-B_PAQ47538_fa3726ec.rna004_130bps_sup@v5.0.0.bwa.bam
