Sender: LSF System <lsfadmin@compute19>
Subject: Job 849442[1]: <bwa[1-16]> in cluster <tesla2> Exited

Job <bwa[1-16]> was submitted from host <compute21> by user <whitel> in cluster <tesla2> at Mon Jun  3 19:15:50 2024
Job was executed on host(s) <7*compute19>, in queue <rna>, as user <whitel> in cluster <tesla2> at Mon Jun  3 19:15:56 2024
                            <2*compute17>
                            <3*compute20>
</beevol/home/whitel> was used as the home directory.
</beevol/home/whitel/tRNAworkshop/src> was used as the working directory.
Started at Mon Jun  3 19:15:56 2024
Terminated at Mon Jun  3 19:21:56 2024
Results reported at Mon Jun  3 19:21:56 2024

Your job looked like:

------------------------------------------------------------
# LSBATCH: User input
#! /usr/bin/env bash

#BSUB -J bwa[1-16]
#BSUB -o logs/bwa.%J.out
#BSUB -e logs/bwa.%J.err
#BSUB -q rna
#BSUB -n 12

bwaidx="$HOME/tRNAworkshop/ref/sacCer-mito-and-nuclear-tRNAs.fa"
in="$HOME/tRNAworkshop/alignment_evals/syntheticreads"
dest="$HOME/tRNAworkshop/alignment_evals/bams"

set -o nounset -o pipefail -o errexit -x

samples=(
Q5synthetic.fasta
Q6synthetic.fasta
Q7synthetic.fasta
Q8synthetic.fasta
Q9synthetic.fasta
Q10synthetic.fasta
Q11synthetic.fasta
Q12synthetic.fasta
Q13synthetic.fasta
Q14synthetic.fasta
Q15synthetic.fasta
Q16synthetic.fasta
Q17synthetic.fasta
Q18synthetic.fasta
Q19synthetic.fasta
Q20synthetic.fasta
)

u=${samples[$(( $LSB_JOBINDEX -1 ))]}

### align to tRNA reference - adapter anchored reference alignment
bwa mem -W 13 -k 6 -T 20 -x ont2d $bwaidx $in/${u} \
| samtools view -F4 -hu - \
| samtools sort -o ${dest}/${u}.bwa.bam

samtools index ${dest}/${u}.bwa.bam

------------------------------------------------------------

TERM_OWNER: job killed by owner.
Exited with exit code 130.

Resource usage summary:

    CPU time :                                   347.30 sec.
    Max Memory :                                 2 GB
    Average Memory :                             0.79 GB
    Total Requested Memory :                     -
    Delta Memory :                               -
    Max Swap :                                   -
    Max Processes :                              6
    Max Threads :                                10
    Run time :                                   360 sec.
    Turnaround time :                            370 sec.

The output (if any) follows:



PS:

Read file <logs/bwa.849442.err> for stderr output of this job.

