Sender: LSF System <lsfadmin@compute10>
Subject: Job 854601[1]: <bwa[1-3]> in cluster <tesla2> Done

Job <bwa[1-3]> was submitted from host <compute03> by user <whitel> in cluster <tesla2> at Fri Jun  7 11:30:28 2024
Job was executed on host(s) <18*compute10>, in queue <rna>, as user <whitel> in cluster <tesla2> at Fri Jun  7 11:30:37 2024
</beevol/home/whitel> was used as the home directory.
</beevol/home/whitel/tRNAworkshop/src> was used as the working directory.
Started at Fri Jun  7 11:30:37 2024
Terminated at Fri Jun  7 11:43:18 2024
Results reported at Fri Jun  7 11:43:18 2024

Your job looked like:

------------------------------------------------------------
# LSBATCH: User input
#! /usr/bin/env bash

#BSUB -J bwa[1-3]
#BSUB -o logs/bwa.%J.out
#BSUB -e logs/bwa.%J.err
#BSUB -R "span[hosts=1]"
#BSUB -q rna
#BSUB -n 18

bwaidx="$HOME/tRNAworkshop/ref/hg38-mature-tRNAs.fa"
in="$HOME/tRNAworkshop/rebasecalled/fastqs"
dest="$HOME/tRNAworkshop/rebasecalled/alignedbams"

set -o nounset -o pipefail -o errexit -x

samples=(
Trub1untrH295R004_20231207_1527_MN42516_FAX73799_8b069090.rna004_130bps_fast@v5.0.0
Trub1untrH295R004_20231207_1527_MN42516_FAX73799_8b069090.rna004_130bps_hac@v5.0.0
Trub1untrH295R004_20231207_1527_MN42516_FAX73799_8b069090.rna004_130bps_sup@v5.0.0
)

u=${samples[$(( $LSB_JOBINDEX -1 ))]}

### align to tRNA reference - adapter anchored reference alignment
bwa mem -W 13 -k 6 -T 20 -x ont2d $bwaidx $in/${u}.fastq \
| samtools view -F4 -hu - \
| samtools sort -o ${dest}/${u}.bwa.bam

samtools index ${dest}/${u}.bwa.bam


------------------------------------------------------------

Successfully completed.

Resource usage summary:

    CPU time :                                   712.12 sec.
    Max Memory :                                 2 GB
    Average Memory :                             1.34 GB
    Total Requested Memory :                     -
    Delta Memory :                               -
    Max Swap :                                   -
    Max Processes :                              6
    Max Threads :                                10
    Run time :                                   761 sec.
    Turnaround time :                            773 sec.

The output (if any) follows:



PS:

Read file <logs/bwa.854601.err> for stderr output of this job.

Sender: LSF System <lsfadmin@compute01>
Subject: Job 854601[2]: <bwa[1-3]> in cluster <tesla2> Done

Job <bwa[1-3]> was submitted from host <compute03> by user <whitel> in cluster <tesla2> at Fri Jun  7 11:30:28 2024
Job was executed on host(s) <18*compute01>, in queue <rna>, as user <whitel> in cluster <tesla2> at Fri Jun  7 11:30:34 2024
</beevol/home/whitel> was used as the home directory.
</beevol/home/whitel/tRNAworkshop/src> was used as the working directory.
Started at Fri Jun  7 11:30:34 2024
Terminated at Fri Jun  7 11:47:18 2024
Results reported at Fri Jun  7 11:47:18 2024

Your job looked like:

------------------------------------------------------------
# LSBATCH: User input
#! /usr/bin/env bash

#BSUB -J bwa[1-3]
#BSUB -o logs/bwa.%J.out
#BSUB -e logs/bwa.%J.err
#BSUB -R "span[hosts=1]"
#BSUB -q rna
#BSUB -n 18

bwaidx="$HOME/tRNAworkshop/ref/hg38-mature-tRNAs.fa"
in="$HOME/tRNAworkshop/rebasecalled/fastqs"
dest="$HOME/tRNAworkshop/rebasecalled/alignedbams"

set -o nounset -o pipefail -o errexit -x

samples=(
Trub1untrH295R004_20231207_1527_MN42516_FAX73799_8b069090.rna004_130bps_fast@v5.0.0
Trub1untrH295R004_20231207_1527_MN42516_FAX73799_8b069090.rna004_130bps_hac@v5.0.0
Trub1untrH295R004_20231207_1527_MN42516_FAX73799_8b069090.rna004_130bps_sup@v5.0.0
)

u=${samples[$(( $LSB_JOBINDEX -1 ))]}

### align to tRNA reference - adapter anchored reference alignment
bwa mem -W 13 -k 6 -T 20 -x ont2d $bwaidx $in/${u}.fastq \
| samtools view -F4 -hu - \
| samtools sort -o ${dest}/${u}.bwa.bam

samtools index ${dest}/${u}.bwa.bam


------------------------------------------------------------

Successfully completed.

Resource usage summary:

    CPU time :                                   1002.85 sec.
    Max Memory :                                 3 GB
    Average Memory :                             1.63 GB
    Total Requested Memory :                     -
    Delta Memory :                               -
    Max Swap :                                   -
    Max Processes :                              6
    Max Threads :                                10
    Run time :                                   1004 sec.
    Turnaround time :                            1013 sec.

The output (if any) follows:



PS:

Read file <logs/bwa.854601.err> for stderr output of this job.

Sender: LSF System <lsfadmin@compute13>
Subject: Job 854601[3]: <bwa[1-3]> in cluster <tesla2> Done

Job <bwa[1-3]> was submitted from host <compute03> by user <whitel> in cluster <tesla2> at Fri Jun  7 11:30:28 2024
Job was executed on host(s) <18*compute13>, in queue <rna>, as user <whitel> in cluster <tesla2> at Fri Jun  7 11:29:54 2024
</beevol/home/whitel> was used as the home directory.
</beevol/home/whitel/tRNAworkshop/src> was used as the working directory.
Started at Fri Jun  7 11:29:54 2024
Terminated at Fri Jun  7 12:26:53 2024
Results reported at Fri Jun  7 12:26:53 2024

Your job looked like:

------------------------------------------------------------
# LSBATCH: User input
#! /usr/bin/env bash

#BSUB -J bwa[1-3]
#BSUB -o logs/bwa.%J.out
#BSUB -e logs/bwa.%J.err
#BSUB -R "span[hosts=1]"
#BSUB -q rna
#BSUB -n 18

bwaidx="$HOME/tRNAworkshop/ref/hg38-mature-tRNAs.fa"
in="$HOME/tRNAworkshop/rebasecalled/fastqs"
dest="$HOME/tRNAworkshop/rebasecalled/alignedbams"

set -o nounset -o pipefail -o errexit -x

samples=(
Trub1untrH295R004_20231207_1527_MN42516_FAX73799_8b069090.rna004_130bps_fast@v5.0.0
Trub1untrH295R004_20231207_1527_MN42516_FAX73799_8b069090.rna004_130bps_hac@v5.0.0
Trub1untrH295R004_20231207_1527_MN42516_FAX73799_8b069090.rna004_130bps_sup@v5.0.0
)

u=${samples[$(( $LSB_JOBINDEX -1 ))]}

### align to tRNA reference - adapter anchored reference alignment
bwa mem -W 13 -k 6 -T 20 -x ont2d $bwaidx $in/${u}.fastq \
| samtools view -F4 -hu - \
| samtools sort -o ${dest}/${u}.bwa.bam

samtools index ${dest}/${u}.bwa.bam


------------------------------------------------------------

Successfully completed.

Resource usage summary:

    CPU time :                                   3422.25 sec.
    Max Memory :                                 5 GB
    Average Memory :                             3.28 GB
    Total Requested Memory :                     -
    Delta Memory :                               -
    Max Swap :                                   -
    Max Processes :                              6
    Max Threads :                                10
    Run time :                                   3419 sec.
    Turnaround time :                            3388 sec.

The output (if any) follows:



PS:

Read file <logs/bwa.854601.err> for stderr output of this job.

