Sender: LSF System <lsfadmin@compute01>
Subject: Job 853006[1]: <bwa[1-4]> in cluster <tesla2> Done

Job <bwa[1-4]> was submitted from host <compute03> by user <whitel> in cluster <tesla2> at Thu Jun  6 14:22:47 2024
Job was executed on host(s) <18*compute01>, in queue <rna>, as user <whitel> in cluster <tesla2> at Thu Jun  6 14:22:53 2024
</beevol/home/whitel> was used as the home directory.
</beevol/home/whitel/tRNAworkshop/src> was used as the working directory.
Started at Thu Jun  6 14:22:53 2024
Terminated at Thu Jun  6 14:27:23 2024
Results reported at Thu Jun  6 14:27:23 2024

Your job looked like:

------------------------------------------------------------
# LSBATCH: User input
#! /usr/bin/env bash

#BSUB -J bwa[1-4]
#BSUB -o logs/bwa.%J.out
#BSUB -e logs/bwa.%J.err
#BSUB -R "span[hosts=1]"
#BSUB -q rna
#BSUB -n 18

bwaidx="$HOME/tRNAworkshop/ref/T4_infected_ecoli.fa"
in="$HOME/tRNAworkshop/rebasecalled/fastqs"
dest="$HOME/tRNAworkshop/rebasecalled/alignedbams/allreads"

set -o nounset -o pipefail -o errexit -x

samples=(
Ecoli004_20240105_1224_MN31004_FAX73799_1fe84761.rna004_130bps_sup@v3.0.1
T4infectedecoli_20240202_1332_P2S-01618-A_PAU05281_fd3805fc.rna004_130bps_sup@v3.0.1
Ecoli004_20240105_1224_MN31004_FAX73799_1fe84761.rna004_130bps_sup@v5.0.0
T4infectedecoli_20240202_1332_P2S-01618-A_PAU05281_fd3805fc.rna004_130bps_sup@v5.0.0
)

u=${samples[$(( $LSB_JOBINDEX -1 ))]}

### align to tRNA reference - adapter anchored reference alignment
bwa mem -W 13 -k 6 -T 20 -x ont2d $bwaidx $in/${u}.fastq \
| samtools view -F4 -hu - \
| samtools sort -o ${dest}/${u}.T4ref.bwa.bam

samtools index ${dest}/${u}.T4ref.bwa.bam

------------------------------------------------------------

Successfully completed.

Resource usage summary:

    CPU time :                                   252.11 sec.
    Max Memory :                                 1 GB
    Average Memory :                             0.59 GB
    Total Requested Memory :                     -
    Delta Memory :                               -
    Max Swap :                                   -
    Max Processes :                              6
    Max Threads :                                10
    Run time :                                   267 sec.
    Turnaround time :                            279 sec.

The output (if any) follows:



PS:

Read file <logs/bwa.853006.err> for stderr output of this job.

Sender: LSF System <lsfadmin@compute20>
Subject: Job 853006[2]: <bwa[1-4]> in cluster <tesla2> Done

Job <bwa[1-4]> was submitted from host <compute03> by user <whitel> in cluster <tesla2> at Thu Jun  6 14:22:47 2024
Job was executed on host(s) <18*compute20>, in queue <rna>, as user <whitel> in cluster <tesla2> at Thu Jun  6 14:23:28 2024
</beevol/home/whitel> was used as the home directory.
</beevol/home/whitel/tRNAworkshop/src> was used as the working directory.
Started at Thu Jun  6 14:23:28 2024
Terminated at Thu Jun  6 14:36:46 2024
Results reported at Thu Jun  6 14:36:46 2024

Your job looked like:

------------------------------------------------------------
# LSBATCH: User input
#! /usr/bin/env bash

#BSUB -J bwa[1-4]
#BSUB -o logs/bwa.%J.out
#BSUB -e logs/bwa.%J.err
#BSUB -R "span[hosts=1]"
#BSUB -q rna
#BSUB -n 18

bwaidx="$HOME/tRNAworkshop/ref/T4_infected_ecoli.fa"
in="$HOME/tRNAworkshop/rebasecalled/fastqs"
dest="$HOME/tRNAworkshop/rebasecalled/alignedbams/allreads"

set -o nounset -o pipefail -o errexit -x

samples=(
Ecoli004_20240105_1224_MN31004_FAX73799_1fe84761.rna004_130bps_sup@v3.0.1
T4infectedecoli_20240202_1332_P2S-01618-A_PAU05281_fd3805fc.rna004_130bps_sup@v3.0.1
Ecoli004_20240105_1224_MN31004_FAX73799_1fe84761.rna004_130bps_sup@v5.0.0
T4infectedecoli_20240202_1332_P2S-01618-A_PAU05281_fd3805fc.rna004_130bps_sup@v5.0.0
)

u=${samples[$(( $LSB_JOBINDEX -1 ))]}

### align to tRNA reference - adapter anchored reference alignment
bwa mem -W 13 -k 6 -T 20 -x ont2d $bwaidx $in/${u}.fastq \
| samtools view -F4 -hu - \
| samtools sort -o ${dest}/${u}.T4ref.bwa.bam

samtools index ${dest}/${u}.T4ref.bwa.bam

------------------------------------------------------------

Successfully completed.

Resource usage summary:

    CPU time :                                   752.71 sec.
    Max Memory :                                 1 GB
    Average Memory :                             0.73 GB
    Total Requested Memory :                     -
    Delta Memory :                               -
    Max Swap :                                   -
    Max Processes :                              6
    Max Threads :                                10
    Run time :                                   787 sec.
    Turnaround time :                            842 sec.

The output (if any) follows:



PS:

Read file <logs/bwa.853006.err> for stderr output of this job.

Sender: LSF System <lsfadmin@compute19>
Subject: Job 853006[3]: <bwa[1-4]> in cluster <tesla2> Done

Job <bwa[1-4]> was submitted from host <compute03> by user <whitel> in cluster <tesla2> at Thu Jun  6 14:22:47 2024
Job was executed on host(s) <18*compute19>, in queue <rna>, as user <whitel> in cluster <tesla2> at Thu Jun  6 14:22:53 2024
</beevol/home/whitel> was used as the home directory.
</beevol/home/whitel/tRNAworkshop/src> was used as the working directory.
Started at Thu Jun  6 14:22:53 2024
Terminated at Thu Jun  6 14:39:18 2024
Results reported at Thu Jun  6 14:39:18 2024

Your job looked like:

------------------------------------------------------------
# LSBATCH: User input
#! /usr/bin/env bash

#BSUB -J bwa[1-4]
#BSUB -o logs/bwa.%J.out
#BSUB -e logs/bwa.%J.err
#BSUB -R "span[hosts=1]"
#BSUB -q rna
#BSUB -n 18

bwaidx="$HOME/tRNAworkshop/ref/T4_infected_ecoli.fa"
in="$HOME/tRNAworkshop/rebasecalled/fastqs"
dest="$HOME/tRNAworkshop/rebasecalled/alignedbams/allreads"

set -o nounset -o pipefail -o errexit -x

samples=(
Ecoli004_20240105_1224_MN31004_FAX73799_1fe84761.rna004_130bps_sup@v3.0.1
T4infectedecoli_20240202_1332_P2S-01618-A_PAU05281_fd3805fc.rna004_130bps_sup@v3.0.1
Ecoli004_20240105_1224_MN31004_FAX73799_1fe84761.rna004_130bps_sup@v5.0.0
T4infectedecoli_20240202_1332_P2S-01618-A_PAU05281_fd3805fc.rna004_130bps_sup@v5.0.0
)

u=${samples[$(( $LSB_JOBINDEX -1 ))]}

### align to tRNA reference - adapter anchored reference alignment
bwa mem -W 13 -k 6 -T 20 -x ont2d $bwaidx $in/${u}.fastq \
| samtools view -F4 -hu - \
| samtools sort -o ${dest}/${u}.T4ref.bwa.bam

samtools index ${dest}/${u}.T4ref.bwa.bam

------------------------------------------------------------

Successfully completed.

Resource usage summary:

    CPU time :                                   952.04 sec.
    Max Memory :                                 1 GB
    Average Memory :                             0.78 GB
    Total Requested Memory :                     -
    Delta Memory :                               -
    Max Swap :                                   -
    Max Processes :                              6
    Max Threads :                                10
    Run time :                                   981 sec.
    Turnaround time :                            996 sec.

The output (if any) follows:



PS:

Read file <logs/bwa.853006.err> for stderr output of this job.

Sender: LSF System <lsfadmin@compute01>
Subject: Job 853006[4]: <bwa[1-4]> in cluster <tesla2> Done

Job <bwa[1-4]> was submitted from host <compute03> by user <whitel> in cluster <tesla2> at Thu Jun  6 14:22:47 2024
Job was executed on host(s) <18*compute01>, in queue <rna>, as user <whitel> in cluster <tesla2> at Thu Jun  6 14:27:21 2024
</beevol/home/whitel> was used as the home directory.
</beevol/home/whitel/tRNAworkshop/src> was used as the working directory.
Started at Thu Jun  6 14:27:21 2024
Terminated at Thu Jun  6 14:53:17 2024
Results reported at Thu Jun  6 14:53:17 2024

Your job looked like:

------------------------------------------------------------
# LSBATCH: User input
#! /usr/bin/env bash

#BSUB -J bwa[1-4]
#BSUB -o logs/bwa.%J.out
#BSUB -e logs/bwa.%J.err
#BSUB -R "span[hosts=1]"
#BSUB -q rna
#BSUB -n 18

bwaidx="$HOME/tRNAworkshop/ref/T4_infected_ecoli.fa"
in="$HOME/tRNAworkshop/rebasecalled/fastqs"
dest="$HOME/tRNAworkshop/rebasecalled/alignedbams/allreads"

set -o nounset -o pipefail -o errexit -x

samples=(
Ecoli004_20240105_1224_MN31004_FAX73799_1fe84761.rna004_130bps_sup@v3.0.1
T4infectedecoli_20240202_1332_P2S-01618-A_PAU05281_fd3805fc.rna004_130bps_sup@v3.0.1
Ecoli004_20240105_1224_MN31004_FAX73799_1fe84761.rna004_130bps_sup@v5.0.0
T4infectedecoli_20240202_1332_P2S-01618-A_PAU05281_fd3805fc.rna004_130bps_sup@v5.0.0
)

u=${samples[$(( $LSB_JOBINDEX -1 ))]}

### align to tRNA reference - adapter anchored reference alignment
bwa mem -W 13 -k 6 -T 20 -x ont2d $bwaidx $in/${u}.fastq \
| samtools view -F4 -hu - \
| samtools sort -o ${dest}/${u}.T4ref.bwa.bam

samtools index ${dest}/${u}.T4ref.bwa.bam

------------------------------------------------------------

Successfully completed.

Resource usage summary:

    CPU time :                                   1503.54 sec.
    Max Memory :                                 3 GB
    Average Memory :                             1.00 GB
    Total Requested Memory :                     -
    Delta Memory :                               -
    Max Swap :                                   -
    Max Processes :                              6
    Max Threads :                                10
    Run time :                                   1556 sec.
    Turnaround time :                            1833 sec.

The output (if any) follows:



PS:

Read file <logs/bwa.853006.err> for stderr output of this job.

