Sender: LSF System <lsfadmin@compute19>
Subject: Job 849446[1]: <bwa[1-16]> in cluster <tesla2> Done

Job <bwa[1-16]> was submitted from host <compute21> by user <whitel> in cluster <tesla2> at Mon Jun  3 19:34:54 2024
Job was executed on host(s) <6*compute19>, in queue <rna>, as user <whitel> in cluster <tesla2> at Mon Jun  3 19:35:01 2024
</beevol/home/whitel> was used as the home directory.
</beevol/home/whitel/tRNAworkshop/src> was used as the working directory.
Started at Mon Jun  3 19:35:01 2024
Terminated at Mon Jun  3 19:35:02 2024
Results reported at Mon Jun  3 19:35:02 2024

Your job looked like:

------------------------------------------------------------
# LSBATCH: User input
#! /usr/bin/env bash

#BSUB -J bwa[1-16]
#BSUB -o logs/bwa.%J.out
#BSUB -e logs/bwa.%J.err
#BSUB -R "span[hosts=1]"
#BSUB -q rna
#BSUB -n 6

bwaidx="$HOME/tRNAworkshop/ref/sacCer-mito-and-nuclear-tRNAs.fa"
in="$HOME/tRNAworkshop/alignment_evals/syntheticreads"
dest="$HOME/tRNAworkshop/alignment_evals/bams"

set -o nounset -o pipefail -o errexit -x

samples=(
Q5synthetic.fasta
Q6synthetic.fasta
Q7synthetic.fasta
Q8synthetic.fasta
Q9synthetic.fasta
Q10synthetic.fasta
Q11synthetic.fasta
Q12synthetic.fasta
Q13synthetic.fasta
Q14synthetic.fasta
Q15synthetic.fasta
Q16synthetic.fasta
Q17synthetic.fasta
Q18synthetic.fasta
Q19synthetic.fasta
Q20synthetic.fasta
)

u=${samples[$(( $LSB_JOBINDEX -1 ))]}

### align to tRNA reference - adapter anchored reference alignment
bwa mem -W 13 -k 6 -T 20 -x ont2d $bwaidx $in/${u} \
| samtools view -F4 -hu - \
| samtools sort -o ${dest}/${u}.bwa.bam

samtools index ${dest}/${u}.bwa.bam

------------------------------------------------------------

Successfully completed.

Resource usage summary:

    CPU time :                                   0.09 sec.
    Max Memory :                                 -
    Average Memory :                             -
    Total Requested Memory :                     -
    Delta Memory :                               -
    Max Swap :                                   -
    Max Processes :                              -
    Max Threads :                                -
    Run time :                                   1 sec.
    Turnaround time :                            12 sec.

The output (if any) follows:



PS:

Read file <logs/bwa.849446.err> for stderr output of this job.

Sender: LSF System <lsfadmin@compute19>
Subject: Job 849446[2]: <bwa[1-16]> in cluster <tesla2> Done

Job <bwa[1-16]> was submitted from host <compute21> by user <whitel> in cluster <tesla2> at Mon Jun  3 19:34:54 2024
Job was executed on host(s) <6*compute19>, in queue <rna>, as user <whitel> in cluster <tesla2> at Mon Jun  3 19:35:11 2024
</beevol/home/whitel> was used as the home directory.
</beevol/home/whitel/tRNAworkshop/src> was used as the working directory.
Started at Mon Jun  3 19:35:11 2024
Terminated at Mon Jun  3 19:35:14 2024
Results reported at Mon Jun  3 19:35:14 2024

Your job looked like:

------------------------------------------------------------
# LSBATCH: User input
#! /usr/bin/env bash

#BSUB -J bwa[1-16]
#BSUB -o logs/bwa.%J.out
#BSUB -e logs/bwa.%J.err
#BSUB -R "span[hosts=1]"
#BSUB -q rna
#BSUB -n 6

bwaidx="$HOME/tRNAworkshop/ref/sacCer-mito-and-nuclear-tRNAs.fa"
in="$HOME/tRNAworkshop/alignment_evals/syntheticreads"
dest="$HOME/tRNAworkshop/alignment_evals/bams"

set -o nounset -o pipefail -o errexit -x

samples=(
Q5synthetic.fasta
Q6synthetic.fasta
Q7synthetic.fasta
Q8synthetic.fasta
Q9synthetic.fasta
Q10synthetic.fasta
Q11synthetic.fasta
Q12synthetic.fasta
Q13synthetic.fasta
Q14synthetic.fasta
Q15synthetic.fasta
Q16synthetic.fasta
Q17synthetic.fasta
Q18synthetic.fasta
Q19synthetic.fasta
Q20synthetic.fasta
)

u=${samples[$(( $LSB_JOBINDEX -1 ))]}

### align to tRNA reference - adapter anchored reference alignment
bwa mem -W 13 -k 6 -T 20 -x ont2d $bwaidx $in/${u} \
| samtools view -F4 -hu - \
| samtools sort -o ${dest}/${u}.bwa.bam

samtools index ${dest}/${u}.bwa.bam

------------------------------------------------------------

Successfully completed.

Resource usage summary:

    CPU time :                                   0.08 sec.
    Max Memory :                                 -
    Average Memory :                             -
    Total Requested Memory :                     -
    Delta Memory :                               -
    Max Swap :                                   -
    Max Processes :                              -
    Max Threads :                                -
    Run time :                                   2 sec.
    Turnaround time :                            24 sec.

The output (if any) follows:



PS:

Read file <logs/bwa.849446.err> for stderr output of this job.

Sender: LSF System <lsfadmin@compute19>
Subject: Job 849446[3]: <bwa[1-16]> in cluster <tesla2> Done

Job <bwa[1-16]> was submitted from host <compute21> by user <whitel> in cluster <tesla2> at Mon Jun  3 19:34:54 2024
Job was executed on host(s) <6*compute19>, in queue <rna>, as user <whitel> in cluster <tesla2> at Mon Jun  3 19:35:21 2024
</beevol/home/whitel> was used as the home directory.
</beevol/home/whitel/tRNAworkshop/src> was used as the working directory.
Started at Mon Jun  3 19:35:21 2024
Terminated at Mon Jun  3 19:35:23 2024
Results reported at Mon Jun  3 19:35:23 2024

Your job looked like:

------------------------------------------------------------
# LSBATCH: User input
#! /usr/bin/env bash

#BSUB -J bwa[1-16]
#BSUB -o logs/bwa.%J.out
#BSUB -e logs/bwa.%J.err
#BSUB -R "span[hosts=1]"
#BSUB -q rna
#BSUB -n 6

bwaidx="$HOME/tRNAworkshop/ref/sacCer-mito-and-nuclear-tRNAs.fa"
in="$HOME/tRNAworkshop/alignment_evals/syntheticreads"
dest="$HOME/tRNAworkshop/alignment_evals/bams"

set -o nounset -o pipefail -o errexit -x

samples=(
Q5synthetic.fasta
Q6synthetic.fasta
Q7synthetic.fasta
Q8synthetic.fasta
Q9synthetic.fasta
Q10synthetic.fasta
Q11synthetic.fasta
Q12synthetic.fasta
Q13synthetic.fasta
Q14synthetic.fasta
Q15synthetic.fasta
Q16synthetic.fasta
Q17synthetic.fasta
Q18synthetic.fasta
Q19synthetic.fasta
Q20synthetic.fasta
)

u=${samples[$(( $LSB_JOBINDEX -1 ))]}

### align to tRNA reference - adapter anchored reference alignment
bwa mem -W 13 -k 6 -T 20 -x ont2d $bwaidx $in/${u} \
| samtools view -F4 -hu - \
| samtools sort -o ${dest}/${u}.bwa.bam

samtools index ${dest}/${u}.bwa.bam

------------------------------------------------------------

Successfully completed.

Resource usage summary:

    CPU time :                                   0.08 sec.
    Max Memory :                                 -
    Average Memory :                             -
    Total Requested Memory :                     -
    Delta Memory :                               -
    Max Swap :                                   -
    Max Processes :                              -
    Max Threads :                                -
    Run time :                                   1 sec.
    Turnaround time :                            33 sec.

The output (if any) follows:



PS:

Read file <logs/bwa.849446.err> for stderr output of this job.

Sender: LSF System <lsfadmin@compute19>
Subject: Job 849446[4]: <bwa[1-16]> in cluster <tesla2> Done

Job <bwa[1-16]> was submitted from host <compute21> by user <whitel> in cluster <tesla2> at Mon Jun  3 19:34:54 2024
Job was executed on host(s) <6*compute19>, in queue <rna>, as user <whitel> in cluster <tesla2> at Mon Jun  3 19:35:31 2024
</beevol/home/whitel> was used as the home directory.
</beevol/home/whitel/tRNAworkshop/src> was used as the working directory.
Started at Mon Jun  3 19:35:31 2024
Terminated at Mon Jun  3 19:35:33 2024
Results reported at Mon Jun  3 19:35:33 2024

Your job looked like:

------------------------------------------------------------
# LSBATCH: User input
#! /usr/bin/env bash

#BSUB -J bwa[1-16]
#BSUB -o logs/bwa.%J.out
#BSUB -e logs/bwa.%J.err
#BSUB -R "span[hosts=1]"
#BSUB -q rna
#BSUB -n 6

bwaidx="$HOME/tRNAworkshop/ref/sacCer-mito-and-nuclear-tRNAs.fa"
in="$HOME/tRNAworkshop/alignment_evals/syntheticreads"
dest="$HOME/tRNAworkshop/alignment_evals/bams"

set -o nounset -o pipefail -o errexit -x

samples=(
Q5synthetic.fasta
Q6synthetic.fasta
Q7synthetic.fasta
Q8synthetic.fasta
Q9synthetic.fasta
Q10synthetic.fasta
Q11synthetic.fasta
Q12synthetic.fasta
Q13synthetic.fasta
Q14synthetic.fasta
Q15synthetic.fasta
Q16synthetic.fasta
Q17synthetic.fasta
Q18synthetic.fasta
Q19synthetic.fasta
Q20synthetic.fasta
)

u=${samples[$(( $LSB_JOBINDEX -1 ))]}

### align to tRNA reference - adapter anchored reference alignment
bwa mem -W 13 -k 6 -T 20 -x ont2d $bwaidx $in/${u} \
| samtools view -F4 -hu - \
| samtools sort -o ${dest}/${u}.bwa.bam

samtools index ${dest}/${u}.bwa.bam

------------------------------------------------------------

Successfully completed.

Resource usage summary:

    CPU time :                                   0.09 sec.
    Max Memory :                                 -
    Average Memory :                             -
    Total Requested Memory :                     -
    Delta Memory :                               -
    Max Swap :                                   -
    Max Processes :                              -
    Max Threads :                                -
    Run time :                                   1 sec.
    Turnaround time :                            43 sec.

The output (if any) follows:



PS:

Read file <logs/bwa.849446.err> for stderr output of this job.

Sender: LSF System <lsfadmin@compute19>
Subject: Job 849446[5]: <bwa[1-16]> in cluster <tesla2> Done

Job <bwa[1-16]> was submitted from host <compute21> by user <whitel> in cluster <tesla2> at Mon Jun  3 19:34:54 2024
Job was executed on host(s) <6*compute19>, in queue <rna>, as user <whitel> in cluster <tesla2> at Mon Jun  3 19:35:41 2024
</beevol/home/whitel> was used as the home directory.
</beevol/home/whitel/tRNAworkshop/src> was used as the working directory.
Started at Mon Jun  3 19:35:41 2024
Terminated at Mon Jun  3 19:35:43 2024
Results reported at Mon Jun  3 19:35:43 2024

Your job looked like:

------------------------------------------------------------
# LSBATCH: User input
#! /usr/bin/env bash

#BSUB -J bwa[1-16]
#BSUB -o logs/bwa.%J.out
#BSUB -e logs/bwa.%J.err
#BSUB -R "span[hosts=1]"
#BSUB -q rna
#BSUB -n 6

bwaidx="$HOME/tRNAworkshop/ref/sacCer-mito-and-nuclear-tRNAs.fa"
in="$HOME/tRNAworkshop/alignment_evals/syntheticreads"
dest="$HOME/tRNAworkshop/alignment_evals/bams"

set -o nounset -o pipefail -o errexit -x

samples=(
Q5synthetic.fasta
Q6synthetic.fasta
Q7synthetic.fasta
Q8synthetic.fasta
Q9synthetic.fasta
Q10synthetic.fasta
Q11synthetic.fasta
Q12synthetic.fasta
Q13synthetic.fasta
Q14synthetic.fasta
Q15synthetic.fasta
Q16synthetic.fasta
Q17synthetic.fasta
Q18synthetic.fasta
Q19synthetic.fasta
Q20synthetic.fasta
)

u=${samples[$(( $LSB_JOBINDEX -1 ))]}

### align to tRNA reference - adapter anchored reference alignment
bwa mem -W 13 -k 6 -T 20 -x ont2d $bwaidx $in/${u} \
| samtools view -F4 -hu - \
| samtools sort -o ${dest}/${u}.bwa.bam

samtools index ${dest}/${u}.bwa.bam

------------------------------------------------------------

Successfully completed.

Resource usage summary:

    CPU time :                                   0.07 sec.
    Max Memory :                                 -
    Average Memory :                             -
    Total Requested Memory :                     -
    Delta Memory :                               -
    Max Swap :                                   -
    Max Processes :                              -
    Max Threads :                                -
    Run time :                                   2 sec.
    Turnaround time :                            53 sec.

The output (if any) follows:



PS:

Read file <logs/bwa.849446.err> for stderr output of this job.

Sender: LSF System <lsfadmin@compute19>
Subject: Job 849446[6]: <bwa[1-16]> in cluster <tesla2> Done

Job <bwa[1-16]> was submitted from host <compute21> by user <whitel> in cluster <tesla2> at Mon Jun  3 19:34:54 2024
Job was executed on host(s) <6*compute19>, in queue <rna>, as user <whitel> in cluster <tesla2> at Mon Jun  3 19:35:51 2024
</beevol/home/whitel> was used as the home directory.
</beevol/home/whitel/tRNAworkshop/src> was used as the working directory.
Started at Mon Jun  3 19:35:51 2024
Terminated at Mon Jun  3 19:35:53 2024
Results reported at Mon Jun  3 19:35:53 2024

Your job looked like:

------------------------------------------------------------
# LSBATCH: User input
#! /usr/bin/env bash

#BSUB -J bwa[1-16]
#BSUB -o logs/bwa.%J.out
#BSUB -e logs/bwa.%J.err
#BSUB -R "span[hosts=1]"
#BSUB -q rna
#BSUB -n 6

bwaidx="$HOME/tRNAworkshop/ref/sacCer-mito-and-nuclear-tRNAs.fa"
in="$HOME/tRNAworkshop/alignment_evals/syntheticreads"
dest="$HOME/tRNAworkshop/alignment_evals/bams"

set -o nounset -o pipefail -o errexit -x

samples=(
Q5synthetic.fasta
Q6synthetic.fasta
Q7synthetic.fasta
Q8synthetic.fasta
Q9synthetic.fasta
Q10synthetic.fasta
Q11synthetic.fasta
Q12synthetic.fasta
Q13synthetic.fasta
Q14synthetic.fasta
Q15synthetic.fasta
Q16synthetic.fasta
Q17synthetic.fasta
Q18synthetic.fasta
Q19synthetic.fasta
Q20synthetic.fasta
)

u=${samples[$(( $LSB_JOBINDEX -1 ))]}

### align to tRNA reference - adapter anchored reference alignment
bwa mem -W 13 -k 6 -T 20 -x ont2d $bwaidx $in/${u} \
| samtools view -F4 -hu - \
| samtools sort -o ${dest}/${u}.bwa.bam

samtools index ${dest}/${u}.bwa.bam

------------------------------------------------------------

Successfully completed.

Resource usage summary:

    CPU time :                                   0.08 sec.
    Max Memory :                                 -
    Average Memory :                             -
    Total Requested Memory :                     -
    Delta Memory :                               -
    Max Swap :                                   -
    Max Processes :                              -
    Max Threads :                                -
    Run time :                                   1 sec.
    Turnaround time :                            63 sec.

The output (if any) follows:



PS:

Read file <logs/bwa.849446.err> for stderr output of this job.

Sender: LSF System <lsfadmin@compute19>
Subject: Job 849446[7]: <bwa[1-16]> in cluster <tesla2> Done

Job <bwa[1-16]> was submitted from host <compute21> by user <whitel> in cluster <tesla2> at Mon Jun  3 19:34:54 2024
Job was executed on host(s) <6*compute19>, in queue <rna>, as user <whitel> in cluster <tesla2> at Mon Jun  3 19:36:02 2024
</beevol/home/whitel> was used as the home directory.
</beevol/home/whitel/tRNAworkshop/src> was used as the working directory.
Started at Mon Jun  3 19:36:02 2024
Terminated at Mon Jun  3 19:36:04 2024
Results reported at Mon Jun  3 19:36:04 2024

Your job looked like:

------------------------------------------------------------
# LSBATCH: User input
#! /usr/bin/env bash

#BSUB -J bwa[1-16]
#BSUB -o logs/bwa.%J.out
#BSUB -e logs/bwa.%J.err
#BSUB -R "span[hosts=1]"
#BSUB -q rna
#BSUB -n 6

bwaidx="$HOME/tRNAworkshop/ref/sacCer-mito-and-nuclear-tRNAs.fa"
in="$HOME/tRNAworkshop/alignment_evals/syntheticreads"
dest="$HOME/tRNAworkshop/alignment_evals/bams"

set -o nounset -o pipefail -o errexit -x

samples=(
Q5synthetic.fasta
Q6synthetic.fasta
Q7synthetic.fasta
Q8synthetic.fasta
Q9synthetic.fasta
Q10synthetic.fasta
Q11synthetic.fasta
Q12synthetic.fasta
Q13synthetic.fasta
Q14synthetic.fasta
Q15synthetic.fasta
Q16synthetic.fasta
Q17synthetic.fasta
Q18synthetic.fasta
Q19synthetic.fasta
Q20synthetic.fasta
)

u=${samples[$(( $LSB_JOBINDEX -1 ))]}

### align to tRNA reference - adapter anchored reference alignment
bwa mem -W 13 -k 6 -T 20 -x ont2d $bwaidx $in/${u} \
| samtools view -F4 -hu - \
| samtools sort -o ${dest}/${u}.bwa.bam

samtools index ${dest}/${u}.bwa.bam

------------------------------------------------------------

Successfully completed.

Resource usage summary:

    CPU time :                                   0.09 sec.
    Max Memory :                                 -
    Average Memory :                             -
    Total Requested Memory :                     -
    Delta Memory :                               -
    Max Swap :                                   -
    Max Processes :                              -
    Max Threads :                                -
    Run time :                                   1 sec.
    Turnaround time :                            74 sec.

The output (if any) follows:



PS:

Read file <logs/bwa.849446.err> for stderr output of this job.

Sender: LSF System <lsfadmin@compute19>
Subject: Job 849446[8]: <bwa[1-16]> in cluster <tesla2> Done

Job <bwa[1-16]> was submitted from host <compute21> by user <whitel> in cluster <tesla2> at Mon Jun  3 19:34:54 2024
Job was executed on host(s) <6*compute19>, in queue <rna>, as user <whitel> in cluster <tesla2> at Mon Jun  3 19:36:11 2024
</beevol/home/whitel> was used as the home directory.
</beevol/home/whitel/tRNAworkshop/src> was used as the working directory.
Started at Mon Jun  3 19:36:11 2024
Terminated at Mon Jun  3 19:36:13 2024
Results reported at Mon Jun  3 19:36:13 2024

Your job looked like:

------------------------------------------------------------
# LSBATCH: User input
#! /usr/bin/env bash

#BSUB -J bwa[1-16]
#BSUB -o logs/bwa.%J.out
#BSUB -e logs/bwa.%J.err
#BSUB -R "span[hosts=1]"
#BSUB -q rna
#BSUB -n 6

bwaidx="$HOME/tRNAworkshop/ref/sacCer-mito-and-nuclear-tRNAs.fa"
in="$HOME/tRNAworkshop/alignment_evals/syntheticreads"
dest="$HOME/tRNAworkshop/alignment_evals/bams"

set -o nounset -o pipefail -o errexit -x

samples=(
Q5synthetic.fasta
Q6synthetic.fasta
Q7synthetic.fasta
Q8synthetic.fasta
Q9synthetic.fasta
Q10synthetic.fasta
Q11synthetic.fasta
Q12synthetic.fasta
Q13synthetic.fasta
Q14synthetic.fasta
Q15synthetic.fasta
Q16synthetic.fasta
Q17synthetic.fasta
Q18synthetic.fasta
Q19synthetic.fasta
Q20synthetic.fasta
)

u=${samples[$(( $LSB_JOBINDEX -1 ))]}

### align to tRNA reference - adapter anchored reference alignment
bwa mem -W 13 -k 6 -T 20 -x ont2d $bwaidx $in/${u} \
| samtools view -F4 -hu - \
| samtools sort -o ${dest}/${u}.bwa.bam

samtools index ${dest}/${u}.bwa.bam

------------------------------------------------------------

Successfully completed.

Resource usage summary:

    CPU time :                                   0.09 sec.
    Max Memory :                                 -
    Average Memory :                             -
    Total Requested Memory :                     -
    Delta Memory :                               -
    Max Swap :                                   -
    Max Processes :                              -
    Max Threads :                                -
    Run time :                                   1 sec.
    Turnaround time :                            83 sec.

The output (if any) follows:



PS:

Read file <logs/bwa.849446.err> for stderr output of this job.

Sender: LSF System <lsfadmin@compute19>
Subject: Job 849446[9]: <bwa[1-16]> in cluster <tesla2> Done

Job <bwa[1-16]> was submitted from host <compute21> by user <whitel> in cluster <tesla2> at Mon Jun  3 19:34:54 2024
Job was executed on host(s) <6*compute19>, in queue <rna>, as user <whitel> in cluster <tesla2> at Mon Jun  3 19:36:21 2024
</beevol/home/whitel> was used as the home directory.
</beevol/home/whitel/tRNAworkshop/src> was used as the working directory.
Started at Mon Jun  3 19:36:21 2024
Terminated at Mon Jun  3 19:36:36 2024
Results reported at Mon Jun  3 19:36:36 2024

Your job looked like:

------------------------------------------------------------
# LSBATCH: User input
#! /usr/bin/env bash

#BSUB -J bwa[1-16]
#BSUB -o logs/bwa.%J.out
#BSUB -e logs/bwa.%J.err
#BSUB -R "span[hosts=1]"
#BSUB -q rna
#BSUB -n 6

bwaidx="$HOME/tRNAworkshop/ref/sacCer-mito-and-nuclear-tRNAs.fa"
in="$HOME/tRNAworkshop/alignment_evals/syntheticreads"
dest="$HOME/tRNAworkshop/alignment_evals/bams"

set -o nounset -o pipefail -o errexit -x

samples=(
Q5synthetic.fasta
Q6synthetic.fasta
Q7synthetic.fasta
Q8synthetic.fasta
Q9synthetic.fasta
Q10synthetic.fasta
Q11synthetic.fasta
Q12synthetic.fasta
Q13synthetic.fasta
Q14synthetic.fasta
Q15synthetic.fasta
Q16synthetic.fasta
Q17synthetic.fasta
Q18synthetic.fasta
Q19synthetic.fasta
Q20synthetic.fasta
)

u=${samples[$(( $LSB_JOBINDEX -1 ))]}

### align to tRNA reference - adapter anchored reference alignment
bwa mem -W 13 -k 6 -T 20 -x ont2d $bwaidx $in/${u} \
| samtools view -F4 -hu - \
| samtools sort -o ${dest}/${u}.bwa.bam

samtools index ${dest}/${u}.bwa.bam

------------------------------------------------------------

Successfully completed.

Resource usage summary:

    CPU time :                                   0.08 sec.
    Max Memory :                                 -
    Average Memory :                             -
    Total Requested Memory :                     -
    Delta Memory :                               -
    Max Swap :                                   -
    Max Processes :                              4
    Max Threads :                                5
    Run time :                                   8 sec.
    Turnaround time :                            110 sec.

The output (if any) follows:



PS:

Read file <logs/bwa.849446.err> for stderr output of this job.

Sender: LSF System <lsfadmin@compute19>
Subject: Job 849446[10]: <bwa[1-16]> in cluster <tesla2> Done

Job <bwa[1-16]> was submitted from host <compute21> by user <whitel> in cluster <tesla2> at Mon Jun  3 19:34:54 2024
Job was executed on host(s) <6*compute19>, in queue <rna>, as user <whitel> in cluster <tesla2> at Mon Jun  3 19:36:31 2024
</beevol/home/whitel> was used as the home directory.
</beevol/home/whitel/tRNAworkshop/src> was used as the working directory.
Started at Mon Jun  3 19:36:31 2024
Terminated at Mon Jun  3 19:36:37 2024
Results reported at Mon Jun  3 19:36:37 2024

Your job looked like:

------------------------------------------------------------
# LSBATCH: User input
#! /usr/bin/env bash

#BSUB -J bwa[1-16]
#BSUB -o logs/bwa.%J.out
#BSUB -e logs/bwa.%J.err
#BSUB -R "span[hosts=1]"
#BSUB -q rna
#BSUB -n 6

bwaidx="$HOME/tRNAworkshop/ref/sacCer-mito-and-nuclear-tRNAs.fa"
in="$HOME/tRNAworkshop/alignment_evals/syntheticreads"
dest="$HOME/tRNAworkshop/alignment_evals/bams"

set -o nounset -o pipefail -o errexit -x

samples=(
Q5synthetic.fasta
Q6synthetic.fasta
Q7synthetic.fasta
Q8synthetic.fasta
Q9synthetic.fasta
Q10synthetic.fasta
Q11synthetic.fasta
Q12synthetic.fasta
Q13synthetic.fasta
Q14synthetic.fasta
Q15synthetic.fasta
Q16synthetic.fasta
Q17synthetic.fasta
Q18synthetic.fasta
Q19synthetic.fasta
Q20synthetic.fasta
)

u=${samples[$(( $LSB_JOBINDEX -1 ))]}

### align to tRNA reference - adapter anchored reference alignment
bwa mem -W 13 -k 6 -T 20 -x ont2d $bwaidx $in/${u} \
| samtools view -F4 -hu - \
| samtools sort -o ${dest}/${u}.bwa.bam

samtools index ${dest}/${u}.bwa.bam

------------------------------------------------------------

Successfully completed.

Resource usage summary:

    CPU time :                                   0.10 sec.
    Max Memory :                                 -
    Average Memory :                             -
    Total Requested Memory :                     -
    Delta Memory :                               -
    Max Swap :                                   -
    Max Processes :                              1
    Max Threads :                                1
    Run time :                                   6 sec.
    Turnaround time :                            111 sec.

The output (if any) follows:



PS:

Read file <logs/bwa.849446.err> for stderr output of this job.

Sender: LSF System <lsfadmin@compute19>
Subject: Job 849446[11]: <bwa[1-16]> in cluster <tesla2> Done

Job <bwa[1-16]> was submitted from host <compute21> by user <whitel> in cluster <tesla2> at Mon Jun  3 19:34:54 2024
Job was executed on host(s) <6*compute19>, in queue <rna>, as user <whitel> in cluster <tesla2> at Mon Jun  3 19:36:41 2024
</beevol/home/whitel> was used as the home directory.
</beevol/home/whitel/tRNAworkshop/src> was used as the working directory.
Started at Mon Jun  3 19:36:41 2024
Terminated at Mon Jun  3 19:36:46 2024
Results reported at Mon Jun  3 19:36:46 2024

Your job looked like:

------------------------------------------------------------
# LSBATCH: User input
#! /usr/bin/env bash

#BSUB -J bwa[1-16]
#BSUB -o logs/bwa.%J.out
#BSUB -e logs/bwa.%J.err
#BSUB -R "span[hosts=1]"
#BSUB -q rna
#BSUB -n 6

bwaidx="$HOME/tRNAworkshop/ref/sacCer-mito-and-nuclear-tRNAs.fa"
in="$HOME/tRNAworkshop/alignment_evals/syntheticreads"
dest="$HOME/tRNAworkshop/alignment_evals/bams"

set -o nounset -o pipefail -o errexit -x

samples=(
Q5synthetic.fasta
Q6synthetic.fasta
Q7synthetic.fasta
Q8synthetic.fasta
Q9synthetic.fasta
Q10synthetic.fasta
Q11synthetic.fasta
Q12synthetic.fasta
Q13synthetic.fasta
Q14synthetic.fasta
Q15synthetic.fasta
Q16synthetic.fasta
Q17synthetic.fasta
Q18synthetic.fasta
Q19synthetic.fasta
Q20synthetic.fasta
)

u=${samples[$(( $LSB_JOBINDEX -1 ))]}

### align to tRNA reference - adapter anchored reference alignment
bwa mem -W 13 -k 6 -T 20 -x ont2d $bwaidx $in/${u} \
| samtools view -F4 -hu - \
| samtools sort -o ${dest}/${u}.bwa.bam

samtools index ${dest}/${u}.bwa.bam

------------------------------------------------------------

Successfully completed.

Resource usage summary:

    CPU time :                                   0.08 sec.
    Max Memory :                                 -
    Average Memory :                             -
    Total Requested Memory :                     -
    Delta Memory :                               -
    Max Swap :                                   -
    Max Processes :                              6
    Max Threads :                                7
    Run time :                                   4 sec.
    Turnaround time :                            116 sec.

The output (if any) follows:



PS:

Read file <logs/bwa.849446.err> for stderr output of this job.

Sender: LSF System <lsfadmin@compute19>
Subject: Job 849446[12]: <bwa[1-16]> in cluster <tesla2> Done

Job <bwa[1-16]> was submitted from host <compute21> by user <whitel> in cluster <tesla2> at Mon Jun  3 19:34:54 2024
Job was executed on host(s) <6*compute19>, in queue <rna>, as user <whitel> in cluster <tesla2> at Mon Jun  3 19:36:52 2024
</beevol/home/whitel> was used as the home directory.
</beevol/home/whitel/tRNAworkshop/src> was used as the working directory.
Started at Mon Jun  3 19:36:52 2024
Terminated at Mon Jun  3 19:36:54 2024
Results reported at Mon Jun  3 19:36:54 2024

Your job looked like:

------------------------------------------------------------
# LSBATCH: User input
#! /usr/bin/env bash

#BSUB -J bwa[1-16]
#BSUB -o logs/bwa.%J.out
#BSUB -e logs/bwa.%J.err
#BSUB -R "span[hosts=1]"
#BSUB -q rna
#BSUB -n 6

bwaidx="$HOME/tRNAworkshop/ref/sacCer-mito-and-nuclear-tRNAs.fa"
in="$HOME/tRNAworkshop/alignment_evals/syntheticreads"
dest="$HOME/tRNAworkshop/alignment_evals/bams"

set -o nounset -o pipefail -o errexit -x

samples=(
Q5synthetic.fasta
Q6synthetic.fasta
Q7synthetic.fasta
Q8synthetic.fasta
Q9synthetic.fasta
Q10synthetic.fasta
Q11synthetic.fasta
Q12synthetic.fasta
Q13synthetic.fasta
Q14synthetic.fasta
Q15synthetic.fasta
Q16synthetic.fasta
Q17synthetic.fasta
Q18synthetic.fasta
Q19synthetic.fasta
Q20synthetic.fasta
)

u=${samples[$(( $LSB_JOBINDEX -1 ))]}

### align to tRNA reference - adapter anchored reference alignment
bwa mem -W 13 -k 6 -T 20 -x ont2d $bwaidx $in/${u} \
| samtools view -F4 -hu - \
| samtools sort -o ${dest}/${u}.bwa.bam

samtools index ${dest}/${u}.bwa.bam

------------------------------------------------------------

Successfully completed.

Resource usage summary:

    CPU time :                                   0.08 sec.
    Max Memory :                                 -
    Average Memory :                             -
    Total Requested Memory :                     -
    Delta Memory :                               -
    Max Swap :                                   -
    Max Processes :                              -
    Max Threads :                                -
    Run time :                                   1 sec.
    Turnaround time :                            124 sec.

The output (if any) follows:



PS:

Read file <logs/bwa.849446.err> for stderr output of this job.

Sender: LSF System <lsfadmin@compute19>
Subject: Job 849446[13]: <bwa[1-16]> in cluster <tesla2> Done

Job <bwa[1-16]> was submitted from host <compute21> by user <whitel> in cluster <tesla2> at Mon Jun  3 19:34:54 2024
Job was executed on host(s) <6*compute19>, in queue <rna>, as user <whitel> in cluster <tesla2> at Mon Jun  3 19:37:01 2024
</beevol/home/whitel> was used as the home directory.
</beevol/home/whitel/tRNAworkshop/src> was used as the working directory.
Started at Mon Jun  3 19:37:01 2024
Terminated at Mon Jun  3 19:37:03 2024
Results reported at Mon Jun  3 19:37:03 2024

Your job looked like:

------------------------------------------------------------
# LSBATCH: User input
#! /usr/bin/env bash

#BSUB -J bwa[1-16]
#BSUB -o logs/bwa.%J.out
#BSUB -e logs/bwa.%J.err
#BSUB -R "span[hosts=1]"
#BSUB -q rna
#BSUB -n 6

bwaidx="$HOME/tRNAworkshop/ref/sacCer-mito-and-nuclear-tRNAs.fa"
in="$HOME/tRNAworkshop/alignment_evals/syntheticreads"
dest="$HOME/tRNAworkshop/alignment_evals/bams"

set -o nounset -o pipefail -o errexit -x

samples=(
Q5synthetic.fasta
Q6synthetic.fasta
Q7synthetic.fasta
Q8synthetic.fasta
Q9synthetic.fasta
Q10synthetic.fasta
Q11synthetic.fasta
Q12synthetic.fasta
Q13synthetic.fasta
Q14synthetic.fasta
Q15synthetic.fasta
Q16synthetic.fasta
Q17synthetic.fasta
Q18synthetic.fasta
Q19synthetic.fasta
Q20synthetic.fasta
)

u=${samples[$(( $LSB_JOBINDEX -1 ))]}

### align to tRNA reference - adapter anchored reference alignment
bwa mem -W 13 -k 6 -T 20 -x ont2d $bwaidx $in/${u} \
| samtools view -F4 -hu - \
| samtools sort -o ${dest}/${u}.bwa.bam

samtools index ${dest}/${u}.bwa.bam

------------------------------------------------------------

Successfully completed.

Resource usage summary:

    CPU time :                                   0.08 sec.
    Max Memory :                                 -
    Average Memory :                             -
    Total Requested Memory :                     -
    Delta Memory :                               -
    Max Swap :                                   -
    Max Processes :                              -
    Max Threads :                                -
    Run time :                                   1 sec.
    Turnaround time :                            133 sec.

The output (if any) follows:



PS:

Read file <logs/bwa.849446.err> for stderr output of this job.

Sender: LSF System <lsfadmin@compute19>
Subject: Job 849446[14]: <bwa[1-16]> in cluster <tesla2> Done

Job <bwa[1-16]> was submitted from host <compute21> by user <whitel> in cluster <tesla2> at Mon Jun  3 19:34:54 2024
Job was executed on host(s) <6*compute19>, in queue <rna>, as user <whitel> in cluster <tesla2> at Mon Jun  3 19:37:12 2024
</beevol/home/whitel> was used as the home directory.
</beevol/home/whitel/tRNAworkshop/src> was used as the working directory.
Started at Mon Jun  3 19:37:12 2024
Terminated at Mon Jun  3 19:37:13 2024
Results reported at Mon Jun  3 19:37:13 2024

Your job looked like:

------------------------------------------------------------
# LSBATCH: User input
#! /usr/bin/env bash

#BSUB -J bwa[1-16]
#BSUB -o logs/bwa.%J.out
#BSUB -e logs/bwa.%J.err
#BSUB -R "span[hosts=1]"
#BSUB -q rna
#BSUB -n 6

bwaidx="$HOME/tRNAworkshop/ref/sacCer-mito-and-nuclear-tRNAs.fa"
in="$HOME/tRNAworkshop/alignment_evals/syntheticreads"
dest="$HOME/tRNAworkshop/alignment_evals/bams"

set -o nounset -o pipefail -o errexit -x

samples=(
Q5synthetic.fasta
Q6synthetic.fasta
Q7synthetic.fasta
Q8synthetic.fasta
Q9synthetic.fasta
Q10synthetic.fasta
Q11synthetic.fasta
Q12synthetic.fasta
Q13synthetic.fasta
Q14synthetic.fasta
Q15synthetic.fasta
Q16synthetic.fasta
Q17synthetic.fasta
Q18synthetic.fasta
Q19synthetic.fasta
Q20synthetic.fasta
)

u=${samples[$(( $LSB_JOBINDEX -1 ))]}

### align to tRNA reference - adapter anchored reference alignment
bwa mem -W 13 -k 6 -T 20 -x ont2d $bwaidx $in/${u} \
| samtools view -F4 -hu - \
| samtools sort -o ${dest}/${u}.bwa.bam

samtools index ${dest}/${u}.bwa.bam

------------------------------------------------------------

Successfully completed.

Resource usage summary:

    CPU time :                                   0.09 sec.
    Max Memory :                                 -
    Average Memory :                             -
    Total Requested Memory :                     -
    Delta Memory :                               -
    Max Swap :                                   -
    Max Processes :                              -
    Max Threads :                                -
    Run time :                                   1 sec.
    Turnaround time :                            143 sec.

The output (if any) follows:



PS:

Read file <logs/bwa.849446.err> for stderr output of this job.

Sender: LSF System <lsfadmin@compute19>
Subject: Job 849446[15]: <bwa[1-16]> in cluster <tesla2> Done

Job <bwa[1-16]> was submitted from host <compute21> by user <whitel> in cluster <tesla2> at Mon Jun  3 19:34:54 2024
Job was executed on host(s) <6*compute19>, in queue <rna>, as user <whitel> in cluster <tesla2> at Mon Jun  3 19:37:21 2024
</beevol/home/whitel> was used as the home directory.
</beevol/home/whitel/tRNAworkshop/src> was used as the working directory.
Started at Mon Jun  3 19:37:21 2024
Terminated at Mon Jun  3 19:37:23 2024
Results reported at Mon Jun  3 19:37:23 2024

Your job looked like:

------------------------------------------------------------
# LSBATCH: User input
#! /usr/bin/env bash

#BSUB -J bwa[1-16]
#BSUB -o logs/bwa.%J.out
#BSUB -e logs/bwa.%J.err
#BSUB -R "span[hosts=1]"
#BSUB -q rna
#BSUB -n 6

bwaidx="$HOME/tRNAworkshop/ref/sacCer-mito-and-nuclear-tRNAs.fa"
in="$HOME/tRNAworkshop/alignment_evals/syntheticreads"
dest="$HOME/tRNAworkshop/alignment_evals/bams"

set -o nounset -o pipefail -o errexit -x

samples=(
Q5synthetic.fasta
Q6synthetic.fasta
Q7synthetic.fasta
Q8synthetic.fasta
Q9synthetic.fasta
Q10synthetic.fasta
Q11synthetic.fasta
Q12synthetic.fasta
Q13synthetic.fasta
Q14synthetic.fasta
Q15synthetic.fasta
Q16synthetic.fasta
Q17synthetic.fasta
Q18synthetic.fasta
Q19synthetic.fasta
Q20synthetic.fasta
)

u=${samples[$(( $LSB_JOBINDEX -1 ))]}

### align to tRNA reference - adapter anchored reference alignment
bwa mem -W 13 -k 6 -T 20 -x ont2d $bwaidx $in/${u} \
| samtools view -F4 -hu - \
| samtools sort -o ${dest}/${u}.bwa.bam

samtools index ${dest}/${u}.bwa.bam

------------------------------------------------------------

Successfully completed.

Resource usage summary:

    CPU time :                                   0.09 sec.
    Max Memory :                                 -
    Average Memory :                             -
    Total Requested Memory :                     -
    Delta Memory :                               -
    Max Swap :                                   -
    Max Processes :                              -
    Max Threads :                                -
    Run time :                                   1 sec.
    Turnaround time :                            153 sec.

The output (if any) follows:



PS:

Read file <logs/bwa.849446.err> for stderr output of this job.

Sender: LSF System <lsfadmin@compute19>
Subject: Job 849446[16]: <bwa[1-16]> in cluster <tesla2> Done

Job <bwa[1-16]> was submitted from host <compute21> by user <whitel> in cluster <tesla2> at Mon Jun  3 19:34:54 2024
Job was executed on host(s) <6*compute19>, in queue <rna>, as user <whitel> in cluster <tesla2> at Mon Jun  3 19:37:32 2024
</beevol/home/whitel> was used as the home directory.
</beevol/home/whitel/tRNAworkshop/src> was used as the working directory.
Started at Mon Jun  3 19:37:32 2024
Terminated at Mon Jun  3 19:37:34 2024
Results reported at Mon Jun  3 19:37:34 2024

Your job looked like:

------------------------------------------------------------
# LSBATCH: User input
#! /usr/bin/env bash

#BSUB -J bwa[1-16]
#BSUB -o logs/bwa.%J.out
#BSUB -e logs/bwa.%J.err
#BSUB -R "span[hosts=1]"
#BSUB -q rna
#BSUB -n 6

bwaidx="$HOME/tRNAworkshop/ref/sacCer-mito-and-nuclear-tRNAs.fa"
in="$HOME/tRNAworkshop/alignment_evals/syntheticreads"
dest="$HOME/tRNAworkshop/alignment_evals/bams"

set -o nounset -o pipefail -o errexit -x

samples=(
Q5synthetic.fasta
Q6synthetic.fasta
Q7synthetic.fasta
Q8synthetic.fasta
Q9synthetic.fasta
Q10synthetic.fasta
Q11synthetic.fasta
Q12synthetic.fasta
Q13synthetic.fasta
Q14synthetic.fasta
Q15synthetic.fasta
Q16synthetic.fasta
Q17synthetic.fasta
Q18synthetic.fasta
Q19synthetic.fasta
Q20synthetic.fasta
)

u=${samples[$(( $LSB_JOBINDEX -1 ))]}

### align to tRNA reference - adapter anchored reference alignment
bwa mem -W 13 -k 6 -T 20 -x ont2d $bwaidx $in/${u} \
| samtools view -F4 -hu - \
| samtools sort -o ${dest}/${u}.bwa.bam

samtools index ${dest}/${u}.bwa.bam

------------------------------------------------------------

Successfully completed.

Resource usage summary:

    CPU time :                                   0.09 sec.
    Max Memory :                                 -
    Average Memory :                             -
    Total Requested Memory :                     -
    Delta Memory :                               -
    Max Swap :                                   -
    Max Processes :                              -
    Max Threads :                                -
    Run time :                                   1 sec.
    Turnaround time :                            164 sec.

The output (if any) follows:



PS:

Read file <logs/bwa.849446.err> for stderr output of this job.

