Sender: LSF System <lsfadmin@compute10>
Subject: Job 854413[1]: <bwa[1-8]> in cluster <tesla2> Done

Job <bwa[1-8]> was submitted from host <compute03> by user <whitel> in cluster <tesla2> at Fri Jun  7 10:55:52 2024
Job was executed on host(s) <18*compute10>, in queue <rna>, as user <whitel> in cluster <tesla2> at Fri Jun  7 10:56:01 2024
</beevol/home/whitel> was used as the home directory.
</beevol/home/whitel/tRNAworkshop/src> was used as the working directory.
Started at Fri Jun  7 10:56:01 2024
Terminated at Fri Jun  7 11:04:20 2024
Results reported at Fri Jun  7 11:04:20 2024

Your job looked like:

------------------------------------------------------------
# LSBATCH: User input
#! /usr/bin/env bash

#BSUB -J bwa[1-8]
#BSUB -o logs/bwa.%J.out
#BSUB -e logs/bwa.%J.err
#BSUB -R "span[hosts=1]"
#BSUB -q rna
#BSUB -n 18

bwaidx="$HOME/tRNAworkshop/ref/hg38-mature-tRNAs.fa"
in="$HOME/tRNAworkshop/rebasecalled/fastqs"
dest="$HOME/tRNAworkshop/rebasecalled/alignedbams"

set -o nounset -o pipefail -o errexit -x

samples=(
HumanFibroblast002_20231207_1455_P2S-00519-B_PAS29437_b7f6c4bd.rna002_70bps_fast@v3
HumanFibroblast002_20231207_1455_P2S-00519-B_PAS29437_b7f6c4bd.rna002_70bps_hac@v3
HumanFibroblast004_20231208_1351_MN42516_FAX71838_b8f7b990.rna004_130bps_fast@v3.0.1
HumanFibroblast004_20231208_1351_MN42516_FAX71838_b8f7b990.rna004_130bps_hac@v3.0.1
HumanFibroblast004_20231208_1351_MN42516_FAX71838_b8f7b990.rna004_130bps_sup@v3.0.1
HumanFibroblast004_20231208_1351_MN42516_FAX71838_b8f7b990.rna004_130bps_hac@v5.0.0
HumanFibroblast004_20231208_1351_MN42516_FAX71838_b8f7b990.rna004_130bps_fast@v5.0.0
HumanFibroblast004_20231208_1351_MN42516_FAX71838_b8f7b990.rna004_130bps_sup@v5.0.0
)

u=${samples[$(( $LSB_JOBINDEX -1 ))]}

### align to tRNA reference - adapter anchored reference alignment
bwa mem -W 13 -k 6 -T 20 -x ont2d $bwaidx $in/${u}.fastq \
| samtools view -F4 -hu - \
| samtools sort -o ${dest}/${u}.bwa.bam

samtools index ${dest}/${u}.bwa.bam


------------------------------------------------------------

Successfully completed.

Resource usage summary:

    CPU time :                                   481.81 sec.
    Max Memory :                                 1 GB
    Average Memory :                             0.68 GB
    Total Requested Memory :                     -
    Delta Memory :                               -
    Max Swap :                                   -
    Max Processes :                              6
    Max Threads :                                10
    Run time :                                   498 sec.
    Turnaround time :                            512 sec.

The output (if any) follows:



PS:

Read file <logs/bwa.854413.err> for stderr output of this job.

Sender: LSF System <lsfadmin@compute09>
Subject: Job 854413[2]: <bwa[1-8]> in cluster <tesla2> Done

Job <bwa[1-8]> was submitted from host <compute03> by user <whitel> in cluster <tesla2> at Fri Jun  7 10:55:52 2024
Job was executed on host(s) <18*compute09>, in queue <rna>, as user <whitel> in cluster <tesla2> at Fri Jun  7 10:55:51 2024
</beevol/home/whitel> was used as the home directory.
</beevol/home/whitel/tRNAworkshop/src> was used as the working directory.
Started at Fri Jun  7 10:55:51 2024
Terminated at Fri Jun  7 11:05:32 2024
Results reported at Fri Jun  7 11:05:32 2024

Your job looked like:

------------------------------------------------------------
# LSBATCH: User input
#! /usr/bin/env bash

#BSUB -J bwa[1-8]
#BSUB -o logs/bwa.%J.out
#BSUB -e logs/bwa.%J.err
#BSUB -R "span[hosts=1]"
#BSUB -q rna
#BSUB -n 18

bwaidx="$HOME/tRNAworkshop/ref/hg38-mature-tRNAs.fa"
in="$HOME/tRNAworkshop/rebasecalled/fastqs"
dest="$HOME/tRNAworkshop/rebasecalled/alignedbams"

set -o nounset -o pipefail -o errexit -x

samples=(
HumanFibroblast002_20231207_1455_P2S-00519-B_PAS29437_b7f6c4bd.rna002_70bps_fast@v3
HumanFibroblast002_20231207_1455_P2S-00519-B_PAS29437_b7f6c4bd.rna002_70bps_hac@v3
HumanFibroblast004_20231208_1351_MN42516_FAX71838_b8f7b990.rna004_130bps_fast@v3.0.1
HumanFibroblast004_20231208_1351_MN42516_FAX71838_b8f7b990.rna004_130bps_hac@v3.0.1
HumanFibroblast004_20231208_1351_MN42516_FAX71838_b8f7b990.rna004_130bps_sup@v3.0.1
HumanFibroblast004_20231208_1351_MN42516_FAX71838_b8f7b990.rna004_130bps_hac@v5.0.0
HumanFibroblast004_20231208_1351_MN42516_FAX71838_b8f7b990.rna004_130bps_fast@v5.0.0
HumanFibroblast004_20231208_1351_MN42516_FAX71838_b8f7b990.rna004_130bps_sup@v5.0.0
)

u=${samples[$(( $LSB_JOBINDEX -1 ))]}

### align to tRNA reference - adapter anchored reference alignment
bwa mem -W 13 -k 6 -T 20 -x ont2d $bwaidx $in/${u}.fastq \
| samtools view -F4 -hu - \
| samtools sort -o ${dest}/${u}.bwa.bam

samtools index ${dest}/${u}.bwa.bam


------------------------------------------------------------

Successfully completed.

Resource usage summary:

    CPU time :                                   573.18 sec.
    Max Memory :                                 2 GB
    Average Memory :                             1.28 GB
    Total Requested Memory :                     -
    Delta Memory :                               -
    Max Swap :                                   -
    Max Processes :                              6
    Max Threads :                                10
    Run time :                                   581 sec.
    Turnaround time :                            584 sec.

The output (if any) follows:



PS:

Read file <logs/bwa.854413.err> for stderr output of this job.

Sender: LSF System <lsfadmin@compute13>
Subject: Job 854413[4]: <bwa[1-8]> in cluster <tesla2> Done

Job <bwa[1-8]> was submitted from host <compute03> by user <whitel> in cluster <tesla2> at Fri Jun  7 10:55:52 2024
Job was executed on host(s) <18*compute13>, in queue <rna>, as user <whitel> in cluster <tesla2> at Fri Jun  7 10:55:18 2024
</beevol/home/whitel> was used as the home directory.
</beevol/home/whitel/tRNAworkshop/src> was used as the working directory.
Started at Fri Jun  7 10:55:18 2024
Terminated at Fri Jun  7 11:08:20 2024
Results reported at Fri Jun  7 11:08:20 2024

Your job looked like:

------------------------------------------------------------
# LSBATCH: User input
#! /usr/bin/env bash

#BSUB -J bwa[1-8]
#BSUB -o logs/bwa.%J.out
#BSUB -e logs/bwa.%J.err
#BSUB -R "span[hosts=1]"
#BSUB -q rna
#BSUB -n 18

bwaidx="$HOME/tRNAworkshop/ref/hg38-mature-tRNAs.fa"
in="$HOME/tRNAworkshop/rebasecalled/fastqs"
dest="$HOME/tRNAworkshop/rebasecalled/alignedbams"

set -o nounset -o pipefail -o errexit -x

samples=(
HumanFibroblast002_20231207_1455_P2S-00519-B_PAS29437_b7f6c4bd.rna002_70bps_fast@v3
HumanFibroblast002_20231207_1455_P2S-00519-B_PAS29437_b7f6c4bd.rna002_70bps_hac@v3
HumanFibroblast004_20231208_1351_MN42516_FAX71838_b8f7b990.rna004_130bps_fast@v3.0.1
HumanFibroblast004_20231208_1351_MN42516_FAX71838_b8f7b990.rna004_130bps_hac@v3.0.1
HumanFibroblast004_20231208_1351_MN42516_FAX71838_b8f7b990.rna004_130bps_sup@v3.0.1
HumanFibroblast004_20231208_1351_MN42516_FAX71838_b8f7b990.rna004_130bps_hac@v5.0.0
HumanFibroblast004_20231208_1351_MN42516_FAX71838_b8f7b990.rna004_130bps_fast@v5.0.0
HumanFibroblast004_20231208_1351_MN42516_FAX71838_b8f7b990.rna004_130bps_sup@v5.0.0
)

u=${samples[$(( $LSB_JOBINDEX -1 ))]}

### align to tRNA reference - adapter anchored reference alignment
bwa mem -W 13 -k 6 -T 20 -x ont2d $bwaidx $in/${u}.fastq \
| samtools view -F4 -hu - \
| samtools sort -o ${dest}/${u}.bwa.bam

samtools index ${dest}/${u}.bwa.bam


------------------------------------------------------------

Successfully completed.

Resource usage summary:

    CPU time :                                   775.24 sec.
    Max Memory :                                 3 GB
    Average Memory :                             1.75 GB
    Total Requested Memory :                     -
    Delta Memory :                               -
    Max Swap :                                   -
    Max Processes :                              6
    Max Threads :                                10
    Run time :                                   782 sec.
    Turnaround time :                            752 sec.

The output (if any) follows:



PS:

Read file <logs/bwa.854413.err> for stderr output of this job.

Sender: LSF System <lsfadmin@compute01>
Subject: Job 854413[3]: <bwa[1-8]> in cluster <tesla2> Done

Job <bwa[1-8]> was submitted from host <compute03> by user <whitel> in cluster <tesla2> at Fri Jun  7 10:55:52 2024
Job was executed on host(s) <18*compute01>, in queue <rna>, as user <whitel> in cluster <tesla2> at Fri Jun  7 10:55:58 2024
</beevol/home/whitel> was used as the home directory.
</beevol/home/whitel/tRNAworkshop/src> was used as the working directory.
Started at Fri Jun  7 10:55:58 2024
Terminated at Fri Jun  7 11:10:15 2024
Results reported at Fri Jun  7 11:10:15 2024

Your job looked like:

------------------------------------------------------------
# LSBATCH: User input
#! /usr/bin/env bash

#BSUB -J bwa[1-8]
#BSUB -o logs/bwa.%J.out
#BSUB -e logs/bwa.%J.err
#BSUB -R "span[hosts=1]"
#BSUB -q rna
#BSUB -n 18

bwaidx="$HOME/tRNAworkshop/ref/hg38-mature-tRNAs.fa"
in="$HOME/tRNAworkshop/rebasecalled/fastqs"
dest="$HOME/tRNAworkshop/rebasecalled/alignedbams"

set -o nounset -o pipefail -o errexit -x

samples=(
HumanFibroblast002_20231207_1455_P2S-00519-B_PAS29437_b7f6c4bd.rna002_70bps_fast@v3
HumanFibroblast002_20231207_1455_P2S-00519-B_PAS29437_b7f6c4bd.rna002_70bps_hac@v3
HumanFibroblast004_20231208_1351_MN42516_FAX71838_b8f7b990.rna004_130bps_fast@v3.0.1
HumanFibroblast004_20231208_1351_MN42516_FAX71838_b8f7b990.rna004_130bps_hac@v3.0.1
HumanFibroblast004_20231208_1351_MN42516_FAX71838_b8f7b990.rna004_130bps_sup@v3.0.1
HumanFibroblast004_20231208_1351_MN42516_FAX71838_b8f7b990.rna004_130bps_hac@v5.0.0
HumanFibroblast004_20231208_1351_MN42516_FAX71838_b8f7b990.rna004_130bps_fast@v5.0.0
HumanFibroblast004_20231208_1351_MN42516_FAX71838_b8f7b990.rna004_130bps_sup@v5.0.0
)

u=${samples[$(( $LSB_JOBINDEX -1 ))]}

### align to tRNA reference - adapter anchored reference alignment
bwa mem -W 13 -k 6 -T 20 -x ont2d $bwaidx $in/${u}.fastq \
| samtools view -F4 -hu - \
| samtools sort -o ${dest}/${u}.bwa.bam

samtools index ${dest}/${u}.bwa.bam


------------------------------------------------------------

Successfully completed.

Resource usage summary:

    CPU time :                                   840.14 sec.
    Max Memory :                                 3 GB
    Average Memory :                             1.88 GB
    Total Requested Memory :                     -
    Delta Memory :                               -
    Max Swap :                                   -
    Max Processes :                              6
    Max Threads :                                10
    Run time :                                   857 sec.
    Turnaround time :                            867 sec.

The output (if any) follows:



PS:

Read file <logs/bwa.854413.err> for stderr output of this job.

Sender: LSF System <lsfadmin@compute20>
Subject: Job 854413[6]: <bwa[1-8]> in cluster <tesla2> Done

Job <bwa[1-8]> was submitted from host <compute03> by user <whitel> in cluster <tesla2> at Fri Jun  7 10:55:52 2024
Job was executed on host(s) <18*compute20>, in queue <rna>, as user <whitel> in cluster <tesla2> at Fri Jun  7 10:56:37 2024
</beevol/home/whitel> was used as the home directory.
</beevol/home/whitel/tRNAworkshop/src> was used as the working directory.
Started at Fri Jun  7 10:56:37 2024
Terminated at Fri Jun  7 11:13:38 2024
Results reported at Fri Jun  7 11:13:38 2024

Your job looked like:

------------------------------------------------------------
# LSBATCH: User input
#! /usr/bin/env bash

#BSUB -J bwa[1-8]
#BSUB -o logs/bwa.%J.out
#BSUB -e logs/bwa.%J.err
#BSUB -R "span[hosts=1]"
#BSUB -q rna
#BSUB -n 18

bwaidx="$HOME/tRNAworkshop/ref/hg38-mature-tRNAs.fa"
in="$HOME/tRNAworkshop/rebasecalled/fastqs"
dest="$HOME/tRNAworkshop/rebasecalled/alignedbams"

set -o nounset -o pipefail -o errexit -x

samples=(
HumanFibroblast002_20231207_1455_P2S-00519-B_PAS29437_b7f6c4bd.rna002_70bps_fast@v3
HumanFibroblast002_20231207_1455_P2S-00519-B_PAS29437_b7f6c4bd.rna002_70bps_hac@v3
HumanFibroblast004_20231208_1351_MN42516_FAX71838_b8f7b990.rna004_130bps_fast@v3.0.1
HumanFibroblast004_20231208_1351_MN42516_FAX71838_b8f7b990.rna004_130bps_hac@v3.0.1
HumanFibroblast004_20231208_1351_MN42516_FAX71838_b8f7b990.rna004_130bps_sup@v3.0.1
HumanFibroblast004_20231208_1351_MN42516_FAX71838_b8f7b990.rna004_130bps_hac@v5.0.0
HumanFibroblast004_20231208_1351_MN42516_FAX71838_b8f7b990.rna004_130bps_fast@v5.0.0
HumanFibroblast004_20231208_1351_MN42516_FAX71838_b8f7b990.rna004_130bps_sup@v5.0.0
)

u=${samples[$(( $LSB_JOBINDEX -1 ))]}

### align to tRNA reference - adapter anchored reference alignment
bwa mem -W 13 -k 6 -T 20 -x ont2d $bwaidx $in/${u}.fastq \
| samtools view -F4 -hu - \
| samtools sort -o ${dest}/${u}.bwa.bam

samtools index ${dest}/${u}.bwa.bam


------------------------------------------------------------

Successfully completed.

Resource usage summary:

    CPU time :                                   1013.98 sec.
    Max Memory :                                 2 GB
    Average Memory :                             1.46 GB
    Total Requested Memory :                     -
    Delta Memory :                               -
    Max Swap :                                   -
    Max Processes :                              6
    Max Threads :                                10
    Run time :                                   1021 sec.
    Turnaround time :                            1070 sec.

The output (if any) follows:



PS:

Read file <logs/bwa.854413.err> for stderr output of this job.

Sender: LSF System <lsfadmin@compute10>
Subject: Job 854413[7]: <bwa[1-8]> in cluster <tesla2> Done

Job <bwa[1-8]> was submitted from host <compute03> by user <whitel> in cluster <tesla2> at Fri Jun  7 10:55:52 2024
Job was executed on host(s) <18*compute10>, in queue <rna>, as user <whitel> in cluster <tesla2> at Fri Jun  7 11:04:20 2024
</beevol/home/whitel> was used as the home directory.
</beevol/home/whitel/tRNAworkshop/src> was used as the working directory.
Started at Fri Jun  7 11:04:20 2024
Terminated at Fri Jun  7 11:14:23 2024
Results reported at Fri Jun  7 11:14:23 2024

Your job looked like:

------------------------------------------------------------
# LSBATCH: User input
#! /usr/bin/env bash

#BSUB -J bwa[1-8]
#BSUB -o logs/bwa.%J.out
#BSUB -e logs/bwa.%J.err
#BSUB -R "span[hosts=1]"
#BSUB -q rna
#BSUB -n 18

bwaidx="$HOME/tRNAworkshop/ref/hg38-mature-tRNAs.fa"
in="$HOME/tRNAworkshop/rebasecalled/fastqs"
dest="$HOME/tRNAworkshop/rebasecalled/alignedbams"

set -o nounset -o pipefail -o errexit -x

samples=(
HumanFibroblast002_20231207_1455_P2S-00519-B_PAS29437_b7f6c4bd.rna002_70bps_fast@v3
HumanFibroblast002_20231207_1455_P2S-00519-B_PAS29437_b7f6c4bd.rna002_70bps_hac@v3
HumanFibroblast004_20231208_1351_MN42516_FAX71838_b8f7b990.rna004_130bps_fast@v3.0.1
HumanFibroblast004_20231208_1351_MN42516_FAX71838_b8f7b990.rna004_130bps_hac@v3.0.1
HumanFibroblast004_20231208_1351_MN42516_FAX71838_b8f7b990.rna004_130bps_sup@v3.0.1
HumanFibroblast004_20231208_1351_MN42516_FAX71838_b8f7b990.rna004_130bps_hac@v5.0.0
HumanFibroblast004_20231208_1351_MN42516_FAX71838_b8f7b990.rna004_130bps_fast@v5.0.0
HumanFibroblast004_20231208_1351_MN42516_FAX71838_b8f7b990.rna004_130bps_sup@v5.0.0
)

u=${samples[$(( $LSB_JOBINDEX -1 ))]}

### align to tRNA reference - adapter anchored reference alignment
bwa mem -W 13 -k 6 -T 20 -x ont2d $bwaidx $in/${u}.fastq \
| samtools view -F4 -hu - \
| samtools sort -o ${dest}/${u}.bwa.bam

samtools index ${dest}/${u}.bwa.bam


------------------------------------------------------------

Successfully completed.

Resource usage summary:

    CPU time :                                   601.36 sec.
    Max Memory :                                 2 GB
    Average Memory :                             1.28 GB
    Total Requested Memory :                     -
    Delta Memory :                               -
    Max Swap :                                   -
    Max Processes :                              6
    Max Threads :                                10
    Run time :                                   603 sec.
    Turnaround time :                            1114 sec.

The output (if any) follows:



PS:

Read file <logs/bwa.854413.err> for stderr output of this job.

Sender: LSF System <lsfadmin@compute19>
Subject: Job 854413[5]: <bwa[1-8]> in cluster <tesla2> Done

Job <bwa[1-8]> was submitted from host <compute03> by user <whitel> in cluster <tesla2> at Fri Jun  7 10:55:52 2024
Job was executed on host(s) <18*compute19>, in queue <rna>, as user <whitel> in cluster <tesla2> at Fri Jun  7 10:55:59 2024
</beevol/home/whitel> was used as the home directory.
</beevol/home/whitel/tRNAworkshop/src> was used as the working directory.
Started at Fri Jun  7 10:55:59 2024
Terminated at Fri Jun  7 11:19:04 2024
Results reported at Fri Jun  7 11:19:04 2024

Your job looked like:

------------------------------------------------------------
# LSBATCH: User input
#! /usr/bin/env bash

#BSUB -J bwa[1-8]
#BSUB -o logs/bwa.%J.out
#BSUB -e logs/bwa.%J.err
#BSUB -R "span[hosts=1]"
#BSUB -q rna
#BSUB -n 18

bwaidx="$HOME/tRNAworkshop/ref/hg38-mature-tRNAs.fa"
in="$HOME/tRNAworkshop/rebasecalled/fastqs"
dest="$HOME/tRNAworkshop/rebasecalled/alignedbams"

set -o nounset -o pipefail -o errexit -x

samples=(
HumanFibroblast002_20231207_1455_P2S-00519-B_PAS29437_b7f6c4bd.rna002_70bps_fast@v3
HumanFibroblast002_20231207_1455_P2S-00519-B_PAS29437_b7f6c4bd.rna002_70bps_hac@v3
HumanFibroblast004_20231208_1351_MN42516_FAX71838_b8f7b990.rna004_130bps_fast@v3.0.1
HumanFibroblast004_20231208_1351_MN42516_FAX71838_b8f7b990.rna004_130bps_hac@v3.0.1
HumanFibroblast004_20231208_1351_MN42516_FAX71838_b8f7b990.rna004_130bps_sup@v3.0.1
HumanFibroblast004_20231208_1351_MN42516_FAX71838_b8f7b990.rna004_130bps_hac@v5.0.0
HumanFibroblast004_20231208_1351_MN42516_FAX71838_b8f7b990.rna004_130bps_fast@v5.0.0
HumanFibroblast004_20231208_1351_MN42516_FAX71838_b8f7b990.rna004_130bps_sup@v5.0.0
)

u=${samples[$(( $LSB_JOBINDEX -1 ))]}

### align to tRNA reference - adapter anchored reference alignment
bwa mem -W 13 -k 6 -T 20 -x ont2d $bwaidx $in/${u}.fastq \
| samtools view -F4 -hu - \
| samtools sort -o ${dest}/${u}.bwa.bam

samtools index ${dest}/${u}.bwa.bam


------------------------------------------------------------

Successfully completed.

Resource usage summary:

    CPU time :                                   1371.34 sec.
    Max Memory :                                 3 GB
    Average Memory :                             1.86 GB
    Total Requested Memory :                     -
    Delta Memory :                               -
    Max Swap :                                   -
    Max Processes :                              6
    Max Threads :                                10
    Run time :                                   1385 sec.
    Turnaround time :                            1396 sec.

The output (if any) follows:



PS:

Read file <logs/bwa.854413.err> for stderr output of this job.

Sender: LSF System <lsfadmin@compute09>
Subject: Job 854413[8]: <bwa[1-8]> in cluster <tesla2> Done

Job <bwa[1-8]> was submitted from host <compute03> by user <whitel> in cluster <tesla2> at Fri Jun  7 10:55:52 2024
Job was executed on host(s) <18*compute09>, in queue <rna>, as user <whitel> in cluster <tesla2> at Fri Jun  7 11:05:33 2024
</beevol/home/whitel> was used as the home directory.
</beevol/home/whitel/tRNAworkshop/src> was used as the working directory.
Started at Fri Jun  7 11:05:33 2024
Terminated at Fri Jun  7 11:34:51 2024
Results reported at Fri Jun  7 11:34:51 2024

Your job looked like:

------------------------------------------------------------
# LSBATCH: User input
#! /usr/bin/env bash

#BSUB -J bwa[1-8]
#BSUB -o logs/bwa.%J.out
#BSUB -e logs/bwa.%J.err
#BSUB -R "span[hosts=1]"
#BSUB -q rna
#BSUB -n 18

bwaidx="$HOME/tRNAworkshop/ref/hg38-mature-tRNAs.fa"
in="$HOME/tRNAworkshop/rebasecalled/fastqs"
dest="$HOME/tRNAworkshop/rebasecalled/alignedbams"

set -o nounset -o pipefail -o errexit -x

samples=(
HumanFibroblast002_20231207_1455_P2S-00519-B_PAS29437_b7f6c4bd.rna002_70bps_fast@v3
HumanFibroblast002_20231207_1455_P2S-00519-B_PAS29437_b7f6c4bd.rna002_70bps_hac@v3
HumanFibroblast004_20231208_1351_MN42516_FAX71838_b8f7b990.rna004_130bps_fast@v3.0.1
HumanFibroblast004_20231208_1351_MN42516_FAX71838_b8f7b990.rna004_130bps_hac@v3.0.1
HumanFibroblast004_20231208_1351_MN42516_FAX71838_b8f7b990.rna004_130bps_sup@v3.0.1
HumanFibroblast004_20231208_1351_MN42516_FAX71838_b8f7b990.rna004_130bps_hac@v5.0.0
HumanFibroblast004_20231208_1351_MN42516_FAX71838_b8f7b990.rna004_130bps_fast@v5.0.0
HumanFibroblast004_20231208_1351_MN42516_FAX71838_b8f7b990.rna004_130bps_sup@v5.0.0
)

u=${samples[$(( $LSB_JOBINDEX -1 ))]}

### align to tRNA reference - adapter anchored reference alignment
bwa mem -W 13 -k 6 -T 20 -x ont2d $bwaidx $in/${u}.fastq \
| samtools view -F4 -hu - \
| samtools sort -o ${dest}/${u}.bwa.bam

samtools index ${dest}/${u}.bwa.bam


------------------------------------------------------------

Successfully completed.

Resource usage summary:

    CPU time :                                   1754.00 sec.
    Max Memory :                                 4 GB
    Average Memory :                             2.61 GB
    Total Requested Memory :                     -
    Delta Memory :                               -
    Max Swap :                                   -
    Max Processes :                              6
    Max Threads :                                10
    Run time :                                   1758 sec.
    Turnaround time :                            2342 sec.

The output (if any) follows:



PS:

Read file <logs/bwa.854413.err> for stderr output of this job.

