+ samples=(Drosophila002_20231207_1500_MN35252_FAX30455_48242de2.rna002_70bps_fast@v3 Drosophila002_20231207_1500_MN35252_FAX30455_48242de2.rna002_70bps_hac@v3 Drosophila004_20231208_1307_MN31004_FAX73799_72c200e4.rna004_130bps_fast@v3.0.1 Drosophila004_20231208_1307_MN31004_FAX73799_72c200e4.rna004_130bps_fast@v5.0.0 Drosophila004_20231208_1307_MN31004_FAX73799_72c200e4.rna004_130bps_hac@v3.0.1 Drosophila004_20231208_1307_MN31004_FAX73799_72c200e4.rna004_130bps_hac@v5.0.0 Drosophila004_20231208_1307_MN31004_FAX73799_72c200e4.rna004_130bps_sup@v3.0.1 Drosophila004_20231208_1307_MN31004_FAX73799_72c200e4.rna004_130bps_sup@v5.0.0)
+ u=Drosophila002_20231207_1500_MN35252_FAX30455_48242de2.rna002_70bps_fast@v3
+ bwa mem -W 13 -k 6 -T 20 -x ont2d /beevol/home/whitel/tRNAworkshop/refs/dm6-mature-tRNAs.fa /beevol/home/whitel/tRNAworkshop/rebasecalled/fastqs/Drosophila002_20231207_1500_MN35252_FAX30455_48242de2.rna002_70bps_fast@v3.fastq
+ samtools view -F4 -hu -
+ samtools sort -o /beevol/home/whitel/tRNAworkshop/rebasecalled/alignedbams/Drosophila002_20231207_1500_MN35252_FAX30455_48242de2.rna002_70bps_fast@v3.bwa.bam
[E::bwa_idx_load_from_disk] fail to locate the index files
[main_samview] fail to read the header from "-".
samtools sort: failed to read header from "-"
+ samples=(Drosophila002_20231207_1500_MN35252_FAX30455_48242de2.rna002_70bps_fast@v3 Drosophila002_20231207_1500_MN35252_FAX30455_48242de2.rna002_70bps_hac@v3 Drosophila004_20231208_1307_MN31004_FAX73799_72c200e4.rna004_130bps_fast@v3.0.1 Drosophila004_20231208_1307_MN31004_FAX73799_72c200e4.rna004_130bps_fast@v5.0.0 Drosophila004_20231208_1307_MN31004_FAX73799_72c200e4.rna004_130bps_hac@v3.0.1 Drosophila004_20231208_1307_MN31004_FAX73799_72c200e4.rna004_130bps_hac@v5.0.0 Drosophila004_20231208_1307_MN31004_FAX73799_72c200e4.rna004_130bps_sup@v3.0.1 Drosophila004_20231208_1307_MN31004_FAX73799_72c200e4.rna004_130bps_sup@v5.0.0)
+ u=Drosophila002_20231207_1500_MN35252_FAX30455_48242de2.rna002_70bps_hac@v3
+ bwa mem -W 13 -k 6 -T 20 -x ont2d /beevol/home/whitel/tRNAworkshop/refs/dm6-mature-tRNAs.fa /beevol/home/whitel/tRNAworkshop/rebasecalled/fastqs/Drosophila002_20231207_1500_MN35252_FAX30455_48242de2.rna002_70bps_hac@v3.fastq
+ samtools view -F4 -hu -
+ samtools sort -o /beevol/home/whitel/tRNAworkshop/rebasecalled/alignedbams/Drosophila002_20231207_1500_MN35252_FAX30455_48242de2.rna002_70bps_hac@v3.bwa.bam
[E::bwa_idx_load_from_disk] fail to locate the index files
[main_samview] fail to read the header from "-".
samtools sort: failed to read header from "-"
+ samples=(Drosophila002_20231207_1500_MN35252_FAX30455_48242de2.rna002_70bps_fast@v3 Drosophila002_20231207_1500_MN35252_FAX30455_48242de2.rna002_70bps_hac@v3 Drosophila004_20231208_1307_MN31004_FAX73799_72c200e4.rna004_130bps_fast@v3.0.1 Drosophila004_20231208_1307_MN31004_FAX73799_72c200e4.rna004_130bps_fast@v5.0.0 Drosophila004_20231208_1307_MN31004_FAX73799_72c200e4.rna004_130bps_hac@v3.0.1 Drosophila004_20231208_1307_MN31004_FAX73799_72c200e4.rna004_130bps_hac@v5.0.0 Drosophila004_20231208_1307_MN31004_FAX73799_72c200e4.rna004_130bps_sup@v3.0.1 Drosophila004_20231208_1307_MN31004_FAX73799_72c200e4.rna004_130bps_sup@v5.0.0)
+ u=Drosophila004_20231208_1307_MN31004_FAX73799_72c200e4.rna004_130bps_fast@v3.0.1
+ samtools view -F4 -hu -
+ bwa mem -W 13 -k 6 -T 20 -x ont2d /beevol/home/whitel/tRNAworkshop/refs/dm6-mature-tRNAs.fa /beevol/home/whitel/tRNAworkshop/rebasecalled/fastqs/Drosophila004_20231208_1307_MN31004_FAX73799_72c200e4.rna004_130bps_fast@v3.0.1.fastq
+ samtools sort -o /beevol/home/whitel/tRNAworkshop/rebasecalled/alignedbams/Drosophila004_20231208_1307_MN31004_FAX73799_72c200e4.rna004_130bps_fast@v3.0.1.bwa.bam
[E::bwa_idx_load_from_disk] fail to locate the index files
[main_samview] fail to read the header from "-".
samtools sort: failed to read header from "-"
+ samples=(Drosophila002_20231207_1500_MN35252_FAX30455_48242de2.rna002_70bps_fast@v3 Drosophila002_20231207_1500_MN35252_FAX30455_48242de2.rna002_70bps_hac@v3 Drosophila004_20231208_1307_MN31004_FAX73799_72c200e4.rna004_130bps_fast@v3.0.1 Drosophila004_20231208_1307_MN31004_FAX73799_72c200e4.rna004_130bps_fast@v5.0.0 Drosophila004_20231208_1307_MN31004_FAX73799_72c200e4.rna004_130bps_hac@v3.0.1 Drosophila004_20231208_1307_MN31004_FAX73799_72c200e4.rna004_130bps_hac@v5.0.0 Drosophila004_20231208_1307_MN31004_FAX73799_72c200e4.rna004_130bps_sup@v3.0.1 Drosophila004_20231208_1307_MN31004_FAX73799_72c200e4.rna004_130bps_sup@v5.0.0)
+ u=Drosophila004_20231208_1307_MN31004_FAX73799_72c200e4.rna004_130bps_fast@v5.0.0
+ bwa mem -W 13 -k 6 -T 20 -x ont2d /beevol/home/whitel/tRNAworkshop/refs/dm6-mature-tRNAs.fa /beevol/home/whitel/tRNAworkshop/rebasecalled/fastqs/Drosophila004_20231208_1307_MN31004_FAX73799_72c200e4.rna004_130bps_fast@v5.0.0.fastq
+ samtools view -F4 -hu -
+ samtools sort -o /beevol/home/whitel/tRNAworkshop/rebasecalled/alignedbams/Drosophila004_20231208_1307_MN31004_FAX73799_72c200e4.rna004_130bps_fast@v5.0.0.bwa.bam
[E::bwa_idx_load_from_disk] fail to locate the index files
[main_samview] fail to read the header from "-".
samtools sort: failed to read header from "-"
+ samples=(Drosophila002_20231207_1500_MN35252_FAX30455_48242de2.rna002_70bps_fast@v3 Drosophila002_20231207_1500_MN35252_FAX30455_48242de2.rna002_70bps_hac@v3 Drosophila004_20231208_1307_MN31004_FAX73799_72c200e4.rna004_130bps_fast@v3.0.1 Drosophila004_20231208_1307_MN31004_FAX73799_72c200e4.rna004_130bps_fast@v5.0.0 Drosophila004_20231208_1307_MN31004_FAX73799_72c200e4.rna004_130bps_hac@v3.0.1 Drosophila004_20231208_1307_MN31004_FAX73799_72c200e4.rna004_130bps_hac@v5.0.0 Drosophila004_20231208_1307_MN31004_FAX73799_72c200e4.rna004_130bps_sup@v3.0.1 Drosophila004_20231208_1307_MN31004_FAX73799_72c200e4.rna004_130bps_sup@v5.0.0)
+ u=Drosophila004_20231208_1307_MN31004_FAX73799_72c200e4.rna004_130bps_hac@v5.0.0
+ bwa mem -W 13 -k 6 -T 20 -x ont2d /beevol/home/whitel/tRNAworkshop/refs/dm6-mature-tRNAs.fa /beevol/home/whitel/tRNAworkshop/rebasecalled/fastqs/Drosophila004_20231208_1307_MN31004_FAX73799_72c200e4.rna004_130bps_hac@v5.0.0.fastq
+ samtools sort -o /beevol/home/whitel/tRNAworkshop/rebasecalled/alignedbams/Drosophila004_20231208_1307_MN31004_FAX73799_72c200e4.rna004_130bps_hac@v5.0.0.bwa.bam
+ samtools view -F4 -hu -
[E::bwa_idx_load_from_disk] fail to locate the index files
[main_samview] fail to read the header from "-".
samtools sort: failed to read header from "-"
+ samples=(Drosophila002_20231207_1500_MN35252_FAX30455_48242de2.rna002_70bps_fast@v3 Drosophila002_20231207_1500_MN35252_FAX30455_48242de2.rna002_70bps_hac@v3 Drosophila004_20231208_1307_MN31004_FAX73799_72c200e4.rna004_130bps_fast@v3.0.1 Drosophila004_20231208_1307_MN31004_FAX73799_72c200e4.rna004_130bps_fast@v5.0.0 Drosophila004_20231208_1307_MN31004_FAX73799_72c200e4.rna004_130bps_hac@v3.0.1 Drosophila004_20231208_1307_MN31004_FAX73799_72c200e4.rna004_130bps_hac@v5.0.0 Drosophila004_20231208_1307_MN31004_FAX73799_72c200e4.rna004_130bps_sup@v3.0.1 Drosophila004_20231208_1307_MN31004_FAX73799_72c200e4.rna004_130bps_sup@v5.0.0)
+ u=Drosophila004_20231208_1307_MN31004_FAX73799_72c200e4.rna004_130bps_sup@v3.0.1
+ bwa mem -W 13 -k 6 -T 20 -x ont2d /beevol/home/whitel/tRNAworkshop/refs/dm6-mature-tRNAs.fa /beevol/home/whitel/tRNAworkshop/rebasecalled/fastqs/Drosophila004_20231208_1307_MN31004_FAX73799_72c200e4.rna004_130bps_sup@v3.0.1.fastq
+ samtools view -F4 -hu -
+ samtools sort -o /beevol/home/whitel/tRNAworkshop/rebasecalled/alignedbams/Drosophila004_20231208_1307_MN31004_FAX73799_72c200e4.rna004_130bps_sup@v3.0.1.bwa.bam
[E::bwa_idx_load_from_disk] fail to locate the index files
[main_samview] fail to read the header from "-".
samtools sort: failed to read header from "-"
+ samples=(Drosophila002_20231207_1500_MN35252_FAX30455_48242de2.rna002_70bps_fast@v3 Drosophila002_20231207_1500_MN35252_FAX30455_48242de2.rna002_70bps_hac@v3 Drosophila004_20231208_1307_MN31004_FAX73799_72c200e4.rna004_130bps_fast@v3.0.1 Drosophila004_20231208_1307_MN31004_FAX73799_72c200e4.rna004_130bps_fast@v5.0.0 Drosophila004_20231208_1307_MN31004_FAX73799_72c200e4.rna004_130bps_hac@v3.0.1 Drosophila004_20231208_1307_MN31004_FAX73799_72c200e4.rna004_130bps_hac@v5.0.0 Drosophila004_20231208_1307_MN31004_FAX73799_72c200e4.rna004_130bps_sup@v3.0.1 Drosophila004_20231208_1307_MN31004_FAX73799_72c200e4.rna004_130bps_sup@v5.0.0)
+ u=Drosophila004_20231208_1307_MN31004_FAX73799_72c200e4.rna004_130bps_sup@v5.0.0
+ bwa mem -W 13 -k 6 -T 20 -x ont2d /beevol/home/whitel/tRNAworkshop/refs/dm6-mature-tRNAs.fa /beevol/home/whitel/tRNAworkshop/rebasecalled/fastqs/Drosophila004_20231208_1307_MN31004_FAX73799_72c200e4.rna004_130bps_sup@v5.0.0.fastq
+ samtools view -F4 -hu -
+ samtools sort -o /beevol/home/whitel/tRNAworkshop/rebasecalled/alignedbams/Drosophila004_20231208_1307_MN31004_FAX73799_72c200e4.rna004_130bps_sup@v5.0.0.bwa.bam
[E::bwa_idx_load_from_disk] fail to locate the index files
[main_samview] fail to read the header from "-".
samtools sort: failed to read header from "-"
