Sender: LSF System <lsfadmin@compute01>
Subject: Job 869743[1]: <bwa[1-1]> in cluster <tesla2> Done

Job <bwa[1-1]> was submitted from host <compute07> by user <whitel> in cluster <tesla2> at Thu Jun 20 21:54:17 2024
Job was executed on host(s) <18*compute01>, in queue <rna>, as user <whitel> in cluster <tesla2> at Thu Jun 20 21:54:24 2024
</beevol/home/whitel> was used as the home directory.
</beevol/home/whitel/tRNAworkshop/src> was used as the working directory.
Started at Thu Jun 20 21:54:24 2024
Terminated at Thu Jun 20 22:04:54 2024
Results reported at Thu Jun 20 22:04:54 2024

Your job looked like:

------------------------------------------------------------
# LSBATCH: User input
#! /usr/bin/env bash

#BSUB -J bwa[1-1]
#BSUB -o logs/bwa.%J.out
#BSUB -e logs/bwa.%J.err
#BSUB -R "span[hosts=1]"
#BSUB -q rna
#BSUB -n 18

bwaidx="$HOME/tRNAworkshop/ref/ecoliK12MG1655-mature-tRNAs.fa"
in="$HOME/tRNAworkshop/rebasecalled/supv5_fastqs"
dest="$HOME/tRNAworkshop/rebasecalled/alignedbams"

set -o nounset -o pipefail -o errexit -x

samples=(
Ecoli004_20240105_1224_MN31004_FAX73799_1fe84761.rna004_130bps_sup@v5.0.0
)

u=${samples[$(( $LSB_JOBINDEX -1 ))]}

### align to tRNA reference - adapter anchored reference alignment
bwa mem -W 13 -k 6 -T 20 -x ont2d $bwaidx $in/${u}.fastq \
| samtools view -F4 -hu - \
| samtools sort -o ${dest}/${u}.bwa.bam

samtools index ${dest}/${u}.bwa.bam

------------------------------------------------------------

Successfully completed.

Resource usage summary:

    CPU time :                                   628.90 sec.
    Max Memory :                                 1 GB
    Average Memory :                             0.86 GB
    Total Requested Memory :                     -
    Delta Memory :                               -
    Max Swap :                                   -
    Max Processes :                              6
    Max Threads :                                10
    Run time :                                   629 sec.
    Turnaround time :                            640 sec.

The output (if any) follows:



PS:

Read file <logs/bwa.869743.err> for stderr output of this job.

