+ samples=(WTyeast004_20231111_1104_P2S-00519-B_PAQ47538_fa3726ec.rna004_130bps_sup@v3.0.1 Ecoli004_20240105_1224_MN31004_FAX73799_1fe84761.rna004_130bps_sup@v3.0.1 Drosophila004_20231208_1307_MN31004_FAX73799_72c200e4.rna004_130bps_sup@v3.0.1 HumanFibroblast004_20231208_1351_MN42516_FAX71838_b8f7b990.rna004_130bps_sup@v3.0.1 Tetrahymena004_20231208_0920_MN42516_FAX71838_a244513d.rna004_130bps_sup@v3.0.1 Zebrafish004_20231208_0919_MN31004_FAX73799_f3dea9f8.rna004_130bps_sup@v3.0.1)
+ refloc=/beevol/home/whitel/tRNAworkshop/ref
+ references=(ecoliK12MG1655-mature-tRNAs.fa sacCer3-mature-tRNAs.fa tthermophila-numbered-mature-tRNAs.fa dm6-mature-tRNAs.fa danRer11-mature-tRNAs.fa hg38-mature-tRNAs.fa)
+ u=WTyeast004_20231111_1104_P2S-00519-B_PAQ47538_fa3726ec.rna004_130bps_sup@v3.0.1
+ for ref in '"${references[@]}"'
++ basename ecoliK12MG1655-mature-tRNAs.fa .fa
+ ref_name=ecoliK12MG1655-mature-tRNAs
+ bwa mem -W 13 -k 6 -T 20 -x ont2d /beevol/home/whitel/tRNAworkshop/ref/ecoliK12MG1655-mature-tRNAs.fa /beevol/home/whitel/tRNAworkshop/rebasecalled/fastqs/WTyeast004_20231111_1104_P2S-00519-B_PAQ47538_fa3726ec.rna004_130bps_sup@v3.0.1.fastq
+ samtools view -F4 -hu -
+ samtools sort -o /beevol/home/whitel/tRNAworkshop/rebasecalled/alignedbams/crossalignments/WTyeast004_20231111_1104_P2S-00519-B_PAQ47538_fa3726ec.rna004_130bps_sup@v3.0.1.ecoliK12MG1655-mature-tRNAs.bwa.bam
[M::bwa_idx_load_from_disk] read 0 ALT contigs
[E::main_mem] fail to open file `/beevol/home/whitel/tRNAworkshop/rebasecalled/fastqs/WTyeast004_20231111_1104_P2S-00519-B_PAQ47538_fa3726ec.rna004_130bps_sup@v3.0.1.fastq'.
[main_samview] fail to read the header from "-".
samtools sort: failed to read header from "-"
+ samples=(WTyeast004_20231111_1104_P2S-00519-B_PAQ47538_fa3726ec.rna004_130bps_sup@v3.0.1 Ecoli004_20240105_1224_MN31004_FAX73799_1fe84761.rna004_130bps_sup@v3.0.1 Drosophila004_20231208_1307_MN31004_FAX73799_72c200e4.rna004_130bps_sup@v3.0.1 HumanFibroblast004_20231208_1351_MN42516_FAX71838_b8f7b990.rna004_130bps_sup@v3.0.1 Tetrahymena004_20231208_0920_MN42516_FAX71838_a244513d.rna004_130bps_sup@v3.0.1 Zebrafish004_20231208_0919_MN31004_FAX73799_f3dea9f8.rna004_130bps_sup@v3.0.1)
+ refloc=/beevol/home/whitel/tRNAworkshop/ref
+ references=(ecoliK12MG1655-mature-tRNAs.fa sacCer3-mature-tRNAs.fa tthermophila-numbered-mature-tRNAs.fa dm6-mature-tRNAs.fa danRer11-mature-tRNAs.fa hg38-mature-tRNAs.fa)
+ u=Ecoli004_20240105_1224_MN31004_FAX73799_1fe84761.rna004_130bps_sup@v3.0.1
+ for ref in '"${references[@]}"'
++ basename ecoliK12MG1655-mature-tRNAs.fa .fa
+ ref_name=ecoliK12MG1655-mature-tRNAs
+ bwa mem -W 13 -k 6 -T 20 -x ont2d /beevol/home/whitel/tRNAworkshop/ref/ecoliK12MG1655-mature-tRNAs.fa /beevol/home/whitel/tRNAworkshop/rebasecalled/fastqs/Ecoli004_20240105_1224_MN31004_FAX73799_1fe84761.rna004_130bps_sup@v3.0.1.fastq
+ samtools view -F4 -hu -
+ samtools sort -o /beevol/home/whitel/tRNAworkshop/rebasecalled/alignedbams/crossalignments/Ecoli004_20240105_1224_MN31004_FAX73799_1fe84761.rna004_130bps_sup@v3.0.1.ecoliK12MG1655-mature-tRNAs.bwa.bam
[M::bwa_idx_load_from_disk] read 0 ALT contigs
[M::process] read 61836 sequences (10000015 bp)...
[M::process] read 50864 sequences (8219861 bp)...
[M::mem_process_seqs] Processed 61836 reads in 112.841 CPU sec, 113.060 real sec
[M::mem_process_seqs] Processed 50864 reads in 87.785 CPU sec, 87.887 real sec
[main] Version: 0.7.16a-r1181
[main] CMD: bwa mem -W 13 -k 6 -T 20 -x ont2d /beevol/home/whitel/tRNAworkshop/ref/ecoliK12MG1655-mature-tRNAs.fa /beevol/home/whitel/tRNAworkshop/rebasecalled/fastqs/Ecoli004_20240105_1224_MN31004_FAX73799_1fe84761.rna004_130bps_sup@v3.0.1.fastq
[main] Real time: 202.013 sec; CPU: 200.753 sec
+ samtools index /beevol/home/whitel/tRNAworkshop/rebasecalled/alignedbams/crossalignments/Ecoli004_20240105_1224_MN31004_FAX73799_1fe84761.rna004_130bps_sup@v3.0.1.ecoliK12MG1655-mature-tRNAs.bwa.bam
+ for ref in '"${references[@]}"'
++ basename sacCer3-mature-tRNAs.fa .fa
+ ref_name=sacCer3-mature-tRNAs
+ bwa mem -W 13 -k 6 -T 20 -x ont2d /beevol/home/whitel/tRNAworkshop/ref/sacCer3-mature-tRNAs.fa /beevol/home/whitel/tRNAworkshop/rebasecalled/fastqs/Ecoli004_20240105_1224_MN31004_FAX73799_1fe84761.rna004_130bps_sup@v3.0.1.fastq
+ samtools view -F4 -hu -
+ samtools sort -o /beevol/home/whitel/tRNAworkshop/rebasecalled/alignedbams/crossalignments/Ecoli004_20240105_1224_MN31004_FAX73799_1fe84761.rna004_130bps_sup@v3.0.1.sacCer3-mature-tRNAs.bwa.bam
[M::bwa_idx_load_from_disk] read 0 ALT contigs
[M::process] read 61836 sequences (10000015 bp)...
[M::process] read 50864 sequences (8219861 bp)...
[M::mem_process_seqs] Processed 61836 reads in 371.752 CPU sec, 372.646 real sec
[M::mem_process_seqs] Processed 50864 reads in 300.394 CPU sec, 301.071 real sec
[main] Version: 0.7.16a-r1181
[main] CMD: bwa mem -W 13 -k 6 -T 20 -x ont2d /beevol/home/whitel/tRNAworkshop/ref/sacCer3-mature-tRNAs.fa /beevol/home/whitel/tRNAworkshop/rebasecalled/fastqs/Ecoli004_20240105_1224_MN31004_FAX73799_1fe84761.rna004_130bps_sup@v3.0.1.fastq
[main] Real time: 674.601 sec; CPU: 672.268 sec
+ samtools index /beevol/home/whitel/tRNAworkshop/rebasecalled/alignedbams/crossalignments/Ecoli004_20240105_1224_MN31004_FAX73799_1fe84761.rna004_130bps_sup@v3.0.1.sacCer3-mature-tRNAs.bwa.bam
+ for ref in '"${references[@]}"'
++ basename tthermophila-numbered-mature-tRNAs.fa .fa
+ ref_name=tthermophila-numbered-mature-tRNAs
+ bwa mem -W 13 -k 6 -T 20 -x ont2d /beevol/home/whitel/tRNAworkshop/ref/tthermophila-numbered-mature-tRNAs.fa /beevol/home/whitel/tRNAworkshop/rebasecalled/fastqs/Ecoli004_20240105_1224_MN31004_FAX73799_1fe84761.rna004_130bps_sup@v3.0.1.fastq
+ samtools view -F4 -hu -
+ samtools sort -o /beevol/home/whitel/tRNAworkshop/rebasecalled/alignedbams/crossalignments/Ecoli004_20240105_1224_MN31004_FAX73799_1fe84761.rna004_130bps_sup@v3.0.1.tthermophila-numbered-mature-tRNAs.bwa.bam
[M::bwa_idx_load_from_disk] read 0 ALT contigs
[M::process] read 61836 sequences (10000015 bp)...
[M::process] read 50864 sequences (8219861 bp)...
[M::mem_process_seqs] Processed 61836 reads in 397.104 CPU sec, 397.992 real sec
[M::mem_process_seqs] Processed 50864 reads in 330.386 CPU sec, 331.016 real sec
[main] Version: 0.7.16a-r1181
[main] CMD: bwa mem -W 13 -k 6 -T 20 -x ont2d /beevol/home/whitel/tRNAworkshop/ref/tthermophila-numbered-mature-tRNAs.fa /beevol/home/whitel/tRNAworkshop/rebasecalled/fastqs/Ecoli004_20240105_1224_MN31004_FAX73799_1fe84761.rna004_130bps_sup@v3.0.1.fastq
[main] Real time: 729.979 sec; CPU: 727.628 sec
+ samtools index /beevol/home/whitel/tRNAworkshop/rebasecalled/alignedbams/crossalignments/Ecoli004_20240105_1224_MN31004_FAX73799_1fe84761.rna004_130bps_sup@v3.0.1.tthermophila-numbered-mature-tRNAs.bwa.bam
+ for ref in '"${references[@]}"'
++ basename dm6-mature-tRNAs.fa .fa
+ ref_name=dm6-mature-tRNAs
+ bwa mem -W 13 -k 6 -T 20 -x ont2d /beevol/home/whitel/tRNAworkshop/ref/dm6-mature-tRNAs.fa /beevol/home/whitel/tRNAworkshop/rebasecalled/fastqs/Ecoli004_20240105_1224_MN31004_FAX73799_1fe84761.rna004_130bps_sup@v3.0.1.fastq
+ samtools view -F4 -hu -
+ samtools sort -o /beevol/home/whitel/tRNAworkshop/rebasecalled/alignedbams/crossalignments/Ecoli004_20240105_1224_MN31004_FAX73799_1fe84761.rna004_130bps_sup@v3.0.1.dm6-mature-tRNAs.bwa.bam
[M::bwa_idx_load_from_disk] read 0 ALT contigs
[M::process] read 61836 sequences (10000015 bp)...
[M::process] read 50864 sequences (8219861 bp)...
[M::mem_process_seqs] Processed 61836 reads in 393.134 CPU sec, 394.021 real sec
[M::mem_process_seqs] Processed 50864 reads in 318.525 CPU sec, 319.181 real sec
[main] Version: 0.7.16a-r1181
[main] CMD: bwa mem -W 13 -k 6 -T 20 -x ont2d /beevol/home/whitel/tRNAworkshop/ref/dm6-mature-tRNAs.fa /beevol/home/whitel/tRNAworkshop/rebasecalled/fastqs/Ecoli004_20240105_1224_MN31004_FAX73799_1fe84761.rna004_130bps_sup@v3.0.1.fastq
[main] Real time: 715.097 sec; CPU: 711.797 sec
+ samtools index /beevol/home/whitel/tRNAworkshop/rebasecalled/alignedbams/crossalignments/Ecoli004_20240105_1224_MN31004_FAX73799_1fe84761.rna004_130bps_sup@v3.0.1.dm6-mature-tRNAs.bwa.bam
+ for ref in '"${references[@]}"'
++ basename danRer11-mature-tRNAs.fa .fa
+ ref_name=danRer11-mature-tRNAs
+ bwa mem -W 13 -k 6 -T 20 -x ont2d /beevol/home/whitel/tRNAworkshop/ref/danRer11-mature-tRNAs.fa /beevol/home/whitel/tRNAworkshop/rebasecalled/fastqs/Ecoli004_20240105_1224_MN31004_FAX73799_1fe84761.rna004_130bps_sup@v3.0.1.fastq
+ samtools view -F4 -hu -
+ samtools sort -o /beevol/home/whitel/tRNAworkshop/rebasecalled/alignedbams/crossalignments/Ecoli004_20240105_1224_MN31004_FAX73799_1fe84761.rna004_130bps_sup@v3.0.1.danRer11-mature-tRNAs.bwa.bam
[M::bwa_idx_load_from_disk] read 0 ALT contigs
[M::process] read 61836 sequences (10000015 bp)...
[M::process] read 50864 sequences (8219861 bp)...
[M::mem_process_seqs] Processed 61836 reads in 313.193 CPU sec, 313.987 real sec
[M::mem_process_seqs] Processed 50864 reads in 259.475 CPU sec, 260.016 real sec
[main] Version: 0.7.16a-r1181
[main] CMD: bwa mem -W 13 -k 6 -T 20 -x ont2d /beevol/home/whitel/tRNAworkshop/ref/danRer11-mature-tRNAs.fa /beevol/home/whitel/tRNAworkshop/rebasecalled/fastqs/Ecoli004_20240105_1224_MN31004_FAX73799_1fe84761.rna004_130bps_sup@v3.0.1.fastq
[main] Real time: 576.618 sec; CPU: 572.795 sec
+ samtools index /beevol/home/whitel/tRNAworkshop/rebasecalled/alignedbams/crossalignments/Ecoli004_20240105_1224_MN31004_FAX73799_1fe84761.rna004_130bps_sup@v3.0.1.danRer11-mature-tRNAs.bwa.bam
+ for ref in '"${references[@]}"'
++ basename hg38-mature-tRNAs.fa .fa
+ ref_name=hg38-mature-tRNAs
+ bwa mem -W 13 -k 6 -T 20 -x ont2d /beevol/home/whitel/tRNAworkshop/ref/hg38-mature-tRNAs.fa /beevol/home/whitel/tRNAworkshop/rebasecalled/fastqs/Ecoli004_20240105_1224_MN31004_FAX73799_1fe84761.rna004_130bps_sup@v3.0.1.fastq
+ samtools view -F4 -hu -
+ samtools sort -o /beevol/home/whitel/tRNAworkshop/rebasecalled/alignedbams/crossalignments/Ecoli004_20240105_1224_MN31004_FAX73799_1fe84761.rna004_130bps_sup@v3.0.1.hg38-mature-tRNAs.bwa.bam
[M::bwa_idx_load_from_disk] read 0 ALT contigs
[M::process] read 61836 sequences (10000015 bp)...
[M::process] read 50864 sequences (8219861 bp)...
[M::mem_process_seqs] Processed 61836 reads in 374.138 CPU sec, 375.058 real sec
[M::mem_process_seqs] Processed 50864 reads in 302.950 CPU sec, 303.559 real sec
[main] Version: 0.7.16a-r1181
[main] CMD: bwa mem -W 13 -k 6 -T 20 -x ont2d /beevol/home/whitel/tRNAworkshop/ref/hg38-mature-tRNAs.fa /beevol/home/whitel/tRNAworkshop/rebasecalled/fastqs/Ecoli004_20240105_1224_MN31004_FAX73799_1fe84761.rna004_130bps_sup@v3.0.1.fastq
[main] Real time: 682.620 sec; CPU: 677.204 sec
+ samtools index /beevol/home/whitel/tRNAworkshop/rebasecalled/alignedbams/crossalignments/Ecoli004_20240105_1224_MN31004_FAX73799_1fe84761.rna004_130bps_sup@v3.0.1.hg38-mature-tRNAs.bwa.bam
+ samples=(WTyeast004_20231111_1104_P2S-00519-B_PAQ47538_fa3726ec.rna004_130bps_sup@v3.0.1 Ecoli004_20240105_1224_MN31004_FAX73799_1fe84761.rna004_130bps_sup@v3.0.1 Drosophila004_20231208_1307_MN31004_FAX73799_72c200e4.rna004_130bps_sup@v3.0.1 HumanFibroblast004_20231208_1351_MN42516_FAX71838_b8f7b990.rna004_130bps_sup@v3.0.1 Tetrahymena004_20231208_0920_MN42516_FAX71838_a244513d.rna004_130bps_sup@v3.0.1 Zebrafish004_20231208_0919_MN31004_FAX73799_f3dea9f8.rna004_130bps_sup@v3.0.1)
+ refloc=/beevol/home/whitel/tRNAworkshop/ref
+ references=(ecoliK12MG1655-mature-tRNAs.fa sacCer3-mature-tRNAs.fa tthermophila-numbered-mature-tRNAs.fa dm6-mature-tRNAs.fa danRer11-mature-tRNAs.fa hg38-mature-tRNAs.fa)
+ u=HumanFibroblast004_20231208_1351_MN42516_FAX71838_b8f7b990.rna004_130bps_sup@v3.0.1
+ for ref in '"${references[@]}"'
++ basename ecoliK12MG1655-mature-tRNAs.fa .fa
+ ref_name=ecoliK12MG1655-mature-tRNAs
+ bwa mem -W 13 -k 6 -T 20 -x ont2d /beevol/home/whitel/tRNAworkshop/ref/ecoliK12MG1655-mature-tRNAs.fa /beevol/home/whitel/tRNAworkshop/rebasecalled/fastqs/HumanFibroblast004_20231208_1351_MN42516_FAX71838_b8f7b990.rna004_130bps_sup@v3.0.1.fastq
+ samtools view -F4 -hu -
+ samtools sort -o /beevol/home/whitel/tRNAworkshop/rebasecalled/alignedbams/crossalignments/HumanFibroblast004_20231208_1351_MN42516_FAX71838_b8f7b990.rna004_130bps_sup@v3.0.1.ecoliK12MG1655-mature-tRNAs.bwa.bam
[M::bwa_idx_load_from_disk] read 0 ALT contigs
[M::process] read 54812 sequences (10000279 bp)...
[M::process] read 59976 sequences (10000243 bp)...
[M::mem_process_seqs] Processed 54812 reads in 148.379 CPU sec, 148.667 real sec
[M::process] read 33315 sequences (6055537 bp)...
[M::mem_process_seqs] Processed 59976 reads in 159.156 CPU sec, 159.409 real sec
[M::mem_process_seqs] Processed 33315 reads in 89.175 CPU sec, 89.304 real sec
[main] Version: 0.7.16a-r1181
[main] CMD: bwa mem -W 13 -k 6 -T 20 -x ont2d /beevol/home/whitel/tRNAworkshop/ref/ecoliK12MG1655-mature-tRNAs.fa /beevol/home/whitel/tRNAworkshop/rebasecalled/fastqs/HumanFibroblast004_20231208_1351_MN42516_FAX71838_b8f7b990.rna004_130bps_sup@v3.0.1.fastq
[main] Real time: 398.903 sec; CPU: 396.831 sec
+ samtools index /beevol/home/whitel/tRNAworkshop/rebasecalled/alignedbams/crossalignments/HumanFibroblast004_20231208_1351_MN42516_FAX71838_b8f7b990.rna004_130bps_sup@v3.0.1.ecoliK12MG1655-mature-tRNAs.bwa.bam
+ for ref in '"${references[@]}"'
++ basename sacCer3-mature-tRNAs.fa .fa
+ ref_name=sacCer3-mature-tRNAs
+ bwa mem -W 13 -k 6 -T 20 -x ont2d /beevol/home/whitel/tRNAworkshop/ref/sacCer3-mature-tRNAs.fa /beevol/home/whitel/tRNAworkshop/rebasecalled/fastqs/HumanFibroblast004_20231208_1351_MN42516_FAX71838_b8f7b990.rna004_130bps_sup@v3.0.1.fastq
+ samtools view -F4 -hu -
+ samtools sort -o /beevol/home/whitel/tRNAworkshop/rebasecalled/alignedbams/crossalignments/HumanFibroblast004_20231208_1351_MN42516_FAX71838_b8f7b990.rna004_130bps_sup@v3.0.1.sacCer3-mature-tRNAs.bwa.bam
[M::bwa_idx_load_from_disk] read 0 ALT contigs
[M::process] read 54812 sequences (10000279 bp)...
[M::process] read 59976 sequences (10000243 bp)...
[M::mem_process_seqs] Processed 54812 reads in 388.878 CPU sec, 389.739 real sec
[M::process] read 33315 sequences (6055537 bp)...
[M::mem_process_seqs] Processed 59976 reads in 416.175 CPU sec, 417.102 real sec
[M::mem_process_seqs] Processed 33315 reads in 235.659 CPU sec, 236.149 real sec
[main] Version: 0.7.16a-r1181
[main] CMD: bwa mem -W 13 -k 6 -T 20 -x ont2d /beevol/home/whitel/tRNAworkshop/ref/sacCer3-mature-tRNAs.fa /beevol/home/whitel/tRNAworkshop/rebasecalled/fastqs/HumanFibroblast004_20231208_1351_MN42516_FAX71838_b8f7b990.rna004_130bps_sup@v3.0.1.fastq
[main] Real time: 1044.063 sec; CPU: 1040.846 sec
+ samtools index /beevol/home/whitel/tRNAworkshop/rebasecalled/alignedbams/crossalignments/HumanFibroblast004_20231208_1351_MN42516_FAX71838_b8f7b990.rna004_130bps_sup@v3.0.1.sacCer3-mature-tRNAs.bwa.bam
+ for ref in '"${references[@]}"'
++ basename tthermophila-numbered-mature-tRNAs.fa .fa
+ ref_name=tthermophila-numbered-mature-tRNAs
+ bwa mem -W 13 -k 6 -T 20 -x ont2d /beevol/home/whitel/tRNAworkshop/ref/tthermophila-numbered-mature-tRNAs.fa /beevol/home/whitel/tRNAworkshop/rebasecalled/fastqs/HumanFibroblast004_20231208_1351_MN42516_FAX71838_b8f7b990.rna004_130bps_sup@v3.0.1.fastq
+ samtools view -F4 -hu -
+ samtools sort -o /beevol/home/whitel/tRNAworkshop/rebasecalled/alignedbams/crossalignments/HumanFibroblast004_20231208_1351_MN42516_FAX71838_b8f7b990.rna004_130bps_sup@v3.0.1.tthermophila-numbered-mature-tRNAs.bwa.bam
[M::bwa_idx_load_from_disk] read 0 ALT contigs
[M::process] read 54812 sequences (10000279 bp)...
[M::process] read 59976 sequences (10000243 bp)...
[M::mem_process_seqs] Processed 54812 reads in 458.141 CPU sec, 459.159 real sec
[M::process] read 33315 sequences (6055537 bp)...
[M::mem_process_seqs] Processed 59976 reads in 484.112 CPU sec, 485.201 real sec
[M::mem_process_seqs] Processed 33315 reads in 276.202 CPU sec, 276.902 real sec
[main] Version: 0.7.16a-r1181
[main] CMD: bwa mem -W 13 -k 6 -T 20 -x ont2d /beevol/home/whitel/tRNAworkshop/ref/tthermophila-numbered-mature-tRNAs.fa /beevol/home/whitel/tRNAworkshop/rebasecalled/fastqs/HumanFibroblast004_20231208_1351_MN42516_FAX71838_b8f7b990.rna004_130bps_sup@v3.0.1.fastq
[main] Real time: 1223.635 sec; CPU: 1218.586 sec
+ samtools index /beevol/home/whitel/tRNAworkshop/rebasecalled/alignedbams/crossalignments/HumanFibroblast004_20231208_1351_MN42516_FAX71838_b8f7b990.rna004_130bps_sup@v3.0.1.tthermophila-numbered-mature-tRNAs.bwa.bam
+ for ref in '"${references[@]}"'
++ basename dm6-mature-tRNAs.fa .fa
+ ref_name=dm6-mature-tRNAs
+ bwa mem -W 13 -k 6 -T 20 -x ont2d /beevol/home/whitel/tRNAworkshop/ref/dm6-mature-tRNAs.fa /beevol/home/whitel/tRNAworkshop/rebasecalled/fastqs/HumanFibroblast004_20231208_1351_MN42516_FAX71838_b8f7b990.rna004_130bps_sup@v3.0.1.fastq
+ samtools view -F4 -hu -
+ samtools sort -o /beevol/home/whitel/tRNAworkshop/rebasecalled/alignedbams/crossalignments/HumanFibroblast004_20231208_1351_MN42516_FAX71838_b8f7b990.rna004_130bps_sup@v3.0.1.dm6-mature-tRNAs.bwa.bam
[M::bwa_idx_load_from_disk] read 0 ALT contigs
[M::process] read 54812 sequences (10000279 bp)...
[M::process] read 59976 sequences (10000243 bp)...
[M::mem_process_seqs] Processed 54812 reads in 397.497 CPU sec, 398.494 real sec
[M::process] read 33315 sequences (6055537 bp)...
[M::mem_process_seqs] Processed 59976 reads in 426.099 CPU sec, 427.126 real sec
[M::mem_process_seqs] Processed 33315 reads in 237.317 CPU sec, 237.827 real sec
[main] Version: 0.7.16a-r1181
[main] CMD: bwa mem -W 13 -k 6 -T 20 -x ont2d /beevol/home/whitel/tRNAworkshop/ref/dm6-mature-tRNAs.fa /beevol/home/whitel/tRNAworkshop/rebasecalled/fastqs/HumanFibroblast004_20231208_1351_MN42516_FAX71838_b8f7b990.rna004_130bps_sup@v3.0.1.fastq
[main] Real time: 1066.123 sec; CPU: 1061.051 sec
+ samtools index /beevol/home/whitel/tRNAworkshop/rebasecalled/alignedbams/crossalignments/HumanFibroblast004_20231208_1351_MN42516_FAX71838_b8f7b990.rna004_130bps_sup@v3.0.1.dm6-mature-tRNAs.bwa.bam
+ for ref in '"${references[@]}"'
++ basename danRer11-mature-tRNAs.fa .fa
+ ref_name=danRer11-mature-tRNAs
+ samtools view -F4 -hu -
+ bwa mem -W 13 -k 6 -T 20 -x ont2d /beevol/home/whitel/tRNAworkshop/ref/danRer11-mature-tRNAs.fa /beevol/home/whitel/tRNAworkshop/rebasecalled/fastqs/HumanFibroblast004_20231208_1351_MN42516_FAX71838_b8f7b990.rna004_130bps_sup@v3.0.1.fastq
+ samtools sort -o /beevol/home/whitel/tRNAworkshop/rebasecalled/alignedbams/crossalignments/HumanFibroblast004_20231208_1351_MN42516_FAX71838_b8f7b990.rna004_130bps_sup@v3.0.1.danRer11-mature-tRNAs.bwa.bam
[M::bwa_idx_load_from_disk] read 0 ALT contigs
[M::process] read 54812 sequences (10000279 bp)...
[M::process] read 59976 sequences (10000243 bp)...
[M::mem_process_seqs] Processed 54812 reads in 361.294 CPU sec, 362.242 real sec
[M::process] read 33315 sequences (6055537 bp)...
[M::mem_process_seqs] Processed 59976 reads in 366.929 CPU sec, 367.719 real sec
[M::mem_process_seqs] Processed 33315 reads in 212.851 CPU sec, 213.382 real sec
[main] Version: 0.7.16a-r1181
[main] CMD: bwa mem -W 13 -k 6 -T 20 -x ont2d /beevol/home/whitel/tRNAworkshop/ref/danRer11-mature-tRNAs.fa /beevol/home/whitel/tRNAworkshop/rebasecalled/fastqs/HumanFibroblast004_20231208_1351_MN42516_FAX71838_b8f7b990.rna004_130bps_sup@v3.0.1.fastq
[main] Real time: 946.800 sec; CPU: 941.195 sec
+ samtools index /beevol/home/whitel/tRNAworkshop/rebasecalled/alignedbams/crossalignments/HumanFibroblast004_20231208_1351_MN42516_FAX71838_b8f7b990.rna004_130bps_sup@v3.0.1.danRer11-mature-tRNAs.bwa.bam
+ for ref in '"${references[@]}"'
++ basename hg38-mature-tRNAs.fa .fa
+ ref_name=hg38-mature-tRNAs
+ samtools view -F4 -hu -
+ bwa mem -W 13 -k 6 -T 20 -x ont2d /beevol/home/whitel/tRNAworkshop/ref/hg38-mature-tRNAs.fa /beevol/home/whitel/tRNAworkshop/rebasecalled/fastqs/HumanFibroblast004_20231208_1351_MN42516_FAX71838_b8f7b990.rna004_130bps_sup@v3.0.1.fastq
+ samtools sort -o /beevol/home/whitel/tRNAworkshop/rebasecalled/alignedbams/crossalignments/HumanFibroblast004_20231208_1351_MN42516_FAX71838_b8f7b990.rna004_130bps_sup@v3.0.1.hg38-mature-tRNAs.bwa.bam
[M::bwa_idx_load_from_disk] read 0 ALT contigs
[M::process] read 54812 sequences (10000279 bp)...
[M::process] read 59976 sequences (10000243 bp)...
[M::mem_process_seqs] Processed 54812 reads in 350.640 CPU sec, 351.586 real sec
[M::process] read 33315 sequences (6055537 bp)...
[M::mem_process_seqs] Processed 59976 reads in 373.824 CPU sec, 374.643 real sec
[M::mem_process_seqs] Processed 33315 reads in 208.760 CPU sec, 209.186 real sec
[main] Version: 0.7.16a-r1181
[main] CMD: bwa mem -W 13 -k 6 -T 20 -x ont2d /beevol/home/whitel/tRNAworkshop/ref/hg38-mature-tRNAs.fa /beevol/home/whitel/tRNAworkshop/rebasecalled/fastqs/HumanFibroblast004_20231208_1351_MN42516_FAX71838_b8f7b990.rna004_130bps_sup@v3.0.1.fastq
[main] Real time: 939.662 sec; CPU: 933.355 sec
+ samtools index /beevol/home/whitel/tRNAworkshop/rebasecalled/alignedbams/crossalignments/HumanFibroblast004_20231208_1351_MN42516_FAX71838_b8f7b990.rna004_130bps_sup@v3.0.1.hg38-mature-tRNAs.bwa.bam
+ samples=(WTyeast004_20231111_1104_P2S-00519-B_PAQ47538_fa3726ec.rna004_130bps_sup@v3.0.1 Ecoli004_20240105_1224_MN31004_FAX73799_1fe84761.rna004_130bps_sup@v3.0.1 Drosophila004_20231208_1307_MN31004_FAX73799_72c200e4.rna004_130bps_sup@v3.0.1 HumanFibroblast004_20231208_1351_MN42516_FAX71838_b8f7b990.rna004_130bps_sup@v3.0.1 Tetrahymena004_20231208_0920_MN42516_FAX71838_a244513d.rna004_130bps_sup@v3.0.1 Zebrafish004_20231208_0919_MN31004_FAX73799_f3dea9f8.rna004_130bps_sup@v3.0.1)
+ refloc=/beevol/home/whitel/tRNAworkshop/ref
+ references=(ecoliK12MG1655-mature-tRNAs.fa sacCer3-mature-tRNAs.fa tthermophila-numbered-mature-tRNAs.fa dm6-mature-tRNAs.fa danRer11-mature-tRNAs.fa hg38-mature-tRNAs.fa)
+ u=Drosophila004_20231208_1307_MN31004_FAX73799_72c200e4.rna004_130bps_sup@v3.0.1
+ for ref in '"${references[@]}"'
++ basename ecoliK12MG1655-mature-tRNAs.fa .fa
+ ref_name=ecoliK12MG1655-mature-tRNAs
+ bwa mem -W 13 -k 6 -T 20 -x ont2d /beevol/home/whitel/tRNAworkshop/ref/ecoliK12MG1655-mature-tRNAs.fa /beevol/home/whitel/tRNAworkshop/rebasecalled/fastqs/Drosophila004_20231208_1307_MN31004_FAX73799_72c200e4.rna004_130bps_sup@v3.0.1.fastq
+ samtools view -F4 -hu -
+ samtools sort -o /beevol/home/whitel/tRNAworkshop/rebasecalled/alignedbams/crossalignments/Drosophila004_20231208_1307_MN31004_FAX73799_72c200e4.rna004_130bps_sup@v3.0.1.ecoliK12MG1655-mature-tRNAs.bwa.bam
[M::bwa_idx_load_from_disk] read 0 ALT contigs
[M::process] read 74512 sequences (10000050 bp)...
[M::process] read 75430 sequences (10000284 bp)...
[M::mem_process_seqs] Processed 74512 reads in 115.811 CPU sec, 116.019 real sec
[M::process] read 76780 sequences (10000110 bp)...
[M::mem_process_seqs] Processed 75430 reads in 109.755 CPU sec, 109.777 real sec
[M::process] read 76978 sequences (10000181 bp)...
[M::mem_process_seqs] Processed 76780 reads in 108.091 CPU sec, 108.106 real sec
[M::process] read 13336 sequences (1690185 bp)...
[M::mem_process_seqs] Processed 76978 reads in 107.980 CPU sec, 108.057 real sec
[M::mem_process_seqs] Processed 13336 reads in 17.955 CPU sec, 17.890 real sec
[main] Version: 0.7.16a-r1181
[main] CMD: bwa mem -W 13 -k 6 -T 20 -x ont2d /beevol/home/whitel/tRNAworkshop/ref/ecoliK12MG1655-mature-tRNAs.fa /beevol/home/whitel/tRNAworkshop/rebasecalled/fastqs/Drosophila004_20231208_1307_MN31004_FAX73799_72c200e4.rna004_130bps_sup@v3.0.1.fastq
[main] Real time: 461.117 sec; CPU: 459.690 sec
+ samtools index /beevol/home/whitel/tRNAworkshop/rebasecalled/alignedbams/crossalignments/Drosophila004_20231208_1307_MN31004_FAX73799_72c200e4.rna004_130bps_sup@v3.0.1.ecoliK12MG1655-mature-tRNAs.bwa.bam
+ for ref in '"${references[@]}"'
++ basename sacCer3-mature-tRNAs.fa .fa
+ ref_name=sacCer3-mature-tRNAs
+ bwa mem -W 13 -k 6 -T 20 -x ont2d /beevol/home/whitel/tRNAworkshop/ref/sacCer3-mature-tRNAs.fa /beevol/home/whitel/tRNAworkshop/rebasecalled/fastqs/Drosophila004_20231208_1307_MN31004_FAX73799_72c200e4.rna004_130bps_sup@v3.0.1.fastq
+ samtools view -F4 -hu -
+ samtools sort -o /beevol/home/whitel/tRNAworkshop/rebasecalled/alignedbams/crossalignments/Drosophila004_20231208_1307_MN31004_FAX73799_72c200e4.rna004_130bps_sup@v3.0.1.sacCer3-mature-tRNAs.bwa.bam
[M::bwa_idx_load_from_disk] read 0 ALT contigs
[M::process] read 74512 sequences (10000050 bp)...
[M::process] read 75430 sequences (10000284 bp)...
[M::mem_process_seqs] Processed 74512 reads in 291.796 CPU sec, 292.413 real sec
[M::process] read 76780 sequences (10000110 bp)...
[M::mem_process_seqs] Processed 75430 reads in 295.620 CPU sec, 296.138 real sec
[M::process] read 76978 sequences (10000181 bp)...
[M::mem_process_seqs] Processed 76780 reads in 294.738 CPU sec, 295.174 real sec
[M::process] read 13336 sequences (1690185 bp)...
[M::mem_process_seqs] Processed 76978 reads in 283.555 CPU sec, 284.101 real sec
[M::mem_process_seqs] Processed 13336 reads in 47.161 CPU sec, 47.092 real sec
[main] Version: 0.7.16a-r1181
[main] CMD: bwa mem -W 13 -k 6 -T 20 -x ont2d /beevol/home/whitel/tRNAworkshop/ref/sacCer3-mature-tRNAs.fa /beevol/home/whitel/tRNAworkshop/rebasecalled/fastqs/Drosophila004_20231208_1307_MN31004_FAX73799_72c200e4.rna004_130bps_sup@v3.0.1.fastq
[main] Real time: 1215.863 sec; CPU: 1212.973 sec
+ samtools index /beevol/home/whitel/tRNAworkshop/rebasecalled/alignedbams/crossalignments/Drosophila004_20231208_1307_MN31004_FAX73799_72c200e4.rna004_130bps_sup@v3.0.1.sacCer3-mature-tRNAs.bwa.bam
+ for ref in '"${references[@]}"'
++ basename tthermophila-numbered-mature-tRNAs.fa .fa
+ ref_name=tthermophila-numbered-mature-tRNAs
+ samtools view -F4 -hu -
+ bwa mem -W 13 -k 6 -T 20 -x ont2d /beevol/home/whitel/tRNAworkshop/ref/tthermophila-numbered-mature-tRNAs.fa /beevol/home/whitel/tRNAworkshop/rebasecalled/fastqs/Drosophila004_20231208_1307_MN31004_FAX73799_72c200e4.rna004_130bps_sup@v3.0.1.fastq
+ samtools sort -o /beevol/home/whitel/tRNAworkshop/rebasecalled/alignedbams/crossalignments/Drosophila004_20231208_1307_MN31004_FAX73799_72c200e4.rna004_130bps_sup@v3.0.1.tthermophila-numbered-mature-tRNAs.bwa.bam
[M::bwa_idx_load_from_disk] read 0 ALT contigs
[M::process] read 74512 sequences (10000050 bp)...
[M::process] read 75430 sequences (10000284 bp)...
[M::mem_process_seqs] Processed 74512 reads in 373.549 CPU sec, 374.387 real sec
[M::process] read 76780 sequences (10000110 bp)...
[M::mem_process_seqs] Processed 75430 reads in 337.215 CPU sec, 337.807 real sec
[M::process] read 76978 sequences (10000181 bp)...
[M::mem_process_seqs] Processed 76780 reads in 329.412 CPU sec, 329.958 real sec
[M::process] read 13336 sequences (1690185 bp)...
[M::mem_process_seqs] Processed 76978 reads in 343.899 CPU sec, 344.581 real sec
[M::mem_process_seqs] Processed 13336 reads in 54.367 CPU sec, 54.338 real sec
[main] Version: 0.7.16a-r1181
[main] CMD: bwa mem -W 13 -k 6 -T 20 -x ont2d /beevol/home/whitel/tRNAworkshop/ref/tthermophila-numbered-mature-tRNAs.fa /beevol/home/whitel/tRNAworkshop/rebasecalled/fastqs/Drosophila004_20231208_1307_MN31004_FAX73799_72c200e4.rna004_130bps_sup@v3.0.1.fastq
[main] Real time: 1442.646 sec; CPU: 1438.524 sec
+ samtools index /beevol/home/whitel/tRNAworkshop/rebasecalled/alignedbams/crossalignments/Drosophila004_20231208_1307_MN31004_FAX73799_72c200e4.rna004_130bps_sup@v3.0.1.tthermophila-numbered-mature-tRNAs.bwa.bam
+ for ref in '"${references[@]}"'
++ basename dm6-mature-tRNAs.fa .fa
+ ref_name=dm6-mature-tRNAs
+ bwa mem -W 13 -k 6 -T 20 -x ont2d /beevol/home/whitel/tRNAworkshop/ref/dm6-mature-tRNAs.fa /beevol/home/whitel/tRNAworkshop/rebasecalled/fastqs/Drosophila004_20231208_1307_MN31004_FAX73799_72c200e4.rna004_130bps_sup@v3.0.1.fastq
+ samtools view -F4 -hu -
+ samtools sort -o /beevol/home/whitel/tRNAworkshop/rebasecalled/alignedbams/crossalignments/Drosophila004_20231208_1307_MN31004_FAX73799_72c200e4.rna004_130bps_sup@v3.0.1.dm6-mature-tRNAs.bwa.bam
[M::bwa_idx_load_from_disk] read 0 ALT contigs
[M::process] read 74512 sequences (10000050 bp)...
[M::process] read 75430 sequences (10000284 bp)...
[M::mem_process_seqs] Processed 74512 reads in 284.562 CPU sec, 285.175 real sec
[M::process] read 76780 sequences (10000110 bp)...
[M::mem_process_seqs] Processed 75430 reads in 275.404 CPU sec, 275.837 real sec
[M::process] read 76978 sequences (10000181 bp)...
[M::mem_process_seqs] Processed 76780 reads in 274.306 CPU sec, 274.750 real sec
[M::process] read 13336 sequences (1690185 bp)...
[M::mem_process_seqs] Processed 76978 reads in 271.446 CPU sec, 271.922 real sec
[M::mem_process_seqs] Processed 13336 reads in 45.177 CPU sec, 45.141 real sec
[main] Version: 0.7.16a-r1181
[main] CMD: bwa mem -W 13 -k 6 -T 20 -x ont2d /beevol/home/whitel/tRNAworkshop/ref/dm6-mature-tRNAs.fa /beevol/home/whitel/tRNAworkshop/rebasecalled/fastqs/Drosophila004_20231208_1307_MN31004_FAX73799_72c200e4.rna004_130bps_sup@v3.0.1.fastq
[main] Real time: 1156.035 sec; CPU: 1150.995 sec
+ samtools index /beevol/home/whitel/tRNAworkshop/rebasecalled/alignedbams/crossalignments/Drosophila004_20231208_1307_MN31004_FAX73799_72c200e4.rna004_130bps_sup@v3.0.1.dm6-mature-tRNAs.bwa.bam
+ for ref in '"${references[@]}"'
++ basename danRer11-mature-tRNAs.fa .fa
+ ref_name=danRer11-mature-tRNAs
+ samtools view -F4 -hu -
+ bwa mem -W 13 -k 6 -T 20 -x ont2d /beevol/home/whitel/tRNAworkshop/ref/danRer11-mature-tRNAs.fa /beevol/home/whitel/tRNAworkshop/rebasecalled/fastqs/Drosophila004_20231208_1307_MN31004_FAX73799_72c200e4.rna004_130bps_sup@v3.0.1.fastq
+ samtools sort -o /beevol/home/whitel/tRNAworkshop/rebasecalled/alignedbams/crossalignments/Drosophila004_20231208_1307_MN31004_FAX73799_72c200e4.rna004_130bps_sup@v3.0.1.danRer11-mature-tRNAs.bwa.bam
[M::bwa_idx_load_from_disk] read 0 ALT contigs
[M::process] read 74512 sequences (10000050 bp)...
[M::process] read 75430 sequences (10000284 bp)...
[M::mem_process_seqs] Processed 74512 reads in 271.354 CPU sec, 271.933 real sec
[M::process] read 76780 sequences (10000110 bp)...
[M::mem_process_seqs] Processed 75430 reads in 270.307 CPU sec, 270.709 real sec
[M::process] read 76978 sequences (10000181 bp)...
[M::mem_process_seqs] Processed 76780 reads in 265.901 CPU sec, 266.294 real sec
[M::process] read 13336 sequences (1690185 bp)...
[M::mem_process_seqs] Processed 76978 reads in 268.226 CPU sec, 268.667 real sec
[M::mem_process_seqs] Processed 13336 reads in 44.884 CPU sec, 44.789 real sec
[main] Version: 0.7.16a-r1181
[main] CMD: bwa mem -W 13 -k 6 -T 20 -x ont2d /beevol/home/whitel/tRNAworkshop/ref/danRer11-mature-tRNAs.fa /beevol/home/whitel/tRNAworkshop/rebasecalled/fastqs/Drosophila004_20231208_1307_MN31004_FAX73799_72c200e4.rna004_130bps_sup@v3.0.1.fastq
[main] Real time: 1126.740 sec; CPU: 1120.758 sec
+ samtools index /beevol/home/whitel/tRNAworkshop/rebasecalled/alignedbams/crossalignments/Drosophila004_20231208_1307_MN31004_FAX73799_72c200e4.rna004_130bps_sup@v3.0.1.danRer11-mature-tRNAs.bwa.bam
+ for ref in '"${references[@]}"'
++ basename hg38-mature-tRNAs.fa .fa
+ ref_name=hg38-mature-tRNAs
+ bwa mem -W 13 -k 6 -T 20 -x ont2d /beevol/home/whitel/tRNAworkshop/ref/hg38-mature-tRNAs.fa /beevol/home/whitel/tRNAworkshop/rebasecalled/fastqs/Drosophila004_20231208_1307_MN31004_FAX73799_72c200e4.rna004_130bps_sup@v3.0.1.fastq
+ samtools view -F4 -hu -
+ samtools sort -o /beevol/home/whitel/tRNAworkshop/rebasecalled/alignedbams/crossalignments/Drosophila004_20231208_1307_MN31004_FAX73799_72c200e4.rna004_130bps_sup@v3.0.1.hg38-mature-tRNAs.bwa.bam
[M::bwa_idx_load_from_disk] read 0 ALT contigs
[M::process] read 74512 sequences (10000050 bp)...
[M::process] read 75430 sequences (10000284 bp)...
[M::mem_process_seqs] Processed 74512 reads in 281.046 CPU sec, 281.657 real sec
[M::process] read 76780 sequences (10000110 bp)...
[M::mem_process_seqs] Processed 75430 reads in 278.700 CPU sec, 279.106 real sec
[M::process] read 76978 sequences (10000181 bp)...
[M::mem_process_seqs] Processed 76780 reads in 278.617 CPU sec, 279.002 real sec
[M::process] read 13336 sequences (1690185 bp)...
[M::mem_process_seqs] Processed 76978 reads in 269.949 CPU sec, 270.409 real sec
[M::mem_process_seqs] Processed 13336 reads in 44.532 CPU sec, 44.518 real sec
[main] Version: 0.7.16a-r1181
[main] CMD: bwa mem -W 13 -k 6 -T 20 -x ont2d /beevol/home/whitel/tRNAworkshop/ref/hg38-mature-tRNAs.fa /beevol/home/whitel/tRNAworkshop/rebasecalled/fastqs/Drosophila004_20231208_1307_MN31004_FAX73799_72c200e4.rna004_130bps_sup@v3.0.1.fastq
[main] Real time: 1157.034 sec; CPU: 1152.929 sec
+ samtools index /beevol/home/whitel/tRNAworkshop/rebasecalled/alignedbams/crossalignments/Drosophila004_20231208_1307_MN31004_FAX73799_72c200e4.rna004_130bps_sup@v3.0.1.hg38-mature-tRNAs.bwa.bam
+ samples=(WTyeast004_20231111_1104_P2S-00519-B_PAQ47538_fa3726ec.rna004_130bps_sup@v3.0.1 Ecoli004_20240105_1224_MN31004_FAX73799_1fe84761.rna004_130bps_sup@v3.0.1 Drosophila004_20231208_1307_MN31004_FAX73799_72c200e4.rna004_130bps_sup@v3.0.1 HumanFibroblast004_20231208_1351_MN42516_FAX71838_b8f7b990.rna004_130bps_sup@v3.0.1 Tetrahymena004_20231208_0920_MN42516_FAX71838_a244513d.rna004_130bps_sup@v3.0.1 Zebrafish004_20231208_0919_MN31004_FAX73799_f3dea9f8.rna004_130bps_sup@v3.0.1)
+ refloc=/beevol/home/whitel/tRNAworkshop/ref
+ references=(ecoliK12MG1655-mature-tRNAs.fa sacCer3-mature-tRNAs.fa tthermophila-numbered-mature-tRNAs.fa dm6-mature-tRNAs.fa danRer11-mature-tRNAs.fa hg38-mature-tRNAs.fa)
+ u=Zebrafish004_20231208_0919_MN31004_FAX73799_f3dea9f8.rna004_130bps_sup@v3.0.1
+ for ref in '"${references[@]}"'
++ basename ecoliK12MG1655-mature-tRNAs.fa .fa
+ ref_name=ecoliK12MG1655-mature-tRNAs
+ bwa mem -W 13 -k 6 -T 20 -x ont2d /beevol/home/whitel/tRNAworkshop/ref/ecoliK12MG1655-mature-tRNAs.fa /beevol/home/whitel/tRNAworkshop/rebasecalled/fastqs/Zebrafish004_20231208_0919_MN31004_FAX73799_f3dea9f8.rna004_130bps_sup@v3.0.1.fastq
+ samtools view -F4 -hu -
+ samtools sort -o /beevol/home/whitel/tRNAworkshop/rebasecalled/alignedbams/crossalignments/Zebrafish004_20231208_0919_MN31004_FAX73799_f3dea9f8.rna004_130bps_sup@v3.0.1.ecoliK12MG1655-mature-tRNAs.bwa.bam
[M::bwa_idx_load_from_disk] read 0 ALT contigs
[M::process] read 55816 sequences (10000043 bp)...
[M::process] read 53792 sequences (10002283 bp)...
[M::mem_process_seqs] Processed 55816 reads in 185.617 CPU sec, 185.581 real sec
[M::process] read 48094 sequences (10000224 bp)...
[M::mem_process_seqs] Processed 53792 reads in 181.854 CPU sec, 181.707 real sec
[M::process] read 46551 sequences (8326701 bp)...
[M::mem_process_seqs] Processed 48094 reads in 167.385 CPU sec, 167.210 real sec
[M::mem_process_seqs] Processed 46551 reads in 154.812 CPU sec, 154.755 real sec
[main] Version: 0.7.16a-r1181
[main] CMD: bwa mem -W 13 -k 6 -T 20 -x ont2d /beevol/home/whitel/tRNAworkshop/ref/ecoliK12MG1655-mature-tRNAs.fa /beevol/home/whitel/tRNAworkshop/rebasecalled/fastqs/Zebrafish004_20231208_0919_MN31004_FAX73799_f3dea9f8.rna004_130bps_sup@v3.0.1.fastq
[main] Real time: 689.967 sec; CPU: 689.778 sec
+ samtools index /beevol/home/whitel/tRNAworkshop/rebasecalled/alignedbams/crossalignments/Zebrafish004_20231208_0919_MN31004_FAX73799_f3dea9f8.rna004_130bps_sup@v3.0.1.ecoliK12MG1655-mature-tRNAs.bwa.bam
+ for ref in '"${references[@]}"'
++ basename sacCer3-mature-tRNAs.fa .fa
+ ref_name=sacCer3-mature-tRNAs
+ bwa mem -W 13 -k 6 -T 20 -x ont2d /beevol/home/whitel/tRNAworkshop/ref/sacCer3-mature-tRNAs.fa /beevol/home/whitel/tRNAworkshop/rebasecalled/fastqs/Zebrafish004_20231208_0919_MN31004_FAX73799_f3dea9f8.rna004_130bps_sup@v3.0.1.fastq
+ samtools view -F4 -hu -
+ samtools sort -o /beevol/home/whitel/tRNAworkshop/rebasecalled/alignedbams/crossalignments/Zebrafish004_20231208_0919_MN31004_FAX73799_f3dea9f8.rna004_130bps_sup@v3.0.1.sacCer3-mature-tRNAs.bwa.bam
[M::bwa_idx_load_from_disk] read 0 ALT contigs
[M::process] read 55816 sequences (10000043 bp)...
[M::process] read 53792 sequences (10002283 bp)...
[M::mem_process_seqs] Processed 55816 reads in 514.147 CPU sec, 514.140 real sec
[M::process] read 48094 sequences (10000224 bp)...
[M::mem_process_seqs] Processed 53792 reads in 503.294 CPU sec, 503.198 real sec
[M::process] read 46551 sequences (8326701 bp)...
[M::mem_process_seqs] Processed 48094 reads in 465.210 CPU sec, 465.027 real sec
[M::mem_process_seqs] Processed 46551 reads in 430.056 CPU sec, 430.023 real sec
[main] Version: 0.7.16a-r1181
[main] CMD: bwa mem -W 13 -k 6 -T 20 -x ont2d /beevol/home/whitel/tRNAworkshop/ref/sacCer3-mature-tRNAs.fa /beevol/home/whitel/tRNAworkshop/rebasecalled/fastqs/Zebrafish004_20231208_0919_MN31004_FAX73799_f3dea9f8.rna004_130bps_sup@v3.0.1.fastq
[main] Real time: 1913.431 sec; CPU: 1912.827 sec
+ samtools index /beevol/home/whitel/tRNAworkshop/rebasecalled/alignedbams/crossalignments/Zebrafish004_20231208_0919_MN31004_FAX73799_f3dea9f8.rna004_130bps_sup@v3.0.1.sacCer3-mature-tRNAs.bwa.bam
+ for ref in '"${references[@]}"'
++ basename tthermophila-numbered-mature-tRNAs.fa .fa
+ ref_name=tthermophila-numbered-mature-tRNAs
+ bwa mem -W 13 -k 6 -T 20 -x ont2d /beevol/home/whitel/tRNAworkshop/ref/tthermophila-numbered-mature-tRNAs.fa /beevol/home/whitel/tRNAworkshop/rebasecalled/fastqs/Zebrafish004_20231208_0919_MN31004_FAX73799_f3dea9f8.rna004_130bps_sup@v3.0.1.fastq
+ samtools view -F4 -hu -
+ samtools sort -o /beevol/home/whitel/tRNAworkshop/rebasecalled/alignedbams/crossalignments/Zebrafish004_20231208_0919_MN31004_FAX73799_f3dea9f8.rna004_130bps_sup@v3.0.1.tthermophila-numbered-mature-tRNAs.bwa.bam
[M::bwa_idx_load_from_disk] read 0 ALT contigs
[M::process] read 55816 sequences (10000043 bp)...
[M::process] read 53792 sequences (10002283 bp)...
[M::mem_process_seqs] Processed 55816 reads in 583.811 CPU sec, 583.819 real sec
[M::process] read 48094 sequences (10000224 bp)...
[M::mem_process_seqs] Processed 53792 reads in 570.312 CPU sec, 570.220 real sec
[M::process] read 46551 sequences (8326701 bp)...
[M::mem_process_seqs] Processed 48094 reads in 534.240 CPU sec, 534.089 real sec
[M::mem_process_seqs] Processed 46551 reads in 484.741 CPU sec, 484.714 real sec
[main] Version: 0.7.16a-r1181
[main] CMD: bwa mem -W 13 -k 6 -T 20 -x ont2d /beevol/home/whitel/tRNAworkshop/ref/tthermophila-numbered-mature-tRNAs.fa /beevol/home/whitel/tRNAworkshop/rebasecalled/fastqs/Zebrafish004_20231208_0919_MN31004_FAX73799_f3dea9f8.rna004_130bps_sup@v3.0.1.fastq
[main] Real time: 2174.862 sec; CPU: 2173.216 sec
+ samtools index /beevol/home/whitel/tRNAworkshop/rebasecalled/alignedbams/crossalignments/Zebrafish004_20231208_0919_MN31004_FAX73799_f3dea9f8.rna004_130bps_sup@v3.0.1.tthermophila-numbered-mature-tRNAs.bwa.bam
+ for ref in '"${references[@]}"'
++ basename dm6-mature-tRNAs.fa .fa
+ ref_name=dm6-mature-tRNAs
+ bwa mem -W 13 -k 6 -T 20 -x ont2d /beevol/home/whitel/tRNAworkshop/ref/dm6-mature-tRNAs.fa /beevol/home/whitel/tRNAworkshop/rebasecalled/fastqs/Zebrafish004_20231208_0919_MN31004_FAX73799_f3dea9f8.rna004_130bps_sup@v3.0.1.fastq
+ samtools view -F4 -hu -
+ samtools sort -o /beevol/home/whitel/tRNAworkshop/rebasecalled/alignedbams/crossalignments/Zebrafish004_20231208_0919_MN31004_FAX73799_f3dea9f8.rna004_130bps_sup@v3.0.1.dm6-mature-tRNAs.bwa.bam
[M::bwa_idx_load_from_disk] read 0 ALT contigs
[M::process] read 55816 sequences (10000043 bp)...
[M::process] read 53792 sequences (10002283 bp)...
[M::mem_process_seqs] Processed 55816 reads in 500.610 CPU sec, 500.587 real sec
[M::process] read 48094 sequences (10000224 bp)...
[M::mem_process_seqs] Processed 53792 reads in 492.940 CPU sec, 492.854 real sec
[M::process] read 46551 sequences (8326701 bp)...
[M::mem_process_seqs] Processed 48094 reads in 452.319 CPU sec, 452.169 real sec
[M::mem_process_seqs] Processed 46551 reads in 419.361 CPU sec, 419.323 real sec
[main] Version: 0.7.16a-r1181
[main] CMD: bwa mem -W 13 -k 6 -T 20 -x ont2d /beevol/home/whitel/tRNAworkshop/ref/dm6-mature-tRNAs.fa /beevol/home/whitel/tRNAworkshop/rebasecalled/fastqs/Zebrafish004_20231208_0919_MN31004_FAX73799_f3dea9f8.rna004_130bps_sup@v3.0.1.fastq
[main] Real time: 1868.352 sec; CPU: 1865.356 sec
+ samtools index /beevol/home/whitel/tRNAworkshop/rebasecalled/alignedbams/crossalignments/Zebrafish004_20231208_0919_MN31004_FAX73799_f3dea9f8.rna004_130bps_sup@v3.0.1.dm6-mature-tRNAs.bwa.bam
+ for ref in '"${references[@]}"'
++ basename danRer11-mature-tRNAs.fa .fa
+ ref_name=danRer11-mature-tRNAs
+ bwa mem -W 13 -k 6 -T 20 -x ont2d /beevol/home/whitel/tRNAworkshop/ref/danRer11-mature-tRNAs.fa /beevol/home/whitel/tRNAworkshop/rebasecalled/fastqs/Zebrafish004_20231208_0919_MN31004_FAX73799_f3dea9f8.rna004_130bps_sup@v3.0.1.fastq
+ samtools view -F4 -hu -
+ samtools sort -o /beevol/home/whitel/tRNAworkshop/rebasecalled/alignedbams/crossalignments/Zebrafish004_20231208_0919_MN31004_FAX73799_f3dea9f8.rna004_130bps_sup@v3.0.1.danRer11-mature-tRNAs.bwa.bam
[M::bwa_idx_load_from_disk] read 0 ALT contigs
[M::process] read 55816 sequences (10000043 bp)...
[M::process] read 53792 sequences (10002283 bp)...
[M::mem_process_seqs] Processed 55816 reads in 447.570 CPU sec, 447.544 real sec
[M::process] read 48094 sequences (10000224 bp)...
[M::mem_process_seqs] Processed 53792 reads in 448.067 CPU sec, 447.959 real sec
[M::process] read 46551 sequences (8326701 bp)...
[M::mem_process_seqs] Processed 48094 reads in 436.176 CPU sec, 436.044 real sec
[M::mem_process_seqs] Processed 46551 reads in 373.442 CPU sec, 373.397 real sec
[main] Version: 0.7.16a-r1181
[main] CMD: bwa mem -W 13 -k 6 -T 20 -x ont2d /beevol/home/whitel/tRNAworkshop/ref/danRer11-mature-tRNAs.fa /beevol/home/whitel/tRNAworkshop/rebasecalled/fastqs/Zebrafish004_20231208_0919_MN31004_FAX73799_f3dea9f8.rna004_130bps_sup@v3.0.1.fastq
[main] Real time: 1707.487 sec; CPU: 1705.391 sec
+ samtools index /beevol/home/whitel/tRNAworkshop/rebasecalled/alignedbams/crossalignments/Zebrafish004_20231208_0919_MN31004_FAX73799_f3dea9f8.rna004_130bps_sup@v3.0.1.danRer11-mature-tRNAs.bwa.bam
+ for ref in '"${references[@]}"'
++ basename hg38-mature-tRNAs.fa .fa
+ ref_name=hg38-mature-tRNAs
+ bwa mem -W 13 -k 6 -T 20 -x ont2d /beevol/home/whitel/tRNAworkshop/ref/hg38-mature-tRNAs.fa /beevol/home/whitel/tRNAworkshop/rebasecalled/fastqs/Zebrafish004_20231208_0919_MN31004_FAX73799_f3dea9f8.rna004_130bps_sup@v3.0.1.fastq
+ samtools view -F4 -hu -
+ samtools sort -o /beevol/home/whitel/tRNAworkshop/rebasecalled/alignedbams/crossalignments/Zebrafish004_20231208_0919_MN31004_FAX73799_f3dea9f8.rna004_130bps_sup@v3.0.1.hg38-mature-tRNAs.bwa.bam
[M::bwa_idx_load_from_disk] read 0 ALT contigs
[M::process] read 55816 sequences (10000043 bp)...
[M::process] read 53792 sequences (10002283 bp)...
[M::mem_process_seqs] Processed 55816 reads in 460.639 CPU sec, 460.624 real sec
[M::process] read 48094 sequences (10000224 bp)...
[M::mem_process_seqs] Processed 53792 reads in 453.153 CPU sec, 453.055 real sec
[M::process] read 46551 sequences (8326701 bp)...
[M::mem_process_seqs] Processed 48094 reads in 415.166 CPU sec, 415.011 real sec
[M::mem_process_seqs] Processed 46551 reads in 381.889 CPU sec, 381.841 real sec
[main] Version: 0.7.16a-r1181
[main] CMD: bwa mem -W 13 -k 6 -T 20 -x ont2d /beevol/home/whitel/tRNAworkshop/ref/hg38-mature-tRNAs.fa /beevol/home/whitel/tRNAworkshop/rebasecalled/fastqs/Zebrafish004_20231208_0919_MN31004_FAX73799_f3dea9f8.rna004_130bps_sup@v3.0.1.fastq
[main] Real time: 1714.037 sec; CPU: 1710.981 sec
+ samtools index /beevol/home/whitel/tRNAworkshop/rebasecalled/alignedbams/crossalignments/Zebrafish004_20231208_0919_MN31004_FAX73799_f3dea9f8.rna004_130bps_sup@v3.0.1.hg38-mature-tRNAs.bwa.bam
+ samples=(WTyeast004_20231111_1104_P2S-00519-B_PAQ47538_fa3726ec.rna004_130bps_sup@v3.0.1 Ecoli004_20240105_1224_MN31004_FAX73799_1fe84761.rna004_130bps_sup@v3.0.1 Drosophila004_20231208_1307_MN31004_FAX73799_72c200e4.rna004_130bps_sup@v3.0.1 HumanFibroblast004_20231208_1351_MN42516_FAX71838_b8f7b990.rna004_130bps_sup@v3.0.1 Tetrahymena004_20231208_0920_MN42516_FAX71838_a244513d.rna004_130bps_sup@v3.0.1 Zebrafish004_20231208_0919_MN31004_FAX73799_f3dea9f8.rna004_130bps_sup@v3.0.1)
+ refloc=/beevol/home/whitel/tRNAworkshop/ref
+ references=(ecoliK12MG1655-mature-tRNAs.fa sacCer3-mature-tRNAs.fa tthermophila-numbered-mature-tRNAs.fa dm6-mature-tRNAs.fa danRer11-mature-tRNAs.fa hg38-mature-tRNAs.fa)
+ u=Tetrahymena004_20231208_0920_MN42516_FAX71838_a244513d.rna004_130bps_sup@v3.0.1
+ for ref in '"${references[@]}"'
++ basename ecoliK12MG1655-mature-tRNAs.fa .fa
+ ref_name=ecoliK12MG1655-mature-tRNAs
+ bwa mem -W 13 -k 6 -T 20 -x ont2d /beevol/home/whitel/tRNAworkshop/ref/ecoliK12MG1655-mature-tRNAs.fa /beevol/home/whitel/tRNAworkshop/rebasecalled/fastqs/Tetrahymena004_20231208_0920_MN42516_FAX71838_a244513d.rna004_130bps_sup@v3.0.1.fastq
+ samtools view -F4 -hu -
+ samtools sort -o /beevol/home/whitel/tRNAworkshop/rebasecalled/alignedbams/crossalignments/Tetrahymena004_20231208_0920_MN42516_FAX71838_a244513d.rna004_130bps_sup@v3.0.1.ecoliK12MG1655-mature-tRNAs.bwa.bam
[M::bwa_idx_load_from_disk] read 0 ALT contigs
[M::process] read 46086 sequences (10000139 bp)...
[M::process] read 57606 sequences (10000118 bp)...
[M::mem_process_seqs] Processed 46086 reads in 114.082 CPU sec, 114.297 real sec
[M::process] read 54330 sequences (10000083 bp)...
[M::mem_process_seqs] Processed 57606 reads in 131.614 CPU sec, 131.791 real sec
[M::process] read 57960 sequences (10000088 bp)...
[M::mem_process_seqs] Processed 54330 reads in 139.301 CPU sec, 139.473 real sec
[M::process] read 57464 sequences (10000226 bp)...
[M::mem_process_seqs] Processed 57960 reads in 138.949 CPU sec, 139.130 real sec
[M::process] read 31021 sequences (5361110 bp)...
[M::mem_process_seqs] Processed 57464 reads in 135.689 CPU sec, 135.901 real sec
[M::mem_process_seqs] Processed 31021 reads in 70.502 CPU sec, 70.563 real sec
[main] Version: 0.7.16a-r1181
[main] CMD: bwa mem -W 13 -k 6 -T 20 -x ont2d /beevol/home/whitel/tRNAworkshop/ref/ecoliK12MG1655-mature-tRNAs.fa /beevol/home/whitel/tRNAworkshop/rebasecalled/fastqs/Tetrahymena004_20231208_0920_MN42516_FAX71838_a244513d.rna004_130bps_sup@v3.0.1.fastq
[main] Real time: 731.781 sec; CPU: 730.266 sec
+ samtools index /beevol/home/whitel/tRNAworkshop/rebasecalled/alignedbams/crossalignments/Tetrahymena004_20231208_0920_MN42516_FAX71838_a244513d.rna004_130bps_sup@v3.0.1.ecoliK12MG1655-mature-tRNAs.bwa.bam
+ for ref in '"${references[@]}"'
++ basename sacCer3-mature-tRNAs.fa .fa
+ ref_name=sacCer3-mature-tRNAs
+ bwa mem -W 13 -k 6 -T 20 -x ont2d /beevol/home/whitel/tRNAworkshop/ref/sacCer3-mature-tRNAs.fa /beevol/home/whitel/tRNAworkshop/rebasecalled/fastqs/Tetrahymena004_20231208_0920_MN42516_FAX71838_a244513d.rna004_130bps_sup@v3.0.1.fastq
+ samtools view -F4 -hu -
+ samtools sort -o /beevol/home/whitel/tRNAworkshop/rebasecalled/alignedbams/crossalignments/Tetrahymena004_20231208_0920_MN42516_FAX71838_a244513d.rna004_130bps_sup@v3.0.1.sacCer3-mature-tRNAs.bwa.bam
[M::bwa_idx_load_from_disk] read 0 ALT contigs
[M::process] read 46086 sequences (10000139 bp)...
[M::process] read 57606 sequences (10000118 bp)...
[M::mem_process_seqs] Processed 46086 reads in 300.114 CPU sec, 300.766 real sec
[M::process] read 54330 sequences (10000083 bp)...
[M::mem_process_seqs] Processed 57606 reads in 347.728 CPU sec, 348.370 real sec
[M::process] read 57960 sequences (10000088 bp)...
[M::mem_process_seqs] Processed 54330 reads in 337.271 CPU sec, 337.888 real sec
[M::process] read 57464 sequences (10000226 bp)...
[M::mem_process_seqs] Processed 57960 reads in 363.480 CPU sec, 364.174 real sec
[M::process] read 31021 sequences (5361110 bp)...
[M::mem_process_seqs] Processed 57464 reads in 365.882 CPU sec, 366.584 real sec
[M::mem_process_seqs] Processed 31021 reads in 189.185 CPU sec, 189.500 real sec
[main] Version: 0.7.16a-r1181
[main] CMD: bwa mem -W 13 -k 6 -T 20 -x ont2d /beevol/home/whitel/tRNAworkshop/ref/sacCer3-mature-tRNAs.fa /beevol/home/whitel/tRNAworkshop/rebasecalled/fastqs/Tetrahymena004_20231208_0920_MN42516_FAX71838_a244513d.rna004_130bps_sup@v3.0.1.fastq
[main] Real time: 1908.396 sec; CPU: 1903.847 sec
+ samtools index /beevol/home/whitel/tRNAworkshop/rebasecalled/alignedbams/crossalignments/Tetrahymena004_20231208_0920_MN42516_FAX71838_a244513d.rna004_130bps_sup@v3.0.1.sacCer3-mature-tRNAs.bwa.bam
+ for ref in '"${references[@]}"'
++ basename tthermophila-numbered-mature-tRNAs.fa .fa
+ ref_name=tthermophila-numbered-mature-tRNAs
+ bwa mem -W 13 -k 6 -T 20 -x ont2d /beevol/home/whitel/tRNAworkshop/ref/tthermophila-numbered-mature-tRNAs.fa /beevol/home/whitel/tRNAworkshop/rebasecalled/fastqs/Tetrahymena004_20231208_0920_MN42516_FAX71838_a244513d.rna004_130bps_sup@v3.0.1.fastq
+ samtools view -F4 -hu -
+ samtools sort -o /beevol/home/whitel/tRNAworkshop/rebasecalled/alignedbams/crossalignments/Tetrahymena004_20231208_0920_MN42516_FAX71838_a244513d.rna004_130bps_sup@v3.0.1.tthermophila-numbered-mature-tRNAs.bwa.bam
[M::bwa_idx_load_from_disk] read 0 ALT contigs
[M::process] read 46086 sequences (10000139 bp)...
[M::process] read 57606 sequences (10000118 bp)...
[M::mem_process_seqs] Processed 46086 reads in 312.879 CPU sec, 313.564 real sec
[M::process] read 54330 sequences (10000083 bp)...
[M::mem_process_seqs] Processed 57606 reads in 336.722 CPU sec, 337.345 real sec
[M::process] read 57960 sequences (10000088 bp)...
[M::mem_process_seqs] Processed 54330 reads in 332.869 CPU sec, 333.447 real sec
[M::process] read 57464 sequences (10000226 bp)...
[M::mem_process_seqs] Processed 57960 reads in 344.311 CPU sec, 344.946 real sec
[M::process] read 31021 sequences (5361110 bp)...
[M::mem_process_seqs] Processed 57464 reads in 335.136 CPU sec, 335.758 real sec
[M::mem_process_seqs] Processed 31021 reads in 180.972 CPU sec, 181.234 real sec
[main] Version: 0.7.16a-r1181
[main] CMD: bwa mem -W 13 -k 6 -T 20 -x ont2d /beevol/home/whitel/tRNAworkshop/ref/tthermophila-numbered-mature-tRNAs.fa /beevol/home/whitel/tRNAworkshop/rebasecalled/fastqs/Tetrahymena004_20231208_0920_MN42516_FAX71838_a244513d.rna004_130bps_sup@v3.0.1.fastq
[main] Real time: 1847.911 sec; CPU: 1842.992 sec
+ samtools index /beevol/home/whitel/tRNAworkshop/rebasecalled/alignedbams/crossalignments/Tetrahymena004_20231208_0920_MN42516_FAX71838_a244513d.rna004_130bps_sup@v3.0.1.tthermophila-numbered-mature-tRNAs.bwa.bam
+ for ref in '"${references[@]}"'
++ basename dm6-mature-tRNAs.fa .fa
+ ref_name=dm6-mature-tRNAs
+ bwa mem -W 13 -k 6 -T 20 -x ont2d /beevol/home/whitel/tRNAworkshop/ref/dm6-mature-tRNAs.fa /beevol/home/whitel/tRNAworkshop/rebasecalled/fastqs/Tetrahymena004_20231208_0920_MN42516_FAX71838_a244513d.rna004_130bps_sup@v3.0.1.fastq
+ samtools view -F4 -hu -
+ samtools sort -o /beevol/home/whitel/tRNAworkshop/rebasecalled/alignedbams/crossalignments/Tetrahymena004_20231208_0920_MN42516_FAX71838_a244513d.rna004_130bps_sup@v3.0.1.dm6-mature-tRNAs.bwa.bam
[M::bwa_idx_load_from_disk] read 0 ALT contigs
[M::process] read 46086 sequences (10000139 bp)...
[M::process] read 57606 sequences (10000118 bp)...
[M::mem_process_seqs] Processed 46086 reads in 324.984 CPU sec, 325.696 real sec
[M::process] read 54330 sequences (10000083 bp)...
[M::mem_process_seqs] Processed 57606 reads in 370.665 CPU sec, 371.412 real sec
[M::process] read 57960 sequences (10000088 bp)...
[M::mem_process_seqs] Processed 54330 reads in 364.015 CPU sec, 364.728 real sec
[M::process] read 57464 sequences (10000226 bp)...
[M::mem_process_seqs] Processed 57960 reads in 381.077 CPU sec, 381.807 real sec
[M::process] read 31021 sequences (5361110 bp)...
[M::mem_process_seqs] Processed 57464 reads in 380.941 CPU sec, 381.648 real sec
[M::mem_process_seqs] Processed 31021 reads in 203.065 CPU sec, 203.402 real sec
[main] Version: 0.7.16a-r1181
[main] CMD: bwa mem -W 13 -k 6 -T 20 -x ont2d /beevol/home/whitel/tRNAworkshop/ref/dm6-mature-tRNAs.fa /beevol/home/whitel/tRNAworkshop/rebasecalled/fastqs/Tetrahymena004_20231208_0920_MN42516_FAX71838_a244513d.rna004_130bps_sup@v3.0.1.fastq
[main] Real time: 2034.328 sec; CPU: 2024.878 sec
+ samtools index /beevol/home/whitel/tRNAworkshop/rebasecalled/alignedbams/crossalignments/Tetrahymena004_20231208_0920_MN42516_FAX71838_a244513d.rna004_130bps_sup@v3.0.1.dm6-mature-tRNAs.bwa.bam
+ for ref in '"${references[@]}"'
++ basename danRer11-mature-tRNAs.fa .fa
+ ref_name=danRer11-mature-tRNAs
+ bwa mem -W 13 -k 6 -T 20 -x ont2d /beevol/home/whitel/tRNAworkshop/ref/danRer11-mature-tRNAs.fa /beevol/home/whitel/tRNAworkshop/rebasecalled/fastqs/Tetrahymena004_20231208_0920_MN42516_FAX71838_a244513d.rna004_130bps_sup@v3.0.1.fastq
+ samtools view -F4 -hu -
+ samtools sort -o /beevol/home/whitel/tRNAworkshop/rebasecalled/alignedbams/crossalignments/Tetrahymena004_20231208_0920_MN42516_FAX71838_a244513d.rna004_130bps_sup@v3.0.1.danRer11-mature-tRNAs.bwa.bam
[M::bwa_idx_load_from_disk] read 0 ALT contigs
[M::process] read 46086 sequences (10000139 bp)...
[M::process] read 57606 sequences (10000118 bp)...
[M::mem_process_seqs] Processed 46086 reads in 337.013 CPU sec, 337.761 real sec
[M::process] read 54330 sequences (10000083 bp)...
[M::mem_process_seqs] Processed 57606 reads in 352.601 CPU sec, 353.233 real sec
[M::process] read 57960 sequences (10000088 bp)...
[M::mem_process_seqs] Processed 54330 reads in 352.600 CPU sec, 353.243 real sec
[M::process] read 57464 sequences (10000226 bp)...
[M::mem_process_seqs] Processed 57960 reads in 355.072 CPU sec, 355.750 real sec
[M::process] read 31021 sequences (5361110 bp)...
[M::mem_process_seqs] Processed 57464 reads in 352.413 CPU sec, 353.107 real sec
[M::mem_process_seqs] Processed 31021 reads in 187.834 CPU sec, 188.159 real sec
[main] Version: 0.7.16a-r1181
[main] CMD: bwa mem -W 13 -k 6 -T 20 -x ont2d /beevol/home/whitel/tRNAworkshop/ref/danRer11-mature-tRNAs.fa /beevol/home/whitel/tRNAworkshop/rebasecalled/fastqs/Tetrahymena004_20231208_0920_MN42516_FAX71838_a244513d.rna004_130bps_sup@v3.0.1.fastq
[main] Real time: 1945.800 sec; CPU: 1937.651 sec
+ samtools index /beevol/home/whitel/tRNAworkshop/rebasecalled/alignedbams/crossalignments/Tetrahymena004_20231208_0920_MN42516_FAX71838_a244513d.rna004_130bps_sup@v3.0.1.danRer11-mature-tRNAs.bwa.bam
+ for ref in '"${references[@]}"'
++ basename hg38-mature-tRNAs.fa .fa
+ ref_name=hg38-mature-tRNAs
+ bwa mem -W 13 -k 6 -T 20 -x ont2d /beevol/home/whitel/tRNAworkshop/ref/hg38-mature-tRNAs.fa /beevol/home/whitel/tRNAworkshop/rebasecalled/fastqs/Tetrahymena004_20231208_0920_MN42516_FAX71838_a244513d.rna004_130bps_sup@v3.0.1.fastq
+ samtools view -F4 -hu -
+ samtools sort -o /beevol/home/whitel/tRNAworkshop/rebasecalled/alignedbams/crossalignments/Tetrahymena004_20231208_0920_MN42516_FAX71838_a244513d.rna004_130bps_sup@v3.0.1.hg38-mature-tRNAs.bwa.bam
[M::bwa_idx_load_from_disk] read 0 ALT contigs
[M::process] read 46086 sequences (10000139 bp)...
[M::process] read 57606 sequences (10000118 bp)...
[M::mem_process_seqs] Processed 46086 reads in 326.286 CPU sec, 327.003 real sec
[M::process] read 54330 sequences (10000083 bp)...
[M::mem_process_seqs] Processed 57606 reads in 382.791 CPU sec, 383.575 real sec
[M::process] read 57960 sequences (10000088 bp)...
[M::mem_process_seqs] Processed 54330 reads in 374.613 CPU sec, 375.319 real sec
[M::process] read 57464 sequences (10000226 bp)...
[M::mem_process_seqs] Processed 57960 reads in 380.184 CPU sec, 380.891 real sec
[M::process] read 31021 sequences (5361110 bp)...
[M::mem_process_seqs] Processed 57464 reads in 379.628 CPU sec, 380.347 real sec
[M::mem_process_seqs] Processed 31021 reads in 203.135 CPU sec, 203.478 real sec
[main] Version: 0.7.16a-r1181
[main] CMD: bwa mem -W 13 -k 6 -T 20 -x ont2d /beevol/home/whitel/tRNAworkshop/ref/hg38-mature-tRNAs.fa /beevol/home/whitel/tRNAworkshop/rebasecalled/fastqs/Tetrahymena004_20231208_0920_MN42516_FAX71838_a244513d.rna004_130bps_sup@v3.0.1.fastq
[main] Real time: 2054.042 sec; CPU: 2046.771 sec
+ samtools index /beevol/home/whitel/tRNAworkshop/rebasecalled/alignedbams/crossalignments/Tetrahymena004_20231208_0920_MN42516_FAX71838_a244513d.rna004_130bps_sup@v3.0.1.hg38-mature-tRNAs.bwa.bam
