Sender: LSF System <lsfadmin@compute19>
Subject: Job 849444[1]: <bwa[1-16]> in cluster <tesla2> Exited

Job <bwa[1-16]> was submitted from host <compute21> by user <whitel> in cluster <tesla2> at Mon Jun  3 19:22:52 2024
Job was executed on host(s) <6*compute19>, in queue <rna>, as user <whitel> in cluster <tesla2> at Mon Jun  3 19:22:58 2024
</beevol/home/whitel> was used as the home directory.
</beevol/home/whitel/tRNAworkshop/src> was used as the working directory.
Started at Mon Jun  3 19:22:58 2024
Terminated at Mon Jun  3 19:23:00 2024
Results reported at Mon Jun  3 19:23:00 2024

Your job looked like:

------------------------------------------------------------
# LSBATCH: User input
#! /usr/bin/env bash

#BSUB -J bwa[1-16]
#BSUB -o logs/bwa.%J.out
#BSUB -e logs/bwa.%J.err
#BSUB -R "span[hosts=1]"
#BSUB -q rna
#BSUB -n 6

bwaidx="$HOME/tRNAworkshop/ref/sacCer-mito-and-nuclear-tRNAs.fa"
in="$HOME/tRNAworkshop/alignment_evals/syntheticreads"
dest="$HOME/tRNAworkshop/alignment_evals/bams"

set -o nounset -o pipefail -o errexit -x

samples=(
Q5synthetic.fasta
Q6synthetic.fasta
Q7synthetic.fasta
Q8synthetic.fasta
Q9synthetic.fasta
Q10synthetic.fasta
Q11synthetic.fasta
Q12synthetic.fasta
Q13synthetic.fasta
Q14synthetic.fasta
Q15synthetic.fasta
Q16synthetic.fasta
Q17synthetic.fasta
Q18synthetic.fasta
Q19synthetic.fasta
Q20synthetic.fasta
)

u=${samples[$(( $LSB_JOBINDEX -1 ))]}

### align to tRNA reference - adapter anchored reference alignment
bwa mem -W 13 -k 6 -T 20 -x ont2d $bwaidx -f $in/${u} \
| samtools view -F4 -hu - \
| samtools sort -o ${dest}/${u}.bwa.bam

samtools index ${dest}/${u}.bwa.bam

------------------------------------------------------------

Exited with exit code 1.

Resource usage summary:

    CPU time :                                   0.07 sec.
    Max Memory :                                 -
    Average Memory :                             -
    Total Requested Memory :                     -
    Delta Memory :                               -
    Max Swap :                                   -
    Max Processes :                              -
    Max Threads :                                -
    Run time :                                   1 sec.
    Turnaround time :                            12 sec.

The output (if any) follows:



PS:

Read file <logs/bwa.849444.err> for stderr output of this job.

Sender: LSF System <lsfadmin@compute19>
Subject: Job 849444[2]: <bwa[1-16]> in cluster <tesla2> Exited

Job <bwa[1-16]> was submitted from host <compute21> by user <whitel> in cluster <tesla2> at Mon Jun  3 19:22:52 2024
Job was executed on host(s) <6*compute19>, in queue <rna>, as user <whitel> in cluster <tesla2> at Mon Jun  3 19:23:09 2024
</beevol/home/whitel> was used as the home directory.
</beevol/home/whitel/tRNAworkshop/src> was used as the working directory.
Started at Mon Jun  3 19:23:09 2024
Terminated at Mon Jun  3 19:23:15 2024
Results reported at Mon Jun  3 19:23:15 2024

Your job looked like:

------------------------------------------------------------
# LSBATCH: User input
#! /usr/bin/env bash

#BSUB -J bwa[1-16]
#BSUB -o logs/bwa.%J.out
#BSUB -e logs/bwa.%J.err
#BSUB -R "span[hosts=1]"
#BSUB -q rna
#BSUB -n 6

bwaidx="$HOME/tRNAworkshop/ref/sacCer-mito-and-nuclear-tRNAs.fa"
in="$HOME/tRNAworkshop/alignment_evals/syntheticreads"
dest="$HOME/tRNAworkshop/alignment_evals/bams"

set -o nounset -o pipefail -o errexit -x

samples=(
Q5synthetic.fasta
Q6synthetic.fasta
Q7synthetic.fasta
Q8synthetic.fasta
Q9synthetic.fasta
Q10synthetic.fasta
Q11synthetic.fasta
Q12synthetic.fasta
Q13synthetic.fasta
Q14synthetic.fasta
Q15synthetic.fasta
Q16synthetic.fasta
Q17synthetic.fasta
Q18synthetic.fasta
Q19synthetic.fasta
Q20synthetic.fasta
)

u=${samples[$(( $LSB_JOBINDEX -1 ))]}

### align to tRNA reference - adapter anchored reference alignment
bwa mem -W 13 -k 6 -T 20 -x ont2d $bwaidx -f $in/${u} \
| samtools view -F4 -hu - \
| samtools sort -o ${dest}/${u}.bwa.bam

samtools index ${dest}/${u}.bwa.bam

------------------------------------------------------------

Exited with exit code 1.

Resource usage summary:

    CPU time :                                   0.07 sec.
    Max Memory :                                 -
    Average Memory :                             -
    Total Requested Memory :                     -
    Delta Memory :                               -
    Max Swap :                                   -
    Max Processes :                              3
    Max Threads :                                4
    Run time :                                   5 sec.
    Turnaround time :                            28 sec.

The output (if any) follows:



PS:

Read file <logs/bwa.849444.err> for stderr output of this job.

Sender: LSF System <lsfadmin@compute19>
Subject: Job 849444[3]: <bwa[1-16]> in cluster <tesla2> Exited

Job <bwa[1-16]> was submitted from host <compute21> by user <whitel> in cluster <tesla2> at Mon Jun  3 19:22:52 2024
Job was executed on host(s) <6*compute19>, in queue <rna>, as user <whitel> in cluster <tesla2> at Mon Jun  3 19:23:18 2024
</beevol/home/whitel> was used as the home directory.
</beevol/home/whitel/tRNAworkshop/src> was used as the working directory.
Started at Mon Jun  3 19:23:18 2024
Terminated at Mon Jun  3 19:23:20 2024
Results reported at Mon Jun  3 19:23:20 2024

Your job looked like:

------------------------------------------------------------
# LSBATCH: User input
#! /usr/bin/env bash

#BSUB -J bwa[1-16]
#BSUB -o logs/bwa.%J.out
#BSUB -e logs/bwa.%J.err
#BSUB -R "span[hosts=1]"
#BSUB -q rna
#BSUB -n 6

bwaidx="$HOME/tRNAworkshop/ref/sacCer-mito-and-nuclear-tRNAs.fa"
in="$HOME/tRNAworkshop/alignment_evals/syntheticreads"
dest="$HOME/tRNAworkshop/alignment_evals/bams"

set -o nounset -o pipefail -o errexit -x

samples=(
Q5synthetic.fasta
Q6synthetic.fasta
Q7synthetic.fasta
Q8synthetic.fasta
Q9synthetic.fasta
Q10synthetic.fasta
Q11synthetic.fasta
Q12synthetic.fasta
Q13synthetic.fasta
Q14synthetic.fasta
Q15synthetic.fasta
Q16synthetic.fasta
Q17synthetic.fasta
Q18synthetic.fasta
Q19synthetic.fasta
Q20synthetic.fasta
)

u=${samples[$(( $LSB_JOBINDEX -1 ))]}

### align to tRNA reference - adapter anchored reference alignment
bwa mem -W 13 -k 6 -T 20 -x ont2d $bwaidx -f $in/${u} \
| samtools view -F4 -hu - \
| samtools sort -o ${dest}/${u}.bwa.bam

samtools index ${dest}/${u}.bwa.bam

------------------------------------------------------------

Exited with exit code 1.

Resource usage summary:

    CPU time :                                   0.07 sec.
    Max Memory :                                 -
    Average Memory :                             -
    Total Requested Memory :                     -
    Delta Memory :                               -
    Max Swap :                                   -
    Max Processes :                              -
    Max Threads :                                -
    Run time :                                   1 sec.
    Turnaround time :                            32 sec.

The output (if any) follows:



PS:

Read file <logs/bwa.849444.err> for stderr output of this job.

Sender: LSF System <lsfadmin@compute19>
Subject: Job 849444[4]: <bwa[1-16]> in cluster <tesla2> Exited

Job <bwa[1-16]> was submitted from host <compute21> by user <whitel> in cluster <tesla2> at Mon Jun  3 19:22:52 2024
Job was executed on host(s) <6*compute19>, in queue <rna>, as user <whitel> in cluster <tesla2> at Mon Jun  3 19:23:29 2024
</beevol/home/whitel> was used as the home directory.
</beevol/home/whitel/tRNAworkshop/src> was used as the working directory.
Started at Mon Jun  3 19:23:29 2024
Terminated at Mon Jun  3 19:23:38 2024
Results reported at Mon Jun  3 19:23:38 2024

Your job looked like:

------------------------------------------------------------
# LSBATCH: User input
#! /usr/bin/env bash

#BSUB -J bwa[1-16]
#BSUB -o logs/bwa.%J.out
#BSUB -e logs/bwa.%J.err
#BSUB -R "span[hosts=1]"
#BSUB -q rna
#BSUB -n 6

bwaidx="$HOME/tRNAworkshop/ref/sacCer-mito-and-nuclear-tRNAs.fa"
in="$HOME/tRNAworkshop/alignment_evals/syntheticreads"
dest="$HOME/tRNAworkshop/alignment_evals/bams"

set -o nounset -o pipefail -o errexit -x

samples=(
Q5synthetic.fasta
Q6synthetic.fasta
Q7synthetic.fasta
Q8synthetic.fasta
Q9synthetic.fasta
Q10synthetic.fasta
Q11synthetic.fasta
Q12synthetic.fasta
Q13synthetic.fasta
Q14synthetic.fasta
Q15synthetic.fasta
Q16synthetic.fasta
Q17synthetic.fasta
Q18synthetic.fasta
Q19synthetic.fasta
Q20synthetic.fasta
)

u=${samples[$(( $LSB_JOBINDEX -1 ))]}

### align to tRNA reference - adapter anchored reference alignment
bwa mem -W 13 -k 6 -T 20 -x ont2d $bwaidx -f $in/${u} \
| samtools view -F4 -hu - \
| samtools sort -o ${dest}/${u}.bwa.bam

samtools index ${dest}/${u}.bwa.bam

------------------------------------------------------------

Exited with exit code 1.

Resource usage summary:

    CPU time :                                   0.07 sec.
    Max Memory :                                 -
    Average Memory :                             -
    Total Requested Memory :                     -
    Delta Memory :                               -
    Max Swap :                                   -
    Max Processes :                              6
    Max Threads :                                7
    Run time :                                   8 sec.
    Turnaround time :                            52 sec.

The output (if any) follows:



PS:

Read file <logs/bwa.849444.err> for stderr output of this job.

Sender: LSF System <lsfadmin@compute19>
Subject: Job 849444[5]: <bwa[1-16]> in cluster <tesla2> Exited

Job <bwa[1-16]> was submitted from host <compute21> by user <whitel> in cluster <tesla2> at Mon Jun  3 19:22:52 2024
Job was executed on host(s) <6*compute19>, in queue <rna>, as user <whitel> in cluster <tesla2> at Mon Jun  3 19:23:38 2024
</beevol/home/whitel> was used as the home directory.
</beevol/home/whitel/tRNAworkshop/src> was used as the working directory.
Started at Mon Jun  3 19:23:38 2024
Terminated at Mon Jun  3 19:23:40 2024
Results reported at Mon Jun  3 19:23:40 2024

Your job looked like:

------------------------------------------------------------
# LSBATCH: User input
#! /usr/bin/env bash

#BSUB -J bwa[1-16]
#BSUB -o logs/bwa.%J.out
#BSUB -e logs/bwa.%J.err
#BSUB -R "span[hosts=1]"
#BSUB -q rna
#BSUB -n 6

bwaidx="$HOME/tRNAworkshop/ref/sacCer-mito-and-nuclear-tRNAs.fa"
in="$HOME/tRNAworkshop/alignment_evals/syntheticreads"
dest="$HOME/tRNAworkshop/alignment_evals/bams"

set -o nounset -o pipefail -o errexit -x

samples=(
Q5synthetic.fasta
Q6synthetic.fasta
Q7synthetic.fasta
Q8synthetic.fasta
Q9synthetic.fasta
Q10synthetic.fasta
Q11synthetic.fasta
Q12synthetic.fasta
Q13synthetic.fasta
Q14synthetic.fasta
Q15synthetic.fasta
Q16synthetic.fasta
Q17synthetic.fasta
Q18synthetic.fasta
Q19synthetic.fasta
Q20synthetic.fasta
)

u=${samples[$(( $LSB_JOBINDEX -1 ))]}

### align to tRNA reference - adapter anchored reference alignment
bwa mem -W 13 -k 6 -T 20 -x ont2d $bwaidx -f $in/${u} \
| samtools view -F4 -hu - \
| samtools sort -o ${dest}/${u}.bwa.bam

samtools index ${dest}/${u}.bwa.bam

------------------------------------------------------------

Exited with exit code 1.

Resource usage summary:

    CPU time :                                   0.07 sec.
    Max Memory :                                 -
    Average Memory :                             -
    Total Requested Memory :                     -
    Delta Memory :                               -
    Max Swap :                                   -
    Max Processes :                              -
    Max Threads :                                -
    Run time :                                   2 sec.
    Turnaround time :                            54 sec.

The output (if any) follows:



PS:

Read file <logs/bwa.849444.err> for stderr output of this job.

Sender: LSF System <lsfadmin@compute19>
Subject: Job 849444[6]: <bwa[1-16]> in cluster <tesla2> Exited

Job <bwa[1-16]> was submitted from host <compute21> by user <whitel> in cluster <tesla2> at Mon Jun  3 19:22:52 2024
Job was executed on host(s) <6*compute19>, in queue <rna>, as user <whitel> in cluster <tesla2> at Mon Jun  3 19:23:48 2024
</beevol/home/whitel> was used as the home directory.
</beevol/home/whitel/tRNAworkshop/src> was used as the working directory.
Started at Mon Jun  3 19:23:48 2024
Terminated at Mon Jun  3 19:23:50 2024
Results reported at Mon Jun  3 19:23:50 2024

Your job looked like:

------------------------------------------------------------
# LSBATCH: User input
#! /usr/bin/env bash

#BSUB -J bwa[1-16]
#BSUB -o logs/bwa.%J.out
#BSUB -e logs/bwa.%J.err
#BSUB -R "span[hosts=1]"
#BSUB -q rna
#BSUB -n 6

bwaidx="$HOME/tRNAworkshop/ref/sacCer-mito-and-nuclear-tRNAs.fa"
in="$HOME/tRNAworkshop/alignment_evals/syntheticreads"
dest="$HOME/tRNAworkshop/alignment_evals/bams"

set -o nounset -o pipefail -o errexit -x

samples=(
Q5synthetic.fasta
Q6synthetic.fasta
Q7synthetic.fasta
Q8synthetic.fasta
Q9synthetic.fasta
Q10synthetic.fasta
Q11synthetic.fasta
Q12synthetic.fasta
Q13synthetic.fasta
Q14synthetic.fasta
Q15synthetic.fasta
Q16synthetic.fasta
Q17synthetic.fasta
Q18synthetic.fasta
Q19synthetic.fasta
Q20synthetic.fasta
)

u=${samples[$(( $LSB_JOBINDEX -1 ))]}

### align to tRNA reference - adapter anchored reference alignment
bwa mem -W 13 -k 6 -T 20 -x ont2d $bwaidx -f $in/${u} \
| samtools view -F4 -hu - \
| samtools sort -o ${dest}/${u}.bwa.bam

samtools index ${dest}/${u}.bwa.bam

------------------------------------------------------------

Exited with exit code 1.

Resource usage summary:

    CPU time :                                   0.07 sec.
    Max Memory :                                 -
    Average Memory :                             -
    Total Requested Memory :                     -
    Delta Memory :                               -
    Max Swap :                                   -
    Max Processes :                              -
    Max Threads :                                -
    Run time :                                   2 sec.
    Turnaround time :                            63 sec.

The output (if any) follows:



PS:

Read file <logs/bwa.849444.err> for stderr output of this job.

Sender: LSF System <lsfadmin@compute19>
Subject: Job 849444[7]: <bwa[1-16]> in cluster <tesla2> Exited

Job <bwa[1-16]> was submitted from host <compute21> by user <whitel> in cluster <tesla2> at Mon Jun  3 19:22:52 2024
Job was executed on host(s) <6*compute19>, in queue <rna>, as user <whitel> in cluster <tesla2> at Mon Jun  3 19:23:58 2024
</beevol/home/whitel> was used as the home directory.
</beevol/home/whitel/tRNAworkshop/src> was used as the working directory.
Started at Mon Jun  3 19:23:58 2024
Terminated at Mon Jun  3 19:24:00 2024
Results reported at Mon Jun  3 19:24:00 2024

Your job looked like:

------------------------------------------------------------
# LSBATCH: User input
#! /usr/bin/env bash

#BSUB -J bwa[1-16]
#BSUB -o logs/bwa.%J.out
#BSUB -e logs/bwa.%J.err
#BSUB -R "span[hosts=1]"
#BSUB -q rna
#BSUB -n 6

bwaidx="$HOME/tRNAworkshop/ref/sacCer-mito-and-nuclear-tRNAs.fa"
in="$HOME/tRNAworkshop/alignment_evals/syntheticreads"
dest="$HOME/tRNAworkshop/alignment_evals/bams"

set -o nounset -o pipefail -o errexit -x

samples=(
Q5synthetic.fasta
Q6synthetic.fasta
Q7synthetic.fasta
Q8synthetic.fasta
Q9synthetic.fasta
Q10synthetic.fasta
Q11synthetic.fasta
Q12synthetic.fasta
Q13synthetic.fasta
Q14synthetic.fasta
Q15synthetic.fasta
Q16synthetic.fasta
Q17synthetic.fasta
Q18synthetic.fasta
Q19synthetic.fasta
Q20synthetic.fasta
)

u=${samples[$(( $LSB_JOBINDEX -1 ))]}

### align to tRNA reference - adapter anchored reference alignment
bwa mem -W 13 -k 6 -T 20 -x ont2d $bwaidx -f $in/${u} \
| samtools view -F4 -hu - \
| samtools sort -o ${dest}/${u}.bwa.bam

samtools index ${dest}/${u}.bwa.bam

------------------------------------------------------------

Exited with exit code 1.

Resource usage summary:

    CPU time :                                   0.06 sec.
    Max Memory :                                 -
    Average Memory :                             -
    Total Requested Memory :                     -
    Delta Memory :                               -
    Max Swap :                                   -
    Max Processes :                              -
    Max Threads :                                -
    Run time :                                   1 sec.
    Turnaround time :                            72 sec.

The output (if any) follows:



PS:

Read file <logs/bwa.849444.err> for stderr output of this job.

Sender: LSF System <lsfadmin@compute19>
Subject: Job 849444[8]: <bwa[1-16]> in cluster <tesla2> Exited

Job <bwa[1-16]> was submitted from host <compute21> by user <whitel> in cluster <tesla2> at Mon Jun  3 19:22:52 2024
Job was executed on host(s) <6*compute19>, in queue <rna>, as user <whitel> in cluster <tesla2> at Mon Jun  3 19:24:08 2024
</beevol/home/whitel> was used as the home directory.
</beevol/home/whitel/tRNAworkshop/src> was used as the working directory.
Started at Mon Jun  3 19:24:08 2024
Terminated at Mon Jun  3 19:24:11 2024
Results reported at Mon Jun  3 19:24:11 2024

Your job looked like:

------------------------------------------------------------
# LSBATCH: User input
#! /usr/bin/env bash

#BSUB -J bwa[1-16]
#BSUB -o logs/bwa.%J.out
#BSUB -e logs/bwa.%J.err
#BSUB -R "span[hosts=1]"
#BSUB -q rna
#BSUB -n 6

bwaidx="$HOME/tRNAworkshop/ref/sacCer-mito-and-nuclear-tRNAs.fa"
in="$HOME/tRNAworkshop/alignment_evals/syntheticreads"
dest="$HOME/tRNAworkshop/alignment_evals/bams"

set -o nounset -o pipefail -o errexit -x

samples=(
Q5synthetic.fasta
Q6synthetic.fasta
Q7synthetic.fasta
Q8synthetic.fasta
Q9synthetic.fasta
Q10synthetic.fasta
Q11synthetic.fasta
Q12synthetic.fasta
Q13synthetic.fasta
Q14synthetic.fasta
Q15synthetic.fasta
Q16synthetic.fasta
Q17synthetic.fasta
Q18synthetic.fasta
Q19synthetic.fasta
Q20synthetic.fasta
)

u=${samples[$(( $LSB_JOBINDEX -1 ))]}

### align to tRNA reference - adapter anchored reference alignment
bwa mem -W 13 -k 6 -T 20 -x ont2d $bwaidx -f $in/${u} \
| samtools view -F4 -hu - \
| samtools sort -o ${dest}/${u}.bwa.bam

samtools index ${dest}/${u}.bwa.bam

------------------------------------------------------------

Exited with exit code 1.

Resource usage summary:

    CPU time :                                   0.07 sec.
    Max Memory :                                 -
    Average Memory :                             -
    Total Requested Memory :                     -
    Delta Memory :                               -
    Max Swap :                                   -
    Max Processes :                              -
    Max Threads :                                -
    Run time :                                   2 sec.
    Turnaround time :                            83 sec.

The output (if any) follows:



PS:

Read file <logs/bwa.849444.err> for stderr output of this job.

Sender: LSF System <lsfadmin@compute19>
Subject: Job 849444[9]: <bwa[1-16]> in cluster <tesla2> Exited

Job <bwa[1-16]> was submitted from host <compute21> by user <whitel> in cluster <tesla2> at Mon Jun  3 19:22:52 2024
Job was executed on host(s) <6*compute19>, in queue <rna>, as user <whitel> in cluster <tesla2> at Mon Jun  3 19:24:18 2024
</beevol/home/whitel> was used as the home directory.
</beevol/home/whitel/tRNAworkshop/src> was used as the working directory.
Started at Mon Jun  3 19:24:18 2024
Terminated at Mon Jun  3 19:24:20 2024
Results reported at Mon Jun  3 19:24:20 2024

Your job looked like:

------------------------------------------------------------
# LSBATCH: User input
#! /usr/bin/env bash

#BSUB -J bwa[1-16]
#BSUB -o logs/bwa.%J.out
#BSUB -e logs/bwa.%J.err
#BSUB -R "span[hosts=1]"
#BSUB -q rna
#BSUB -n 6

bwaidx="$HOME/tRNAworkshop/ref/sacCer-mito-and-nuclear-tRNAs.fa"
in="$HOME/tRNAworkshop/alignment_evals/syntheticreads"
dest="$HOME/tRNAworkshop/alignment_evals/bams"

set -o nounset -o pipefail -o errexit -x

samples=(
Q5synthetic.fasta
Q6synthetic.fasta
Q7synthetic.fasta
Q8synthetic.fasta
Q9synthetic.fasta
Q10synthetic.fasta
Q11synthetic.fasta
Q12synthetic.fasta
Q13synthetic.fasta
Q14synthetic.fasta
Q15synthetic.fasta
Q16synthetic.fasta
Q17synthetic.fasta
Q18synthetic.fasta
Q19synthetic.fasta
Q20synthetic.fasta
)

u=${samples[$(( $LSB_JOBINDEX -1 ))]}

### align to tRNA reference - adapter anchored reference alignment
bwa mem -W 13 -k 6 -T 20 -x ont2d $bwaidx -f $in/${u} \
| samtools view -F4 -hu - \
| samtools sort -o ${dest}/${u}.bwa.bam

samtools index ${dest}/${u}.bwa.bam

------------------------------------------------------------

Exited with exit code 1.

Resource usage summary:

    CPU time :                                   0.06 sec.
    Max Memory :                                 -
    Average Memory :                             -
    Total Requested Memory :                     -
    Delta Memory :                               -
    Max Swap :                                   -
    Max Processes :                              -
    Max Threads :                                -
    Run time :                                   1 sec.
    Turnaround time :                            92 sec.

The output (if any) follows:



PS:

Read file <logs/bwa.849444.err> for stderr output of this job.

Sender: LSF System <lsfadmin@compute19>
Subject: Job 849444[10]: <bwa[1-16]> in cluster <tesla2> Exited

Job <bwa[1-16]> was submitted from host <compute21> by user <whitel> in cluster <tesla2> at Mon Jun  3 19:22:52 2024
Job was executed on host(s) <6*compute19>, in queue <rna>, as user <whitel> in cluster <tesla2> at Mon Jun  3 19:24:29 2024
</beevol/home/whitel> was used as the home directory.
</beevol/home/whitel/tRNAworkshop/src> was used as the working directory.
Started at Mon Jun  3 19:24:29 2024
Terminated at Mon Jun  3 19:24:33 2024
Results reported at Mon Jun  3 19:24:33 2024

Your job looked like:

------------------------------------------------------------
# LSBATCH: User input
#! /usr/bin/env bash

#BSUB -J bwa[1-16]
#BSUB -o logs/bwa.%J.out
#BSUB -e logs/bwa.%J.err
#BSUB -R "span[hosts=1]"
#BSUB -q rna
#BSUB -n 6

bwaidx="$HOME/tRNAworkshop/ref/sacCer-mito-and-nuclear-tRNAs.fa"
in="$HOME/tRNAworkshop/alignment_evals/syntheticreads"
dest="$HOME/tRNAworkshop/alignment_evals/bams"

set -o nounset -o pipefail -o errexit -x

samples=(
Q5synthetic.fasta
Q6synthetic.fasta
Q7synthetic.fasta
Q8synthetic.fasta
Q9synthetic.fasta
Q10synthetic.fasta
Q11synthetic.fasta
Q12synthetic.fasta
Q13synthetic.fasta
Q14synthetic.fasta
Q15synthetic.fasta
Q16synthetic.fasta
Q17synthetic.fasta
Q18synthetic.fasta
Q19synthetic.fasta
Q20synthetic.fasta
)

u=${samples[$(( $LSB_JOBINDEX -1 ))]}

### align to tRNA reference - adapter anchored reference alignment
bwa mem -W 13 -k 6 -T 20 -x ont2d $bwaidx -f $in/${u} \
| samtools view -F4 -hu - \
| samtools sort -o ${dest}/${u}.bwa.bam

samtools index ${dest}/${u}.bwa.bam

------------------------------------------------------------

Exited with exit code 1.

Resource usage summary:

    CPU time :                                   0.07 sec.
    Max Memory :                                 -
    Average Memory :                             -
    Total Requested Memory :                     -
    Delta Memory :                               -
    Max Swap :                                   -
    Max Processes :                              -
    Max Threads :                                -
    Run time :                                   1 sec.
    Turnaround time :                            106 sec.

The output (if any) follows:



PS:

Read file <logs/bwa.849444.err> for stderr output of this job.

Sender: LSF System <lsfadmin@compute19>
Subject: Job 849444[11]: <bwa[1-16]> in cluster <tesla2> Exited

Job <bwa[1-16]> was submitted from host <compute21> by user <whitel> in cluster <tesla2> at Mon Jun  3 19:22:52 2024
Job was executed on host(s) <6*compute19>, in queue <rna>, as user <whitel> in cluster <tesla2> at Mon Jun  3 19:24:38 2024
</beevol/home/whitel> was used as the home directory.
</beevol/home/whitel/tRNAworkshop/src> was used as the working directory.
Started at Mon Jun  3 19:24:38 2024
Terminated at Mon Jun  3 19:24:40 2024
Results reported at Mon Jun  3 19:24:40 2024

Your job looked like:

------------------------------------------------------------
# LSBATCH: User input
#! /usr/bin/env bash

#BSUB -J bwa[1-16]
#BSUB -o logs/bwa.%J.out
#BSUB -e logs/bwa.%J.err
#BSUB -R "span[hosts=1]"
#BSUB -q rna
#BSUB -n 6

bwaidx="$HOME/tRNAworkshop/ref/sacCer-mito-and-nuclear-tRNAs.fa"
in="$HOME/tRNAworkshop/alignment_evals/syntheticreads"
dest="$HOME/tRNAworkshop/alignment_evals/bams"

set -o nounset -o pipefail -o errexit -x

samples=(
Q5synthetic.fasta
Q6synthetic.fasta
Q7synthetic.fasta
Q8synthetic.fasta
Q9synthetic.fasta
Q10synthetic.fasta
Q11synthetic.fasta
Q12synthetic.fasta
Q13synthetic.fasta
Q14synthetic.fasta
Q15synthetic.fasta
Q16synthetic.fasta
Q17synthetic.fasta
Q18synthetic.fasta
Q19synthetic.fasta
Q20synthetic.fasta
)

u=${samples[$(( $LSB_JOBINDEX -1 ))]}

### align to tRNA reference - adapter anchored reference alignment
bwa mem -W 13 -k 6 -T 20 -x ont2d $bwaidx -f $in/${u} \
| samtools view -F4 -hu - \
| samtools sort -o ${dest}/${u}.bwa.bam

samtools index ${dest}/${u}.bwa.bam

------------------------------------------------------------

Exited with exit code 1.

Resource usage summary:

    CPU time :                                   0.05 sec.
    Max Memory :                                 -
    Average Memory :                             -
    Total Requested Memory :                     -
    Delta Memory :                               -
    Max Swap :                                   -
    Max Processes :                              -
    Max Threads :                                -
    Run time :                                   1 sec.
    Turnaround time :                            112 sec.

The output (if any) follows:



PS:

Read file <logs/bwa.849444.err> for stderr output of this job.

Sender: LSF System <lsfadmin@compute19>
Subject: Job 849444[12]: <bwa[1-16]> in cluster <tesla2> Exited

Job <bwa[1-16]> was submitted from host <compute21> by user <whitel> in cluster <tesla2> at Mon Jun  3 19:22:52 2024
Job was executed on host(s) <6*compute19>, in queue <rna>, as user <whitel> in cluster <tesla2> at Mon Jun  3 19:24:48 2024
</beevol/home/whitel> was used as the home directory.
</beevol/home/whitel/tRNAworkshop/src> was used as the working directory.
Started at Mon Jun  3 19:24:48 2024
Terminated at Mon Jun  3 19:24:50 2024
Results reported at Mon Jun  3 19:24:50 2024

Your job looked like:

------------------------------------------------------------
# LSBATCH: User input
#! /usr/bin/env bash

#BSUB -J bwa[1-16]
#BSUB -o logs/bwa.%J.out
#BSUB -e logs/bwa.%J.err
#BSUB -R "span[hosts=1]"
#BSUB -q rna
#BSUB -n 6

bwaidx="$HOME/tRNAworkshop/ref/sacCer-mito-and-nuclear-tRNAs.fa"
in="$HOME/tRNAworkshop/alignment_evals/syntheticreads"
dest="$HOME/tRNAworkshop/alignment_evals/bams"

set -o nounset -o pipefail -o errexit -x

samples=(
Q5synthetic.fasta
Q6synthetic.fasta
Q7synthetic.fasta
Q8synthetic.fasta
Q9synthetic.fasta
Q10synthetic.fasta
Q11synthetic.fasta
Q12synthetic.fasta
Q13synthetic.fasta
Q14synthetic.fasta
Q15synthetic.fasta
Q16synthetic.fasta
Q17synthetic.fasta
Q18synthetic.fasta
Q19synthetic.fasta
Q20synthetic.fasta
)

u=${samples[$(( $LSB_JOBINDEX -1 ))]}

### align to tRNA reference - adapter anchored reference alignment
bwa mem -W 13 -k 6 -T 20 -x ont2d $bwaidx -f $in/${u} \
| samtools view -F4 -hu - \
| samtools sort -o ${dest}/${u}.bwa.bam

samtools index ${dest}/${u}.bwa.bam

------------------------------------------------------------

Exited with exit code 1.

Resource usage summary:

    CPU time :                                   0.06 sec.
    Max Memory :                                 -
    Average Memory :                             -
    Total Requested Memory :                     -
    Delta Memory :                               -
    Max Swap :                                   -
    Max Processes :                              -
    Max Threads :                                -
    Run time :                                   1 sec.
    Turnaround time :                            122 sec.

The output (if any) follows:



PS:

Read file <logs/bwa.849444.err> for stderr output of this job.

Sender: LSF System <lsfadmin@compute19>
Subject: Job 849444[13]: <bwa[1-16]> in cluster <tesla2> Exited

Job <bwa[1-16]> was submitted from host <compute21> by user <whitel> in cluster <tesla2> at Mon Jun  3 19:22:52 2024
Job was executed on host(s) <6*compute19>, in queue <rna>, as user <whitel> in cluster <tesla2> at Mon Jun  3 19:24:59 2024
</beevol/home/whitel> was used as the home directory.
</beevol/home/whitel/tRNAworkshop/src> was used as the working directory.
Started at Mon Jun  3 19:24:59 2024
Terminated at Mon Jun  3 19:25:00 2024
Results reported at Mon Jun  3 19:25:00 2024

Your job looked like:

------------------------------------------------------------
# LSBATCH: User input
#! /usr/bin/env bash

#BSUB -J bwa[1-16]
#BSUB -o logs/bwa.%J.out
#BSUB -e logs/bwa.%J.err
#BSUB -R "span[hosts=1]"
#BSUB -q rna
#BSUB -n 6

bwaidx="$HOME/tRNAworkshop/ref/sacCer-mito-and-nuclear-tRNAs.fa"
in="$HOME/tRNAworkshop/alignment_evals/syntheticreads"
dest="$HOME/tRNAworkshop/alignment_evals/bams"

set -o nounset -o pipefail -o errexit -x

samples=(
Q5synthetic.fasta
Q6synthetic.fasta
Q7synthetic.fasta
Q8synthetic.fasta
Q9synthetic.fasta
Q10synthetic.fasta
Q11synthetic.fasta
Q12synthetic.fasta
Q13synthetic.fasta
Q14synthetic.fasta
Q15synthetic.fasta
Q16synthetic.fasta
Q17synthetic.fasta
Q18synthetic.fasta
Q19synthetic.fasta
Q20synthetic.fasta
)

u=${samples[$(( $LSB_JOBINDEX -1 ))]}

### align to tRNA reference - adapter anchored reference alignment
bwa mem -W 13 -k 6 -T 20 -x ont2d $bwaidx -f $in/${u} \
| samtools view -F4 -hu - \
| samtools sort -o ${dest}/${u}.bwa.bam

samtools index ${dest}/${u}.bwa.bam

------------------------------------------------------------

Exited with exit code 1.

Resource usage summary:

    CPU time :                                   0.06 sec.
    Max Memory :                                 -
    Average Memory :                             -
    Total Requested Memory :                     -
    Delta Memory :                               -
    Max Swap :                                   -
    Max Processes :                              -
    Max Threads :                                -
    Run time :                                   1 sec.
    Turnaround time :                            133 sec.

The output (if any) follows:



PS:

Read file <logs/bwa.849444.err> for stderr output of this job.

Sender: LSF System <lsfadmin@compute19>
Subject: Job 849444[14]: <bwa[1-16]> in cluster <tesla2> Exited

Job <bwa[1-16]> was submitted from host <compute21> by user <whitel> in cluster <tesla2> at Mon Jun  3 19:22:52 2024
Job was executed on host(s) <6*compute19>, in queue <rna>, as user <whitel> in cluster <tesla2> at Mon Jun  3 19:25:08 2024
</beevol/home/whitel> was used as the home directory.
</beevol/home/whitel/tRNAworkshop/src> was used as the working directory.
Started at Mon Jun  3 19:25:08 2024
Terminated at Mon Jun  3 19:25:16 2024
Results reported at Mon Jun  3 19:25:16 2024

Your job looked like:

------------------------------------------------------------
# LSBATCH: User input
#! /usr/bin/env bash

#BSUB -J bwa[1-16]
#BSUB -o logs/bwa.%J.out
#BSUB -e logs/bwa.%J.err
#BSUB -R "span[hosts=1]"
#BSUB -q rna
#BSUB -n 6

bwaidx="$HOME/tRNAworkshop/ref/sacCer-mito-and-nuclear-tRNAs.fa"
in="$HOME/tRNAworkshop/alignment_evals/syntheticreads"
dest="$HOME/tRNAworkshop/alignment_evals/bams"

set -o nounset -o pipefail -o errexit -x

samples=(
Q5synthetic.fasta
Q6synthetic.fasta
Q7synthetic.fasta
Q8synthetic.fasta
Q9synthetic.fasta
Q10synthetic.fasta
Q11synthetic.fasta
Q12synthetic.fasta
Q13synthetic.fasta
Q14synthetic.fasta
Q15synthetic.fasta
Q16synthetic.fasta
Q17synthetic.fasta
Q18synthetic.fasta
Q19synthetic.fasta
Q20synthetic.fasta
)

u=${samples[$(( $LSB_JOBINDEX -1 ))]}

### align to tRNA reference - adapter anchored reference alignment
bwa mem -W 13 -k 6 -T 20 -x ont2d $bwaidx -f $in/${u} \
| samtools view -F4 -hu - \
| samtools sort -o ${dest}/${u}.bwa.bam

samtools index ${dest}/${u}.bwa.bam

------------------------------------------------------------

Exited with exit code 1.

Resource usage summary:

    CPU time :                                   0.07 sec.
    Max Memory :                                 -
    Average Memory :                             -
    Total Requested Memory :                     -
    Delta Memory :                               -
    Max Swap :                                   -
    Max Processes :                              6
    Max Threads :                                7
    Run time :                                   7 sec.
    Turnaround time :                            150 sec.

The output (if any) follows:



PS:

Read file <logs/bwa.849444.err> for stderr output of this job.

Sender: LSF System <lsfadmin@compute19>
Subject: Job 849444[15]: <bwa[1-16]> in cluster <tesla2> Exited

Job <bwa[1-16]> was submitted from host <compute21> by user <whitel> in cluster <tesla2> at Mon Jun  3 19:22:52 2024
Job was executed on host(s) <6*compute19>, in queue <rna>, as user <whitel> in cluster <tesla2> at Mon Jun  3 19:25:18 2024
</beevol/home/whitel> was used as the home directory.
</beevol/home/whitel/tRNAworkshop/src> was used as the working directory.
Started at Mon Jun  3 19:25:18 2024
Terminated at Mon Jun  3 19:25:20 2024
Results reported at Mon Jun  3 19:25:20 2024

Your job looked like:

------------------------------------------------------------
# LSBATCH: User input
#! /usr/bin/env bash

#BSUB -J bwa[1-16]
#BSUB -o logs/bwa.%J.out
#BSUB -e logs/bwa.%J.err
#BSUB -R "span[hosts=1]"
#BSUB -q rna
#BSUB -n 6

bwaidx="$HOME/tRNAworkshop/ref/sacCer-mito-and-nuclear-tRNAs.fa"
in="$HOME/tRNAworkshop/alignment_evals/syntheticreads"
dest="$HOME/tRNAworkshop/alignment_evals/bams"

set -o nounset -o pipefail -o errexit -x

samples=(
Q5synthetic.fasta
Q6synthetic.fasta
Q7synthetic.fasta
Q8synthetic.fasta
Q9synthetic.fasta
Q10synthetic.fasta
Q11synthetic.fasta
Q12synthetic.fasta
Q13synthetic.fasta
Q14synthetic.fasta
Q15synthetic.fasta
Q16synthetic.fasta
Q17synthetic.fasta
Q18synthetic.fasta
Q19synthetic.fasta
Q20synthetic.fasta
)

u=${samples[$(( $LSB_JOBINDEX -1 ))]}

### align to tRNA reference - adapter anchored reference alignment
bwa mem -W 13 -k 6 -T 20 -x ont2d $bwaidx -f $in/${u} \
| samtools view -F4 -hu - \
| samtools sort -o ${dest}/${u}.bwa.bam

samtools index ${dest}/${u}.bwa.bam

------------------------------------------------------------

Exited with exit code 1.

Resource usage summary:

    CPU time :                                   0.06 sec.
    Max Memory :                                 -
    Average Memory :                             -
    Total Requested Memory :                     -
    Delta Memory :                               -
    Max Swap :                                   -
    Max Processes :                              -
    Max Threads :                                -
    Run time :                                   1 sec.
    Turnaround time :                            153 sec.

The output (if any) follows:



PS:

Read file <logs/bwa.849444.err> for stderr output of this job.

Sender: LSF System <lsfadmin@compute19>
Subject: Job 849444[16]: <bwa[1-16]> in cluster <tesla2> Exited

Job <bwa[1-16]> was submitted from host <compute21> by user <whitel> in cluster <tesla2> at Mon Jun  3 19:22:52 2024
Job was executed on host(s) <6*compute19>, in queue <rna>, as user <whitel> in cluster <tesla2> at Mon Jun  3 19:25:28 2024
</beevol/home/whitel> was used as the home directory.
</beevol/home/whitel/tRNAworkshop/src> was used as the working directory.
Started at Mon Jun  3 19:25:28 2024
Terminated at Mon Jun  3 19:25:33 2024
Results reported at Mon Jun  3 19:25:33 2024

Your job looked like:

------------------------------------------------------------
# LSBATCH: User input
#! /usr/bin/env bash

#BSUB -J bwa[1-16]
#BSUB -o logs/bwa.%J.out
#BSUB -e logs/bwa.%J.err
#BSUB -R "span[hosts=1]"
#BSUB -q rna
#BSUB -n 6

bwaidx="$HOME/tRNAworkshop/ref/sacCer-mito-and-nuclear-tRNAs.fa"
in="$HOME/tRNAworkshop/alignment_evals/syntheticreads"
dest="$HOME/tRNAworkshop/alignment_evals/bams"

set -o nounset -o pipefail -o errexit -x

samples=(
Q5synthetic.fasta
Q6synthetic.fasta
Q7synthetic.fasta
Q8synthetic.fasta
Q9synthetic.fasta
Q10synthetic.fasta
Q11synthetic.fasta
Q12synthetic.fasta
Q13synthetic.fasta
Q14synthetic.fasta
Q15synthetic.fasta
Q16synthetic.fasta
Q17synthetic.fasta
Q18synthetic.fasta
Q19synthetic.fasta
Q20synthetic.fasta
)

u=${samples[$(( $LSB_JOBINDEX -1 ))]}

### align to tRNA reference - adapter anchored reference alignment
bwa mem -W 13 -k 6 -T 20 -x ont2d $bwaidx -f $in/${u} \
| samtools view -F4 -hu - \
| samtools sort -o ${dest}/${u}.bwa.bam

samtools index ${dest}/${u}.bwa.bam

------------------------------------------------------------

Exited with exit code 1.

Resource usage summary:

    CPU time :                                   0.07 sec.
    Max Memory :                                 -
    Average Memory :                             -
    Total Requested Memory :                     -
    Delta Memory :                               -
    Max Swap :                                   -
    Max Processes :                              1
    Max Threads :                                1
    Run time :                                   4 sec.
    Turnaround time :                            165 sec.

The output (if any) follows:



PS:

Read file <logs/bwa.849444.err> for stderr output of this job.

