Sender: LSF System <lsfadmin@compute02>
Subject: Job 857920[1]: <genomecov[1-4]> in cluster <tesla2> Exited

Job <genomecov[1-4]> was submitted from host <compute03> by user <whitel> in cluster <tesla2> at Sun Jun  9 18:54:33 2024
Job was executed on host(s) <compute02>, in queue <rna>, as user <whitel> in cluster <tesla2> at Sun Jun  9 18:54:40 2024
</beevol/home/whitel> was used as the home directory.
</beevol/home/whitel/tRNAworkshop/src> was used as the working directory.
Started at Sun Jun  9 18:54:40 2024
Terminated at Sun Jun  9 18:54:42 2024
Results reported at Sun Jun  9 18:54:42 2024

Your job looked like:

------------------------------------------------------------
# LSBATCH: User input
#! /usr/bin/env bash

#BSUB -J genomecov[1-4]
#BSUB -o logs/genomecov.%J.out
#BSUB -e logs/genomecov.%J.err
#BSUB -R "span[hosts=1]"
#BSUB -q rna
#BSUB -n 1

in="$HOME/tRNAworkshop/rebasecalled/alignedbams/full_length"
dest="$HOME/tRNAworkshop/bedgraphs"

set -o nounset -o pipefail -o errexit -x

samples=(
Ecoli004_20240105_1224_MN31004_FAX73799_1fe84761.rna004_130bps_sup@v3.0.1
T4infectedecoli_20240202_1332_P2S-01618-A_PAU05281_fd3805fc.rna004_130bps_sup@v3.0.1
Ecoli004_20240105_1224_MN31004_FAX73799_1fe84761.rna004_130bps_sup@v5.0.0
T4infectedecoli_20240202_1332_P2S-01618-A_PAU05281_fd3805fc.rna004_130bps_sup@v5.0.0
)

u=${samples[$(( $LSB_JOBINDEX -1 ))]}

# normalize by CPM - counts per million reads per lib
# determined from line counting the length of deduplicated bam files, dividing by 10^6
# genomecov scale factor is a multiplier, so inverse is calculated in tmpscale

tmpscale=$(samtools view -c ${in}/${u}.bwa.bam | awk '{print 1000000/$1}')

bedtools genomecov -ibam ${in}/${u}.bwa_full_length.bam -scale ${tmpscale} -bg > ${dest}/${u}.bg

------------------------------------------------------------

Exited with exit code 1.

Resource usage summary:

    CPU time :                                   0.11 sec.
    Max Memory :                                 -
    Average Memory :                             -
    Total Requested Memory :                     -
    Delta Memory :                               -
    Max Swap :                                   -
    Max Processes :                              -
    Max Threads :                                -
    Run time :                                   1 sec.
    Turnaround time :                            14 sec.

The output (if any) follows:



PS:

Read file <logs/genomecov.857920.err> for stderr output of this job.

Sender: LSF System <lsfadmin@compute10>
Subject: Job 857920[2]: <genomecov[1-4]> in cluster <tesla2> Exited

Job <genomecov[1-4]> was submitted from host <compute03> by user <whitel> in cluster <tesla2> at Sun Jun  9 18:54:33 2024
Job was executed on host(s) <compute10>, in queue <rna>, as user <whitel> in cluster <tesla2> at Sun Jun  9 18:54:41 2024
</beevol/home/whitel> was used as the home directory.
</beevol/home/whitel/tRNAworkshop/src> was used as the working directory.
Started at Sun Jun  9 18:54:41 2024
Terminated at Sun Jun  9 18:54:43 2024
Results reported at Sun Jun  9 18:54:43 2024

Your job looked like:

------------------------------------------------------------
# LSBATCH: User input
#! /usr/bin/env bash

#BSUB -J genomecov[1-4]
#BSUB -o logs/genomecov.%J.out
#BSUB -e logs/genomecov.%J.err
#BSUB -R "span[hosts=1]"
#BSUB -q rna
#BSUB -n 1

in="$HOME/tRNAworkshop/rebasecalled/alignedbams/full_length"
dest="$HOME/tRNAworkshop/bedgraphs"

set -o nounset -o pipefail -o errexit -x

samples=(
Ecoli004_20240105_1224_MN31004_FAX73799_1fe84761.rna004_130bps_sup@v3.0.1
T4infectedecoli_20240202_1332_P2S-01618-A_PAU05281_fd3805fc.rna004_130bps_sup@v3.0.1
Ecoli004_20240105_1224_MN31004_FAX73799_1fe84761.rna004_130bps_sup@v5.0.0
T4infectedecoli_20240202_1332_P2S-01618-A_PAU05281_fd3805fc.rna004_130bps_sup@v5.0.0
)

u=${samples[$(( $LSB_JOBINDEX -1 ))]}

# normalize by CPM - counts per million reads per lib
# determined from line counting the length of deduplicated bam files, dividing by 10^6
# genomecov scale factor is a multiplier, so inverse is calculated in tmpscale

tmpscale=$(samtools view -c ${in}/${u}.bwa.bam | awk '{print 1000000/$1}')

bedtools genomecov -ibam ${in}/${u}.bwa_full_length.bam -scale ${tmpscale} -bg > ${dest}/${u}.bg

------------------------------------------------------------

Exited with exit code 1.

Resource usage summary:

    CPU time :                                   0.10 sec.
    Max Memory :                                 -
    Average Memory :                             -
    Total Requested Memory :                     -
    Delta Memory :                               -
    Max Swap :                                   -
    Max Processes :                              -
    Max Threads :                                -
    Run time :                                   1 sec.
    Turnaround time :                            14 sec.

The output (if any) follows:



PS:

Read file <logs/genomecov.857920.err> for stderr output of this job.

Sender: LSF System <lsfadmin@compute08>
Subject: Job 857920[4]: <genomecov[1-4]> in cluster <tesla2> Exited

Job <genomecov[1-4]> was submitted from host <compute03> by user <whitel> in cluster <tesla2> at Sun Jun  9 18:54:33 2024
Job was executed on host(s) <compute08>, in queue <rna>, as user <whitel> in cluster <tesla2> at Sun Jun  9 18:54:37 2024
</beevol/home/whitel> was used as the home directory.
</beevol/home/whitel/tRNAworkshop/src> was used as the working directory.
Started at Sun Jun  9 18:54:37 2024
Terminated at Sun Jun  9 18:54:39 2024
Results reported at Sun Jun  9 18:54:39 2024

Your job looked like:

------------------------------------------------------------
# LSBATCH: User input
#! /usr/bin/env bash

#BSUB -J genomecov[1-4]
#BSUB -o logs/genomecov.%J.out
#BSUB -e logs/genomecov.%J.err
#BSUB -R "span[hosts=1]"
#BSUB -q rna
#BSUB -n 1

in="$HOME/tRNAworkshop/rebasecalled/alignedbams/full_length"
dest="$HOME/tRNAworkshop/bedgraphs"

set -o nounset -o pipefail -o errexit -x

samples=(
Ecoli004_20240105_1224_MN31004_FAX73799_1fe84761.rna004_130bps_sup@v3.0.1
T4infectedecoli_20240202_1332_P2S-01618-A_PAU05281_fd3805fc.rna004_130bps_sup@v3.0.1
Ecoli004_20240105_1224_MN31004_FAX73799_1fe84761.rna004_130bps_sup@v5.0.0
T4infectedecoli_20240202_1332_P2S-01618-A_PAU05281_fd3805fc.rna004_130bps_sup@v5.0.0
)

u=${samples[$(( $LSB_JOBINDEX -1 ))]}

# normalize by CPM - counts per million reads per lib
# determined from line counting the length of deduplicated bam files, dividing by 10^6
# genomecov scale factor is a multiplier, so inverse is calculated in tmpscale

tmpscale=$(samtools view -c ${in}/${u}.bwa.bam | awk '{print 1000000/$1}')

bedtools genomecov -ibam ${in}/${u}.bwa_full_length.bam -scale ${tmpscale} -bg > ${dest}/${u}.bg

------------------------------------------------------------

Exited with exit code 1.

Resource usage summary:

    CPU time :                                   0.10 sec.
    Max Memory :                                 -
    Average Memory :                             -
    Total Requested Memory :                     -
    Delta Memory :                               -
    Max Swap :                                   -
    Max Processes :                              -
    Max Threads :                                -
    Run time :                                   1 sec.
    Turnaround time :                            11 sec.

The output (if any) follows:



PS:

Read file <logs/genomecov.857920.err> for stderr output of this job.

